% (54742)lrs+10_1_ind=struct:sos=theory:sstl=1:drc=encompass:sp=occurrence:to=lpo:sik=recursion:nui=off:indoct=off:indao=on:urr=on_89 on lemma4 for (89ds/0Mi)
% (54743)lrs+10_1_ind=struct:sos=theory:sstl=1:drc=encompass:sp=occurrence:to=lpo:sik=recursion:nui=off:indoct=off:indao=off:urr=off_89 on lemma4 for (89ds/0Mi)
% (54745)lrs+10_1_ind=struct:sos=theory:sstl=1:drc=encompass:sp=occurrence:to=lpo:sik=recursion:nui=off:indoct=on:indao=on:urr=off_89 on lemma4 for (89ds/0Mi)
% (54744)lrs+10_1_ind=struct:sos=theory:sstl=1:drc=encompass:sp=occurrence:to=lpo:sik=recursion:nui=off:indoct=off:indao=off:urr=on_89 on lemma4 for (89ds/0Mi)
% (54741)lrs+10_1_ind=struct:sos=theory:sstl=1:drc=encompass:sp=occurrence:to=lpo:sik=recursion:nui=off:indoct=off:indao=on:urr=off_89 on lemma4 for (89ds/0Mi)
% (54748)lrs+10_1_ind=struct:sos=theory:sstl=1:drc=encompass:sp=occurrence:to=lpo:sik=recursion:nui=off:indoct=on:indao=off:urr=on_89 on lemma4 for (89ds/0Mi)
% (54749)lrs+10_1_ind=struct:sos=theory:sstl=1:drc=encompass:sp=occurrence:to=lpo:sik=recursion:nui=on:indoct=off:indao=on:urr=off_89 on lemma4 for (89ds/0Mi)
% (54746)lrs+10_1_ind=struct:sos=theory:sstl=1:drc=encompass:sp=occurrence:to=lpo:sik=recursion:nui=off:indoct=on:indao=on:urr=on_89 on lemma4 for (89ds/0Mi)
% (54747)lrs+10_1_ind=struct:sos=theory:sstl=1:drc=encompass:sp=occurrence:to=lpo:sik=recursion:nui=off:indoct=on:indao=off:urr=off_89 on lemma4 for (89ds/0Mi)
% (54750)lrs+10_1_ind=struct:sos=theory:sstl=1:drc=encompass:sp=occurrence:to=lpo:sik=recursion:nui=on:indoct=off:indao=on:urr=on_89 on lemma4 for (89ds/0Mi)
% (54752)lrs+10_1_ind=struct:sos=theory:sstl=1:drc=encompass:sp=occurrence:to=lpo:sik=recursion:nui=on:indoct=off:indao=off:urr=on_89 on lemma4 for (89ds/0Mi)
% (54751)lrs+10_1_ind=struct:sos=theory:sstl=1:drc=encompass:sp=occurrence:to=lpo:sik=recursion:nui=on:indoct=off:indao=off:urr=off_89 on lemma4 for (89ds/0Mi)
% (54753)lrs+10_1_ind=struct:sos=theory:sstl=1:drc=encompass:sp=occurrence:to=lpo:sik=recursion:nui=on:indoct=on:indao=on:urr=off_89 on lemma4 for (89ds/0Mi)
% (54754)lrs+10_1_ind=struct:sos=theory:sstl=1:drc=encompass:sp=occurrence:to=lpo:sik=recursion:nui=on:indoct=on:indao=on:urr=on_89 on lemma4 for (89ds/0Mi)
% (54749)First to succeed.
% (54749)Refutation found. Thanks to Tanya!
% SZS status Unsatisfiable for lemma4
% SZS output start Proof for lemma4
6. filter_less(X0,X1,X2) = $match(X2,'Nil'(X0),'Nil'(X0),'Cons'(X0,X3,X4),$ite(less(X0,X3,X1), 'Cons'(X0,X3,filter_less(X0,X1,X4)),filter_less(X0,X1,X4))) [input]
7. filter_ge(X0,X1,X2) = $match(X2,'Nil'(X0),'Nil'(X0),'Cons'(X0,X3,X4),$ite(~less(X0,X3,X1), 'Cons'(X0,X3,filter_ge(X0,X1,X4)),filter_ge(X0,X1,X4))) [input]
9. (list_ge_elem(X0,X1,X2) = $match(X1,'Nil'(X0),$true,'Cons'(X0,X3,X4),~less(X0,X3,X2) & list_ge_elem(X0,X4,X2))) [input]
10. quicksort(X0,X1) = $match(X1,'Nil'(X0),'Nil'(X0),'Cons'(X0,X2,X3),append(X0,quicksort(X0,filter_less(X0,X2,X3)),'Cons'(X0,X2,quicksort(X0,filter_ge(X0,X2,X3))))) [input]
11. ! [X0 : $tType] : ! [X2 : X0,X1 : X0,X3 : 'list()'(X0),X4 : 'list()'(X0)] : ((~less(X0,X1,X2) & list_ge_elem(X0,X3,X2) & list_ge_elem(X0,X4,X2)) => list_ge_elem(X0,append(X0,X3,'Cons'(X0,X1,X4)),X2)) [input]
12. ! [X0 : $tType] : ! [X2 : X0,X1 : X0,X3 : 'list()'(X0)] : (list_ge_elem(X0,X3,X1) => list_ge_elem(X0,quicksort(X0,X3),X1)) [input]
13. ~! [X0 : $tType] : ! [X2 : X0,X1 : X0,X3 : 'list()'(X0)] : (list_ge_elem(X0,X3,X1) => list_ge_elem(X0,quicksort(X0,X3),X1)) [negated conjecture 12]
20. ! [X3 : 'list()'(X0),X2 : X0,X1 : 'list()'(X0),X0 : $tType] : quicksort(X0,X1) = $match(X1,'Nil'(X0),'Nil'(X0),'Cons'(X0,X2,X3),append(X0,quicksort(X0,filter_less(X0,X2,X3)),'Cons'(X0,X2,quicksort(X0,filter_ge(X0,X2,X3))))) [closure 10]
21. ! [X0 : $tType,X3 : 'list()'(X0),X2 : X0,X1 : 'list()'(X0)] : ('Nil'(X0) = X1 => 'Nil'(X0) = mG0(X0,X3,X2,X1)) [fool $match elimination 20]
22. ! [X0 : $tType,X3 : 'list()'(X0),X2 : X0,X1 : 'list()'(X0)] : ('Cons'(X0,X2,X3) = X1 => append(X0,quicksort(X0,filter_less(X0,X2,X3)),'Cons'(X0,X2,quicksort(X0,filter_ge(X0,X2,X3)))) = mG0(X0,X3,X2,X1)) [fool $match elimination 20]
23. ! [X3 : 'list()'(X0),X2 : X0,X1 : 'list()'(X0),X0 : $tType] : quicksort(X0,X1) = mG0(X0,X3,X2,X1) [fool elimination 20]
24. ! [X4 : 'list()'(X0),X3 : X0,X2 : X0,X1 : 'list()'(X0),X0 : $tType] : (list_ge_elem(X0,X1,X2) = $match(X1,'Nil'(X0),$true,'Cons'(X0,X3,X4),~less(X0,X3,X2) & list_ge_elem(X0,X4,X2))) [closure 9]
25. ! [X0 : $tType,X2 : X0,X3 : X0,X4 : 'list()'(X0),X1 : 'list()'(X0)] : ('Nil'(X0) = X1 => (mG1(X0,X2,X3,X4,X1) <=> $true)) [fool $match elimination 24]
26. ! [X0 : $tType,X2 : X0,X3 : X0,X4 : 'list()'(X0),X1 : 'list()'(X0)] : ('Cons'(X0,X3,X4) = X1 => (mG1(X0,X2,X3,X4,X1) <=> (~less(X0,X3,X2) & list_ge_elem(X0,X4,X2)))) [fool $match elimination 24]
27. ! [X4 : 'list()'(X0),X3 : X0,X2 : X0,X1 : 'list()'(X0),X0 : $tType] : (list_ge_elem(X0,X1,X2) <=> mG1(X0,X2,X3,X4,X1)) [fool elimination 24]
32. ! [X4 : 'list()'(X0),X3 : X0,X2 : 'list()'(X0),X1 : X0,X0 : $tType] : filter_ge(X0,X1,X2) = $match(X2,'Nil'(X0),'Nil'(X0),'Cons'(X0,X3,X4),$ite(~less(X0,X3,X1), 'Cons'(X0,X3,filter_ge(X0,X1,X4)),filter_ge(X0,X1,X4))) [closure 7]
33. ! [X0 : $tType,X1 : X0,X3 : X0,X4 : 'list()'(X0),X2 : 'list()'(X0)] : ('Nil'(X0) = X2 => 'Nil'(X0) = mG3(X0,X1,X3,X4,X2)) [fool $match elimination 32]
34. ! [X0 : $tType,X1 : X0,X3 : X0,X4 : 'list()'(X0)] : (~less(X0,X3,X1) => 'Cons'(X0,X3,filter_ge(X0,X1,X4)) = iG4(X0,X1,X3,X4)) [fool $ite elimination 32]
35. ! [X0 : $tType,X1 : X0,X3 : X0,X4 : 'list()'(X0)] : (~~less(X0,X3,X1) => filter_ge(X0,X1,X4) = iG4(X0,X1,X3,X4)) [fool $ite elimination 32]
36. ! [X0 : $tType,X1 : X0,X3 : X0,X4 : 'list()'(X0),X2 : 'list()'(X0)] : ('Cons'(X0,X3,X4) = X2 => mG3(X0,X1,X3,X4,X2) = iG4(X0,X1,X3,X4)) [fool $match elimination 32]
37. ! [X4 : 'list()'(X0),X3 : X0,X2 : 'list()'(X0),X1 : X0,X0 : $tType] : filter_ge(X0,X1,X2) = mG3(X0,X1,X3,X4,X2) [fool elimination 32]
38. ! [X4 : 'list()'(X0),X3 : X0,X2 : 'list()'(X0),X1 : X0,X0 : $tType] : filter_less(X0,X1,X2) = $match(X2,'Nil'(X0),'Nil'(X0),'Cons'(X0,X3,X4),$ite(less(X0,X3,X1), 'Cons'(X0,X3,filter_less(X0,X1,X4)),filter_less(X0,X1,X4))) [closure 6]
39. ! [X0 : $tType,X1 : X0,X3 : X0,X4 : 'list()'(X0),X2 : 'list()'(X0)] : ('Nil'(X0) = X2 => 'Nil'(X0) = mG5(X0,X1,X3,X4,X2)) [fool $match elimination 38]
40. ! [X0 : $tType,X1 : X0,X3 : X0,X4 : 'list()'(X0)] : (less(X0,X3,X1) => 'Cons'(X0,X3,filter_less(X0,X1,X4)) = iG6(X0,X1,X3,X4)) [fool $ite elimination 38]
41. ! [X0 : $tType,X1 : X0,X3 : X0,X4 : 'list()'(X0)] : (~less(X0,X3,X1) => filter_less(X0,X1,X4) = iG6(X0,X1,X3,X4)) [fool $ite elimination 38]
42. ! [X0 : $tType,X1 : X0,X3 : X0,X4 : 'list()'(X0),X2 : 'list()'(X0)] : ('Cons'(X0,X3,X4) = X2 => mG5(X0,X1,X3,X4,X2) = iG6(X0,X1,X3,X4)) [fool $match elimination 38]
43. ! [X4 : 'list()'(X0),X3 : X0,X2 : 'list()'(X0),X1 : X0,X0 : $tType] : filter_less(X0,X1,X2) = mG5(X0,X1,X3,X4,X2) [fool elimination 38]
46. ! [X0 : $tType,X1 : X0,X2 : X0,X3 : 'list()'(X0),X4 : 'list()'(X0)] : ('Cons'(X0,X2,X3) = X4 => mG5(X0,X1,X2,X3,X4) = iG6(X0,X1,X2,X3)) [rectify 42]
47. ! [X0 : $tType,X1 : X0,X2 : X0,X3 : 'list()'(X0)] : (~less(X0,X2,X1) => iG6(X0,X1,X2,X3) = filter_less(X0,X1,X3)) [rectify 41]
48. ! [X0 : $tType,X1 : X0,X2 : X0,X3 : 'list()'(X0)] : (~less(X0,X2,X1) => iG6(X0,X1,X2,X3) = filter_less(X0,X1,X3)) [flattening 47]
49. ! [X0 : $tType,X1 : X0,X2 : X0,X3 : 'list()'(X0)] : (less(X0,X2,X1) => iG6(X0,X1,X2,X3) = 'Cons'(X0,X2,filter_less(X0,X1,X3))) [rectify 40]
50. ! [X0 : $tType,X1 : X0,X2 : X0,X3 : 'list()'(X0),X4 : 'list()'(X0)] : ('Nil'(X0) = X4 => 'Nil'(X0) = mG5(X0,X1,X2,X3,X4)) [rectify 39]
51. ! [X0 : $tType,X1 : X0,X2 : X0,X3 : 'list()'(X0),X4 : 'list()'(X0)] : ('Cons'(X0,X2,X3) = X4 => mG3(X0,X1,X2,X3,X4) = iG4(X0,X1,X2,X3)) [rectify 36]
52. ! [X0 : $tType,X1 : X0,X2 : X0,X3 : 'list()'(X0)] : (~~less(X0,X2,X1) => iG4(X0,X1,X2,X3) = filter_ge(X0,X1,X3)) [rectify 35]
53. ! [X0 : $tType,X1 : X0,X2 : X0,X3 : 'list()'(X0)] : (less(X0,X2,X1) => iG4(X0,X1,X2,X3) = filter_ge(X0,X1,X3)) [flattening 52]
54. ! [X0 : $tType,X1 : X0,X2 : X0,X3 : 'list()'(X0)] : (~less(X0,X2,X1) => iG4(X0,X1,X2,X3) = 'Cons'(X0,X2,filter_ge(X0,X1,X3))) [rectify 34]
55. ! [X0 : $tType,X1 : X0,X2 : X0,X3 : 'list()'(X0)] : (~less(X0,X2,X1) => iG4(X0,X1,X2,X3) = 'Cons'(X0,X2,filter_ge(X0,X1,X3))) [flattening 54]
56. ! [X0 : $tType,X1 : X0,X2 : X0,X3 : 'list()'(X0),X4 : 'list()'(X0)] : ('Nil'(X0) = X4 => 'Nil'(X0) = mG3(X0,X1,X2,X3,X4)) [rectify 33]
59. ! [X0 : $tType,X1 : X0,X2 : X0,X3 : 'list()'(X0),X4 : 'list()'(X0)] : ('Cons'(X0,X2,X3) = X4 => (mG1(X0,X1,X2,X3,X4) <=> (~less(X0,X2,X1) & list_ge_elem(X0,X3,X1)))) [rectify 26]
60. ! [X0 : $tType,X1 : X0,X2 : X0,X3 : 'list()'(X0),X4 : 'list()'(X0)] : ('Cons'(X0,X2,X3) = X4 => (mG1(X0,X1,X2,X3,X4) <=> (~less(X0,X2,X1) & list_ge_elem(X0,X3,X1)))) [flattening 59]
61. ! [X0 : $tType,X1 : X0,X2 : X0,X3 : 'list()'(X0),X4 : 'list()'(X0)] : ('Nil'(X0) = X4 => (mG1(X0,X1,X2,X3,X4) <=> $true)) [rectify 25]
62. ! [X0 : $tType,X1 : X0,X2 : X0,X3 : 'list()'(X0),X4 : 'list()'(X0)] : ('Nil'(X0) = X4 => mG1(X0,X1,X2,X3,X4)) [true and false elimination 61]
63. ! [X0 : $tType,X1 : 'list()'(X0),X2 : X0,X3 : 'list()'(X0)] : ('Cons'(X0,X2,X1) = X3 => append(X0,quicksort(X0,filter_less(X0,X2,X1)),'Cons'(X0,X2,quicksort(X0,filter_ge(X0,X2,X1)))) = mG0(X0,X1,X2,X3)) [rectify 22]
64. ! [X0 : $tType,X1 : 'list()'(X0),X2 : X0,X3 : 'list()'(X0)] : ('Nil'(X0) = X3 => 'Nil'(X0) = mG0(X0,X1,X2,X3)) [rectify 21]
65. ~! [X0 : $tType] : ! [X2 : X0,X3 : 'list()'(X0)] : (list_ge_elem(X0,X3,X2) => list_ge_elem(X0,quicksort(X0,X3),X2)) [rectify 13]
66. ~! [X0 : $tType,X2 : X0,X3 : 'list()'(X0)] : (list_ge_elem(X0,X3,X2) => list_ge_elem(X0,quicksort(X0,X3),X2)) [flattening 65]
67. ! [X0 : $tType] : ! [X1 : X0,X2 : X0,X3 : 'list()'(X0),X4 : 'list()'(X0)] : ((~less(X0,X2,X1) & list_ge_elem(X0,X3,X1) & list_ge_elem(X0,X4,X1)) => list_ge_elem(X0,append(X0,X3,'Cons'(X0,X2,X4)),X1)) [rectify 11]
68. ! [X0 : $tType,X1 : X0,X2 : X0,X3 : 'list()'(X0),X4 : 'list()'(X0)] : ((~less(X0,X2,X1) & list_ge_elem(X0,X3,X1) & list_ge_elem(X0,X4,X1)) => list_ge_elem(X0,append(X0,X3,'Cons'(X0,X2,X4)),X1)) [flattening 67]
69. ! [X0 : 'list()'(X3),X1 : X3,X2 : 'list()'(X3),X3 : $tType] : quicksort(X3,X2) = mG0(X3,X0,X1,X2) [rectify 23]
70. ! [X0 : 'list()'(X4),X1 : X4,X2 : X4,X3 : 'list()'(X4),X4 : $tType] : (list_ge_elem(X4,X3,X2) <=> mG1(X4,X2,X1,X0,X3)) [rectify 27]
72. ! [X0 : 'list()'(X4),X1 : X4,X2 : 'list()'(X4),X3 : X4,X4 : $tType] : filter_ge(X4,X3,X2) = mG3(X4,X3,X1,X0,X2) [rectify 37]
73. ! [X0 : 'list()'(X4),X1 : X4,X2 : 'list()'(X4),X3 : X4,X4 : $tType] : filter_less(X4,X3,X2) = mG5(X4,X3,X1,X0,X2) [rectify 43]
83. ! [X0 : $tType,X1 : X0,X2 : X0,X3 : 'list()'(X0),X4 : 'list()'(X0)] : (mG5(X0,X1,X2,X3,X4) = iG6(X0,X1,X2,X3) | 'Cons'(X0,X2,X3) != X4) [ennf transformation 46]
84. ! [X0 : $tType,X1 : X0,X2 : X0,X3 : 'list()'(X0)] : (iG6(X0,X1,X2,X3) = filter_less(X0,X1,X3) | less(X0,X2,X1)) [ennf transformation 48]
85. ! [X0 : $tType,X1 : X0,X2 : X0,X3 : 'list()'(X0)] : (iG6(X0,X1,X2,X3) = 'Cons'(X0,X2,filter_less(X0,X1,X3)) | ~less(X0,X2,X1)) [ennf transformation 49]
86. ! [X0 : $tType,X1 : X0,X2 : X0,X3 : 'list()'(X0),X4 : 'list()'(X0)] : ('Nil'(X0) = mG5(X0,X1,X2,X3,X4) | 'Nil'(X0) != X4) [ennf transformation 50]
87. ! [X0 : $tType,X1 : X0,X2 : X0,X3 : 'list()'(X0),X4 : 'list()'(X0)] : (mG3(X0,X1,X2,X3,X4) = iG4(X0,X1,X2,X3) | 'Cons'(X0,X2,X3) != X4) [ennf transformation 51]
88. ! [X0 : $tType,X1 : X0,X2 : X0,X3 : 'list()'(X0)] : (iG4(X0,X1,X2,X3) = filter_ge(X0,X1,X3) | ~less(X0,X2,X1)) [ennf transformation 53]
89. ! [X0 : $tType,X1 : X0,X2 : X0,X3 : 'list()'(X0)] : (iG4(X0,X1,X2,X3) = 'Cons'(X0,X2,filter_ge(X0,X1,X3)) | less(X0,X2,X1)) [ennf transformation 55]
90. ! [X0 : $tType,X1 : X0,X2 : X0,X3 : 'list()'(X0),X4 : 'list()'(X0)] : ('Nil'(X0) = mG3(X0,X1,X2,X3,X4) | 'Nil'(X0) != X4) [ennf transformation 56]
93. ! [X0 : $tType,X1 : X0,X2 : X0,X3 : 'list()'(X0),X4 : 'list()'(X0)] : ((mG1(X0,X1,X2,X3,X4) <=> (~less(X0,X2,X1) & list_ge_elem(X0,X3,X1))) | 'Cons'(X0,X2,X3) != X4) [ennf transformation 60]
94. ! [X0 : $tType,X1 : X0,X2 : X0,X3 : 'list()'(X0),X4 : 'list()'(X0)] : (mG1(X0,X1,X2,X3,X4) | 'Nil'(X0) != X4) [ennf transformation 62]
95. ! [X0 : $tType,X1 : 'list()'(X0),X2 : X0,X3 : 'list()'(X0)] : (append(X0,quicksort(X0,filter_less(X0,X2,X1)),'Cons'(X0,X2,quicksort(X0,filter_ge(X0,X2,X1)))) = mG0(X0,X1,X2,X3) | 'Cons'(X0,X2,X1) != X3) [ennf transformation 63]
96. ! [X0 : $tType,X1 : 'list()'(X0),X2 : X0,X3 : 'list()'(X0)] : ('Nil'(X0) = mG0(X0,X1,X2,X3) | 'Nil'(X0) != X3) [ennf transformation 64]
97. ? [X0 : $tType,X2 : X0,X3 : 'list()'(X0)] : (~list_ge_elem(X0,quicksort(X0,X3),X2) & list_ge_elem(X0,X3,X2)) [ennf transformation 66]
98. ! [X0 : $tType,X1 : X0,X2 : X0,X3 : 'list()'(X0),X4 : 'list()'(X0)] : (list_ge_elem(X0,append(X0,X3,'Cons'(X0,X2,X4)),X1) | (less(X0,X2,X1) | ~list_ge_elem(X0,X3,X1) | ~list_ge_elem(X0,X4,X1))) [ennf transformation 68]
99. ! [X0 : $tType,X1 : X0,X2 : X0,X3 : 'list()'(X0),X4 : 'list()'(X0)] : (list_ge_elem(X0,append(X0,X3,'Cons'(X0,X2,X4)),X1) | less(X0,X2,X1) | ~list_ge_elem(X0,X3,X1) | ~list_ge_elem(X0,X4,X1)) [flattening 98]
104. ! [X0 : $tType,X1 : X0,X2 : X0,X3 : 'list()'(X0),X4 : 'list()'(X0)] : (((mG1(X0,X1,X2,X3,X4) | (less(X0,X2,X1) | ~list_ge_elem(X0,X3,X1))) & ((~less(X0,X2,X1) & list_ge_elem(X0,X3,X1)) | ~mG1(X0,X1,X2,X3,X4))) | 'Cons'(X0,X2,X3) != X4) [nnf transformation 93]
105. ! [X0 : $tType,X1 : X0,X2 : X0,X3 : 'list()'(X0),X4 : 'list()'(X0)] : (((mG1(X0,X1,X2,X3,X4) | less(X0,X2,X1) | ~list_ge_elem(X0,X3,X1)) & ((~less(X0,X2,X1) & list_ge_elem(X0,X3,X1)) | ~mG1(X0,X1,X2,X3,X4))) | 'Cons'(X0,X2,X3) != X4) [flattening 104]
106. ? [X0 : $tType,X1 : X0,X2 : 'list()'(X0)] : (~list_ge_elem(X0,quicksort(X0,X2),X1) & list_ge_elem(X0,X2,X1)) [rectify 97]
107. ? [X0 : $tType,X1 : X0,X2 : 'list()'(X0)] : (~list_ge_elem(X0,quicksort(X0,X2),X1) & list_ge_elem(X0,X2,X1)) => (~list_ge_elem(sK7,quicksort(sK7,sK9),sK8) & list_ge_elem(sK7,sK9,sK8)) [choice axiom]
108. ~list_ge_elem(sK7,quicksort(sK7,sK9),sK8) & list_ge_elem(sK7,sK9,sK8) [skolemisation 106,107]
109. ! [X0 : 'list()'(X4),X1 : X4,X2 : X4,X3 : 'list()'(X4),X4 : $tType] : ((list_ge_elem(X4,X3,X2) | ~mG1(X4,X2,X1,X0,X3)) & (mG1(X4,X2,X1,X0,X3) | ~list_ge_elem(X4,X3,X2))) [nnf transformation 70]
111. mG5(X0,X1,X2,X3,X4) = iG6(X0,X1,X2,X3) | 'Cons'(X0,X2,X3) != X4 [cnf transformation 83]
112. iG6(X0,X1,X2,X3) = filter_less(X0,X1,X3) | less(X0,X2,X1) [cnf transformation 84]
113. iG6(X0,X1,X2,X3) = 'Cons'(X0,X2,filter_less(X0,X1,X3)) | ~less(X0,X2,X1) [cnf transformation 85]
114. 'Nil'(X0) = mG5(X0,X1,X2,X3,X4) | 'Nil'(X0) != X4 [cnf transformation 86]
115. mG3(X0,X1,X2,X3,X4) = iG4(X0,X1,X2,X3) | 'Cons'(X0,X2,X3) != X4 [cnf transformation 87]
116. iG4(X0,X1,X2,X3) = filter_ge(X0,X1,X3) | ~less(X0,X2,X1) [cnf transformation 88]
117. iG4(X0,X1,X2,X3) = 'Cons'(X0,X2,filter_ge(X0,X1,X3)) | less(X0,X2,X1) [cnf transformation 89]
118. 'Nil'(X0) = mG3(X0,X1,X2,X3,X4) | 'Nil'(X0) != X4 [cnf transformation 90]
121. list_ge_elem(X0,X3,X1) | ~mG1(X0,X1,X2,X3,X4) | 'Cons'(X0,X2,X3) != X4 [cnf transformation 105]
122. ~less(X0,X2,X1) | ~mG1(X0,X1,X2,X3,X4) | 'Cons'(X0,X2,X3) != X4 [cnf transformation 105]
123. mG1(X0,X1,X2,X3,X4) | less(X0,X2,X1) | ~list_ge_elem(X0,X3,X1) | 'Cons'(X0,X2,X3) != X4 [cnf transformation 105]
124. mG1(X0,X1,X2,X3,X4) | 'Nil'(X0) != X4 [cnf transformation 94]
125. append(X0,quicksort(X0,filter_less(X0,X2,X1)),'Cons'(X0,X2,quicksort(X0,filter_ge(X0,X2,X1)))) = mG0(X0,X1,X2,X3) | 'Cons'(X0,X2,X1) != X3 [cnf transformation 95]
126. 'Nil'(X0) = mG0(X0,X1,X2,X3) | 'Nil'(X0) != X3 [cnf transformation 96]
127. list_ge_elem(sK7,sK9,sK8) [cnf transformation 108]
128. ~list_ge_elem(sK7,quicksort(sK7,sK9),sK8) [cnf transformation 108]
129. list_ge_elem(X0,append(X0,X3,'Cons'(X0,X2,X4)),X1) | less(X0,X2,X1) | ~list_ge_elem(X0,X3,X1) | ~list_ge_elem(X0,X4,X1) [cnf transformation 99]
130. quicksort(X3,X2) = mG0(X3,X0,X1,X2) [cnf transformation 69]
131. mG1(X4,X2,X1,X0,X3) | ~list_ge_elem(X4,X3,X2) [cnf transformation 109]
132. ~mG1(X4,X2,X1,X0,X3) | list_ge_elem(X4,X3,X2) [cnf transformation 109]
134. filter_ge(X4,X3,X2) = mG3(X4,X3,X1,X0,X2) [cnf transformation 72]
135. filter_less(X4,X3,X2) = mG5(X4,X3,X1,X0,X2) [cnf transformation 73]
142. filter_less(X0,X1,X4) = iG6(X0,X1,X2,X3) | 'Cons'(X0,X2,X3) != X4 [definition unfolding 111,135]
143. filter_less(X0,X1,X4) = 'Nil'(X0) | 'Nil'(X0) != X4 [definition unfolding 114,135]
144. filter_ge(X0,X1,X4) = iG4(X0,X1,X2,X3) | 'Cons'(X0,X2,X3) != X4 [definition unfolding 115,134]
145. 'Nil'(X0) = filter_ge(X0,X1,X4) | 'Nil'(X0) != X4 [definition unfolding 118,134]
148. quicksort(X0,X3) = append(X0,quicksort(X0,filter_less(X0,X2,X1)),'Cons'(X0,X2,quicksort(X0,filter_ge(X0,X2,X1)))) | 'Cons'(X0,X2,X1) != X3 [definition unfolding 125,130]
149. 'Nil'(X0) = quicksort(X0,X3) | 'Nil'(X0) != X3 [definition unfolding 126,130]
150. iG6(X0,X1,X2,X3) = filter_less(X0,X1,'Cons'(X0,X2,X3)) [equality resolution 142]
151. 'Nil'(X0) = filter_less(X0,X1,'Nil'(X0)) [equality resolution 143]
152. iG4(X0,X1,X2,X3) = filter_ge(X0,X1,'Cons'(X0,X2,X3)) [equality resolution 144]
153. 'Nil'(X0) = filter_ge(X0,X1,'Nil'(X0)) [equality resolution 145]
156. mG1(X0,X1,X2,X3,'Cons'(X0,X2,X3)) | less(X0,X2,X1) | ~list_ge_elem(X0,X3,X1) [equality resolution 123]
157. ~mG1(X0,X1,X2,X3,'Cons'(X0,X2,X3)) | ~less(X0,X2,X1) [equality resolution 122]
158. ~mG1(X0,X1,X2,X3,'Cons'(X0,X2,X3)) | list_ge_elem(X0,X3,X1) [equality resolution 121]
159. mG1(X0,X1,X2,X3,'Nil'(X0)) [equality resolution 124]
160. append(X0,quicksort(X0,filter_less(X0,X2,X1)),'Cons'(X0,X2,quicksort(X0,filter_ge(X0,X2,X1)))) = quicksort(X0,'Cons'(X0,X2,X1)) [equality resolution 148]
161. 'Nil'(X0) = quicksort(X0,'Nil'(X0)) [equality resolution 149]
162. less(X0,X2,X1) | filter_less(X0,X1,X3) = filter_less(X0,X1,'Cons'(X0,X2,X3)) [forward demodulation 112,150]
163. ~less(X0,X2,X1) | 'Cons'(X0,X2,filter_less(X0,X1,X3)) = filter_less(X0,X1,'Cons'(X0,X2,X3)) [forward demodulation 113,150]
164. ~less(X0,X2,X1) | filter_ge(X0,X1,X3) = filter_ge(X0,X1,'Cons'(X0,X2,X3)) [forward demodulation 116,152]
165. less(X0,X2,X1) | 'Cons'(X0,X2,filter_ge(X0,X1,X3)) = filter_ge(X0,X1,'Cons'(X0,X2,X3)) [forward demodulation 117,152]
174. ! [X2 : 'list()'(sK7),X1 : sK7] : ((((list_ge_elem(sK7,quicksort(sK7,filter_ge(sK7,X1,X2)),sK8) | ~list_ge_elem(sK7,filter_ge(sK7,X1,X2),sK8)) & (list_ge_elem(sK7,quicksort(sK7,filter_less(sK7,X1,X2)),sK8) | ~list_ge_elem(sK7,filter_less(sK7,X1,X2),sK8))) => (list_ge_elem(sK7,quicksort(sK7,'Cons'(sK7,X1,X2)),sK8) | ~list_ge_elem(sK7,'Cons'(sK7,X1,X2),sK8))) & (list_ge_elem(sK7,quicksort(sK7,'Nil'(sK7)),sK8) | ~list_ge_elem(sK7,'Nil'(sK7),sK8))) => ! [X4 : 'list()'(sK7)] : (list_ge_elem(sK7,quicksort(sK7,X4),sK8) | ~list_ge_elem(sK7,X4,sK8)) [structural induction hypothesis (recursion)]
175. ! [X4 : 'list()'(sK7)] : (list_ge_elem(sK7,quicksort(sK7,X4),sK8) | ~list_ge_elem(sK7,X4,sK8)) | ? [X2 : 'list()'(sK7),X1 : sK7] : (((~list_ge_elem(sK7,quicksort(sK7,'Cons'(sK7,X1,X2)),sK8) & list_ge_elem(sK7,'Cons'(sK7,X1,X2),sK8)) & ((list_ge_elem(sK7,quicksort(sK7,filter_ge(sK7,X1,X2)),sK8) | ~list_ge_elem(sK7,filter_ge(sK7,X1,X2),sK8)) & (list_ge_elem(sK7,quicksort(sK7,filter_less(sK7,X1,X2)),sK8) | ~list_ge_elem(sK7,filter_less(sK7,X1,X2),sK8)))) | (~list_ge_elem(sK7,quicksort(sK7,'Nil'(sK7)),sK8) & list_ge_elem(sK7,'Nil'(sK7),sK8))) [ennf transformation 174]
176. ~list_ge_elem(sK7,quicksort(sK7,'Nil'(sK7)),sK8) | ~list_ge_elem(sK7,filter_ge(sK7,sK14,sK13),sK8) | list_ge_elem(sK7,quicksort(sK7,filter_ge(sK7,sK14,sK13)),sK8) | ~list_ge_elem(sK7,X4,sK8) | list_ge_elem(sK7,quicksort(sK7,X4),sK8) [cnf transformation 175]
178. ~list_ge_elem(sK7,quicksort(sK7,'Nil'(sK7)),sK8) | ~list_ge_elem(sK7,filter_less(sK7,sK14,sK13),sK8) | list_ge_elem(sK7,quicksort(sK7,filter_less(sK7,sK14,sK13)),sK8) | ~list_ge_elem(sK7,X4,sK8) | list_ge_elem(sK7,quicksort(sK7,X4),sK8) [cnf transformation 175]
182. ~list_ge_elem(sK7,quicksort(sK7,'Nil'(sK7)),sK8) | list_ge_elem(sK7,'Cons'(sK7,sK14,sK13),sK8) | ~list_ge_elem(sK7,X4,sK8) | list_ge_elem(sK7,quicksort(sK7,X4),sK8) [cnf transformation 175]
183. ~list_ge_elem(sK7,quicksort(sK7,'Nil'(sK7)),sK8) | ~list_ge_elem(sK7,quicksort(sK7,'Cons'(sK7,sK14,sK13)),sK8) | ~list_ge_elem(sK7,X4,sK8) | list_ge_elem(sK7,quicksort(sK7,X4),sK8) [cnf transformation 175]
190. ~list_ge_elem(sK7,quicksort(sK7,'Nil'(sK7)),sK8) | ~list_ge_elem(sK7,quicksort(sK7,'Cons'(sK7,sK14,sK13)),sK8) [induction hyperresolution 127,128,183]
191. ~list_ge_elem(sK7,quicksort(sK7,'Nil'(sK7)),sK8) | list_ge_elem(sK7,'Cons'(sK7,sK14,sK13),sK8) [induction hyperresolution 127,128,182]
218. 2 <=> list_ge_elem(sK7,'Nil'(sK7),sK8) [avatar definition]
220. ~list_ge_elem(sK7,'Nil'(sK7),sK8) <- (~2) [avatar component clause 218]
248. 7 <=> list_ge_elem(sK7,quicksort(sK7,filter_ge(sK7,sK14,sK13)),sK8) [avatar definition]
250. list_ge_elem(sK7,quicksort(sK7,filter_ge(sK7,sK14,sK13)),sK8) <- (7) [avatar component clause 248]
252. 8 <=> list_ge_elem(sK7,filter_ge(sK7,sK14,sK13),sK8) [avatar definition]
254. ~list_ge_elem(sK7,filter_ge(sK7,sK14,sK13),sK8) <- (~8) [avatar component clause 252]
259. 9 <=> list_ge_elem(sK7,quicksort(sK7,filter_less(sK7,sK14,sK13)),sK8) [avatar definition]
261. list_ge_elem(sK7,quicksort(sK7,filter_less(sK7,sK14,sK13)),sK8) <- (9) [avatar component clause 259]
263. 10 <=> list_ge_elem(sK7,filter_less(sK7,sK14,sK13),sK8) [avatar definition]
265. ~list_ge_elem(sK7,filter_less(sK7,sK14,sK13),sK8) <- (~10) [avatar component clause 263]
269. 11 <=> list_ge_elem(sK7,'Cons'(sK7,sK14,sK13),sK8) [avatar definition]
271. list_ge_elem(sK7,'Cons'(sK7,sK14,sK13),sK8) <- (11) [avatar component clause 269]
274. 12 <=> list_ge_elem(sK7,quicksort(sK7,'Cons'(sK7,sK14,sK13)),sK8) [avatar definition]
276. ~list_ge_elem(sK7,quicksort(sK7,'Cons'(sK7,sK14,sK13)),sK8) <- (~12) [avatar component clause 274]
278. ~list_ge_elem(sK7,'Nil'(sK7),sK8) | list_ge_elem(sK7,'Cons'(sK7,sK14,sK13),sK8) [forward demodulation 191,161]
279. 11 | ~2 [avatar split clause 278,218,269]
280. ~list_ge_elem(sK7,'Nil'(sK7),sK8) | ~list_ge_elem(sK7,quicksort(sK7,'Cons'(sK7,sK14,sK13)),sK8) [forward demodulation 190,161]
281. ~12 | ~2 [avatar split clause 280,218,274]
388. list_ge_elem(X0,'Nil'(X0),X1) [resolution 132,159]
390. $false <- (~2) [resolution 388,220]
391. 2 [avatar contradiction clause 390]
406. ~list_ge_elem(X0,'Cons'(X0,X1,X3),X2) | ~less(X0,X1,X2) [resolution 157,131]
407. ~list_ge_elem(X0,'Cons'(X0,X3,X1),X2) | list_ge_elem(X0,X1,X2) [resolution 158,131]
586. list_ge_elem(X8,'Cons'(X8,X9,X11),X10) | ~list_ge_elem(X8,X11,X10) | less(X8,X9,X10) [resolution 156,132]
631. 'Cons'(X0,X1,filter_less(X0,X2,X3)) = filter_less(X0,X2,'Cons'(X0,X1,X3)) | filter_less(X0,X2,X4) = filter_less(X0,X2,'Cons'(X0,X1,X4)) [resolution 163,162]
634. 'Cons'(X8,X9,filter_ge(X8,X10,X11)) = filter_ge(X8,X10,'Cons'(X8,X9,X11)) | filter_ge(X8,X10,X12) = filter_ge(X8,X10,'Cons'(X8,X9,X12)) [resolution 165,164]
641. ~list_ge_elem(X0,quicksort(X0,filter_ge(X0,X1,X2)),X3) | less(X0,X1,X3) | ~list_ge_elem(X0,quicksort(X0,filter_less(X0,X1,X2)),X3) | list_ge_elem(X0,quicksort(X0,'Cons'(X0,X1,X2)),X3) [superposition 129,160]
658. ~less(sK7,sK14,sK8) <- (11) [resolution 406,271]
663. list_ge_elem(sK7,sK13,sK8) <- (11) [resolution 407,271]
708. ! [X2 : 'list()'(sK7),X1 : sK7] : (((~list_ge_elem(sK7,X2,sK8) | list_ge_elem(sK7,filter_less(sK7,sK14,X2),sK8)) => (~list_ge_elem(sK7,'Cons'(sK7,X1,X2),sK8) | list_ge_elem(sK7,filter_less(sK7,sK14,'Cons'(sK7,X1,X2)),sK8))) & (~list_ge_elem(sK7,'Nil'(sK7),sK8) | list_ge_elem(sK7,filter_less(sK7,sK14,'Nil'(sK7)),sK8))) => ! [X6 : 'list()'(sK7)] : (~list_ge_elem(sK7,X6,sK8) | list_ge_elem(sK7,filter_less(sK7,sK14,X6),sK8)) [structural induction hypothesis (recursion)]
709. ! [X6 : 'list()'(sK7)] : (~list_ge_elem(sK7,X6,sK8) | list_ge_elem(sK7,filter_less(sK7,sK14,X6),sK8)) | ? [X2 : 'list()'(sK7),X1 : sK7] : (((list_ge_elem(sK7,'Cons'(sK7,X1,X2),sK8) & ~list_ge_elem(sK7,filter_less(sK7,sK14,'Cons'(sK7,X1,X2)),sK8)) & (~list_ge_elem(sK7,X2,sK8) | list_ge_elem(sK7,filter_less(sK7,sK14,X2),sK8))) | (list_ge_elem(sK7,'Nil'(sK7),sK8) & ~list_ge_elem(sK7,filter_less(sK7,sK14,'Nil'(sK7)),sK8))) [ennf transformation 708]
710. ~list_ge_elem(sK7,filter_less(sK7,sK14,'Nil'(sK7)),sK8) | ~list_ge_elem(sK7,filter_less(sK7,sK14,'Cons'(sK7,sK54,sK53)),sK8) | list_ge_elem(sK7,filter_less(sK7,sK14,X6),sK8) | ~list_ge_elem(sK7,X6,sK8) [cnf transformation 709]
711. ~list_ge_elem(sK7,filter_less(sK7,sK14,'Nil'(sK7)),sK8) | list_ge_elem(sK7,'Cons'(sK7,sK54,sK53),sK8) | list_ge_elem(sK7,filter_less(sK7,sK14,X6),sK8) | ~list_ge_elem(sK7,X6,sK8) [cnf transformation 709]
714. ~list_ge_elem(sK7,filter_less(sK7,sK14,'Nil'(sK7)),sK8) | list_ge_elem(sK7,filter_less(sK7,sK14,sK53),sK8) | ~list_ge_elem(sK7,sK53,sK8) | list_ge_elem(sK7,filter_less(sK7,sK14,X6),sK8) | ~list_ge_elem(sK7,X6,sK8) [cnf transformation 709]
726. ~list_ge_elem(sK7,filter_less(sK7,sK14,'Nil'(sK7)),sK8) | list_ge_elem(sK7,'Cons'(sK7,sK54,sK53),sK8) <- (~10, 11) [induction hyperresolution 265,663,711]
728. ! [X0 : sK7,X1 : 'list()'(sK7)] : ((~list_ge_elem(sK7,'Nil'(sK7),sK8) | list_ge_elem(sK7,filter_ge(sK7,sK14,'Nil'(sK7)),sK8)) & ((~list_ge_elem(sK7,X1,sK8) | list_ge_elem(sK7,filter_ge(sK7,sK14,X1),sK8)) => (~list_ge_elem(sK7,'Cons'(sK7,X0,X1),sK8) | list_ge_elem(sK7,filter_ge(sK7,sK14,'Cons'(sK7,X0,X1)),sK8)))) => ! [X2 : 'list()'(sK7)] : (~list_ge_elem(sK7,X2,sK8) | list_ge_elem(sK7,filter_ge(sK7,sK14,X2),sK8)) [structural induction hypothesis (one)]
729. ! [X2 : 'list()'(sK7)] : (~list_ge_elem(sK7,X2,sK8) | list_ge_elem(sK7,filter_ge(sK7,sK14,X2),sK8)) | ? [X0 : sK7,X1 : 'list()'(sK7)] : ((list_ge_elem(sK7,'Nil'(sK7),sK8) & ~list_ge_elem(sK7,filter_ge(sK7,sK14,'Nil'(sK7)),sK8)) | ((list_ge_elem(sK7,'Cons'(sK7,X0,X1),sK8) & ~list_ge_elem(sK7,filter_ge(sK7,sK14,'Cons'(sK7,X0,X1)),sK8)) & (~list_ge_elem(sK7,X1,sK8) | list_ge_elem(sK7,filter_ge(sK7,sK14,X1),sK8)))) [ennf transformation 728]
732. ~list_ge_elem(sK7,filter_ge(sK7,sK14,'Cons'(sK7,sK55,sK56)),sK8) | ~list_ge_elem(sK7,filter_ge(sK7,sK14,'Nil'(sK7)),sK8) | list_ge_elem(sK7,filter_ge(sK7,sK14,X2),sK8) | ~list_ge_elem(sK7,X2,sK8) [cnf transformation 729]
733. list_ge_elem(sK7,'Cons'(sK7,sK55,sK56),sK8) | ~list_ge_elem(sK7,filter_ge(sK7,sK14,'Nil'(sK7)),sK8) | list_ge_elem(sK7,filter_ge(sK7,sK14,X2),sK8) | ~list_ge_elem(sK7,X2,sK8) [cnf transformation 729]
735. list_ge_elem(sK7,filter_ge(sK7,sK14,sK56),sK8) | ~list_ge_elem(sK7,sK56,sK8) | ~list_ge_elem(sK7,filter_ge(sK7,sK14,'Nil'(sK7)),sK8) | list_ge_elem(sK7,filter_ge(sK7,sK14,X2),sK8) | ~list_ge_elem(sK7,X2,sK8) [cnf transformation 729]
778. 49 <=> list_ge_elem(sK7,sK56,sK8) [avatar definition]
782. 50 <=> list_ge_elem(sK7,filter_ge(sK7,sK14,sK56),sK8) [avatar definition]
784. list_ge_elem(sK7,filter_ge(sK7,sK14,sK56),sK8) <- (50) [avatar component clause 782]
788. ~list_ge_elem(sK7,'Nil'(sK7),sK8) | list_ge_elem(sK7,'Cons'(sK7,sK54,sK53),sK8) <- (~10, 11) [forward demodulation 726,151]
789. list_ge_elem(sK7,'Cons'(sK7,sK54,sK53),sK8) <- (~10, 11) [subsumption resolution 788,388]
793. 51 <=> list_ge_elem(sK7,sK53,sK8) [avatar definition]
794. list_ge_elem(sK7,sK53,sK8) <- (51) [avatar component clause 793]
797. 52 <=> list_ge_elem(sK7,filter_less(sK7,sK14,sK53),sK8) [avatar definition]
798. ~list_ge_elem(sK7,filter_less(sK7,sK14,sK53),sK8) <- (~52) [avatar component clause 797]
799. list_ge_elem(sK7,filter_less(sK7,sK14,sK53),sK8) <- (52) [avatar component clause 797]
1504. list_ge_elem(sK7,sK53,sK8) <- (~10, 11) [resolution 789,407]
1523. 94 <=> list_ge_elem(sK7,'Cons'(sK7,sK54,'Nil'(sK7)),sK8) [avatar definition]
1524. ~list_ge_elem(sK7,'Cons'(sK7,sK54,'Nil'(sK7)),sK8) <- (~94) [avatar component clause 1523]
1525. list_ge_elem(sK7,'Cons'(sK7,sK54,'Nil'(sK7)),sK8) <- (94) [avatar component clause 1523]
1540. 51 | 10 | ~11 [avatar split clause 1504,269,263,793]
1606. less(sK7,sK14,sK8) | ~list_ge_elem(sK7,quicksort(sK7,filter_less(sK7,sK14,sK13)),sK8) | list_ge_elem(sK7,quicksort(sK7,'Cons'(sK7,sK14,sK13)),sK8) <- (7) [resolution 250,641]
1607. ~list_ge_elem(sK7,quicksort(sK7,filter_less(sK7,sK14,sK13)),sK8) | list_ge_elem(sK7,quicksort(sK7,'Cons'(sK7,sK14,sK13)),sK8) <- (7, 11) [subsumption resolution 1606,658]
1608. list_ge_elem(sK7,quicksort(sK7,'Cons'(sK7,sK14,sK13)),sK8) <- (7, 9, 11) [subsumption resolution 1607,261]
1609. $false <- (7, 9, 11, ~12) [subsumption resolution 1608,276]
1610. ~7 | ~9 | ~11 | 12 [avatar contradiction clause 1609]
1613. list_ge_elem(sK7,'Cons'(sK7,sK55,sK56),sK8) | ~list_ge_elem(sK7,filter_ge(sK7,sK14,'Nil'(sK7)),sK8) <- (~8, 11) [induction hyperresolution 663,254,733]
1637. ~list_ge_elem(sK7,'Nil'(sK7),sK8) | list_ge_elem(sK7,'Cons'(sK7,sK55,sK56),sK8) <- (~8, 11) [forward demodulation 1613,153]
1638. list_ge_elem(sK7,'Cons'(sK7,sK55,sK56),sK8) <- (~8, 11) [subsumption resolution 1637,388]
2228. list_ge_elem(sK7,sK56,sK8) <- (~8, 11) [resolution 1638,407]
2264. 49 | 8 | ~11 [avatar split clause 2228,269,252,778]
5342. ~list_ge_elem(sK7,filter_less(sK7,sK14,'Nil'(sK7)),sK8) | list_ge_elem(sK7,'Cons'(sK7,sK54,sK53),sK8) <- (~10, 11) [induction hyperresolution 663,265,711]
5343. ~list_ge_elem(sK7,filter_less(sK7,sK14,'Nil'(sK7)),sK8) | ~list_ge_elem(sK7,filter_less(sK7,sK14,'Cons'(sK7,sK54,sK53)),sK8) <- (~10, 11) [induction hyperresolution 663,265,710]
5356. ~list_ge_elem(sK7,'Nil'(sK7),sK8) | ~list_ge_elem(sK7,filter_less(sK7,sK14,'Cons'(sK7,sK54,sK53)),sK8) <- (~10, 11) [forward demodulation 5343,151]
5357. ~list_ge_elem(sK7,filter_less(sK7,sK14,'Cons'(sK7,sK54,sK53)),sK8) <- (~10, 11) [subsumption resolution 5356,388]
5360. ~list_ge_elem(sK7,'Nil'(sK7),sK8) | list_ge_elem(sK7,'Cons'(sK7,sK54,sK53),sK8) <- (~10, 11) [forward demodulation 5342,151]
5361. list_ge_elem(sK7,'Cons'(sK7,sK54,sK53),sK8) <- (~10, 11) [subsumption resolution 5360,388]
8243. ~less(sK7,sK54,sK8) <- (~10, 11) [resolution 5361,406]
8250. ~list_ge_elem(sK7,filter_less(sK7,sK14,sK53),sK8) | 'Cons'(sK7,sK54,filter_less(sK7,sK14,X2)) = filter_less(sK7,sK14,'Cons'(sK7,sK54,X2)) <- (~10, 11) [superposition 5357,631]
8281. 266 <=> list_ge_elem(sK7,'Cons'(sK7,sK54,filter_less(sK7,sK14,sK53)),sK8) [avatar definition]
8283. ~list_ge_elem(sK7,'Cons'(sK7,sK54,filter_less(sK7,sK14,sK53)),sK8) <- (~266) [avatar component clause 8281]
8285. 'Cons'(sK7,sK54,filter_less(sK7,sK14,X2)) = filter_less(sK7,sK14,'Cons'(sK7,sK54,X2)) <- (~10, 11, 52) [subsumption resolution 8250,799]
8286. ~list_ge_elem(sK7,'Cons'(sK7,sK54,filter_less(sK7,sK14,sK53)),sK8) <- (~10, 11, 52) [backward demodulation 5357,8285]
8287. ~266 | 10 | ~11 | ~52 [avatar split clause 8286,797,269,263,8281]
10848. ~list_ge_elem(sK7,'Nil'(sK7),sK8) | less(sK7,sK54,sK8) <- (~94) [resolution 1524,586]
10851. less(sK7,sK54,sK8) <- (~94) [subsumption resolution 10848,388]
10852. $false <- (~10, 11, ~94) [subsumption resolution 10851,8243]
10853. 10 | ~11 | 94 [avatar contradiction clause 10852]
14849. ~list_ge_elem(sK7,quicksort(sK7,'Nil'(sK7)),sK8) | ~list_ge_elem(sK7,filter_less(sK7,sK14,sK13),sK8) | list_ge_elem(sK7,quicksort(sK7,filter_less(sK7,sK14,sK13)),sK8) [induction hyperresolution 127,128,178]
14851. ~list_ge_elem(sK7,quicksort(sK7,'Nil'(sK7)),sK8) | ~list_ge_elem(sK7,filter_ge(sK7,sK14,sK13),sK8) | list_ge_elem(sK7,quicksort(sK7,filter_ge(sK7,sK14,sK13)),sK8) [induction hyperresolution 127,128,176]
48395. ~less(sK7,sK54,sK8) <- (94) [resolution 1525,406]
49482. ~list_ge_elem(sK7,'Nil'(sK7),sK8) | ~list_ge_elem(sK7,filter_ge(sK7,sK14,sK13),sK8) | list_ge_elem(sK7,quicksort(sK7,filter_ge(sK7,sK14,sK13)),sK8) [forward demodulation 14851,161]
49483. ~list_ge_elem(sK7,filter_ge(sK7,sK14,sK13),sK8) | list_ge_elem(sK7,quicksort(sK7,filter_ge(sK7,sK14,sK13)),sK8) [subsumption resolution 49482,388]
49484. 7 | ~8 [avatar split clause 49483,252,248]
49528. ~list_ge_elem(sK7,'Nil'(sK7),sK8) | ~list_ge_elem(sK7,filter_less(sK7,sK14,sK13),sK8) | list_ge_elem(sK7,quicksort(sK7,filter_less(sK7,sK14,sK13)),sK8) [forward demodulation 14849,161]
49529. ~list_ge_elem(sK7,filter_less(sK7,sK14,sK13),sK8) | list_ge_elem(sK7,quicksort(sK7,filter_less(sK7,sK14,sK13)),sK8) [subsumption resolution 49528,388]
49530. 9 | ~10 [avatar split clause 49529,263,259]
52338. list_ge_elem(sK7,filter_ge(sK7,sK14,sK56),sK8) | ~list_ge_elem(sK7,sK56,sK8) | ~list_ge_elem(sK7,filter_ge(sK7,sK14,'Nil'(sK7)),sK8) <- (~8, 11) [induction hyperresolution 663,254,735]
52340. list_ge_elem(sK7,'Cons'(sK7,sK55,sK56),sK8) | ~list_ge_elem(sK7,filter_ge(sK7,sK14,'Nil'(sK7)),sK8) <- (~8, 11) [induction hyperresolution 663,254,733]
52341. ~list_ge_elem(sK7,filter_ge(sK7,sK14,'Cons'(sK7,sK55,sK56)),sK8) | ~list_ge_elem(sK7,filter_ge(sK7,sK14,'Nil'(sK7)),sK8) <- (~8, 11) [induction hyperresolution 663,254,732]
53094. ~list_ge_elem(sK7,'Nil'(sK7),sK8) | list_ge_elem(sK7,filter_ge(sK7,sK14,sK56),sK8) | ~list_ge_elem(sK7,sK56,sK8) <- (~8, 11) [forward demodulation 52338,153]
53095. list_ge_elem(sK7,filter_ge(sK7,sK14,sK56),sK8) | ~list_ge_elem(sK7,sK56,sK8) <- (~8, 11) [subsumption resolution 53094,388]
53096. ~49 | 50 | 8 | ~11 [avatar split clause 53095,269,252,782,778]
53097. ~list_ge_elem(sK7,'Nil'(sK7),sK8) | list_ge_elem(sK7,'Cons'(sK7,sK55,sK56),sK8) <- (~8, 11) [forward demodulation 52340,153]
53098. list_ge_elem(sK7,'Cons'(sK7,sK55,sK56),sK8) <- (~8, 11) [subsumption resolution 53097,388]
53099. ~list_ge_elem(sK7,'Nil'(sK7),sK8) | ~list_ge_elem(sK7,filter_ge(sK7,sK14,'Cons'(sK7,sK55,sK56)),sK8) <- (~8, 11) [forward demodulation 52341,153]
53100. ~list_ge_elem(sK7,filter_ge(sK7,sK14,'Cons'(sK7,sK55,sK56)),sK8) <- (~8, 11) [subsumption resolution 53099,388]
53142. ~less(sK7,sK55,sK8) <- (~8, 11) [resolution 53098,406]
53153. ~list_ge_elem(sK7,filter_ge(sK7,sK14,sK56),sK8) | 'Cons'(sK7,sK55,filter_ge(sK7,sK14,X3)) = filter_ge(sK7,sK14,'Cons'(sK7,sK55,X3)) <- (~8, 11) [superposition 53100,634]
53181. 1360 <=> list_ge_elem(sK7,'Cons'(sK7,sK55,filter_ge(sK7,sK14,sK56)),sK8) [avatar definition]
53183. ~list_ge_elem(sK7,'Cons'(sK7,sK55,filter_ge(sK7,sK14,sK56)),sK8) <- (~1360) [avatar component clause 53181]
53192. 'Cons'(sK7,sK55,filter_ge(sK7,sK14,X3)) = filter_ge(sK7,sK14,'Cons'(sK7,sK55,X3)) <- (~8, 11, 50) [subsumption resolution 53153,784]
53193. ~list_ge_elem(sK7,'Cons'(sK7,sK55,filter_ge(sK7,sK14,sK56)),sK8) <- (~8, 11, 50) [backward demodulation 53100,53192]
53194. ~1360 | 8 | ~11 | ~50 [avatar split clause 53193,782,269,252,53181]
57580. ~list_ge_elem(sK7,filter_less(sK7,sK14,'Nil'(sK7)),sK8) | list_ge_elem(sK7,filter_less(sK7,sK14,sK53),sK8) | ~list_ge_elem(sK7,sK53,sK8) <- (51, ~52) [induction hyperresolution 794,798,714]
57601. ~list_ge_elem(sK7,filter_less(sK7,sK14,'Nil'(sK7)),sK8) | ~list_ge_elem(sK7,sK53,sK8) <- (51, ~52) [subsumption resolution 57580,798]
57602. ~list_ge_elem(sK7,filter_less(sK7,sK14,'Nil'(sK7)),sK8) <- (51, ~52) [subsumption resolution 57601,794]
57603. ~list_ge_elem(sK7,'Nil'(sK7),sK8) <- (51, ~52) [forward demodulation 57602,151]
57604. $false <- (51, ~52) [subsumption resolution 57603,388]
57605. ~51 | 52 [avatar contradiction clause 57604]
58644. ~list_ge_elem(sK7,filter_less(sK7,sK14,sK53),sK8) | less(sK7,sK54,sK8) <- (~266) [resolution 8283,586]
58726. ~list_ge_elem(sK7,filter_less(sK7,sK14,sK53),sK8) <- (94, ~266) [subsumption resolution 58644,48395]
58727. ~52 | ~94 | 266 [avatar split clause 58726,8281,1523,797]
61939. ~list_ge_elem(sK7,filter_ge(sK7,sK14,sK56),sK8) | less(sK7,sK55,sK8) <- (~1360) [resolution 53183,586]
61960. less(sK7,sK55,sK8) <- (50, ~1360) [subsumption resolution 61939,784]
61961. $false <- (~8, 11, 50, ~1360) [subsumption resolution 61960,53142]
61962. 8 | ~11 | ~50 | 1360 [avatar contradiction clause 61961]
61982. $false [avatar sat refutation 279,281,391,1540,1610,2264,8287,10853,49484,49530,53096,53194,57605,58727,61962]
% SZS output end Proof for lemma4
% (54749)------------------------------
% (54749)Version: Vampire 4.7 (commit )
% (54749)Linked with Z3 4.9.1.0  NOTFOUND
% (54749)Termination reason: Refutation

% (54749)Memory used [KB]: 53858
% (54749)Time elapsed: 5.780 s
% (54749)------------------------------
% (54749)------------------------------
% (54740)Success in time 5.21 s
