% (55335)lrs+10_1_ind=struct:sos=theory:sstl=1:drc=encompass:sp=occurrence:to=lpo:sik=recursion:nui=off:indoct=off:indao=on:urr=on_89 on lemma5 for (89ds/0Mi)
% (55334)lrs+10_1_ind=struct:sos=theory:sstl=1:drc=encompass:sp=occurrence:to=lpo:sik=recursion:nui=off:indoct=off:indao=on:urr=off_89 on lemma5 for (89ds/0Mi)
% (55338)lrs+10_1_ind=struct:sos=theory:sstl=1:drc=encompass:sp=occurrence:to=lpo:sik=recursion:nui=off:indoct=on:indao=on:urr=off_89 on lemma5 for (89ds/0Mi)
% (55339)lrs+10_1_ind=struct:sos=theory:sstl=1:drc=encompass:sp=occurrence:to=lpo:sik=recursion:nui=off:indoct=on:indao=on:urr=on_89 on lemma5 for (89ds/0Mi)
% (55337)lrs+10_1_ind=struct:sos=theory:sstl=1:drc=encompass:sp=occurrence:to=lpo:sik=recursion:nui=off:indoct=off:indao=off:urr=on_89 on lemma5 for (89ds/0Mi)
% (55341)lrs+10_1_ind=struct:sos=theory:sstl=1:drc=encompass:sp=occurrence:to=lpo:sik=recursion:nui=off:indoct=on:indao=off:urr=on_89 on lemma5 for (89ds/0Mi)
% (55340)lrs+10_1_ind=struct:sos=theory:sstl=1:drc=encompass:sp=occurrence:to=lpo:sik=recursion:nui=off:indoct=on:indao=off:urr=off_89 on lemma5 for (89ds/0Mi)
% (55343)lrs+10_1_ind=struct:sos=theory:sstl=1:drc=encompass:sp=occurrence:to=lpo:sik=recursion:nui=on:indoct=off:indao=on:urr=on_89 on lemma5 for (89ds/0Mi)
% (55344)lrs+10_1_ind=struct:sos=theory:sstl=1:drc=encompass:sp=occurrence:to=lpo:sik=recursion:nui=on:indoct=off:indao=off:urr=off_89 on lemma5 for (89ds/0Mi)
% (55345)lrs+10_1_ind=struct:sos=theory:sstl=1:drc=encompass:sp=occurrence:to=lpo:sik=recursion:nui=on:indoct=off:indao=off:urr=on_89 on lemma5 for (89ds/0Mi)
% (55336)lrs+10_1_ind=struct:sos=theory:sstl=1:drc=encompass:sp=occurrence:to=lpo:sik=recursion:nui=off:indoct=off:indao=off:urr=off_89 on lemma5 for (89ds/0Mi)
% (55342)lrs+10_1_ind=struct:sos=theory:sstl=1:drc=encompass:sp=occurrence:to=lpo:sik=recursion:nui=on:indoct=off:indao=on:urr=off_89 on lemma5 for (89ds/0Mi)
% (55346)lrs+10_1_ind=struct:sos=theory:sstl=1:drc=encompass:sp=occurrence:to=lpo:sik=recursion:nui=on:indoct=on:indao=on:urr=off_89 on lemma5 for (89ds/0Mi)
% (55347)lrs+10_1_ind=struct:sos=theory:sstl=1:drc=encompass:sp=occurrence:to=lpo:sik=recursion:nui=on:indoct=on:indao=on:urr=on_89 on lemma5 for (89ds/0Mi)
% (55344)First to succeed.
% (55344)Refutation found. Thanks to Tanya!
% SZS status Unsatisfiable for lemma5
% SZS output start Proof for lemma5
6. filter_less(X0,X1,X2) = $match(X2,'Nil'(X0),'Nil'(X0),'Cons'(X0,X3,X4),$ite(less(X0,X3,X1), 'Cons'(X0,X3,filter_less(X0,X1,X4)),filter_less(X0,X1,X4))) [input]
7. filter_ge(X0,X1,X2) = $match(X2,'Nil'(X0),'Nil'(X0),'Cons'(X0,X3,X4),$ite(~less(X0,X3,X1), 'Cons'(X0,X3,filter_ge(X0,X1,X4)),filter_ge(X0,X1,X4))) [input]
8. append(X0,X1,X2) = $match(X1,'Nil'(X0),X2,'Cons'(X0,X3,X4),'Cons'(X0,X3,append(X0,X4,X2))) [input]
11. quicksort(X0,X1) = $match(X1,'Nil'(X0),'Nil'(X0),'Cons'(X0,X2,X3),append(X0,quicksort(X0,filter_less(X0,X2,X3)),'Cons'(X0,X2,quicksort(X0,filter_ge(X0,X2,X3))))) [input]
12. (list_ge_list(X0,X1,X2) = $match(X2,'Nil'(X0),$true,'Cons'(X0,X3,X4),list_ge_elem(X0,X1,X3) & list_ge_list(X0,X1,X4))) [input]
13. ! [X0 : $tType] : ! [X3 : 'list()'(X0),X1 : X0,X2 : 'list()'(X0),X4 : 'list()'(X0)] : ((list_ge_list(X0,X3,X2) & list_ge_list(X0,X3,X4)) => list_ge_list(X0,X3,append(X0,X2,X4))) [input]
14. ! [X0 : $tType] : ! [X3 : 'list()'(X0),X1 : X0,X2 : 'list()'(X0)] : (list_ge_list(X0,X3,X2) => list_ge_list(X0,X3,quicksort(X0,X2))) [input]
15. ~! [X0 : $tType] : ! [X3 : 'list()'(X0),X1 : X0,X2 : 'list()'(X0)] : (list_ge_list(X0,X3,X2) => list_ge_list(X0,X3,quicksort(X0,X2))) [negated conjecture 14]
16. 'Cons'(X1,'Cons_0'(X1,X0),'Cons_1'(X1,X0)) = X0 | 'Nil'(X1) = X0 [term algebras exhaustiveness]
18. 'Cons'(X0,X2,X4) != 'Cons'(X0,X3,X5) | X2 = X3 [term algebras injectivity]
22. ! [X4 : 'list()'(X0),X3 : X0,X2 : 'list()'(X0),X1 : 'list()'(X0),X0 : $tType] : (list_ge_list(X0,X1,X2) = $match(X2,'Nil'(X0),$true,'Cons'(X0,X3,X4),list_ge_elem(X0,X1,X3) & list_ge_list(X0,X1,X4))) [closure 12]
23. ! [X0 : $tType,X3 : X0,X1 : 'list()'(X0),X4 : 'list()'(X0),X2 : 'list()'(X0)] : ('Nil'(X0) = X2 => (mG0(X0,X3,X1,X4,X2) <=> $true)) [fool $match elimination 22]
24. ! [X0 : $tType,X3 : X0,X1 : 'list()'(X0),X4 : 'list()'(X0),X2 : 'list()'(X0)] : ('Cons'(X0,X3,X4) = X2 => (mG0(X0,X3,X1,X4,X2) <=> (list_ge_elem(X0,X1,X3) & list_ge_list(X0,X1,X4)))) [fool $match elimination 22]
25. ! [X4 : 'list()'(X0),X3 : X0,X2 : 'list()'(X0),X1 : 'list()'(X0),X0 : $tType] : (list_ge_list(X0,X1,X2) <=> mG0(X0,X3,X1,X4,X2)) [fool elimination 22]
26. ! [X3 : 'list()'(X0),X2 : X0,X1 : 'list()'(X0),X0 : $tType] : quicksort(X0,X1) = $match(X1,'Nil'(X0),'Nil'(X0),'Cons'(X0,X2,X3),append(X0,quicksort(X0,filter_less(X0,X2,X3)),'Cons'(X0,X2,quicksort(X0,filter_ge(X0,X2,X3))))) [closure 11]
27. ! [X0 : $tType,X3 : 'list()'(X0),X2 : X0,X1 : 'list()'(X0)] : ('Nil'(X0) = X1 => 'Nil'(X0) = mG1(X0,X3,X2,X1)) [fool $match elimination 26]
28. ! [X0 : $tType,X3 : 'list()'(X0),X2 : X0,X1 : 'list()'(X0)] : ('Cons'(X0,X2,X3) = X1 => append(X0,quicksort(X0,filter_less(X0,X2,X3)),'Cons'(X0,X2,quicksort(X0,filter_ge(X0,X2,X3)))) = mG1(X0,X3,X2,X1)) [fool $match elimination 26]
29. ! [X3 : 'list()'(X0),X2 : X0,X1 : 'list()'(X0),X0 : $tType] : quicksort(X0,X1) = mG1(X0,X3,X2,X1) [fool elimination 26]
38. ! [X4 : 'list()'(X0),X3 : X0,X2 : 'list()'(X0),X1 : 'list()'(X0),X0 : $tType] : append(X0,X1,X2) = $match(X1,'Nil'(X0),X2,'Cons'(X0,X3,X4),'Cons'(X0,X3,append(X0,X4,X2))) [closure 8]
40. ! [X0 : $tType,X2 : 'list()'(X0),X4 : 'list()'(X0),X3 : X0,X1 : 'list()'(X0)] : ('Cons'(X0,X3,X4) = X1 => 'Cons'(X0,X3,append(X0,X4,X2)) = mG4(X0,X2,X4,X3,X1)) [fool $match elimination 38]
41. ! [X4 : 'list()'(X0),X3 : X0,X2 : 'list()'(X0),X1 : 'list()'(X0),X0 : $tType] : append(X0,X1,X2) = mG4(X0,X2,X4,X3,X1) [fool elimination 38]
42. ! [X4 : 'list()'(X0),X3 : X0,X2 : 'list()'(X0),X1 : X0,X0 : $tType] : filter_ge(X0,X1,X2) = $match(X2,'Nil'(X0),'Nil'(X0),'Cons'(X0,X3,X4),$ite(~less(X0,X3,X1), 'Cons'(X0,X3,filter_ge(X0,X1,X4)),filter_ge(X0,X1,X4))) [closure 7]
43. ! [X0 : $tType,X1 : X0,X3 : X0,X4 : 'list()'(X0),X2 : 'list()'(X0)] : ('Nil'(X0) = X2 => 'Nil'(X0) = mG5(X0,X1,X3,X4,X2)) [fool $match elimination 42]
44. ! [X0 : $tType,X1 : X0,X3 : X0,X4 : 'list()'(X0)] : (~less(X0,X3,X1) => 'Cons'(X0,X3,filter_ge(X0,X1,X4)) = iG6(X0,X1,X3,X4)) [fool $ite elimination 42]
45. ! [X0 : $tType,X1 : X0,X3 : X0,X4 : 'list()'(X0)] : (~~less(X0,X3,X1) => filter_ge(X0,X1,X4) = iG6(X0,X1,X3,X4)) [fool $ite elimination 42]
46. ! [X0 : $tType,X1 : X0,X3 : X0,X4 : 'list()'(X0),X2 : 'list()'(X0)] : ('Cons'(X0,X3,X4) = X2 => mG5(X0,X1,X3,X4,X2) = iG6(X0,X1,X3,X4)) [fool $match elimination 42]
47. ! [X4 : 'list()'(X0),X3 : X0,X2 : 'list()'(X0),X1 : X0,X0 : $tType] : filter_ge(X0,X1,X2) = mG5(X0,X1,X3,X4,X2) [fool elimination 42]
48. ! [X4 : 'list()'(X0),X3 : X0,X2 : 'list()'(X0),X1 : X0,X0 : $tType] : filter_less(X0,X1,X2) = $match(X2,'Nil'(X0),'Nil'(X0),'Cons'(X0,X3,X4),$ite(less(X0,X3,X1), 'Cons'(X0,X3,filter_less(X0,X1,X4)),filter_less(X0,X1,X4))) [closure 6]
49. ! [X0 : $tType,X1 : X0,X3 : X0,X4 : 'list()'(X0),X2 : 'list()'(X0)] : ('Nil'(X0) = X2 => 'Nil'(X0) = mG7(X0,X1,X3,X4,X2)) [fool $match elimination 48]
50. ! [X0 : $tType,X1 : X0,X3 : X0,X4 : 'list()'(X0)] : (less(X0,X3,X1) => 'Cons'(X0,X3,filter_less(X0,X1,X4)) = iG8(X0,X1,X3,X4)) [fool $ite elimination 48]
51. ! [X0 : $tType,X1 : X0,X3 : X0,X4 : 'list()'(X0)] : (~less(X0,X3,X1) => filter_less(X0,X1,X4) = iG8(X0,X1,X3,X4)) [fool $ite elimination 48]
52. ! [X0 : $tType,X1 : X0,X3 : X0,X4 : 'list()'(X0),X2 : 'list()'(X0)] : ('Cons'(X0,X3,X4) = X2 => mG7(X0,X1,X3,X4,X2) = iG8(X0,X1,X3,X4)) [fool $match elimination 48]
53. ! [X4 : 'list()'(X0),X3 : X0,X2 : 'list()'(X0),X1 : X0,X0 : $tType] : filter_less(X0,X1,X2) = mG7(X0,X1,X3,X4,X2) [fool elimination 48]
56. ! [X0 : $tType,X1 : X0,X2 : X0,X3 : 'list()'(X0),X4 : 'list()'(X0)] : ('Cons'(X0,X2,X3) = X4 => mG7(X0,X1,X2,X3,X4) = iG8(X0,X1,X2,X3)) [rectify 52]
57. ! [X0 : $tType,X1 : X0,X2 : X0,X3 : 'list()'(X0)] : (~less(X0,X2,X1) => iG8(X0,X1,X2,X3) = filter_less(X0,X1,X3)) [rectify 51]
58. ! [X0 : $tType,X1 : X0,X2 : X0,X3 : 'list()'(X0)] : (~less(X0,X2,X1) => iG8(X0,X1,X2,X3) = filter_less(X0,X1,X3)) [flattening 57]
59. ! [X0 : $tType,X1 : X0,X2 : X0,X3 : 'list()'(X0)] : (less(X0,X2,X1) => iG8(X0,X1,X2,X3) = 'Cons'(X0,X2,filter_less(X0,X1,X3))) [rectify 50]
60. ! [X0 : $tType,X1 : X0,X2 : X0,X3 : 'list()'(X0),X4 : 'list()'(X0)] : ('Nil'(X0) = X4 => 'Nil'(X0) = mG7(X0,X1,X2,X3,X4)) [rectify 49]
61. ! [X0 : $tType,X1 : X0,X2 : X0,X3 : 'list()'(X0),X4 : 'list()'(X0)] : ('Cons'(X0,X2,X3) = X4 => mG5(X0,X1,X2,X3,X4) = iG6(X0,X1,X2,X3)) [rectify 46]
62. ! [X0 : $tType,X1 : X0,X2 : X0,X3 : 'list()'(X0)] : (~~less(X0,X2,X1) => iG6(X0,X1,X2,X3) = filter_ge(X0,X1,X3)) [rectify 45]
63. ! [X0 : $tType,X1 : X0,X2 : X0,X3 : 'list()'(X0)] : (less(X0,X2,X1) => iG6(X0,X1,X2,X3) = filter_ge(X0,X1,X3)) [flattening 62]
64. ! [X0 : $tType,X1 : X0,X2 : X0,X3 : 'list()'(X0)] : (~less(X0,X2,X1) => iG6(X0,X1,X2,X3) = 'Cons'(X0,X2,filter_ge(X0,X1,X3))) [rectify 44]
65. ! [X0 : $tType,X1 : X0,X2 : X0,X3 : 'list()'(X0)] : (~less(X0,X2,X1) => iG6(X0,X1,X2,X3) = 'Cons'(X0,X2,filter_ge(X0,X1,X3))) [flattening 64]
66. ! [X0 : $tType,X1 : X0,X2 : X0,X3 : 'list()'(X0),X4 : 'list()'(X0)] : ('Nil'(X0) = X4 => 'Nil'(X0) = mG5(X0,X1,X2,X3,X4)) [rectify 43]
67. ! [X0 : $tType,X1 : 'list()'(X0),X2 : 'list()'(X0),X3 : X0,X4 : 'list()'(X0)] : ('Cons'(X0,X3,X2) = X4 => 'Cons'(X0,X3,append(X0,X2,X1)) = mG4(X0,X1,X2,X3,X4)) [rectify 40]
76. ! [X0 : $tType,X1 : 'list()'(X0),X2 : X0,X3 : 'list()'(X0)] : ('Cons'(X0,X2,X1) = X3 => append(X0,quicksort(X0,filter_less(X0,X2,X1)),'Cons'(X0,X2,quicksort(X0,filter_ge(X0,X2,X1)))) = mG1(X0,X1,X2,X3)) [rectify 28]
77. ! [X0 : $tType,X1 : 'list()'(X0),X2 : X0,X3 : 'list()'(X0)] : ('Nil'(X0) = X3 => 'Nil'(X0) = mG1(X0,X1,X2,X3)) [rectify 27]
78. ! [X0 : $tType,X1 : X0,X2 : 'list()'(X0),X3 : 'list()'(X0),X4 : 'list()'(X0)] : ('Cons'(X0,X1,X3) = X4 => (mG0(X0,X1,X2,X3,X4) <=> (list_ge_elem(X0,X2,X1) & list_ge_list(X0,X2,X3)))) [rectify 24]
79. ! [X0 : $tType,X1 : X0,X2 : 'list()'(X0),X3 : 'list()'(X0),X4 : 'list()'(X0)] : ('Nil'(X0) = X4 => (mG0(X0,X1,X2,X3,X4) <=> $true)) [rectify 23]
80. ! [X0 : $tType,X1 : X0,X2 : 'list()'(X0),X3 : 'list()'(X0),X4 : 'list()'(X0)] : ('Nil'(X0) = X4 => mG0(X0,X1,X2,X3,X4)) [true and false elimination 79]
81. ~! [X0 : $tType] : ! [X1 : 'list()'(X0),X3 : 'list()'(X0)] : (list_ge_list(X0,X1,X3) => list_ge_list(X0,X1,quicksort(X0,X3))) [rectify 15]
82. ~! [X0 : $tType,X1 : 'list()'(X0),X3 : 'list()'(X0)] : (list_ge_list(X0,X1,X3) => list_ge_list(X0,X1,quicksort(X0,X3))) [flattening 81]
83. ! [X0 : $tType] : ! [X1 : 'list()'(X0),X3 : 'list()'(X0),X4 : 'list()'(X0)] : ((list_ge_list(X0,X1,X3) & list_ge_list(X0,X1,X4)) => list_ge_list(X0,X1,append(X0,X3,X4))) [rectify 13]
84. ! [X0 : $tType,X1 : 'list()'(X0),X3 : 'list()'(X0),X4 : 'list()'(X0)] : ((list_ge_list(X0,X1,X3) & list_ge_list(X0,X1,X4)) => list_ge_list(X0,X1,append(X0,X3,X4))) [flattening 83]
85. ! [X0 : 'list()'(X4),X1 : X4,X2 : 'list()'(X4),X3 : 'list()'(X4),X4 : $tType] : (list_ge_list(X4,X3,X2) <=> mG0(X4,X1,X3,X0,X2)) [rectify 25]
86. ! [X0 : 'list()'(X3),X1 : X3,X2 : 'list()'(X3),X3 : $tType] : quicksort(X3,X2) = mG1(X3,X0,X1,X2) [rectify 29]
89. ! [X0 : 'list()'(X4),X1 : X4,X2 : 'list()'(X4),X3 : 'list()'(X4),X4 : $tType] : append(X4,X3,X2) = mG4(X4,X2,X0,X1,X3) [rectify 41]
90. ! [X0 : 'list()'(X4),X1 : X4,X2 : 'list()'(X4),X3 : X4,X4 : $tType] : filter_ge(X4,X3,X2) = mG5(X4,X3,X1,X0,X2) [rectify 47]
91. ! [X0 : 'list()'(X4),X1 : X4,X2 : 'list()'(X4),X3 : X4,X4 : $tType] : filter_less(X4,X3,X2) = mG7(X4,X3,X1,X0,X2) [rectify 53]
101. ! [X0 : $tType,X1 : X0,X2 : X0,X3 : 'list()'(X0),X4 : 'list()'(X0)] : (mG7(X0,X1,X2,X3,X4) = iG8(X0,X1,X2,X3) | 'Cons'(X0,X2,X3) != X4) [ennf transformation 56]
102. ! [X0 : $tType,X1 : X0,X2 : X0,X3 : 'list()'(X0)] : (iG8(X0,X1,X2,X3) = filter_less(X0,X1,X3) | less(X0,X2,X1)) [ennf transformation 58]
103. ! [X0 : $tType,X1 : X0,X2 : X0,X3 : 'list()'(X0)] : (iG8(X0,X1,X2,X3) = 'Cons'(X0,X2,filter_less(X0,X1,X3)) | ~less(X0,X2,X1)) [ennf transformation 59]
104. ! [X0 : $tType,X1 : X0,X2 : X0,X3 : 'list()'(X0),X4 : 'list()'(X0)] : ('Nil'(X0) = mG7(X0,X1,X2,X3,X4) | 'Nil'(X0) != X4) [ennf transformation 60]
105. ! [X0 : $tType,X1 : X0,X2 : X0,X3 : 'list()'(X0),X4 : 'list()'(X0)] : (mG5(X0,X1,X2,X3,X4) = iG6(X0,X1,X2,X3) | 'Cons'(X0,X2,X3) != X4) [ennf transformation 61]
106. ! [X0 : $tType,X1 : X0,X2 : X0,X3 : 'list()'(X0)] : (iG6(X0,X1,X2,X3) = filter_ge(X0,X1,X3) | ~less(X0,X2,X1)) [ennf transformation 63]
107. ! [X0 : $tType,X1 : X0,X2 : X0,X3 : 'list()'(X0)] : (iG6(X0,X1,X2,X3) = 'Cons'(X0,X2,filter_ge(X0,X1,X3)) | less(X0,X2,X1)) [ennf transformation 65]
108. ! [X0 : $tType,X1 : X0,X2 : X0,X3 : 'list()'(X0),X4 : 'list()'(X0)] : ('Nil'(X0) = mG5(X0,X1,X2,X3,X4) | 'Nil'(X0) != X4) [ennf transformation 66]
109. ! [X0 : $tType,X1 : 'list()'(X0),X2 : 'list()'(X0),X3 : X0,X4 : 'list()'(X0)] : ('Cons'(X0,X3,append(X0,X2,X1)) = mG4(X0,X1,X2,X3,X4) | 'Cons'(X0,X3,X2) != X4) [ennf transformation 67]
115. ! [X0 : $tType,X1 : 'list()'(X0),X2 : X0,X3 : 'list()'(X0)] : (append(X0,quicksort(X0,filter_less(X0,X2,X1)),'Cons'(X0,X2,quicksort(X0,filter_ge(X0,X2,X1)))) = mG1(X0,X1,X2,X3) | 'Cons'(X0,X2,X1) != X3) [ennf transformation 76]
116. ! [X0 : $tType,X1 : 'list()'(X0),X2 : X0,X3 : 'list()'(X0)] : ('Nil'(X0) = mG1(X0,X1,X2,X3) | 'Nil'(X0) != X3) [ennf transformation 77]
117. ! [X0 : $tType,X1 : X0,X2 : 'list()'(X0),X3 : 'list()'(X0),X4 : 'list()'(X0)] : ((mG0(X0,X1,X2,X3,X4) <=> (list_ge_elem(X0,X2,X1) & list_ge_list(X0,X2,X3))) | 'Cons'(X0,X1,X3) != X4) [ennf transformation 78]
118. ! [X0 : $tType,X1 : X0,X2 : 'list()'(X0),X3 : 'list()'(X0),X4 : 'list()'(X0)] : (mG0(X0,X1,X2,X3,X4) | 'Nil'(X0) != X4) [ennf transformation 80]
119. ? [X0 : $tType,X1 : 'list()'(X0),X3 : 'list()'(X0)] : (~list_ge_list(X0,X1,quicksort(X0,X3)) & list_ge_list(X0,X1,X3)) [ennf transformation 82]
120. ! [X0 : $tType,X1 : 'list()'(X0),X3 : 'list()'(X0),X4 : 'list()'(X0)] : (list_ge_list(X0,X1,append(X0,X3,X4)) | (~list_ge_list(X0,X1,X3) | ~list_ge_list(X0,X1,X4))) [ennf transformation 84]
121. ! [X0 : $tType,X1 : 'list()'(X0),X3 : 'list()'(X0),X4 : 'list()'(X0)] : (list_ge_list(X0,X1,append(X0,X3,X4)) | ~list_ge_list(X0,X1,X3) | ~list_ge_list(X0,X1,X4)) [flattening 120]
130. ! [X0 : $tType,X1 : X0,X2 : 'list()'(X0),X3 : 'list()'(X0),X4 : 'list()'(X0)] : (((mG0(X0,X1,X2,X3,X4) | (~list_ge_elem(X0,X2,X1) | ~list_ge_list(X0,X2,X3))) & ((list_ge_elem(X0,X2,X1) & list_ge_list(X0,X2,X3)) | ~mG0(X0,X1,X2,X3,X4))) | 'Cons'(X0,X1,X3) != X4) [nnf transformation 117]
131. ! [X0 : $tType,X1 : X0,X2 : 'list()'(X0),X3 : 'list()'(X0),X4 : 'list()'(X0)] : (((mG0(X0,X1,X2,X3,X4) | ~list_ge_elem(X0,X2,X1) | ~list_ge_list(X0,X2,X3)) & ((list_ge_elem(X0,X2,X1) & list_ge_list(X0,X2,X3)) | ~mG0(X0,X1,X2,X3,X4))) | 'Cons'(X0,X1,X3) != X4) [flattening 130]
132. ? [X0 : $tType,X1 : 'list()'(X0),X2 : 'list()'(X0)] : (~list_ge_list(X0,X1,quicksort(X0,X2)) & list_ge_list(X0,X1,X2)) [rectify 119]
133. ? [X0 : $tType,X1 : 'list()'(X0),X2 : 'list()'(X0)] : (~list_ge_list(X0,X1,quicksort(X0,X2)) & list_ge_list(X0,X1,X2)) => (~list_ge_list(sK9,sK10,quicksort(sK9,sK11)) & list_ge_list(sK9,sK10,sK11)) [choice axiom]
134. ~list_ge_list(sK9,sK10,quicksort(sK9,sK11)) & list_ge_list(sK9,sK10,sK11) [skolemisation 132,133]
135. ! [X0 : $tType,X1 : 'list()'(X0),X2 : 'list()'(X0),X3 : 'list()'(X0)] : (list_ge_list(X0,X1,append(X0,X2,X3)) | ~list_ge_list(X0,X1,X2) | ~list_ge_list(X0,X1,X3)) [rectify 121]
136. ! [X0 : 'list()'(X4),X1 : X4,X2 : 'list()'(X4),X3 : 'list()'(X4),X4 : $tType] : ((list_ge_list(X4,X3,X2) | ~mG0(X4,X1,X3,X0,X2)) & (mG0(X4,X1,X3,X0,X2) | ~list_ge_list(X4,X3,X2))) [nnf transformation 85]
140. mG7(X0,X1,X2,X3,X4) = iG8(X0,X1,X2,X3) | 'Cons'(X0,X2,X3) != X4 [cnf transformation 101]
141. iG8(X0,X1,X2,X3) = filter_less(X0,X1,X3) | less(X0,X2,X1) [cnf transformation 102]
142. iG8(X0,X1,X2,X3) = 'Cons'(X0,X2,filter_less(X0,X1,X3)) | ~less(X0,X2,X1) [cnf transformation 103]
143. 'Nil'(X0) = mG7(X0,X1,X2,X3,X4) | 'Nil'(X0) != X4 [cnf transformation 104]
144. mG5(X0,X1,X2,X3,X4) = iG6(X0,X1,X2,X3) | 'Cons'(X0,X2,X3) != X4 [cnf transformation 105]
145. iG6(X0,X1,X2,X3) = filter_ge(X0,X1,X3) | ~less(X0,X2,X1) [cnf transformation 106]
146. iG6(X0,X1,X2,X3) = 'Cons'(X0,X2,filter_ge(X0,X1,X3)) | less(X0,X2,X1) [cnf transformation 107]
147. 'Nil'(X0) = mG5(X0,X1,X2,X3,X4) | 'Nil'(X0) != X4 [cnf transformation 108]
148. 'Cons'(X0,X3,append(X0,X2,X1)) = mG4(X0,X1,X2,X3,X4) | 'Cons'(X0,X3,X2) != X4 [cnf transformation 109]
158. append(X0,quicksort(X0,filter_less(X0,X2,X1)),'Cons'(X0,X2,quicksort(X0,filter_ge(X0,X2,X1)))) = mG1(X0,X1,X2,X3) | 'Cons'(X0,X2,X1) != X3 [cnf transformation 115]
159. 'Nil'(X0) = mG1(X0,X1,X2,X3) | 'Nil'(X0) != X3 [cnf transformation 116]
160. list_ge_list(X0,X2,X3) | ~mG0(X0,X1,X2,X3,X4) | 'Cons'(X0,X1,X3) != X4 [cnf transformation 131]
161. list_ge_elem(X0,X2,X1) | ~mG0(X0,X1,X2,X3,X4) | 'Cons'(X0,X1,X3) != X4 [cnf transformation 131]
162. mG0(X0,X1,X2,X3,X4) | ~list_ge_elem(X0,X2,X1) | ~list_ge_list(X0,X2,X3) | 'Cons'(X0,X1,X3) != X4 [cnf transformation 131]
163. mG0(X0,X1,X2,X3,X4) | 'Nil'(X0) != X4 [cnf transformation 118]
164. list_ge_list(sK9,sK10,sK11) [cnf transformation 134]
165. ~list_ge_list(sK9,sK10,quicksort(sK9,sK11)) [cnf transformation 134]
166. list_ge_list(X0,X1,append(X0,X2,X3)) | ~list_ge_list(X0,X1,X2) | ~list_ge_list(X0,X1,X3) [cnf transformation 135]
167. mG0(X4,X1,X3,X0,X2) | ~list_ge_list(X4,X3,X2) [cnf transformation 136]
168. ~mG0(X4,X1,X3,X0,X2) | list_ge_list(X4,X3,X2) [cnf transformation 136]
169. quicksort(X3,X2) = mG1(X3,X0,X1,X2) [cnf transformation 86]
174. append(X4,X3,X2) = mG4(X4,X2,X0,X1,X3) [cnf transformation 89]
175. filter_ge(X4,X3,X2) = mG5(X4,X3,X1,X0,X2) [cnf transformation 90]
176. filter_less(X4,X3,X2) = mG7(X4,X3,X1,X0,X2) [cnf transformation 91]
183. filter_less(X0,X1,X4) = iG8(X0,X1,X2,X3) | 'Cons'(X0,X2,X3) != X4 [definition unfolding 140,176]
184. filter_less(X0,X1,X4) = 'Nil'(X0) | 'Nil'(X0) != X4 [definition unfolding 143,176]
185. filter_ge(X0,X1,X4) = iG6(X0,X1,X2,X3) | 'Cons'(X0,X2,X3) != X4 [definition unfolding 144,175]
186. 'Nil'(X0) = filter_ge(X0,X1,X4) | 'Nil'(X0) != X4 [definition unfolding 147,175]
187. 'Cons'(X0,X3,append(X0,X2,X1)) = append(X0,X4,X1) | 'Cons'(X0,X3,X2) != X4 [definition unfolding 148,174]
189. append(X0,quicksort(X0,filter_less(X0,X2,X1)),'Cons'(X0,X2,quicksort(X0,filter_ge(X0,X2,X1)))) = quicksort(X0,X3) | 'Cons'(X0,X2,X1) != X3 [definition unfolding 158,169]
190. 'Nil'(X0) = quicksort(X0,X3) | 'Nil'(X0) != X3 [definition unfolding 159,169]
191. iG8(X0,X1,X2,X3) = filter_less(X0,X1,'Cons'(X0,X2,X3)) [equality resolution 183]
192. 'Nil'(X0) = filter_less(X0,X1,'Nil'(X0)) [equality resolution 184]
193. iG6(X0,X1,X2,X3) = filter_ge(X0,X1,'Cons'(X0,X2,X3)) [equality resolution 185]
194. 'Nil'(X0) = filter_ge(X0,X1,'Nil'(X0)) [equality resolution 186]
195. 'Cons'(X0,X3,append(X0,X2,X1)) = append(X0,'Cons'(X0,X3,X2),X1) [equality resolution 187]
205. append(X0,quicksort(X0,filter_less(X0,X2,X1)),'Cons'(X0,X2,quicksort(X0,filter_ge(X0,X2,X1)))) = quicksort(X0,'Cons'(X0,X2,X1)) [equality resolution 189]
206. 'Nil'(X0) = quicksort(X0,'Nil'(X0)) [equality resolution 190]
207. mG0(X0,X1,X2,X3,'Cons'(X0,X1,X3)) | ~list_ge_elem(X0,X2,X1) | ~list_ge_list(X0,X2,X3) [equality resolution 162]
208. ~mG0(X0,X1,X2,X3,'Cons'(X0,X1,X3)) | list_ge_elem(X0,X2,X1) [equality resolution 161]
209. ~mG0(X0,X1,X2,X3,'Cons'(X0,X1,X3)) | list_ge_list(X0,X2,X3) [equality resolution 160]
210. mG0(X0,X1,X2,X3,'Nil'(X0)) [equality resolution 163]
211. less(X0,X2,X1) | filter_less(X0,X1,X3) = filter_less(X0,X1,'Cons'(X0,X2,X3)) [forward demodulation 141,191]
212. ~less(X0,X2,X1) | 'Cons'(X0,X2,filter_less(X0,X1,X3)) = filter_less(X0,X1,'Cons'(X0,X2,X3)) [forward demodulation 142,191]
213. ~less(X0,X2,X1) | filter_ge(X0,X1,X3) = filter_ge(X0,X1,'Cons'(X0,X2,X3)) [forward demodulation 145,193]
214. less(X0,X2,X1) | 'Cons'(X0,X2,filter_ge(X0,X1,X3)) = filter_ge(X0,X1,'Cons'(X0,X2,X3)) [forward demodulation 146,193]
237. ! [X2 : 'list()'(sK9),X1 : sK9] : ((((list_ge_list(sK9,sK10,quicksort(sK9,filter_ge(sK9,X1,X2))) | ~list_ge_list(sK9,sK10,filter_ge(sK9,X1,X2))) & (list_ge_list(sK9,sK10,quicksort(sK9,filter_less(sK9,X1,X2))) | ~list_ge_list(sK9,sK10,filter_less(sK9,X1,X2)))) => (list_ge_list(sK9,sK10,quicksort(sK9,'Cons'(sK9,X1,X2))) | ~list_ge_list(sK9,sK10,'Cons'(sK9,X1,X2)))) & (list_ge_list(sK9,sK10,quicksort(sK9,'Nil'(sK9))) | ~list_ge_list(sK9,sK10,'Nil'(sK9)))) => ! [X4 : 'list()'(sK9)] : (list_ge_list(sK9,sK10,quicksort(sK9,X4)) | ~list_ge_list(sK9,sK10,X4)) [structural induction hypothesis (recursion)]
238. ! [X4 : 'list()'(sK9)] : (list_ge_list(sK9,sK10,quicksort(sK9,X4)) | ~list_ge_list(sK9,sK10,X4)) | ? [X2 : 'list()'(sK9),X1 : sK9] : (((~list_ge_list(sK9,sK10,quicksort(sK9,'Cons'(sK9,X1,X2))) & list_ge_list(sK9,sK10,'Cons'(sK9,X1,X2))) & ((list_ge_list(sK9,sK10,quicksort(sK9,filter_ge(sK9,X1,X2))) | ~list_ge_list(sK9,sK10,filter_ge(sK9,X1,X2))) & (list_ge_list(sK9,sK10,quicksort(sK9,filter_less(sK9,X1,X2))) | ~list_ge_list(sK9,sK10,filter_less(sK9,X1,X2))))) | (~list_ge_list(sK9,sK10,quicksort(sK9,'Nil'(sK9))) & list_ge_list(sK9,sK10,'Nil'(sK9)))) [ennf transformation 237]
239. ~list_ge_list(sK9,sK10,quicksort(sK9,'Nil'(sK9))) | ~list_ge_list(sK9,sK10,filter_ge(sK9,sK18,sK17)) | list_ge_list(sK9,sK10,quicksort(sK9,filter_ge(sK9,sK18,sK17))) | ~list_ge_list(sK9,sK10,X4) | list_ge_list(sK9,sK10,quicksort(sK9,X4)) [cnf transformation 238]
241. ~list_ge_list(sK9,sK10,quicksort(sK9,'Nil'(sK9))) | ~list_ge_list(sK9,sK10,filter_less(sK9,sK18,sK17)) | list_ge_list(sK9,sK10,quicksort(sK9,filter_less(sK9,sK18,sK17))) | ~list_ge_list(sK9,sK10,X4) | list_ge_list(sK9,sK10,quicksort(sK9,X4)) [cnf transformation 238]
245. ~list_ge_list(sK9,sK10,quicksort(sK9,'Nil'(sK9))) | list_ge_list(sK9,sK10,'Cons'(sK9,sK18,sK17)) | ~list_ge_list(sK9,sK10,X4) | list_ge_list(sK9,sK10,quicksort(sK9,X4)) [cnf transformation 238]
246. ~list_ge_list(sK9,sK10,quicksort(sK9,'Nil'(sK9))) | ~list_ge_list(sK9,sK10,quicksort(sK9,'Cons'(sK9,sK18,sK17))) | ~list_ge_list(sK9,sK10,X4) | list_ge_list(sK9,sK10,quicksort(sK9,X4)) [cnf transformation 238]
253. ~list_ge_list(sK9,sK10,quicksort(sK9,'Nil'(sK9))) | ~list_ge_list(sK9,sK10,quicksort(sK9,'Cons'(sK9,sK18,sK17))) [induction hyperresolution 164,165,246]
254. ~list_ge_list(sK9,sK10,quicksort(sK9,'Nil'(sK9))) | list_ge_list(sK9,sK10,'Cons'(sK9,sK18,sK17)) [induction hyperresolution 164,165,245]
287. 2 <=> list_ge_list(sK9,sK10,'Nil'(sK9)) [avatar definition]
289. ~list_ge_list(sK9,sK10,'Nil'(sK9)) <- (~2) [avatar component clause 287]
331. 10 <=> list_ge_list(sK9,sK10,quicksort(sK9,filter_ge(sK9,sK18,sK17))) [avatar definition]
333. list_ge_list(sK9,sK10,quicksort(sK9,filter_ge(sK9,sK18,sK17))) <- (10) [avatar component clause 331]
335. 11 <=> list_ge_list(sK9,sK10,filter_ge(sK9,sK18,sK17)) [avatar definition]
337. ~list_ge_list(sK9,sK10,filter_ge(sK9,sK18,sK17)) <- (~11) [avatar component clause 335]
342. 12 <=> list_ge_list(sK9,sK10,quicksort(sK9,filter_less(sK9,sK18,sK17))) [avatar definition]
346. 13 <=> list_ge_list(sK9,sK10,filter_less(sK9,sK18,sK17)) [avatar definition]
348. ~list_ge_list(sK9,sK10,filter_less(sK9,sK18,sK17)) <- (~13) [avatar component clause 346]
352. 14 <=> list_ge_list(sK9,sK10,'Cons'(sK9,sK18,sK17)) [avatar definition]
354. list_ge_list(sK9,sK10,'Cons'(sK9,sK18,sK17)) <- (14) [avatar component clause 352]
357. 15 <=> list_ge_list(sK9,sK10,quicksort(sK9,'Cons'(sK9,sK18,sK17))) [avatar definition]
359. ~list_ge_list(sK9,sK10,quicksort(sK9,'Cons'(sK9,sK18,sK17))) <- (~15) [avatar component clause 357]
361. ~list_ge_list(sK9,sK10,'Nil'(sK9)) | list_ge_list(sK9,sK10,'Cons'(sK9,sK18,sK17)) [forward demodulation 254,206]
362. 14 | ~2 [avatar split clause 361,287,352]
363. ~list_ge_list(sK9,sK10,'Nil'(sK9)) | ~list_ge_list(sK9,sK10,quicksort(sK9,'Cons'(sK9,sK18,sK17))) [forward demodulation 253,206]
364. ~15 | ~2 [avatar split clause 363,287,357]
707. list_ge_list(X0,X1,'Nil'(X0)) [resolution 168,210]
709. $false <- (~2) [resolution 707,289]
714. 2 [avatar contradiction clause 709]
810. ~list_ge_list(X0,X1,'Cons'(X0,X2,X3)) | list_ge_elem(X0,X1,X2) [resolution 208,167]
811. ~list_ge_list(X0,X1,'Cons'(X0,X3,X2)) | list_ge_list(X0,X1,X2) [resolution 209,167]
893. append(X0,X1,X2) = 'Cons'(X0,'Cons_0'(X0,X1),append(X0,'Cons_1'(X0,X1),X2)) | 'Nil'(X0) = X1 [superposition 195,16]
984. list_ge_list(X8,X9,'Cons'(X8,X10,X11)) | ~list_ge_list(X8,X9,X11) | ~list_ge_elem(X8,X9,X10) [resolution 207,168]
989. 'Cons'(X0,X1,filter_less(X0,X2,X3)) = filter_less(X0,X2,'Cons'(X0,X1,X3)) | filter_less(X0,X2,X4) = filter_less(X0,X2,'Cons'(X0,X1,X4)) [resolution 212,211]
992. 'Cons'(X8,X9,filter_ge(X8,X10,X11)) = filter_ge(X8,X10,'Cons'(X8,X9,X11)) | filter_ge(X8,X10,X12) = filter_ge(X8,X10,'Cons'(X8,X9,X12)) [resolution 214,213]
1031. ~list_ge_list(X0,X3,'Cons'(X0,X1,quicksort(X0,filter_ge(X0,X1,X2)))) | ~list_ge_list(X0,X3,quicksort(X0,filter_less(X0,X1,X2))) | list_ge_list(X0,X3,quicksort(X0,'Cons'(X0,X1,X2))) [superposition 166,205]
1623. list_ge_elem(sK9,sK10,sK18) <- (14) [resolution 810,354]
1625. ~list_ge_list(X0,X2,X1) | list_ge_elem(X0,X2,'Cons_0'(X0,X1)) | 'Nil'(X0) = X1 [superposition 810,16]
1628. list_ge_list(sK9,sK10,sK17) <- (14) [resolution 811,354]
1643. ! [X2 : sK9,X3 : 'list()'(sK9)] : (((~list_ge_list(sK9,sK10,X3) | list_ge_list(sK9,sK10,filter_ge(sK9,sK18,X3))) => (~list_ge_list(sK9,sK10,'Cons'(sK9,X2,X3)) | list_ge_list(sK9,sK10,filter_ge(sK9,sK18,'Cons'(sK9,X2,X3))))) & (~list_ge_list(sK9,sK10,'Nil'(sK9)) | list_ge_list(sK9,sK10,filter_ge(sK9,sK18,'Nil'(sK9))))) => ! [X6 : 'list()'(sK9)] : (~list_ge_list(sK9,sK10,X6) | list_ge_list(sK9,sK10,filter_ge(sK9,sK18,X6))) [structural induction hypothesis (recursion)]
1644. ! [X6 : 'list()'(sK9)] : (~list_ge_list(sK9,sK10,X6) | list_ge_list(sK9,sK10,filter_ge(sK9,sK18,X6))) | ? [X2 : sK9,X3 : 'list()'(sK9)] : (((list_ge_list(sK9,sK10,'Cons'(sK9,X2,X3)) & ~list_ge_list(sK9,sK10,filter_ge(sK9,sK18,'Cons'(sK9,X2,X3)))) & (~list_ge_list(sK9,sK10,X3) | list_ge_list(sK9,sK10,filter_ge(sK9,sK18,X3)))) | (list_ge_list(sK9,sK10,'Nil'(sK9)) & ~list_ge_list(sK9,sK10,filter_ge(sK9,sK18,'Nil'(sK9))))) [ennf transformation 1643]
1645. ~list_ge_list(sK9,sK10,filter_ge(sK9,sK18,'Nil'(sK9))) | ~list_ge_list(sK9,sK10,filter_ge(sK9,sK18,'Cons'(sK9,sK125,sK126))) | list_ge_list(sK9,sK10,filter_ge(sK9,sK18,X6)) | ~list_ge_list(sK9,sK10,X6) [cnf transformation 1644]
1646. ~list_ge_list(sK9,sK10,filter_ge(sK9,sK18,'Nil'(sK9))) | list_ge_list(sK9,sK10,'Cons'(sK9,sK125,sK126)) | list_ge_list(sK9,sK10,filter_ge(sK9,sK18,X6)) | ~list_ge_list(sK9,sK10,X6) [cnf transformation 1644]
1649. ~list_ge_list(sK9,sK10,filter_ge(sK9,sK18,'Nil'(sK9))) | list_ge_list(sK9,sK10,filter_ge(sK9,sK18,sK126)) | ~list_ge_list(sK9,sK10,sK126) | list_ge_list(sK9,sK10,filter_ge(sK9,sK18,X6)) | ~list_ge_list(sK9,sK10,X6) [cnf transformation 1644]
1661. ~list_ge_list(sK9,sK10,filter_ge(sK9,sK18,'Nil'(sK9))) | list_ge_list(sK9,sK10,'Cons'(sK9,sK125,sK126)) <- (~11, 14) [induction hyperresolution 337,1628,1646]
1671. ! [X2 : sK9,X3 : 'list()'(sK9)] : (((~list_ge_list(sK9,sK10,X3) | list_ge_list(sK9,sK10,filter_less(sK9,sK18,X3))) => (~list_ge_list(sK9,sK10,'Cons'(sK9,X2,X3)) | list_ge_list(sK9,sK10,filter_less(sK9,sK18,'Cons'(sK9,X2,X3))))) & (~list_ge_list(sK9,sK10,'Nil'(sK9)) | list_ge_list(sK9,sK10,filter_less(sK9,sK18,'Nil'(sK9))))) => ! [X6 : 'list()'(sK9)] : (~list_ge_list(sK9,sK10,X6) | list_ge_list(sK9,sK10,filter_less(sK9,sK18,X6))) [structural induction hypothesis (recursion)]
1672. ! [X6 : 'list()'(sK9)] : (~list_ge_list(sK9,sK10,X6) | list_ge_list(sK9,sK10,filter_less(sK9,sK18,X6))) | ? [X2 : sK9,X3 : 'list()'(sK9)] : (((list_ge_list(sK9,sK10,'Cons'(sK9,X2,X3)) & ~list_ge_list(sK9,sK10,filter_less(sK9,sK18,'Cons'(sK9,X2,X3)))) & (~list_ge_list(sK9,sK10,X3) | list_ge_list(sK9,sK10,filter_less(sK9,sK18,X3)))) | (list_ge_list(sK9,sK10,'Nil'(sK9)) & ~list_ge_list(sK9,sK10,filter_less(sK9,sK18,'Nil'(sK9))))) [ennf transformation 1671]
1673. ~list_ge_list(sK9,sK10,filter_less(sK9,sK18,'Nil'(sK9))) | ~list_ge_list(sK9,sK10,filter_less(sK9,sK18,'Cons'(sK9,sK129,sK130))) | list_ge_list(sK9,sK10,filter_less(sK9,sK18,X6)) | ~list_ge_list(sK9,sK10,X6) [cnf transformation 1672]
1674. ~list_ge_list(sK9,sK10,filter_less(sK9,sK18,'Nil'(sK9))) | list_ge_list(sK9,sK10,'Cons'(sK9,sK129,sK130)) | list_ge_list(sK9,sK10,filter_less(sK9,sK18,X6)) | ~list_ge_list(sK9,sK10,X6) [cnf transformation 1672]
1677. ~list_ge_list(sK9,sK10,filter_less(sK9,sK18,'Nil'(sK9))) | list_ge_list(sK9,sK10,filter_less(sK9,sK18,sK130)) | ~list_ge_list(sK9,sK10,sK130) | list_ge_list(sK9,sK10,filter_less(sK9,sK18,X6)) | ~list_ge_list(sK9,sK10,X6) [cnf transformation 1672]
1689. ~list_ge_list(sK9,sK10,filter_less(sK9,sK18,'Nil'(sK9))) | list_ge_list(sK9,sK10,'Cons'(sK9,sK129,sK130)) <- (~13, 14) [induction hyperresolution 348,1628,1674]
1727. ~list_ge_list(sK9,sK10,'Nil'(sK9)) | list_ge_list(sK9,sK10,'Cons'(sK9,sK129,sK130)) <- (~13, 14) [forward demodulation 1689,192]
1728. list_ge_list(sK9,sK10,'Cons'(sK9,sK129,sK130)) <- (~13, 14) [subsumption resolution 1727,707]
1732. 131 <=> list_ge_list(sK9,sK10,sK130) [avatar definition]
1733. list_ge_list(sK9,sK10,sK130) <- (131) [avatar component clause 1732]
1734. ~list_ge_list(sK9,sK10,sK130) <- (~131) [avatar component clause 1732]
1736. 132 <=> list_ge_list(sK9,sK10,filter_less(sK9,sK18,sK130)) [avatar definition]
1737. ~list_ge_list(sK9,sK10,filter_less(sK9,sK18,sK130)) <- (~132) [avatar component clause 1736]
1738. list_ge_list(sK9,sK10,filter_less(sK9,sK18,sK130)) <- (132) [avatar component clause 1736]
1757. ~list_ge_list(sK9,sK10,'Nil'(sK9)) | list_ge_list(sK9,sK10,'Cons'(sK9,sK125,sK126)) <- (~11, 14) [forward demodulation 1661,194]
1758. list_ge_list(sK9,sK10,'Cons'(sK9,sK125,sK126)) <- (~11, 14) [subsumption resolution 1757,707]
1762. 135 <=> list_ge_list(sK9,sK10,sK126) [avatar definition]
1763. list_ge_list(sK9,sK10,sK126) <- (135) [avatar component clause 1762]
1766. 136 <=> list_ge_list(sK9,sK10,filter_ge(sK9,sK18,sK126)) [avatar definition]
1768. list_ge_list(sK9,sK10,filter_ge(sK9,sK18,sK126)) <- (136) [avatar component clause 1766]
2156. append(X7,X8,X9) != 'Cons'(X7,X10,X11) | 'Cons_0'(X7,X8) = X10 | 'Nil'(X7) = X8 [superposition 18,893]
2235. ~list_ge_list(X0,X1,quicksort(X0,filter_ge(X0,X2,X3))) | list_ge_list(X0,X1,quicksort(X0,'Cons'(X0,X2,X3))) | ~list_ge_list(X0,X1,quicksort(X0,filter_less(X0,X2,X3))) | ~list_ge_elem(X0,X1,X2) [resolution 1031,984]
2407. list_ge_list(sK9,sK10,sK130) <- (~13, 14) [resolution 1728,811]
2423. $false <- (~13, 14, ~131) [subsumption resolution 2407,1734]
2424. 13 | ~14 | 131 [avatar contradiction clause 2423]
2426. 178 <=> list_ge_list(sK9,sK10,'Cons'(sK9,sK129,'Nil'(sK9))) [avatar definition]
2427. ~list_ge_list(sK9,sK10,'Cons'(sK9,sK129,'Nil'(sK9))) <- (~178) [avatar component clause 2426]
2428. list_ge_list(sK9,sK10,'Cons'(sK9,sK129,'Nil'(sK9))) <- (178) [avatar component clause 2426]
2443. list_ge_list(sK9,sK10,sK126) <- (~11, 14) [resolution 1758,811]
2479. 135 | 11 | ~14 [avatar split clause 2443,352,335,1762]
4189. ~list_ge_list(sK9,sK10,quicksort(sK9,'Nil'(sK9))) | ~list_ge_list(sK9,sK10,filter_ge(sK9,sK18,sK17)) | list_ge_list(sK9,sK10,quicksort(sK9,filter_ge(sK9,sK18,sK17))) [induction hyperresolution 164,165,239]
6223. ~list_ge_list(sK9,sK10,filter_less(sK9,sK18,'Nil'(sK9))) | list_ge_list(sK9,sK10,filter_less(sK9,sK18,sK130)) | ~list_ge_list(sK9,sK10,sK130) <- (131, ~132) [induction hyperresolution 1733,1737,1677]
6238. ~list_ge_list(sK9,sK10,filter_less(sK9,sK18,'Nil'(sK9))) | ~list_ge_list(sK9,sK10,sK130) <- (131, ~132) [subsumption resolution 6223,1737]
6239. ~list_ge_list(sK9,sK10,filter_less(sK9,sK18,'Nil'(sK9))) <- (131, ~132) [subsumption resolution 6238,1733]
6240. ~list_ge_list(sK9,sK10,'Nil'(sK9)) <- (131, ~132) [forward demodulation 6239,192]
6241. $false <- (131, ~132) [subsumption resolution 6240,707]
6242. ~131 | 132 [avatar contradiction clause 6241]
6297. 'Cons'(X4,X5,append(X4,X6,X7)) != 'Cons'(X4,X8,X9) | 'Cons_0'(X4,'Cons'(X4,X5,X6)) = X8 | 'Cons'(X4,X5,X6) = 'Nil'(X4) [superposition 2156,195]
6302. 'Cons'(X4,X5,append(X4,X6,X7)) != 'Cons'(X4,X8,X9) | 'Cons_0'(X4,'Cons'(X4,X5,X6)) = X8 [term algebras distinctness 6297]
8794. list_ge_list(sK9,sK10,quicksort(sK9,'Cons'(sK9,sK18,sK17))) | ~list_ge_list(sK9,sK10,quicksort(sK9,filter_less(sK9,sK18,sK17))) | ~list_ge_elem(sK9,sK10,sK18) <- (10) [resolution 2235,333]
8805. ~list_ge_list(sK9,sK10,quicksort(sK9,filter_less(sK9,sK18,sK17))) | ~list_ge_elem(sK9,sK10,sK18) <- (10, ~15) [subsumption resolution 8794,359]
8806. ~list_ge_list(sK9,sK10,quicksort(sK9,filter_less(sK9,sK18,sK17))) <- (10, 14, ~15) [subsumption resolution 8805,1623]
8879. ~12 | ~10 | ~14 | 15 [avatar split clause 8806,357,352,331,342]
8931. ~list_ge_list(sK9,sK10,filter_less(sK9,sK18,'Nil'(sK9))) | list_ge_list(sK9,sK10,'Cons'(sK9,sK129,sK130)) <- (~13, 14) [induction hyperresolution 1628,348,1674]
8932. ~list_ge_list(sK9,sK10,filter_less(sK9,sK18,'Nil'(sK9))) | ~list_ge_list(sK9,sK10,filter_less(sK9,sK18,'Cons'(sK9,sK129,sK130))) <- (~13, 14) [induction hyperresolution 1628,348,1673]
8947. ~list_ge_list(sK9,sK10,'Nil'(sK9)) | ~list_ge_list(sK9,sK10,filter_less(sK9,sK18,'Cons'(sK9,sK129,sK130))) <- (~13, 14) [forward demodulation 8932,192]
8948. ~list_ge_list(sK9,sK10,filter_less(sK9,sK18,'Cons'(sK9,sK129,sK130))) <- (~13, 14) [subsumption resolution 8947,707]
8949. ~list_ge_list(sK9,sK10,'Nil'(sK9)) | list_ge_list(sK9,sK10,'Cons'(sK9,sK129,sK130)) <- (~13, 14) [forward demodulation 8931,192]
8950. list_ge_list(sK9,sK10,'Cons'(sK9,sK129,sK130)) <- (~13, 14) [subsumption resolution 8949,707]
9365. list_ge_elem(sK9,sK10,sK129) <- (~13, 14) [resolution 8950,810]
18636. ~list_ge_list(sK9,sK10,filter_less(sK9,sK18,sK130)) | 'Cons'(sK9,sK129,filter_less(sK9,sK18,X2)) = filter_less(sK9,sK18,'Cons'(sK9,sK129,X2)) <- (~13, 14) [superposition 8948,989]
18673. 1204 <=> list_ge_list(sK9,sK10,'Cons'(sK9,sK129,filter_less(sK9,sK18,sK130))) [avatar definition]
18675. ~list_ge_list(sK9,sK10,'Cons'(sK9,sK129,filter_less(sK9,sK18,sK130))) <- (~1204) [avatar component clause 18673]
18677. 'Cons'(sK9,sK129,filter_less(sK9,sK18,X2)) = filter_less(sK9,sK18,'Cons'(sK9,sK129,X2)) <- (~13, 14, 132) [subsumption resolution 18636,1738]
18678. ~list_ge_list(sK9,sK10,'Cons'(sK9,sK129,filter_less(sK9,sK18,sK130))) <- (~13, 14, 132) [backward demodulation 8948,18677]
18679. ~1204 | 13 | ~14 | ~132 [avatar split clause 18678,1736,352,346,18673]
19034. ~list_ge_list(sK9,sK10,'Nil'(sK9)) | ~list_ge_elem(sK9,sK10,sK129) <- (~178) [resolution 2427,984]
19041. ~list_ge_elem(sK9,sK10,sK129) <- (~178) [subsumption resolution 19034,707]
19042. $false <- (~13, 14, ~178) [subsumption resolution 19041,9365]
19043. 13 | ~14 | 178 [avatar contradiction clause 19042]
19218. list_ge_elem(sK9,sK10,sK129) <- (178) [resolution 2428,810]
53561. ~list_ge_list(sK9,sK10,'Nil'(sK9)) | ~list_ge_list(sK9,sK10,filter_ge(sK9,sK18,sK17)) | list_ge_list(sK9,sK10,quicksort(sK9,filter_ge(sK9,sK18,sK17))) [forward demodulation 4189,206]
53562. ~list_ge_list(sK9,sK10,filter_ge(sK9,sK18,sK17)) | list_ge_list(sK9,sK10,quicksort(sK9,filter_ge(sK9,sK18,sK17))) [subsumption resolution 53561,707]
70039. 'Cons_0'(X0,'Cons'(X0,X1,X2)) = X1 [equality resolution 6302]
91993. ~list_ge_list(sK9,sK10,quicksort(sK9,'Nil'(sK9))) | ~list_ge_list(sK9,sK10,filter_less(sK9,sK18,sK17)) | list_ge_list(sK9,sK10,quicksort(sK9,filter_less(sK9,sK18,sK17))) [induction hyperresolution 164,165,241]
114055. ~list_ge_list(sK9,sK10,filter_less(sK9,sK18,sK130)) | ~list_ge_elem(sK9,sK10,sK129) <- (~1204) [resolution 18675,984]
114102. ~list_ge_elem(sK9,sK10,sK129) <- (132, ~1204) [subsumption resolution 114055,1738]
114103. $false <- (132, 178, ~1204) [subsumption resolution 114102,19218]
114104. ~132 | ~178 | 1204 [avatar contradiction clause 114103]
114152. ~list_ge_list(sK9,sK10,'Nil'(sK9)) | ~list_ge_list(sK9,sK10,filter_less(sK9,sK18,sK17)) | list_ge_list(sK9,sK10,quicksort(sK9,filter_less(sK9,sK18,sK17))) [forward demodulation 91993,206]
114153. ~list_ge_list(sK9,sK10,filter_less(sK9,sK18,sK17)) | list_ge_list(sK9,sK10,quicksort(sK9,filter_less(sK9,sK18,sK17))) [subsumption resolution 114152,707]
114154. 12 | ~13 [avatar split clause 114153,346,342]
114819. 10 | ~11 [avatar split clause 53562,335,331]
115439. ~list_ge_list(sK9,sK10,filter_ge(sK9,sK18,'Nil'(sK9))) | list_ge_list(sK9,sK10,filter_ge(sK9,sK18,sK126)) | ~list_ge_list(sK9,sK10,sK126) <- (~11, 14) [induction hyperresolution 1628,337,1649]
115442. ~list_ge_list(sK9,sK10,filter_ge(sK9,sK18,'Nil'(sK9))) | list_ge_list(sK9,sK10,'Cons'(sK9,sK125,sK126)) <- (~11, 14) [induction hyperresolution 1628,337,1646]
115443. ~list_ge_list(sK9,sK10,filter_ge(sK9,sK18,'Nil'(sK9))) | ~list_ge_list(sK9,sK10,filter_ge(sK9,sK18,'Cons'(sK9,sK125,sK126))) <- (~11, 14) [induction hyperresolution 1628,337,1645]
115449. ~list_ge_list(sK9,sK10,'Nil'(sK9)) | ~list_ge_list(sK9,sK10,filter_ge(sK9,sK18,'Cons'(sK9,sK125,sK126))) <- (~11, 14) [forward demodulation 115443,194]
115450. ~list_ge_list(sK9,sK10,filter_ge(sK9,sK18,'Cons'(sK9,sK125,sK126))) <- (~11, 14) [subsumption resolution 115449,707]
115451. ~list_ge_list(sK9,sK10,'Nil'(sK9)) | list_ge_list(sK9,sK10,'Cons'(sK9,sK125,sK126)) <- (~11, 14) [forward demodulation 115442,194]
115452. list_ge_list(sK9,sK10,'Cons'(sK9,sK125,sK126)) <- (~11, 14) [subsumption resolution 115451,707]
115453. ~list_ge_list(sK9,sK10,filter_ge(sK9,sK18,'Nil'(sK9))) | list_ge_list(sK9,sK10,filter_ge(sK9,sK18,sK126)) <- (~11, 14, 135) [subsumption resolution 115439,1763]
115454. ~list_ge_list(sK9,sK10,'Nil'(sK9)) | list_ge_list(sK9,sK10,filter_ge(sK9,sK18,sK126)) <- (~11, 14, 135) [forward demodulation 115453,194]
115455. list_ge_list(sK9,sK10,filter_ge(sK9,sK18,sK126)) <- (~11, 14, 135) [subsumption resolution 115454,707]
116165. list_ge_elem(sK9,sK10,'Cons_0'(sK9,'Cons'(sK9,sK125,sK126))) | 'Nil'(sK9) = 'Cons'(sK9,sK125,sK126) <- (~11, 14) [resolution 115452,1625]
116166. list_ge_elem(sK9,sK10,'Cons_0'(sK9,'Cons'(sK9,sK125,sK126))) <- (~11, 14) [term algebras distinctness 116165]
116170. list_ge_elem(sK9,sK10,sK125) <- (~11, 14) [forward demodulation 116166,70039]
116476. ~list_ge_list(sK9,sK10,filter_ge(sK9,sK18,sK126)) | 'Cons'(sK9,sK125,filter_ge(sK9,sK18,X3)) = filter_ge(sK9,sK18,'Cons'(sK9,sK125,X3)) <- (~11, 14) [superposition 115450,992]
116625. 7638 <=> list_ge_list(sK9,sK10,'Cons'(sK9,sK125,filter_ge(sK9,sK18,sK126))) [avatar definition]
116627. ~list_ge_list(sK9,sK10,'Cons'(sK9,sK125,filter_ge(sK9,sK18,sK126))) <- (~7638) [avatar component clause 116625]
116642. 7642 <=> ! [X3 : 'list()'(sK9)] : 'Cons'(sK9,sK125,filter_ge(sK9,sK18,X3)) = filter_ge(sK9,sK18,'Cons'(sK9,sK125,X3)) [avatar definition]
116643. 'Cons'(sK9,sK125,filter_ge(sK9,sK18,X3)) = filter_ge(sK9,sK18,'Cons'(sK9,sK125,X3)) <- (7642) [avatar component clause 116642]
116644. 7642 | ~136 | 11 | ~14 [avatar split clause 116476,352,335,1766,116642]
116657. 136 | 11 | ~14 | ~135 [avatar split clause 115455,1762,352,335,1766]
116658. ~list_ge_list(sK9,sK10,'Cons'(sK9,sK125,filter_ge(sK9,sK18,sK126))) <- (~11, 14, 7642) [backward demodulation 115450,116643]
116659. ~7638 | 11 | ~14 | ~7642 [avatar split clause 116658,116642,352,335,116625]
129651. ~list_ge_list(sK9,sK10,filter_ge(sK9,sK18,sK126)) | ~list_ge_elem(sK9,sK10,sK125) <- (~7638) [resolution 116627,984]
129678. ~list_ge_elem(sK9,sK10,sK125) <- (136, ~7638) [subsumption resolution 129651,1768]
129679. $false <- (~11, 14, 136, ~7638) [subsumption resolution 129678,116170]
129680. 11 | ~14 | ~136 | 7638 [avatar contradiction clause 129679]
129700. $false [avatar sat refutation 362,364,714,2424,2479,6242,8879,18679,19043,114104,114154,114819,116644,116657,116659,129680]
% SZS output end Proof for lemma5
% (55344)------------------------------
% (55344)Version: Vampire 4.7 (commit )
% (55344)Linked with Z3 4.9.1.0  NOTFOUND
% (55344)Termination reason: Refutation

% (55344)Memory used [KB]: 83793
% (55344)Time elapsed: 6.971 s
% (55344)------------------------------
% (55344)------------------------------
% (55333)Success in time 6.892 s
