% (54416)lrs+10_1_ind=struct:sos=theory:sstl=1:drc=encompass:sp=occurrence:to=lpo:sik=recursion:nui=off:indoct=off:indao=on:urr=on_89 on lemma4 for (89ds/0Mi)
% (54417)lrs+10_1_ind=struct:sos=theory:sstl=1:drc=encompass:sp=occurrence:to=lpo:sik=recursion:nui=off:indoct=off:indao=off:urr=off_89 on lemma4 for (89ds/0Mi)
% (54421)lrs+10_1_ind=struct:sos=theory:sstl=1:drc=encompass:sp=occurrence:to=lpo:sik=recursion:nui=off:indoct=on:indao=off:urr=off_89 on lemma4 for (89ds/0Mi)
% (54420)lrs+10_1_ind=struct:sos=theory:sstl=1:drc=encompass:sp=occurrence:to=lpo:sik=recursion:nui=off:indoct=on:indao=on:urr=on_89 on lemma4 for (89ds/0Mi)
% (54423)lrs+10_1_ind=struct:sos=theory:sstl=1:drc=encompass:sp=occurrence:to=lpo:sik=recursion:nui=on:indoct=off:indao=on:urr=off_89 on lemma4 for (89ds/0Mi)
% (54425)lrs+10_1_ind=struct:sos=theory:sstl=1:drc=encompass:sp=occurrence:to=lpo:sik=recursion:nui=on:indoct=off:indao=off:urr=off_89 on lemma4 for (89ds/0Mi)
% (54415)lrs+10_1_ind=struct:sos=theory:sstl=1:drc=encompass:sp=occurrence:to=lpo:sik=recursion:nui=off:indoct=off:indao=on:urr=off_89 on lemma4 for (89ds/0Mi)
% (54418)lrs+10_1_ind=struct:sos=theory:sstl=1:drc=encompass:sp=occurrence:to=lpo:sik=recursion:nui=off:indoct=off:indao=off:urr=on_89 on lemma4 for (89ds/0Mi)
% (54419)lrs+10_1_ind=struct:sos=theory:sstl=1:drc=encompass:sp=occurrence:to=lpo:sik=recursion:nui=off:indoct=on:indao=on:urr=off_89 on lemma4 for (89ds/0Mi)
% (54426)lrs+10_1_ind=struct:sos=theory:sstl=1:drc=encompass:sp=occurrence:to=lpo:sik=recursion:nui=on:indoct=off:indao=off:urr=on_89 on lemma4 for (89ds/0Mi)
% (54424)lrs+10_1_ind=struct:sos=theory:sstl=1:drc=encompass:sp=occurrence:to=lpo:sik=recursion:nui=on:indoct=off:indao=on:urr=on_89 on lemma4 for (89ds/0Mi)
% (54428)lrs+10_1_ind=struct:sos=theory:sstl=1:drc=encompass:sp=occurrence:to=lpo:sik=recursion:nui=on:indoct=on:indao=on:urr=on_89 on lemma4 for (89ds/0Mi)
% (54427)lrs+10_1_ind=struct:sos=theory:sstl=1:drc=encompass:sp=occurrence:to=lpo:sik=recursion:nui=on:indoct=on:indao=on:urr=off_89 on lemma4 for (89ds/0Mi)
% (54422)lrs+10_1_ind=struct:sos=theory:sstl=1:drc=encompass:sp=occurrence:to=lpo:sik=recursion:nui=off:indoct=on:indao=off:urr=on_89 on lemma4 for (89ds/0Mi)
% (54427)First to succeed.
% (54427)Refutation found. Thanks to Tanya!
% SZS status Unsatisfiable for lemma4
% SZS output start Proof for lemma4
6. filter_less(X0,X1,X2) = $match(X2,'Nil'(X0),'Nil'(X0),'Cons'(X0,X3,X4),$ite(less(X0,X3,X1), 'Cons'(X0,X3,filter_less(X0,X1,X4)),filter_less(X0,X1,X4))) [input]
7. filter_ge(X0,X1,X2) = $match(X2,'Nil'(X0),'Nil'(X0),'Cons'(X0,X3,X4),$ite(~less(X0,X3,X1), 'Cons'(X0,X3,filter_ge(X0,X1,X4)),filter_ge(X0,X1,X4))) [input]
9. (list_ge_elem(X0,X1,X2) = $match(X1,'Nil'(X0),$true,'Cons'(X0,X3,X4),~less(X0,X3,X2) & list_ge_elem(X0,X4,X2))) [input]
10. quicksort(X0,X1) = $match(X1,'Nil'(X0),'Nil'(X0),'Cons'(X0,X2,X3),append(X0,quicksort(X0,filter_less(X0,X2,X3)),'Cons'(X0,X2,quicksort(X0,filter_ge(X0,X2,X3))))) [input]
11. ! [X0 : $tType] : ! [X2 : X0,X1 : X0,X3 : 'list()'(X0),X4 : 'list()'(X0)] : ((~less(X0,X1,X2) & list_ge_elem(X0,X3,X2) & list_ge_elem(X0,X4,X2)) => list_ge_elem(X0,append(X0,X3,'Cons'(X0,X1,X4)),X2)) [input]
12. ! [X0 : $tType] : ! [X2 : X0,X1 : X0,X3 : 'list()'(X0)] : (list_ge_elem(X0,X3,X1) => list_ge_elem(X0,quicksort(X0,X3),X1)) [input]
13. ~! [X0 : $tType] : ! [X2 : X0,X1 : X0,X3 : 'list()'(X0)] : (list_ge_elem(X0,X3,X1) => list_ge_elem(X0,quicksort(X0,X3),X1)) [negated conjecture 12]
20. ! [X3 : 'list()'(X0),X2 : X0,X1 : 'list()'(X0),X0 : $tType] : quicksort(X0,X1) = $match(X1,'Nil'(X0),'Nil'(X0),'Cons'(X0,X2,X3),append(X0,quicksort(X0,filter_less(X0,X2,X3)),'Cons'(X0,X2,quicksort(X0,filter_ge(X0,X2,X3))))) [closure 10]
21. ! [X0 : $tType,X3 : 'list()'(X0),X2 : X0,X1 : 'list()'(X0)] : ('Nil'(X0) = X1 => 'Nil'(X0) = mG0(X0,X3,X2,X1)) [fool $match elimination 20]
22. ! [X0 : $tType,X3 : 'list()'(X0),X2 : X0,X1 : 'list()'(X0)] : ('Cons'(X0,X2,X3) = X1 => append(X0,quicksort(X0,filter_less(X0,X2,X3)),'Cons'(X0,X2,quicksort(X0,filter_ge(X0,X2,X3)))) = mG0(X0,X3,X2,X1)) [fool $match elimination 20]
23. ! [X3 : 'list()'(X0),X2 : X0,X1 : 'list()'(X0),X0 : $tType] : quicksort(X0,X1) = mG0(X0,X3,X2,X1) [fool elimination 20]
24. ! [X4 : 'list()'(X0),X3 : X0,X2 : X0,X1 : 'list()'(X0),X0 : $tType] : (list_ge_elem(X0,X1,X2) = $match(X1,'Nil'(X0),$true,'Cons'(X0,X3,X4),~less(X0,X3,X2) & list_ge_elem(X0,X4,X2))) [closure 9]
25. ! [X0 : $tType,X2 : X0,X3 : X0,X4 : 'list()'(X0),X1 : 'list()'(X0)] : ('Nil'(X0) = X1 => (mG1(X0,X2,X3,X4,X1) <=> $true)) [fool $match elimination 24]
26. ! [X0 : $tType,X2 : X0,X3 : X0,X4 : 'list()'(X0),X1 : 'list()'(X0)] : ('Cons'(X0,X3,X4) = X1 => (mG1(X0,X2,X3,X4,X1) <=> (~less(X0,X3,X2) & list_ge_elem(X0,X4,X2)))) [fool $match elimination 24]
27. ! [X4 : 'list()'(X0),X3 : X0,X2 : X0,X1 : 'list()'(X0),X0 : $tType] : (list_ge_elem(X0,X1,X2) <=> mG1(X0,X2,X3,X4,X1)) [fool elimination 24]
32. ! [X4 : 'list()'(X0),X3 : X0,X2 : 'list()'(X0),X1 : X0,X0 : $tType] : filter_ge(X0,X1,X2) = $match(X2,'Nil'(X0),'Nil'(X0),'Cons'(X0,X3,X4),$ite(~less(X0,X3,X1), 'Cons'(X0,X3,filter_ge(X0,X1,X4)),filter_ge(X0,X1,X4))) [closure 7]
33. ! [X0 : $tType,X1 : X0,X3 : X0,X4 : 'list()'(X0),X2 : 'list()'(X0)] : ('Nil'(X0) = X2 => 'Nil'(X0) = mG3(X0,X1,X3,X4,X2)) [fool $match elimination 32]
34. ! [X0 : $tType,X1 : X0,X3 : X0,X4 : 'list()'(X0)] : (~less(X0,X3,X1) => 'Cons'(X0,X3,filter_ge(X0,X1,X4)) = iG4(X0,X1,X3,X4)) [fool $ite elimination 32]
35. ! [X0 : $tType,X1 : X0,X3 : X0,X4 : 'list()'(X0)] : (~~less(X0,X3,X1) => filter_ge(X0,X1,X4) = iG4(X0,X1,X3,X4)) [fool $ite elimination 32]
36. ! [X0 : $tType,X1 : X0,X3 : X0,X4 : 'list()'(X0),X2 : 'list()'(X0)] : ('Cons'(X0,X3,X4) = X2 => mG3(X0,X1,X3,X4,X2) = iG4(X0,X1,X3,X4)) [fool $match elimination 32]
37. ! [X4 : 'list()'(X0),X3 : X0,X2 : 'list()'(X0),X1 : X0,X0 : $tType] : filter_ge(X0,X1,X2) = mG3(X0,X1,X3,X4,X2) [fool elimination 32]
38. ! [X4 : 'list()'(X0),X3 : X0,X2 : 'list()'(X0),X1 : X0,X0 : $tType] : filter_less(X0,X1,X2) = $match(X2,'Nil'(X0),'Nil'(X0),'Cons'(X0,X3,X4),$ite(less(X0,X3,X1), 'Cons'(X0,X3,filter_less(X0,X1,X4)),filter_less(X0,X1,X4))) [closure 6]
39. ! [X0 : $tType,X1 : X0,X3 : X0,X4 : 'list()'(X0),X2 : 'list()'(X0)] : ('Nil'(X0) = X2 => 'Nil'(X0) = mG5(X0,X1,X3,X4,X2)) [fool $match elimination 38]
40. ! [X0 : $tType,X1 : X0,X3 : X0,X4 : 'list()'(X0)] : (less(X0,X3,X1) => 'Cons'(X0,X3,filter_less(X0,X1,X4)) = iG6(X0,X1,X3,X4)) [fool $ite elimination 38]
41. ! [X0 : $tType,X1 : X0,X3 : X0,X4 : 'list()'(X0)] : (~less(X0,X3,X1) => filter_less(X0,X1,X4) = iG6(X0,X1,X3,X4)) [fool $ite elimination 38]
42. ! [X0 : $tType,X1 : X0,X3 : X0,X4 : 'list()'(X0),X2 : 'list()'(X0)] : ('Cons'(X0,X3,X4) = X2 => mG5(X0,X1,X3,X4,X2) = iG6(X0,X1,X3,X4)) [fool $match elimination 38]
43. ! [X4 : 'list()'(X0),X3 : X0,X2 : 'list()'(X0),X1 : X0,X0 : $tType] : filter_less(X0,X1,X2) = mG5(X0,X1,X3,X4,X2) [fool elimination 38]
46. ! [X0 : $tType,X1 : X0,X2 : X0,X3 : 'list()'(X0),X4 : 'list()'(X0)] : ('Cons'(X0,X2,X3) = X4 => mG5(X0,X1,X2,X3,X4) = iG6(X0,X1,X2,X3)) [rectify 42]
47. ! [X0 : $tType,X1 : X0,X2 : X0,X3 : 'list()'(X0)] : (~less(X0,X2,X1) => iG6(X0,X1,X2,X3) = filter_less(X0,X1,X3)) [rectify 41]
48. ! [X0 : $tType,X1 : X0,X2 : X0,X3 : 'list()'(X0)] : (~less(X0,X2,X1) => iG6(X0,X1,X2,X3) = filter_less(X0,X1,X3)) [flattening 47]
49. ! [X0 : $tType,X1 : X0,X2 : X0,X3 : 'list()'(X0)] : (less(X0,X2,X1) => iG6(X0,X1,X2,X3) = 'Cons'(X0,X2,filter_less(X0,X1,X3))) [rectify 40]
50. ! [X0 : $tType,X1 : X0,X2 : X0,X3 : 'list()'(X0),X4 : 'list()'(X0)] : ('Nil'(X0) = X4 => 'Nil'(X0) = mG5(X0,X1,X2,X3,X4)) [rectify 39]
51. ! [X0 : $tType,X1 : X0,X2 : X0,X3 : 'list()'(X0),X4 : 'list()'(X0)] : ('Cons'(X0,X2,X3) = X4 => mG3(X0,X1,X2,X3,X4) = iG4(X0,X1,X2,X3)) [rectify 36]
52. ! [X0 : $tType,X1 : X0,X2 : X0,X3 : 'list()'(X0)] : (~~less(X0,X2,X1) => iG4(X0,X1,X2,X3) = filter_ge(X0,X1,X3)) [rectify 35]
53. ! [X0 : $tType,X1 : X0,X2 : X0,X3 : 'list()'(X0)] : (less(X0,X2,X1) => iG4(X0,X1,X2,X3) = filter_ge(X0,X1,X3)) [flattening 52]
54. ! [X0 : $tType,X1 : X0,X2 : X0,X3 : 'list()'(X0)] : (~less(X0,X2,X1) => iG4(X0,X1,X2,X3) = 'Cons'(X0,X2,filter_ge(X0,X1,X3))) [rectify 34]
55. ! [X0 : $tType,X1 : X0,X2 : X0,X3 : 'list()'(X0)] : (~less(X0,X2,X1) => iG4(X0,X1,X2,X3) = 'Cons'(X0,X2,filter_ge(X0,X1,X3))) [flattening 54]
56. ! [X0 : $tType,X1 : X0,X2 : X0,X3 : 'list()'(X0),X4 : 'list()'(X0)] : ('Nil'(X0) = X4 => 'Nil'(X0) = mG3(X0,X1,X2,X3,X4)) [rectify 33]
59. ! [X0 : $tType,X1 : X0,X2 : X0,X3 : 'list()'(X0),X4 : 'list()'(X0)] : ('Cons'(X0,X2,X3) = X4 => (mG1(X0,X1,X2,X3,X4) <=> (~less(X0,X2,X1) & list_ge_elem(X0,X3,X1)))) [rectify 26]
60. ! [X0 : $tType,X1 : X0,X2 : X0,X3 : 'list()'(X0),X4 : 'list()'(X0)] : ('Cons'(X0,X2,X3) = X4 => (mG1(X0,X1,X2,X3,X4) <=> (~less(X0,X2,X1) & list_ge_elem(X0,X3,X1)))) [flattening 59]
61. ! [X0 : $tType,X1 : X0,X2 : X0,X3 : 'list()'(X0),X4 : 'list()'(X0)] : ('Nil'(X0) = X4 => (mG1(X0,X1,X2,X3,X4) <=> $true)) [rectify 25]
62. ! [X0 : $tType,X1 : X0,X2 : X0,X3 : 'list()'(X0),X4 : 'list()'(X0)] : ('Nil'(X0) = X4 => mG1(X0,X1,X2,X3,X4)) [true and false elimination 61]
63. ! [X0 : $tType,X1 : 'list()'(X0),X2 : X0,X3 : 'list()'(X0)] : ('Cons'(X0,X2,X1) = X3 => append(X0,quicksort(X0,filter_less(X0,X2,X1)),'Cons'(X0,X2,quicksort(X0,filter_ge(X0,X2,X1)))) = mG0(X0,X1,X2,X3)) [rectify 22]
64. ! [X0 : $tType,X1 : 'list()'(X0),X2 : X0,X3 : 'list()'(X0)] : ('Nil'(X0) = X3 => 'Nil'(X0) = mG0(X0,X1,X2,X3)) [rectify 21]
65. ~! [X0 : $tType] : ! [X2 : X0,X3 : 'list()'(X0)] : (list_ge_elem(X0,X3,X2) => list_ge_elem(X0,quicksort(X0,X3),X2)) [rectify 13]
66. ~! [X0 : $tType,X2 : X0,X3 : 'list()'(X0)] : (list_ge_elem(X0,X3,X2) => list_ge_elem(X0,quicksort(X0,X3),X2)) [flattening 65]
67. ! [X0 : $tType] : ! [X1 : X0,X2 : X0,X3 : 'list()'(X0),X4 : 'list()'(X0)] : ((~less(X0,X2,X1) & list_ge_elem(X0,X3,X1) & list_ge_elem(X0,X4,X1)) => list_ge_elem(X0,append(X0,X3,'Cons'(X0,X2,X4)),X1)) [rectify 11]
68. ! [X0 : $tType,X1 : X0,X2 : X0,X3 : 'list()'(X0),X4 : 'list()'(X0)] : ((~less(X0,X2,X1) & list_ge_elem(X0,X3,X1) & list_ge_elem(X0,X4,X1)) => list_ge_elem(X0,append(X0,X3,'Cons'(X0,X2,X4)),X1)) [flattening 67]
69. ! [X0 : 'list()'(X3),X1 : X3,X2 : 'list()'(X3),X3 : $tType] : quicksort(X3,X2) = mG0(X3,X0,X1,X2) [rectify 23]
70. ! [X0 : 'list()'(X4),X1 : X4,X2 : X4,X3 : 'list()'(X4),X4 : $tType] : (list_ge_elem(X4,X3,X2) <=> mG1(X4,X2,X1,X0,X3)) [rectify 27]
72. ! [X0 : 'list()'(X4),X1 : X4,X2 : 'list()'(X4),X3 : X4,X4 : $tType] : filter_ge(X4,X3,X2) = mG3(X4,X3,X1,X0,X2) [rectify 37]
73. ! [X0 : 'list()'(X4),X1 : X4,X2 : 'list()'(X4),X3 : X4,X4 : $tType] : filter_less(X4,X3,X2) = mG5(X4,X3,X1,X0,X2) [rectify 43]
83. ! [X0 : $tType,X1 : X0,X2 : X0,X3 : 'list()'(X0),X4 : 'list()'(X0)] : (mG5(X0,X1,X2,X3,X4) = iG6(X0,X1,X2,X3) | 'Cons'(X0,X2,X3) != X4) [ennf transformation 46]
84. ! [X0 : $tType,X1 : X0,X2 : X0,X3 : 'list()'(X0)] : (iG6(X0,X1,X2,X3) = filter_less(X0,X1,X3) | less(X0,X2,X1)) [ennf transformation 48]
85. ! [X0 : $tType,X1 : X0,X2 : X0,X3 : 'list()'(X0)] : (iG6(X0,X1,X2,X3) = 'Cons'(X0,X2,filter_less(X0,X1,X3)) | ~less(X0,X2,X1)) [ennf transformation 49]
86. ! [X0 : $tType,X1 : X0,X2 : X0,X3 : 'list()'(X0),X4 : 'list()'(X0)] : ('Nil'(X0) = mG5(X0,X1,X2,X3,X4) | 'Nil'(X0) != X4) [ennf transformation 50]
87. ! [X0 : $tType,X1 : X0,X2 : X0,X3 : 'list()'(X0),X4 : 'list()'(X0)] : (mG3(X0,X1,X2,X3,X4) = iG4(X0,X1,X2,X3) | 'Cons'(X0,X2,X3) != X4) [ennf transformation 51]
88. ! [X0 : $tType,X1 : X0,X2 : X0,X3 : 'list()'(X0)] : (iG4(X0,X1,X2,X3) = filter_ge(X0,X1,X3) | ~less(X0,X2,X1)) [ennf transformation 53]
89. ! [X0 : $tType,X1 : X0,X2 : X0,X3 : 'list()'(X0)] : (iG4(X0,X1,X2,X3) = 'Cons'(X0,X2,filter_ge(X0,X1,X3)) | less(X0,X2,X1)) [ennf transformation 55]
90. ! [X0 : $tType,X1 : X0,X2 : X0,X3 : 'list()'(X0),X4 : 'list()'(X0)] : ('Nil'(X0) = mG3(X0,X1,X2,X3,X4) | 'Nil'(X0) != X4) [ennf transformation 56]
93. ! [X0 : $tType,X1 : X0,X2 : X0,X3 : 'list()'(X0),X4 : 'list()'(X0)] : ((mG1(X0,X1,X2,X3,X4) <=> (~less(X0,X2,X1) & list_ge_elem(X0,X3,X1))) | 'Cons'(X0,X2,X3) != X4) [ennf transformation 60]
94. ! [X0 : $tType,X1 : X0,X2 : X0,X3 : 'list()'(X0),X4 : 'list()'(X0)] : (mG1(X0,X1,X2,X3,X4) | 'Nil'(X0) != X4) [ennf transformation 62]
95. ! [X0 : $tType,X1 : 'list()'(X0),X2 : X0,X3 : 'list()'(X0)] : (append(X0,quicksort(X0,filter_less(X0,X2,X1)),'Cons'(X0,X2,quicksort(X0,filter_ge(X0,X2,X1)))) = mG0(X0,X1,X2,X3) | 'Cons'(X0,X2,X1) != X3) [ennf transformation 63]
96. ! [X0 : $tType,X1 : 'list()'(X0),X2 : X0,X3 : 'list()'(X0)] : ('Nil'(X0) = mG0(X0,X1,X2,X3) | 'Nil'(X0) != X3) [ennf transformation 64]
97. ? [X0 : $tType,X2 : X0,X3 : 'list()'(X0)] : (~list_ge_elem(X0,quicksort(X0,X3),X2) & list_ge_elem(X0,X3,X2)) [ennf transformation 66]
98. ! [X0 : $tType,X1 : X0,X2 : X0,X3 : 'list()'(X0),X4 : 'list()'(X0)] : (list_ge_elem(X0,append(X0,X3,'Cons'(X0,X2,X4)),X1) | (less(X0,X2,X1) | ~list_ge_elem(X0,X3,X1) | ~list_ge_elem(X0,X4,X1))) [ennf transformation 68]
99. ! [X0 : $tType,X1 : X0,X2 : X0,X3 : 'list()'(X0),X4 : 'list()'(X0)] : (list_ge_elem(X0,append(X0,X3,'Cons'(X0,X2,X4)),X1) | less(X0,X2,X1) | ~list_ge_elem(X0,X3,X1) | ~list_ge_elem(X0,X4,X1)) [flattening 98]
104. ! [X0 : $tType,X1 : X0,X2 : X0,X3 : 'list()'(X0),X4 : 'list()'(X0)] : (((mG1(X0,X1,X2,X3,X4) | (less(X0,X2,X1) | ~list_ge_elem(X0,X3,X1))) & ((~less(X0,X2,X1) & list_ge_elem(X0,X3,X1)) | ~mG1(X0,X1,X2,X3,X4))) | 'Cons'(X0,X2,X3) != X4) [nnf transformation 93]
105. ! [X0 : $tType,X1 : X0,X2 : X0,X3 : 'list()'(X0),X4 : 'list()'(X0)] : (((mG1(X0,X1,X2,X3,X4) | less(X0,X2,X1) | ~list_ge_elem(X0,X3,X1)) & ((~less(X0,X2,X1) & list_ge_elem(X0,X3,X1)) | ~mG1(X0,X1,X2,X3,X4))) | 'Cons'(X0,X2,X3) != X4) [flattening 104]
106. ? [X0 : $tType,X1 : X0,X2 : 'list()'(X0)] : (~list_ge_elem(X0,quicksort(X0,X2),X1) & list_ge_elem(X0,X2,X1)) [rectify 97]
107. ? [X0 : $tType,X1 : X0,X2 : 'list()'(X0)] : (~list_ge_elem(X0,quicksort(X0,X2),X1) & list_ge_elem(X0,X2,X1)) => (~list_ge_elem(sK7,quicksort(sK7,sK9),sK8) & list_ge_elem(sK7,sK9,sK8)) [choice axiom]
108. ~list_ge_elem(sK7,quicksort(sK7,sK9),sK8) & list_ge_elem(sK7,sK9,sK8) [skolemisation 106,107]
109. ! [X0 : 'list()'(X4),X1 : X4,X2 : X4,X3 : 'list()'(X4),X4 : $tType] : ((list_ge_elem(X4,X3,X2) | ~mG1(X4,X2,X1,X0,X3)) & (mG1(X4,X2,X1,X0,X3) | ~list_ge_elem(X4,X3,X2))) [nnf transformation 70]
111. mG5(X0,X1,X2,X3,X4) = iG6(X0,X1,X2,X3) | 'Cons'(X0,X2,X3) != X4 [cnf transformation 83]
112. iG6(X0,X1,X2,X3) = filter_less(X0,X1,X3) | less(X0,X2,X1) [cnf transformation 84]
113. iG6(X0,X1,X2,X3) = 'Cons'(X0,X2,filter_less(X0,X1,X3)) | ~less(X0,X2,X1) [cnf transformation 85]
114. 'Nil'(X0) = mG5(X0,X1,X2,X3,X4) | 'Nil'(X0) != X4 [cnf transformation 86]
115. mG3(X0,X1,X2,X3,X4) = iG4(X0,X1,X2,X3) | 'Cons'(X0,X2,X3) != X4 [cnf transformation 87]
116. iG4(X0,X1,X2,X3) = filter_ge(X0,X1,X3) | ~less(X0,X2,X1) [cnf transformation 88]
117. iG4(X0,X1,X2,X3) = 'Cons'(X0,X2,filter_ge(X0,X1,X3)) | less(X0,X2,X1) [cnf transformation 89]
118. 'Nil'(X0) = mG3(X0,X1,X2,X3,X4) | 'Nil'(X0) != X4 [cnf transformation 90]
121. list_ge_elem(X0,X3,X1) | ~mG1(X0,X1,X2,X3,X4) | 'Cons'(X0,X2,X3) != X4 [cnf transformation 105]
122. ~less(X0,X2,X1) | ~mG1(X0,X1,X2,X3,X4) | 'Cons'(X0,X2,X3) != X4 [cnf transformation 105]
123. mG1(X0,X1,X2,X3,X4) | less(X0,X2,X1) | ~list_ge_elem(X0,X3,X1) | 'Cons'(X0,X2,X3) != X4 [cnf transformation 105]
124. mG1(X0,X1,X2,X3,X4) | 'Nil'(X0) != X4 [cnf transformation 94]
125. append(X0,quicksort(X0,filter_less(X0,X2,X1)),'Cons'(X0,X2,quicksort(X0,filter_ge(X0,X2,X1)))) = mG0(X0,X1,X2,X3) | 'Cons'(X0,X2,X1) != X3 [cnf transformation 95]
126. 'Nil'(X0) = mG0(X0,X1,X2,X3) | 'Nil'(X0) != X3 [cnf transformation 96]
127. list_ge_elem(sK7,sK9,sK8) [cnf transformation 108]
128. ~list_ge_elem(sK7,quicksort(sK7,sK9),sK8) [cnf transformation 108]
129. list_ge_elem(X0,append(X0,X3,'Cons'(X0,X2,X4)),X1) | less(X0,X2,X1) | ~list_ge_elem(X0,X3,X1) | ~list_ge_elem(X0,X4,X1) [cnf transformation 99]
130. quicksort(X3,X2) = mG0(X3,X0,X1,X2) [cnf transformation 69]
131. mG1(X4,X2,X1,X0,X3) | ~list_ge_elem(X4,X3,X2) [cnf transformation 109]
132. ~mG1(X4,X2,X1,X0,X3) | list_ge_elem(X4,X3,X2) [cnf transformation 109]
134. filter_ge(X4,X3,X2) = mG3(X4,X3,X1,X0,X2) [cnf transformation 72]
135. filter_less(X4,X3,X2) = mG5(X4,X3,X1,X0,X2) [cnf transformation 73]
142. filter_less(X0,X1,X4) = iG6(X0,X1,X2,X3) | 'Cons'(X0,X2,X3) != X4 [definition unfolding 111,135]
143. filter_less(X0,X1,X4) = 'Nil'(X0) | 'Nil'(X0) != X4 [definition unfolding 114,135]
144. filter_ge(X0,X1,X4) = iG4(X0,X1,X2,X3) | 'Cons'(X0,X2,X3) != X4 [definition unfolding 115,134]
145. 'Nil'(X0) = filter_ge(X0,X1,X4) | 'Nil'(X0) != X4 [definition unfolding 118,134]
148. quicksort(X0,X3) = append(X0,quicksort(X0,filter_less(X0,X2,X1)),'Cons'(X0,X2,quicksort(X0,filter_ge(X0,X2,X1)))) | 'Cons'(X0,X2,X1) != X3 [definition unfolding 125,130]
149. 'Nil'(X0) = quicksort(X0,X3) | 'Nil'(X0) != X3 [definition unfolding 126,130]
150. iG6(X0,X1,X2,X3) = filter_less(X0,X1,'Cons'(X0,X2,X3)) [equality resolution 142]
151. 'Nil'(X0) = filter_less(X0,X1,'Nil'(X0)) [equality resolution 143]
152. iG4(X0,X1,X2,X3) = filter_ge(X0,X1,'Cons'(X0,X2,X3)) [equality resolution 144]
153. 'Nil'(X0) = filter_ge(X0,X1,'Nil'(X0)) [equality resolution 145]
156. mG1(X0,X1,X2,X3,'Cons'(X0,X2,X3)) | less(X0,X2,X1) | ~list_ge_elem(X0,X3,X1) [equality resolution 123]
157. ~mG1(X0,X1,X2,X3,'Cons'(X0,X2,X3)) | ~less(X0,X2,X1) [equality resolution 122]
158. ~mG1(X0,X1,X2,X3,'Cons'(X0,X2,X3)) | list_ge_elem(X0,X3,X1) [equality resolution 121]
159. mG1(X0,X1,X2,X3,'Nil'(X0)) [equality resolution 124]
160. append(X0,quicksort(X0,filter_less(X0,X2,X1)),'Cons'(X0,X2,quicksort(X0,filter_ge(X0,X2,X1)))) = quicksort(X0,'Cons'(X0,X2,X1)) [equality resolution 148]
161. 'Nil'(X0) = quicksort(X0,'Nil'(X0)) [equality resolution 149]
162. less(X0,X2,X1) | filter_less(X0,X1,X3) = filter_less(X0,X1,'Cons'(X0,X2,X3)) [forward demodulation 112,150]
163. ~less(X0,X2,X1) | 'Cons'(X0,X2,filter_less(X0,X1,X3)) = filter_less(X0,X1,'Cons'(X0,X2,X3)) [forward demodulation 113,150]
164. ~less(X0,X2,X1) | filter_ge(X0,X1,X3) = filter_ge(X0,X1,'Cons'(X0,X2,X3)) [forward demodulation 116,152]
165. less(X0,X2,X1) | 'Cons'(X0,X2,filter_ge(X0,X1,X3)) = filter_ge(X0,X1,'Cons'(X0,X2,X3)) [forward demodulation 117,152]
166. ! [X0 : sK7,X1 : 'list()'(sK7)] : ((list_ge_elem(sK7,quicksort(sK7,'Nil'(sK7)),sK8) | ~list_ge_elem(sK7,'Nil'(sK7),sK8)) & ((list_ge_elem(sK7,quicksort(sK7,X1),sK8) | ~list_ge_elem(sK7,X1,sK8)) => (list_ge_elem(sK7,quicksort(sK7,'Cons'(sK7,X0,X1)),sK8) | ~list_ge_elem(sK7,'Cons'(sK7,X0,X1),sK8)))) => ! [X2 : 'list()'(sK7)] : (list_ge_elem(sK7,quicksort(sK7,X2),sK8) | ~list_ge_elem(sK7,X2,sK8)) [structural induction hypothesis (one)]
167. ! [X2 : 'list()'(sK7)] : (list_ge_elem(sK7,quicksort(sK7,X2),sK8) | ~list_ge_elem(sK7,X2,sK8)) | ? [X0 : sK7,X1 : 'list()'(sK7)] : ((~list_ge_elem(sK7,quicksort(sK7,'Nil'(sK7)),sK8) & list_ge_elem(sK7,'Nil'(sK7),sK8)) | ((~list_ge_elem(sK7,quicksort(sK7,'Cons'(sK7,X0,X1)),sK8) & list_ge_elem(sK7,'Cons'(sK7,X0,X1),sK8)) & (list_ge_elem(sK7,quicksort(sK7,X1),sK8) | ~list_ge_elem(sK7,X1,sK8)))) [ennf transformation 166]
168. list_ge_elem(sK7,'Cons'(sK7,sK11,sK12),sK8) | ~list_ge_elem(sK7,quicksort(sK7,'Nil'(sK7)),sK8) | ~list_ge_elem(sK7,X2,sK8) | list_ge_elem(sK7,quicksort(sK7,X2),sK8) [cnf transformation 167]
169. ~list_ge_elem(sK7,quicksort(sK7,'Cons'(sK7,sK11,sK12)),sK8) | ~list_ge_elem(sK7,quicksort(sK7,'Nil'(sK7)),sK8) | ~list_ge_elem(sK7,X2,sK8) | list_ge_elem(sK7,quicksort(sK7,X2),sK8) [cnf transformation 167]
174. ! [X2 : 'list()'(sK7),X1 : sK7] : ((((list_ge_elem(sK7,quicksort(sK7,filter_ge(sK7,X1,X2)),sK8) | ~list_ge_elem(sK7,filter_ge(sK7,X1,X2),sK8)) & (list_ge_elem(sK7,quicksort(sK7,filter_less(sK7,X1,X2)),sK8) | ~list_ge_elem(sK7,filter_less(sK7,X1,X2),sK8))) => (list_ge_elem(sK7,quicksort(sK7,'Cons'(sK7,X1,X2)),sK8) | ~list_ge_elem(sK7,'Cons'(sK7,X1,X2),sK8))) & (list_ge_elem(sK7,quicksort(sK7,'Nil'(sK7)),sK8) | ~list_ge_elem(sK7,'Nil'(sK7),sK8))) => ! [X4 : 'list()'(sK7)] : (list_ge_elem(sK7,quicksort(sK7,X4),sK8) | ~list_ge_elem(sK7,X4,sK8)) [structural induction hypothesis (recursion)]
175. ! [X4 : 'list()'(sK7)] : (list_ge_elem(sK7,quicksort(sK7,X4),sK8) | ~list_ge_elem(sK7,X4,sK8)) | ? [X2 : 'list()'(sK7),X1 : sK7] : (((~list_ge_elem(sK7,quicksort(sK7,'Cons'(sK7,X1,X2)),sK8) & list_ge_elem(sK7,'Cons'(sK7,X1,X2),sK8)) & ((list_ge_elem(sK7,quicksort(sK7,filter_ge(sK7,X1,X2)),sK8) | ~list_ge_elem(sK7,filter_ge(sK7,X1,X2),sK8)) & (list_ge_elem(sK7,quicksort(sK7,filter_less(sK7,X1,X2)),sK8) | ~list_ge_elem(sK7,filter_less(sK7,X1,X2),sK8)))) | (~list_ge_elem(sK7,quicksort(sK7,'Nil'(sK7)),sK8) & list_ge_elem(sK7,'Nil'(sK7),sK8))) [ennf transformation 174]
176. ~list_ge_elem(sK7,quicksort(sK7,'Nil'(sK7)),sK8) | ~list_ge_elem(sK7,filter_ge(sK7,sK14,sK13),sK8) | list_ge_elem(sK7,quicksort(sK7,filter_ge(sK7,sK14,sK13)),sK8) | ~list_ge_elem(sK7,X4,sK8) | list_ge_elem(sK7,quicksort(sK7,X4),sK8) [cnf transformation 175]
178. ~list_ge_elem(sK7,quicksort(sK7,'Nil'(sK7)),sK8) | ~list_ge_elem(sK7,filter_less(sK7,sK14,sK13),sK8) | list_ge_elem(sK7,quicksort(sK7,filter_less(sK7,sK14,sK13)),sK8) | ~list_ge_elem(sK7,X4,sK8) | list_ge_elem(sK7,quicksort(sK7,X4),sK8) [cnf transformation 175]
182. ~list_ge_elem(sK7,quicksort(sK7,'Nil'(sK7)),sK8) | list_ge_elem(sK7,'Cons'(sK7,sK14,sK13),sK8) | ~list_ge_elem(sK7,X4,sK8) | list_ge_elem(sK7,quicksort(sK7,X4),sK8) [cnf transformation 175]
183. ~list_ge_elem(sK7,quicksort(sK7,'Nil'(sK7)),sK8) | ~list_ge_elem(sK7,quicksort(sK7,'Cons'(sK7,sK14,sK13)),sK8) | ~list_ge_elem(sK7,X4,sK8) | list_ge_elem(sK7,quicksort(sK7,X4),sK8) [cnf transformation 175]
188. ~list_ge_elem(sK7,quicksort(sK7,'Cons'(sK7,sK11,sK12)),sK8) | ~list_ge_elem(sK7,quicksort(sK7,'Nil'(sK7)),sK8) [induction hyperresolution 127,128,169]
189. list_ge_elem(sK7,'Cons'(sK7,sK11,sK12),sK8) | ~list_ge_elem(sK7,quicksort(sK7,'Nil'(sK7)),sK8) [induction hyperresolution 127,128,168]
190. ~list_ge_elem(sK7,quicksort(sK7,'Nil'(sK7)),sK8) | ~list_ge_elem(sK7,quicksort(sK7,'Cons'(sK7,sK14,sK13)),sK8) [induction hyperresolution 127,128,183]
191. ~list_ge_elem(sK7,quicksort(sK7,'Nil'(sK7)),sK8) | list_ge_elem(sK7,'Cons'(sK7,sK14,sK13),sK8) [induction hyperresolution 127,128,182]
230. 2 <=> list_ge_elem(sK7,'Nil'(sK7),sK8) [avatar definition]
232. ~list_ge_elem(sK7,'Nil'(sK7),sK8) <- (~2) [avatar component clause 230]
280. 11 <=> list_ge_elem(sK7,quicksort(sK7,filter_ge(sK7,sK14,sK13)),sK8) [avatar definition]
282. list_ge_elem(sK7,quicksort(sK7,filter_ge(sK7,sK14,sK13)),sK8) <- (11) [avatar component clause 280]
284. 12 <=> list_ge_elem(sK7,filter_ge(sK7,sK14,sK13),sK8) [avatar definition]
286. ~list_ge_elem(sK7,filter_ge(sK7,sK14,sK13),sK8) <- (~12) [avatar component clause 284]
291. 13 <=> list_ge_elem(sK7,quicksort(sK7,filter_less(sK7,sK14,sK13)),sK8) [avatar definition]
295. 14 <=> list_ge_elem(sK7,filter_less(sK7,sK14,sK13),sK8) [avatar definition]
297. ~list_ge_elem(sK7,filter_less(sK7,sK14,sK13),sK8) <- (~14) [avatar component clause 295]
301. 15 <=> list_ge_elem(sK7,'Cons'(sK7,sK14,sK13),sK8) [avatar definition]
303. list_ge_elem(sK7,'Cons'(sK7,sK14,sK13),sK8) <- (15) [avatar component clause 301]
306. 16 <=> list_ge_elem(sK7,quicksort(sK7,'Cons'(sK7,sK14,sK13)),sK8) [avatar definition]
308. ~list_ge_elem(sK7,quicksort(sK7,'Cons'(sK7,sK14,sK13)),sK8) <- (~16) [avatar component clause 306]
310. ~list_ge_elem(sK7,'Nil'(sK7),sK8) | list_ge_elem(sK7,'Cons'(sK7,sK14,sK13),sK8) [forward demodulation 191,161]
311. 15 | ~2 [avatar split clause 310,230,301]
312. ~list_ge_elem(sK7,'Nil'(sK7),sK8) | ~list_ge_elem(sK7,quicksort(sK7,'Cons'(sK7,sK14,sK13)),sK8) [forward demodulation 190,161]
313. ~16 | ~2 [avatar split clause 312,230,306]
314. ~list_ge_elem(sK7,'Nil'(sK7),sK8) | list_ge_elem(sK7,'Cons'(sK7,sK11,sK12),sK8) [forward demodulation 189,161]
316. 17 <=> list_ge_elem(sK7,'Cons'(sK7,sK11,sK12),sK8) [avatar definition]
318. list_ge_elem(sK7,'Cons'(sK7,sK11,sK12),sK8) <- (17) [avatar component clause 316]
319. 17 | ~2 [avatar split clause 314,230,316]
320. ~list_ge_elem(sK7,'Nil'(sK7),sK8) | ~list_ge_elem(sK7,quicksort(sK7,'Cons'(sK7,sK11,sK12)),sK8) [forward demodulation 188,161]
322. 18 <=> list_ge_elem(sK7,quicksort(sK7,'Cons'(sK7,sK11,sK12)),sK8) [avatar definition]
324. ~list_ge_elem(sK7,quicksort(sK7,'Cons'(sK7,sK11,sK12)),sK8) <- (~18) [avatar component clause 322]
325. ~18 | ~2 [avatar split clause 320,230,322]
424. list_ge_elem(X0,'Nil'(X0),X1) [resolution 132,159]
426. $false <- (~2) [resolution 424,232]
427. 2 [avatar contradiction clause 426]
515. ~list_ge_elem(X0,'Cons'(X0,X1,X3),X2) | ~less(X0,X1,X2) [resolution 157,131]
573. ~list_ge_elem(X0,'Cons'(X0,X3,X1),X2) | list_ge_elem(X0,X1,X2) [resolution 158,131]
599. list_ge_elem(X8,'Cons'(X8,X9,X11),X10) | ~list_ge_elem(X8,X11,X10) | less(X8,X9,X10) [resolution 156,132]
705. 'Cons'(X0,X1,filter_less(X0,X2,X3)) = filter_less(X0,X2,'Cons'(X0,X1,X3)) | filter_less(X0,X2,X4) = filter_less(X0,X2,'Cons'(X0,X1,X4)) [resolution 163,162]
784. 'Cons'(X8,X9,filter_ge(X8,X10,X11)) = filter_ge(X8,X10,'Cons'(X8,X9,X11)) | filter_ge(X8,X10,X12) = filter_ge(X8,X10,'Cons'(X8,X9,X12)) [resolution 165,164]
851. ~list_ge_elem(X0,quicksort(X0,filter_ge(X0,X1,X2)),X3) | less(X0,X1,X3) | ~list_ge_elem(X0,quicksort(X0,filter_less(X0,X1,X2)),X3) | list_ge_elem(X0,quicksort(X0,'Cons'(X0,X1,X2)),X3) [superposition 129,160]
888. ~less(sK7,sK14,sK8) <- (15) [resolution 515,303]
893. list_ge_elem(sK7,sK13,sK8) <- (15) [resolution 573,303]
938. ! [X2 : 'list()'(sK7),X1 : sK7] : (((~list_ge_elem(sK7,X2,sK8) | list_ge_elem(sK7,filter_less(sK7,sK14,X2),sK8)) => (~list_ge_elem(sK7,'Cons'(sK7,X1,X2),sK8) | list_ge_elem(sK7,filter_less(sK7,sK14,'Cons'(sK7,X1,X2)),sK8))) & (~list_ge_elem(sK7,'Nil'(sK7),sK8) | list_ge_elem(sK7,filter_less(sK7,sK14,'Nil'(sK7)),sK8))) => ! [X6 : 'list()'(sK7)] : (~list_ge_elem(sK7,X6,sK8) | list_ge_elem(sK7,filter_less(sK7,sK14,X6),sK8)) [structural induction hypothesis (recursion)]
939. ! [X6 : 'list()'(sK7)] : (~list_ge_elem(sK7,X6,sK8) | list_ge_elem(sK7,filter_less(sK7,sK14,X6),sK8)) | ? [X2 : 'list()'(sK7),X1 : sK7] : (((list_ge_elem(sK7,'Cons'(sK7,X1,X2),sK8) & ~list_ge_elem(sK7,filter_less(sK7,sK14,'Cons'(sK7,X1,X2)),sK8)) & (~list_ge_elem(sK7,X2,sK8) | list_ge_elem(sK7,filter_less(sK7,sK14,X2),sK8))) | (list_ge_elem(sK7,'Nil'(sK7),sK8) & ~list_ge_elem(sK7,filter_less(sK7,sK14,'Nil'(sK7)),sK8))) [ennf transformation 938]
940. ~list_ge_elem(sK7,filter_less(sK7,sK14,'Nil'(sK7)),sK8) | ~list_ge_elem(sK7,filter_less(sK7,sK14,'Cons'(sK7,sK62,sK61)),sK8) | list_ge_elem(sK7,filter_less(sK7,sK14,X6),sK8) | ~list_ge_elem(sK7,X6,sK8) [cnf transformation 939]
941. ~list_ge_elem(sK7,filter_less(sK7,sK14,'Nil'(sK7)),sK8) | list_ge_elem(sK7,'Cons'(sK7,sK62,sK61),sK8) | list_ge_elem(sK7,filter_less(sK7,sK14,X6),sK8) | ~list_ge_elem(sK7,X6,sK8) [cnf transformation 939]
944. ~list_ge_elem(sK7,filter_less(sK7,sK14,'Nil'(sK7)),sK8) | list_ge_elem(sK7,filter_less(sK7,sK14,sK61),sK8) | ~list_ge_elem(sK7,sK61,sK8) | list_ge_elem(sK7,filter_less(sK7,sK14,X6),sK8) | ~list_ge_elem(sK7,X6,sK8) [cnf transformation 939]
956. ~list_ge_elem(sK7,filter_less(sK7,sK14,'Nil'(sK7)),sK8) | list_ge_elem(sK7,'Cons'(sK7,sK62,sK61),sK8) <- (~14, 15) [induction hyperresolution 297,893,941]
966. ! [X2 : 'list()'(sK7),X1 : sK7] : (((~list_ge_elem(sK7,X2,sK8) | list_ge_elem(sK7,filter_ge(sK7,sK14,X2),sK8)) => (~list_ge_elem(sK7,'Cons'(sK7,X1,X2),sK8) | list_ge_elem(sK7,filter_ge(sK7,sK14,'Cons'(sK7,X1,X2)),sK8))) & (~list_ge_elem(sK7,'Nil'(sK7),sK8) | list_ge_elem(sK7,filter_ge(sK7,sK14,'Nil'(sK7)),sK8))) => ! [X6 : 'list()'(sK7)] : (~list_ge_elem(sK7,X6,sK8) | list_ge_elem(sK7,filter_ge(sK7,sK14,X6),sK8)) [structural induction hypothesis (recursion)]
967. ! [X6 : 'list()'(sK7)] : (~list_ge_elem(sK7,X6,sK8) | list_ge_elem(sK7,filter_ge(sK7,sK14,X6),sK8)) | ? [X2 : 'list()'(sK7),X1 : sK7] : (((list_ge_elem(sK7,'Cons'(sK7,X1,X2),sK8) & ~list_ge_elem(sK7,filter_ge(sK7,sK14,'Cons'(sK7,X1,X2)),sK8)) & (~list_ge_elem(sK7,X2,sK8) | list_ge_elem(sK7,filter_ge(sK7,sK14,X2),sK8))) | (list_ge_elem(sK7,'Nil'(sK7),sK8) & ~list_ge_elem(sK7,filter_ge(sK7,sK14,'Nil'(sK7)),sK8))) [ennf transformation 966]
968. ~list_ge_elem(sK7,filter_ge(sK7,sK14,'Nil'(sK7)),sK8) | ~list_ge_elem(sK7,filter_ge(sK7,sK14,'Cons'(sK7,sK66,sK65)),sK8) | list_ge_elem(sK7,filter_ge(sK7,sK14,X6),sK8) | ~list_ge_elem(sK7,X6,sK8) [cnf transformation 967]
969. ~list_ge_elem(sK7,filter_ge(sK7,sK14,'Nil'(sK7)),sK8) | list_ge_elem(sK7,'Cons'(sK7,sK66,sK65),sK8) | list_ge_elem(sK7,filter_ge(sK7,sK14,X6),sK8) | ~list_ge_elem(sK7,X6,sK8) [cnf transformation 967]
972. ~list_ge_elem(sK7,filter_ge(sK7,sK14,'Nil'(sK7)),sK8) | list_ge_elem(sK7,filter_ge(sK7,sK14,sK65),sK8) | ~list_ge_elem(sK7,sK65,sK8) | list_ge_elem(sK7,filter_ge(sK7,sK14,X6),sK8) | ~list_ge_elem(sK7,X6,sK8) [cnf transformation 967]
984. ~list_ge_elem(sK7,filter_ge(sK7,sK14,'Nil'(sK7)),sK8) | list_ge_elem(sK7,'Cons'(sK7,sK66,sK65),sK8) <- (~12, 15) [induction hyperresolution 286,893,969]
988. ~list_ge_elem(sK7,'Nil'(sK7),sK8) | list_ge_elem(sK7,'Cons'(sK7,sK66,sK65),sK8) <- (~12, 15) [forward demodulation 984,153]
989. list_ge_elem(sK7,'Cons'(sK7,sK66,sK65),sK8) <- (~12, 15) [subsumption resolution 988,424]
993. 59 <=> list_ge_elem(sK7,sK65,sK8) [avatar definition]
997. 60 <=> list_ge_elem(sK7,filter_ge(sK7,sK14,sK65),sK8) [avatar definition]
999. list_ge_elem(sK7,filter_ge(sK7,sK14,sK65),sK8) <- (60) [avatar component clause 997]
1018. ~list_ge_elem(sK7,'Nil'(sK7),sK8) | list_ge_elem(sK7,'Cons'(sK7,sK62,sK61),sK8) <- (~14, 15) [forward demodulation 956,151]
1019. list_ge_elem(sK7,'Cons'(sK7,sK62,sK61),sK8) <- (~14, 15) [subsumption resolution 1018,424]
1023. 63 <=> list_ge_elem(sK7,sK61,sK8) [avatar definition]
1027. 64 <=> list_ge_elem(sK7,filter_less(sK7,sK14,sK61),sK8) [avatar definition]
1029. list_ge_elem(sK7,filter_less(sK7,sK14,sK61),sK8) <- (64) [avatar component clause 1027]
2036. ~list_ge_elem(sK7,filter_ge(sK7,sK14,'Nil'(sK7)),sK8) | list_ge_elem(sK7,filter_ge(sK7,sK14,sK65),sK8) | ~list_ge_elem(sK7,sK65,sK8) <- (~12, 15) [induction hyperresolution 893,286,972]
2055. ~list_ge_elem(sK7,filter_less(sK7,sK14,'Nil'(sK7)),sK8) | list_ge_elem(sK7,filter_less(sK7,sK14,sK61),sK8) | ~list_ge_elem(sK7,sK61,sK8) <- (~14, 15) [induction hyperresolution 893,297,944]
2182. list_ge_elem(sK7,sK65,sK8) <- (~12, 15) [resolution 989,573]
2218. 59 | 12 | ~15 [avatar split clause 2182,301,284,993]
2219. ~list_ge_elem(sK7,'Nil'(sK7),sK8) | list_ge_elem(sK7,filter_ge(sK7,sK14,sK65),sK8) | ~list_ge_elem(sK7,sK65,sK8) <- (~12, 15) [forward demodulation 2036,153]
2220. list_ge_elem(sK7,filter_ge(sK7,sK14,sK65),sK8) | ~list_ge_elem(sK7,sK65,sK8) <- (~12, 15) [subsumption resolution 2219,424]
2221. ~59 | 60 | 12 | ~15 [avatar split clause 2220,301,284,997,993]
2248. less(sK7,sK14,sK8) | ~list_ge_elem(sK7,quicksort(sK7,filter_less(sK7,sK14,sK13)),sK8) | list_ge_elem(sK7,quicksort(sK7,'Cons'(sK7,sK14,sK13)),sK8) <- (11) [resolution 282,851]
2249. ~list_ge_elem(sK7,quicksort(sK7,filter_less(sK7,sK14,sK13)),sK8) | list_ge_elem(sK7,quicksort(sK7,'Cons'(sK7,sK14,sK13)),sK8) <- (11, 15) [subsumption resolution 2248,888]
2250. ~list_ge_elem(sK7,quicksort(sK7,filter_less(sK7,sK14,sK13)),sK8) <- (11, 15, ~16) [subsumption resolution 2249,308]
2251. ~13 | ~11 | ~15 | 16 [avatar split clause 2250,306,301,280,291]
2252. list_ge_elem(sK7,sK61,sK8) <- (~14, 15) [resolution 1019,573]
2288. 63 | 14 | ~15 [avatar split clause 2252,301,295,1023]
2289. ~list_ge_elem(sK7,'Nil'(sK7),sK8) | list_ge_elem(sK7,filter_less(sK7,sK14,sK61),sK8) | ~list_ge_elem(sK7,sK61,sK8) <- (~14, 15) [forward demodulation 2055,151]
2290. list_ge_elem(sK7,filter_less(sK7,sK14,sK61),sK8) | ~list_ge_elem(sK7,sK61,sK8) <- (~14, 15) [subsumption resolution 2289,424]
2291. ~63 | 64 | 14 | ~15 [avatar split clause 2290,301,295,1027,1023]
2476. ~list_ge_elem(sK7,filter_ge(sK7,sK14,'Nil'(sK7)),sK8) | list_ge_elem(sK7,'Cons'(sK7,sK66,sK65),sK8) <- (~12, 15) [induction hyperresolution 893,286,969]
2477. ~list_ge_elem(sK7,filter_ge(sK7,sK14,'Nil'(sK7)),sK8) | ~list_ge_elem(sK7,filter_ge(sK7,sK14,'Cons'(sK7,sK66,sK65)),sK8) <- (~12, 15) [induction hyperresolution 893,286,968]
2488. ~list_ge_elem(sK7,'Nil'(sK7),sK8) | ~list_ge_elem(sK7,filter_ge(sK7,sK14,'Cons'(sK7,sK66,sK65)),sK8) <- (~12, 15) [forward demodulation 2477,153]
2489. ~list_ge_elem(sK7,filter_ge(sK7,sK14,'Cons'(sK7,sK66,sK65)),sK8) <- (~12, 15) [subsumption resolution 2488,424]
2494. ~list_ge_elem(sK7,'Nil'(sK7),sK8) | list_ge_elem(sK7,'Cons'(sK7,sK66,sK65),sK8) <- (~12, 15) [forward demodulation 2476,153]
2495. list_ge_elem(sK7,'Cons'(sK7,sK66,sK65),sK8) <- (~12, 15) [subsumption resolution 2494,424]
2642. ~list_ge_elem(sK7,filter_less(sK7,sK14,'Nil'(sK7)),sK8) | list_ge_elem(sK7,'Cons'(sK7,sK62,sK61),sK8) <- (~14, 15) [induction hyperresolution 893,297,941]
2643. ~list_ge_elem(sK7,filter_less(sK7,sK14,'Nil'(sK7)),sK8) | ~list_ge_elem(sK7,filter_less(sK7,sK14,'Cons'(sK7,sK62,sK61)),sK8) <- (~14, 15) [induction hyperresolution 893,297,940]
2656. ~list_ge_elem(sK7,'Nil'(sK7),sK8) | ~list_ge_elem(sK7,filter_less(sK7,sK14,'Cons'(sK7,sK62,sK61)),sK8) <- (~14, 15) [forward demodulation 2643,151]
2657. ~list_ge_elem(sK7,filter_less(sK7,sK14,'Cons'(sK7,sK62,sK61)),sK8) <- (~14, 15) [subsumption resolution 2656,424]
2659. ~list_ge_elem(sK7,'Nil'(sK7),sK8) | list_ge_elem(sK7,'Cons'(sK7,sK62,sK61),sK8) <- (~14, 15) [forward demodulation 2642,151]
2660. list_ge_elem(sK7,'Cons'(sK7,sK62,sK61),sK8) <- (~14, 15) [subsumption resolution 2659,424]
2856. ~list_ge_elem(sK7,quicksort(sK7,'Nil'(sK7)),sK8) | ~list_ge_elem(sK7,filter_ge(sK7,sK14,sK13),sK8) | list_ge_elem(sK7,quicksort(sK7,filter_ge(sK7,sK14,sK13)),sK8) <- (15, ~16) [induction hyperresolution 303,308,176]
4449. ~less(sK7,sK66,sK8) <- (~12, 15) [resolution 2495,515]
10616. ~list_ge_elem(sK7,filter_ge(sK7,sK14,sK65),sK8) | 'Cons'(sK7,sK66,filter_ge(sK7,sK14,X3)) = filter_ge(sK7,sK14,'Cons'(sK7,sK66,X3)) <- (~12, 15) [superposition 2489,784]
10646. ~list_ge_elem(sK7,filter_ge(sK7,sK14,'Nil'(sK7)),sK8) | ~list_ge_elem(sK7,filter_ge(sK7,sK14,'Cons'(sK7,sK66,sK65)),sK8) <- (~12, 15) [induction hyperresolution 2495,2489,968]
10662. 400 <=> list_ge_elem(sK7,'Cons'(sK7,sK66,filter_ge(sK7,sK14,sK65)),sK8) [avatar definition]
10664. ~list_ge_elem(sK7,'Cons'(sK7,sK66,filter_ge(sK7,sK14,sK65)),sK8) <- (~400) [avatar component clause 10662]
10673. 'Cons'(sK7,sK66,filter_ge(sK7,sK14,X3)) = filter_ge(sK7,sK14,'Cons'(sK7,sK66,X3)) <- (~12, 15, 60) [subsumption resolution 10616,999]
10708. ~list_ge_elem(sK7,'Nil'(sK7),sK8) | ~list_ge_elem(sK7,filter_ge(sK7,sK14,'Cons'(sK7,sK66,sK65)),sK8) <- (~12, 15) [forward demodulation 10646,153]
10709. ~list_ge_elem(sK7,filter_ge(sK7,sK14,'Cons'(sK7,sK66,sK65)),sK8) <- (~12, 15) [subsumption resolution 10708,424]
10710. ~list_ge_elem(sK7,'Cons'(sK7,sK66,filter_ge(sK7,sK14,sK65)),sK8) <- (~12, 15, 60) [forward demodulation 10709,10673]
10711. ~400 | 12 | ~15 | ~60 [avatar split clause 10710,997,301,284,10662]
11032. ~list_ge_elem(sK7,filter_less(sK7,sK14,sK61),sK8) | 'Cons'(sK7,sK62,filter_less(sK7,sK14,X2)) = filter_less(sK7,sK14,'Cons'(sK7,sK62,X2)) <- (~14, 15) [superposition 2657,705]
11063. ~list_ge_elem(sK7,filter_less(sK7,sK14,'Nil'(sK7)),sK8) | ~list_ge_elem(sK7,filter_less(sK7,sK14,'Cons'(sK7,sK62,sK61)),sK8) <- (~14, 15) [induction hyperresolution 2660,2657,940]
11083. 433 <=> list_ge_elem(sK7,'Cons'(sK7,sK62,filter_less(sK7,sK14,sK61)),sK8) [avatar definition]
11085. ~list_ge_elem(sK7,'Cons'(sK7,sK62,filter_less(sK7,sK14,sK61)),sK8) <- (~433) [avatar component clause 11083]
11087. 'Cons'(sK7,sK62,filter_less(sK7,sK14,X2)) = filter_less(sK7,sK14,'Cons'(sK7,sK62,X2)) <- (~14, 15, 64) [subsumption resolution 11032,1029]
11130. ~list_ge_elem(sK7,'Nil'(sK7),sK8) | ~list_ge_elem(sK7,filter_less(sK7,sK14,'Cons'(sK7,sK62,sK61)),sK8) <- (~14, 15) [forward demodulation 11063,151]
11131. ~list_ge_elem(sK7,filter_less(sK7,sK14,'Cons'(sK7,sK62,sK61)),sK8) <- (~14, 15) [subsumption resolution 11130,424]
11132. ~list_ge_elem(sK7,'Cons'(sK7,sK62,filter_less(sK7,sK14,sK61)),sK8) <- (~14, 15, 64) [forward demodulation 11131,11087]
11133. ~433 | 14 | ~15 | ~64 [avatar split clause 11132,1027,301,295,11083]
80224. ~list_ge_elem(sK7,quicksort(sK7,'Nil'(sK7)),sK8) | ~list_ge_elem(sK7,filter_less(sK7,sK14,sK13),sK8) | list_ge_elem(sK7,quicksort(sK7,filter_less(sK7,sK14,sK13)),sK8) <- (17, ~18) [induction hyperresolution 318,324,178]
85372. ~list_ge_elem(sK7,filter_ge(sK7,sK14,sK65),sK8) | less(sK7,sK66,sK8) <- (~400) [resolution 10664,599]
85413. less(sK7,sK66,sK8) <- (60, ~400) [subsumption resolution 85372,999]
85526. $false <- (~12, 15, 60, ~400) [subsumption resolution 4449,85413]
85527. 12 | ~15 | ~60 | 400 [avatar contradiction clause 85526]
85825. ~list_ge_elem(sK7,'Nil'(sK7),sK8) | ~list_ge_elem(sK7,filter_ge(sK7,sK14,sK13),sK8) | list_ge_elem(sK7,quicksort(sK7,filter_ge(sK7,sK14,sK13)),sK8) <- (15, ~16) [forward demodulation 2856,161]
85826. ~list_ge_elem(sK7,filter_ge(sK7,sK14,sK13),sK8) | list_ge_elem(sK7,quicksort(sK7,filter_ge(sK7,sK14,sK13)),sK8) <- (15, ~16) [subsumption resolution 85825,424]
85827. 11 | ~12 | ~15 | 16 [avatar split clause 85826,306,301,284,280]
85900. ~list_ge_elem(sK7,'Nil'(sK7),sK8) | ~list_ge_elem(sK7,filter_less(sK7,sK14,sK13),sK8) | list_ge_elem(sK7,quicksort(sK7,filter_less(sK7,sK14,sK13)),sK8) <- (17, ~18) [forward demodulation 80224,161]
85901. ~list_ge_elem(sK7,filter_less(sK7,sK14,sK13),sK8) | list_ge_elem(sK7,quicksort(sK7,filter_less(sK7,sK14,sK13)),sK8) <- (17, ~18) [subsumption resolution 85900,424]
85902. 13 | ~14 | ~17 | 18 [avatar split clause 85901,322,316,295,291]
85961. ~list_ge_elem(sK7,filter_less(sK7,sK14,'Nil'(sK7)),sK8) | list_ge_elem(sK7,'Cons'(sK7,sK62,sK61),sK8) <- (~14, 15) [induction hyperresolution 893,297,941]
85979. ~list_ge_elem(sK7,'Nil'(sK7),sK8) | list_ge_elem(sK7,'Cons'(sK7,sK62,sK61),sK8) <- (~14, 15) [forward demodulation 85961,151]
85980. list_ge_elem(sK7,'Cons'(sK7,sK62,sK61),sK8) <- (~14, 15) [subsumption resolution 85979,424]
86395. ~less(sK7,sK62,sK8) <- (~14, 15) [resolution 85980,515]
88799. ~list_ge_elem(sK7,filter_less(sK7,sK14,sK61),sK8) | less(sK7,sK62,sK8) <- (~433) [resolution 11085,599]
88864. less(sK7,sK62,sK8) <- (64, ~433) [subsumption resolution 88799,1029]
88987. $false <- (~14, 15, 64, ~433) [subsumption resolution 86395,88864]
88988. 14 | ~15 | ~64 | 433 [avatar contradiction clause 88987]
88997. $false [avatar sat refutation 311,313,319,325,427,2218,2221,2251,2288,2291,10711,11133,85527,85827,85902,88988]
% SZS output end Proof for lemma4
% (54427)------------------------------
% (54427)Version: Vampire 4.7 (commit )
% (54427)Linked with Z3 4.9.1.0  NOTFOUND
% (54427)Termination reason: Refutation

% (54427)Memory used [KB]: 69082
% (54427)Time elapsed: 7.134 s
% (54427)------------------------------
% (54427)------------------------------
% (54414)Success in time 6.778 s
