% (45366)lrs+10_1_ind=struct:sos=theory:sstl=1:drc=encompass:sp=occurrence:to=lpo:sik=recursion:nui=off:indoct=off:indao=on:urr=off_89 on conjecture for (89ds/0Mi)
% (45367)lrs+10_1_ind=struct:sos=theory:sstl=1:drc=encompass:sp=occurrence:to=lpo:sik=recursion:nui=off:indoct=off:indao=on:urr=on_89 on conjecture for (89ds/0Mi)
% (45368)lrs+10_1_ind=struct:sos=theory:sstl=1:drc=encompass:sp=occurrence:to=lpo:sik=recursion:nui=off:indoct=off:indao=off:urr=off_89 on conjecture for (89ds/0Mi)
% (45369)lrs+10_1_ind=struct:sos=theory:sstl=1:drc=encompass:sp=occurrence:to=lpo:sik=recursion:nui=off:indoct=off:indao=off:urr=on_89 on conjecture for (89ds/0Mi)
% (45371)lrs+10_1_ind=struct:sos=theory:sstl=1:drc=encompass:sp=occurrence:to=lpo:sik=recursion:nui=off:indoct=on:indao=on:urr=on_89 on conjecture for (89ds/0Mi)
% (45370)lrs+10_1_ind=struct:sos=theory:sstl=1:drc=encompass:sp=occurrence:to=lpo:sik=recursion:nui=off:indoct=on:indao=on:urr=off_89 on conjecture for (89ds/0Mi)
% (45375)lrs+10_1_ind=struct:sos=theory:sstl=1:drc=encompass:sp=occurrence:to=lpo:sik=recursion:nui=on:indoct=off:indao=on:urr=on_89 on conjecture for (89ds/0Mi)
% (45373)lrs+10_1_ind=struct:sos=theory:sstl=1:drc=encompass:sp=occurrence:to=lpo:sik=recursion:nui=off:indoct=on:indao=off:urr=on_89 on conjecture for (89ds/0Mi)
% (45372)lrs+10_1_ind=struct:sos=theory:sstl=1:drc=encompass:sp=occurrence:to=lpo:sik=recursion:nui=off:indoct=on:indao=off:urr=off_89 on conjecture for (89ds/0Mi)
% (45374)lrs+10_1_ind=struct:sos=theory:sstl=1:drc=encompass:sp=occurrence:to=lpo:sik=recursion:nui=on:indoct=off:indao=on:urr=off_89 on conjecture for (89ds/0Mi)
% (45378)lrs+10_1_ind=struct:sos=theory:sstl=1:drc=encompass:sp=occurrence:to=lpo:sik=recursion:nui=on:indoct=on:indao=on:urr=off_89 on conjecture for (89ds/0Mi)
% (45379)lrs+10_1_ind=struct:sos=theory:sstl=1:drc=encompass:sp=occurrence:to=lpo:sik=recursion:nui=on:indoct=on:indao=on:urr=on_89 on conjecture for (89ds/0Mi)
% (45377)lrs+10_1_ind=struct:sos=theory:sstl=1:drc=encompass:sp=occurrence:to=lpo:sik=recursion:nui=on:indoct=off:indao=off:urr=on_89 on conjecture for (89ds/0Mi)
% (45376)lrs+10_1_ind=struct:sos=theory:sstl=1:drc=encompass:sp=occurrence:to=lpo:sik=recursion:nui=on:indoct=off:indao=off:urr=off_89 on conjecture for (89ds/0Mi)
% (45369)First to succeed.
% (45369)Refutation found. Thanks to Tanya!
% SZS status Unsatisfiable for conjecture
% SZS output start Proof for conjecture
6. (list_ge_elem(X0,X1,X2) = $match(X1,'Nil'(X0),$true,'Cons'(X0,X3,X4),~less(X0,X3,X2) & list_ge_elem(X0,X4,X2))) [input]
7. (sorted(X0,X1) = $match(X1,'Nil'(X0),$true,'Cons'(X0,X2,X3),list_ge_elem(X0,X3,X2) & sorted(X0,X3))) [input]
8. len(X0,X1) = $match(X1,'Nil'(X0),zero,'Cons'(X0,X2,X3),s(len(X0,X3))) [input]
9. div2(X0) = $match(X0,zero,zero,s(X1),$match(X1,zero,zero,s(X2),s(div2(X2)))) [input]
11. take(X0,X1,X2) = $match(X1,zero,'Nil'(X0),s(X3),$match(X2,'Nil'(X0),'Nil'(X0),'Cons'(X0,X4,X5),'Cons'(X0,X4,take(X0,X3,X5)))) [input]
12. drop(X0,X1,X2) = $match(X1,zero,X2,s(X3),$match(X2,'Nil'(X0),'Nil'(X0),'Cons'(X0,X4,X5),drop(X0,X3,X5))) [input]
13. mergesort(X0,X1) = $match(X1,'Nil'(X0),'Nil'(X0),'Cons'(X0,X2,X3),$ite('Nil'(X0) = X3, X1,merge(X0,mergesort(X0,take(X0,div2(len(X0,X1)),X1)),mergesort(X0,drop(X0,div2(len(X0,X1)),X1))))) [input]
14. ! [X0 : $tType] : ! [X2 : 'list()'(X0),X1 : 'list()'(X0)] : ((sorted(X0,X1) & sorted(X0,X2)) => sorted(X0,merge(X0,X1,X2))) [input]
15. ! [X0 : $tType] : ! [X1 : 'list()'(X0)] : sorted(X0,mergesort(X0,X1)) [input]
16. ~! [X0 : $tType] : ! [X1 : 'list()'(X0)] : sorted(X0,mergesort(X0,X1)) [negated conjecture 15]
17. 'Cons'(X1,'Cons_0'(X1,X0),'Cons_1'(X1,X0)) = X0 | 'Nil'(X1) = X0 [term algebras exhaustiveness]
21. s(s_0(X0)) = X0 | zero = X0 [term algebras exhaustiveness]
22. zero != s(X0) [term algebras distinctness]
26. ! [X3 : 'list()'(X0),X2 : X0,X1 : 'list()'(X0),X0 : $tType] : mergesort(X0,X1) = $match(X1,'Nil'(X0),'Nil'(X0),'Cons'(X0,X2,X3),$ite('Nil'(X0) = X3, X1,merge(X0,mergesort(X0,take(X0,div2(len(X0,X1)),X1)),mergesort(X0,drop(X0,div2(len(X0,X1)),X1))))) [closure 13]
27. ! [X0 : $tType,X3 : 'list()'(X0),X1 : 'list()'(X0),X2 : X0] : ('Nil'(X0) = X1 => 'Nil'(X0) = mG0(X0,X3,X1,X2)) [fool $match elimination 26]
28. ! [X0 : $tType,X3 : 'list()'(X0),X1 : 'list()'(X0)] : ('Nil'(X0) = X3 => iG1(X0,X3,X1) = X1) [fool $ite elimination 26]
29. ! [X0 : $tType,X3 : 'list()'(X0),X1 : 'list()'(X0)] : (~'Nil'(X0) = X3 => merge(X0,mergesort(X0,take(X0,div2(len(X0,X1)),X1)),mergesort(X0,drop(X0,div2(len(X0,X1)),X1))) = iG1(X0,X3,X1)) [fool $ite elimination 26]
30. ! [X0 : $tType,X3 : 'list()'(X0),X1 : 'list()'(X0),X2 : X0] : ('Cons'(X0,X2,X3) = X1 => mG0(X0,X3,X1,X2) = iG1(X0,X3,X1)) [fool $match elimination 26]
31. ! [X3 : 'list()'(X0),X2 : X0,X1 : 'list()'(X0),X0 : $tType] : mergesort(X0,X1) = mG0(X0,X3,X1,X2) [fool elimination 26]
32. ! [X5 : 'list()'(X0),X4 : X0,X3 : 'nat()',X2 : 'list()'(X0),X1 : 'nat()',X0 : $tType] : drop(X0,X1,X2) = $match(X1,zero,X2,s(X3),$match(X2,'Nil'(X0),'Nil'(X0),'Cons'(X0,X4,X5),drop(X0,X3,X5))) [closure 12]
35. ! [X0 : $tType,X5 : 'list()'(X0),X3 : 'nat()',X4 : X0,X2 : 'list()'(X0)] : ('Cons'(X0,X4,X5) = X2 => drop(X0,X3,X5) = mG3(X0,X5,X3,X4,X2)) [fool $match elimination 32]
36. ! [X0 : $tType,X5 : 'list()'(X0),X3 : 'nat()',X4 : X0,X2 : 'list()'(X0),X1 : 'nat()'] : (s(X3) = X1 => mG2(X0,X5,X3,X4,X2,X1) = mG3(X0,X5,X3,X4,X2)) [fool $match elimination 32]
37. ! [X5 : 'list()'(X0),X4 : X0,X3 : 'nat()',X2 : 'list()'(X0),X1 : 'nat()',X0 : $tType] : drop(X0,X1,X2) = mG2(X0,X5,X3,X4,X2,X1) [fool elimination 32]
38. ! [X5 : 'list()'(X0),X4 : X0,X3 : 'nat()',X2 : 'list()'(X0),X1 : 'nat()',X0 : $tType] : take(X0,X1,X2) = $match(X1,zero,'Nil'(X0),s(X3),$match(X2,'Nil'(X0),'Nil'(X0),'Cons'(X0,X4,X5),'Cons'(X0,X4,take(X0,X3,X5)))) [closure 11]
41. ! [X0 : $tType,X5 : 'list()'(X0),X3 : 'nat()',X4 : X0,X2 : 'list()'(X0)] : ('Cons'(X0,X4,X5) = X2 => 'Cons'(X0,X4,take(X0,X3,X5)) = mG5(X0,X5,X3,X4,X2)) [fool $match elimination 38]
42. ! [X0 : $tType,X5 : 'list()'(X0),X3 : 'nat()',X4 : X0,X2 : 'list()'(X0),X1 : 'nat()'] : (s(X3) = X1 => mG4(X0,X5,X3,X4,X2,X1) = mG5(X0,X5,X3,X4,X2)) [fool $match elimination 38]
43. ! [X5 : 'list()'(X0),X4 : X0,X3 : 'nat()',X2 : 'list()'(X0),X1 : 'nat()',X0 : $tType] : take(X0,X1,X2) = mG4(X0,X5,X3,X4,X2,X1) [fool elimination 38]
52. ! [X2 : 'nat()',X1 : 'nat()',X0 : 'nat()'] : div2(X0) = $match(X0,zero,zero,s(X1),$match(X1,zero,zero,s(X2),s(div2(X2)))) [closure 9]
55. ! [X2 : 'nat()',X1 : 'nat()'] : (s(X2) = X1 => s(div2(X2)) = mG10(X2,X1)) [fool $match elimination 52]
56. ! [X2 : 'nat()',X1 : 'nat()',X0 : 'nat()'] : (s(X1) = X0 => mG9(X2,X1,X0) = mG10(X2,X1)) [fool $match elimination 52]
57. ! [X2 : 'nat()',X1 : 'nat()',X0 : 'nat()'] : div2(X0) = mG9(X2,X1,X0) [fool elimination 52]
58. ! [X3 : 'list()'(X0),X2 : X0,X1 : 'list()'(X0),X0 : $tType] : len(X0,X1) = $match(X1,'Nil'(X0),zero,'Cons'(X0,X2,X3),s(len(X0,X3))) [closure 8]
60. ! [X0 : $tType,X3 : 'list()'(X0),X2 : X0,X1 : 'list()'(X0)] : ('Cons'(X0,X2,X3) = X1 => s(len(X0,X3)) = mG11(X0,X3,X2,X1)) [fool $match elimination 58]
61. ! [X3 : 'list()'(X0),X2 : X0,X1 : 'list()'(X0),X0 : $tType] : len(X0,X1) = mG11(X0,X3,X2,X1) [fool elimination 58]
62. ! [X3 : 'list()'(X0),X2 : X0,X1 : 'list()'(X0),X0 : $tType] : (sorted(X0,X1) = $match(X1,'Nil'(X0),$true,'Cons'(X0,X2,X3),list_ge_elem(X0,X3,X2) & sorted(X0,X3))) [closure 7]
63. ! [X0 : $tType,X2 : X0,X3 : 'list()'(X0),X1 : 'list()'(X0)] : ('Nil'(X0) = X1 => (mG12(X0,X2,X3,X1) <=> $true)) [fool $match elimination 62]
64. ! [X0 : $tType,X2 : X0,X3 : 'list()'(X0),X1 : 'list()'(X0)] : ('Cons'(X0,X2,X3) = X1 => (mG12(X0,X2,X3,X1) <=> (list_ge_elem(X0,X3,X2) & sorted(X0,X3)))) [fool $match elimination 62]
65. ! [X3 : 'list()'(X0),X2 : X0,X1 : 'list()'(X0),X0 : $tType] : (sorted(X0,X1) <=> mG12(X0,X2,X3,X1)) [fool elimination 62]
66. ! [X4 : 'list()'(X0),X3 : X0,X2 : X0,X1 : 'list()'(X0),X0 : $tType] : (list_ge_elem(X0,X1,X2) = $match(X1,'Nil'(X0),$true,'Cons'(X0,X3,X4),~less(X0,X3,X2) & list_ge_elem(X0,X4,X2))) [closure 6]
67. ! [X0 : $tType,X2 : X0,X3 : X0,X4 : 'list()'(X0),X1 : 'list()'(X0)] : ('Nil'(X0) = X1 => (mG13(X0,X2,X3,X4,X1) <=> $true)) [fool $match elimination 66]
69. ! [X4 : 'list()'(X0),X3 : X0,X2 : X0,X1 : 'list()'(X0),X0 : $tType] : (list_ge_elem(X0,X1,X2) <=> mG13(X0,X2,X3,X4,X1)) [fool elimination 66]
74. ! [X0 : $tType,X1 : X0,X2 : X0,X3 : 'list()'(X0),X4 : 'list()'(X0)] : ('Nil'(X0) = X4 => (mG13(X0,X1,X2,X3,X4) <=> $true)) [rectify 67]
75. ! [X0 : $tType,X1 : X0,X2 : X0,X3 : 'list()'(X0),X4 : 'list()'(X0)] : ('Nil'(X0) = X4 => mG13(X0,X1,X2,X3,X4)) [true and false elimination 74]
76. ! [X0 : $tType,X1 : X0,X2 : 'list()'(X0),X3 : 'list()'(X0)] : ('Cons'(X0,X1,X2) = X3 => (mG12(X0,X1,X2,X3) <=> (list_ge_elem(X0,X2,X1) & sorted(X0,X2)))) [rectify 64]
77. ! [X0 : $tType,X1 : X0,X2 : 'list()'(X0),X3 : 'list()'(X0)] : ('Nil'(X0) = X3 => (mG12(X0,X1,X2,X3) <=> $true)) [rectify 63]
78. ! [X0 : $tType,X1 : X0,X2 : 'list()'(X0),X3 : 'list()'(X0)] : ('Nil'(X0) = X3 => mG12(X0,X1,X2,X3)) [true and false elimination 77]
79. ! [X0 : $tType,X1 : 'list()'(X0),X2 : X0,X3 : 'list()'(X0)] : ('Cons'(X0,X2,X1) = X3 => s(len(X0,X1)) = mG11(X0,X1,X2,X3)) [rectify 60]
81. ! [X0 : 'nat()',X1 : 'nat()',X2 : 'nat()'] : (s(X1) = X2 => mG9(X0,X1,X2) = mG10(X0,X1)) [rectify 56]
82. ! [X0 : 'nat()',X1 : 'nat()'] : (s(X0) = X1 => mG10(X0,X1) = s(div2(X0))) [rectify 55]
92. ! [X0 : $tType,X1 : 'list()'(X0),X2 : 'nat()',X3 : X0,X4 : 'list()'(X0),X5 : 'nat()'] : (s(X2) = X5 => mG4(X0,X1,X2,X3,X4,X5) = mG5(X0,X1,X2,X3,X4)) [rectify 42]
93. ! [X0 : $tType,X1 : 'list()'(X0),X2 : 'nat()',X3 : X0,X4 : 'list()'(X0)] : ('Cons'(X0,X3,X1) = X4 => mG5(X0,X1,X2,X3,X4) = 'Cons'(X0,X3,take(X0,X2,X1))) [rectify 41]
96. ! [X0 : $tType,X1 : 'list()'(X0),X2 : 'nat()',X3 : X0,X4 : 'list()'(X0),X5 : 'nat()'] : (s(X2) = X5 => mG2(X0,X1,X2,X3,X4,X5) = mG3(X0,X1,X2,X3,X4)) [rectify 36]
97. ! [X0 : $tType,X1 : 'list()'(X0),X2 : 'nat()',X3 : X0,X4 : 'list()'(X0)] : ('Cons'(X0,X3,X1) = X4 => mG3(X0,X1,X2,X3,X4) = drop(X0,X2,X1)) [rectify 35]
100. ! [X0 : $tType,X1 : 'list()'(X0),X2 : 'list()'(X0),X3 : X0] : ('Cons'(X0,X3,X1) = X2 => mG0(X0,X1,X2,X3) = iG1(X0,X1,X2)) [rectify 30]
101. ! [X0 : $tType,X1 : 'list()'(X0),X2 : 'list()'(X0)] : (~'Nil'(X0) = X1 => iG1(X0,X1,X2) = merge(X0,mergesort(X0,take(X0,div2(len(X0,X2)),X2)),mergesort(X0,drop(X0,div2(len(X0,X2)),X2)))) [rectify 29]
102. ! [X0 : $tType,X1 : 'list()'(X0),X2 : 'list()'(X0)] : ('Nil'(X0) != X1 => iG1(X0,X1,X2) = merge(X0,mergesort(X0,take(X0,div2(len(X0,X2)),X2)),mergesort(X0,drop(X0,div2(len(X0,X2)),X2)))) [flattening 101]
103. ! [X0 : $tType,X1 : 'list()'(X0),X2 : 'list()'(X0)] : ('Nil'(X0) = X1 => iG1(X0,X1,X2) = X2) [rectify 28]
104. ! [X0 : $tType,X1 : 'list()'(X0),X2 : 'list()'(X0),X3 : X0] : ('Nil'(X0) = X2 => 'Nil'(X0) = mG0(X0,X1,X2,X3)) [rectify 27]
105. ~! [X0 : $tType,X1 : 'list()'(X0)] : sorted(X0,mergesort(X0,X1)) [flattening 16]
106. ! [X0 : $tType] : ! [X1 : 'list()'(X0),X2 : 'list()'(X0)] : ((sorted(X0,X2) & sorted(X0,X1)) => sorted(X0,merge(X0,X2,X1))) [rectify 14]
107. ! [X0 : $tType,X1 : 'list()'(X0),X2 : 'list()'(X0)] : ((sorted(X0,X2) & sorted(X0,X1)) => sorted(X0,merge(X0,X2,X1))) [flattening 106]
108. ! [X0 : 'list()'(X3),X1 : X3,X2 : 'list()'(X3),X3 : $tType] : mergesort(X3,X2) = mG0(X3,X0,X2,X1) [rectify 31]
109. ! [X0 : 'list()'(X5),X1 : X5,X2 : 'nat()',X3 : 'list()'(X5),X4 : 'nat()',X5 : $tType] : drop(X5,X4,X3) = mG2(X5,X0,X2,X1,X3,X4) [rectify 37]
110. ! [X0 : 'list()'(X5),X1 : X5,X2 : 'nat()',X3 : 'list()'(X5),X4 : 'nat()',X5 : $tType] : take(X5,X4,X3) = mG4(X5,X0,X2,X1,X3,X4) [rectify 43]
112. ! [X0 : 'nat()',X1 : 'nat()',X2 : 'nat()'] : div2(X2) = mG9(X0,X1,X2) [rectify 57]
113. ! [X0 : 'list()'(X3),X1 : X3,X2 : 'list()'(X3),X3 : $tType] : len(X3,X2) = mG11(X3,X0,X1,X2) [rectify 61]
114. ! [X0 : 'list()'(X3),X1 : X3,X2 : 'list()'(X3),X3 : $tType] : (sorted(X3,X2) <=> mG12(X3,X1,X0,X2)) [rectify 65]
115. ! [X0 : 'list()'(X4),X1 : X4,X2 : X4,X3 : 'list()'(X4),X4 : $tType] : (list_ge_elem(X4,X3,X2) <=> mG13(X4,X2,X1,X0,X3)) [rectify 69]
126. ! [X0 : $tType,X1 : X0,X2 : X0,X3 : 'list()'(X0),X4 : 'list()'(X0)] : (mG13(X0,X1,X2,X3,X4) | 'Nil'(X0) != X4) [ennf transformation 75]
127. ! [X0 : $tType,X1 : X0,X2 : 'list()'(X0),X3 : 'list()'(X0)] : ((mG12(X0,X1,X2,X3) <=> (list_ge_elem(X0,X2,X1) & sorted(X0,X2))) | 'Cons'(X0,X1,X2) != X3) [ennf transformation 76]
128. ! [X0 : $tType,X1 : X0,X2 : 'list()'(X0),X3 : 'list()'(X0)] : (mG12(X0,X1,X2,X3) | 'Nil'(X0) != X3) [ennf transformation 78]
129. ! [X0 : $tType,X1 : 'list()'(X0),X2 : X0,X3 : 'list()'(X0)] : (s(len(X0,X1)) = mG11(X0,X1,X2,X3) | 'Cons'(X0,X2,X1) != X3) [ennf transformation 79]
131. ! [X0 : 'nat()',X1 : 'nat()',X2 : 'nat()'] : (mG9(X0,X1,X2) = mG10(X0,X1) | s(X1) != X2) [ennf transformation 81]
132. ! [X0 : 'nat()',X1 : 'nat()'] : (mG10(X0,X1) = s(div2(X0)) | s(X0) != X1) [ennf transformation 82]
141. ! [X0 : $tType,X1 : 'list()'(X0),X2 : 'nat()',X3 : X0,X4 : 'list()'(X0),X5 : 'nat()'] : (mG4(X0,X1,X2,X3,X4,X5) = mG5(X0,X1,X2,X3,X4) | s(X2) != X5) [ennf transformation 92]
142. ! [X0 : $tType,X1 : 'list()'(X0),X2 : 'nat()',X3 : X0,X4 : 'list()'(X0)] : (mG5(X0,X1,X2,X3,X4) = 'Cons'(X0,X3,take(X0,X2,X1)) | 'Cons'(X0,X3,X1) != X4) [ennf transformation 93]
145. ! [X0 : $tType,X1 : 'list()'(X0),X2 : 'nat()',X3 : X0,X4 : 'list()'(X0),X5 : 'nat()'] : (mG2(X0,X1,X2,X3,X4,X5) = mG3(X0,X1,X2,X3,X4) | s(X2) != X5) [ennf transformation 96]
146. ! [X0 : $tType,X1 : 'list()'(X0),X2 : 'nat()',X3 : X0,X4 : 'list()'(X0)] : (mG3(X0,X1,X2,X3,X4) = drop(X0,X2,X1) | 'Cons'(X0,X3,X1) != X4) [ennf transformation 97]
149. ! [X0 : $tType,X1 : 'list()'(X0),X2 : 'list()'(X0),X3 : X0] : (mG0(X0,X1,X2,X3) = iG1(X0,X1,X2) | 'Cons'(X0,X3,X1) != X2) [ennf transformation 100]
150. ! [X0 : $tType,X1 : 'list()'(X0),X2 : 'list()'(X0)] : (iG1(X0,X1,X2) = merge(X0,mergesort(X0,take(X0,div2(len(X0,X2)),X2)),mergesort(X0,drop(X0,div2(len(X0,X2)),X2))) | 'Nil'(X0) = X1) [ennf transformation 102]
151. ! [X0 : $tType,X1 : 'list()'(X0),X2 : 'list()'(X0)] : (iG1(X0,X1,X2) = X2 | 'Nil'(X0) != X1) [ennf transformation 103]
152. ! [X0 : $tType,X1 : 'list()'(X0),X2 : 'list()'(X0),X3 : X0] : ('Nil'(X0) = mG0(X0,X1,X2,X3) | 'Nil'(X0) != X2) [ennf transformation 104]
153. ? [X0 : $tType,X1 : 'list()'(X0)] : ~sorted(X0,mergesort(X0,X1)) [ennf transformation 105]
154. ! [X0 : $tType,X1 : 'list()'(X0),X2 : 'list()'(X0)] : (sorted(X0,merge(X0,X2,X1)) | (~sorted(X0,X2) | ~sorted(X0,X1))) [ennf transformation 107]
155. ! [X0 : $tType,X1 : 'list()'(X0),X2 : 'list()'(X0)] : (sorted(X0,merge(X0,X2,X1)) | ~sorted(X0,X2) | ~sorted(X0,X1)) [flattening 154]
162. ! [X0 : $tType,X1 : X0,X2 : 'list()'(X0),X3 : 'list()'(X0)] : (((mG12(X0,X1,X2,X3) | (~list_ge_elem(X0,X2,X1) | ~sorted(X0,X2))) & ((list_ge_elem(X0,X2,X1) & sorted(X0,X2)) | ~mG12(X0,X1,X2,X3))) | 'Cons'(X0,X1,X2) != X3) [nnf transformation 127]
163. ! [X0 : $tType,X1 : X0,X2 : 'list()'(X0),X3 : 'list()'(X0)] : (((mG12(X0,X1,X2,X3) | ~list_ge_elem(X0,X2,X1) | ~sorted(X0,X2)) & ((list_ge_elem(X0,X2,X1) & sorted(X0,X2)) | ~mG12(X0,X1,X2,X3))) | 'Cons'(X0,X1,X2) != X3) [flattening 162]
164. ? [X0 : $tType,X1 : 'list()'(X0)] : ~sorted(X0,mergesort(X0,X1)) => ~sorted(sK14,mergesort(sK14,sK15)) [choice axiom]
165. ~sorted(sK14,mergesort(sK14,sK15)) [skolemisation 153,164]
166. ! [X0 : 'list()'(X3),X1 : X3,X2 : 'list()'(X3),X3 : $tType] : ((sorted(X3,X2) | ~mG12(X3,X1,X0,X2)) & (mG12(X3,X1,X0,X2) | ~sorted(X3,X2))) [nnf transformation 114]
167. ! [X0 : 'list()'(X4),X1 : X4,X2 : X4,X3 : 'list()'(X4),X4 : $tType] : ((list_ge_elem(X4,X3,X2) | ~mG13(X4,X2,X1,X0,X3)) & (mG13(X4,X2,X1,X0,X3) | ~list_ge_elem(X4,X3,X2))) [nnf transformation 115]
172. mG13(X0,X1,X2,X3,X4) | 'Nil'(X0) != X4 [cnf transformation 126]
175. mG12(X0,X1,X2,X3) | ~list_ge_elem(X0,X2,X1) | ~sorted(X0,X2) | 'Cons'(X0,X1,X2) != X3 [cnf transformation 163]
176. mG12(X0,X1,X2,X3) | 'Nil'(X0) != X3 [cnf transformation 128]
177. s(len(X0,X1)) = mG11(X0,X1,X2,X3) | 'Cons'(X0,X2,X1) != X3 [cnf transformation 129]
179. mG9(X0,X1,X2) = mG10(X0,X1) | s(X1) != X2 [cnf transformation 131]
180. mG10(X0,X1) = s(div2(X0)) | s(X0) != X1 [cnf transformation 132]
189. mG4(X0,X1,X2,X3,X4,X5) = mG5(X0,X1,X2,X3,X4) | s(X2) != X5 [cnf transformation 141]
190. mG5(X0,X1,X2,X3,X4) = 'Cons'(X0,X3,take(X0,X2,X1)) | 'Cons'(X0,X3,X1) != X4 [cnf transformation 142]
193. mG2(X0,X1,X2,X3,X4,X5) = mG3(X0,X1,X2,X3,X4) | s(X2) != X5 [cnf transformation 145]
194. mG3(X0,X1,X2,X3,X4) = drop(X0,X2,X1) | 'Cons'(X0,X3,X1) != X4 [cnf transformation 146]
197. mG0(X0,X1,X2,X3) = iG1(X0,X1,X2) | 'Cons'(X0,X3,X1) != X2 [cnf transformation 149]
198. iG1(X0,X1,X2) = merge(X0,mergesort(X0,take(X0,div2(len(X0,X2)),X2)),mergesort(X0,drop(X0,div2(len(X0,X2)),X2))) | 'Nil'(X0) = X1 [cnf transformation 150]
199. iG1(X0,X1,X2) = X2 | 'Nil'(X0) != X1 [cnf transformation 151]
200. 'Nil'(X0) = mG0(X0,X1,X2,X3) | 'Nil'(X0) != X2 [cnf transformation 152]
201. ~sorted(sK14,mergesort(sK14,sK15)) [cnf transformation 165]
202. sorted(X0,merge(X0,X2,X1)) | ~sorted(X0,X2) | ~sorted(X0,X1) [cnf transformation 155]
203. mergesort(X3,X2) = mG0(X3,X0,X2,X1) [cnf transformation 108]
204. drop(X5,X4,X3) = mG2(X5,X0,X2,X1,X3,X4) [cnf transformation 109]
205. take(X5,X4,X3) = mG4(X5,X0,X2,X1,X3,X4) [cnf transformation 110]
207. div2(X2) = mG9(X0,X1,X2) [cnf transformation 112]
208. len(X3,X2) = mG11(X3,X0,X1,X2) [cnf transformation 113]
209. mG12(X3,X1,X0,X2) | ~sorted(X3,X2) [cnf transformation 166]
210. ~mG12(X3,X1,X0,X2) | sorted(X3,X2) [cnf transformation 166]
212. ~mG13(X4,X2,X1,X0,X3) | list_ge_elem(X4,X3,X2) [cnf transformation 167]
219. len(X0,X3) = s(len(X0,X1)) | 'Cons'(X0,X2,X1) != X3 [definition unfolding 177,208]
221. div2(X2) = mG10(X0,X1) | s(X1) != X2 [definition unfolding 179,207]
225. mG5(X0,X1,X2,X3,X4) = take(X0,X5,X4) | s(X2) != X5 [definition unfolding 189,205]
227. mG3(X0,X1,X2,X3,X4) = drop(X0,X5,X4) | s(X2) != X5 [definition unfolding 193,204]
229. iG1(X0,X1,X2) = mergesort(X0,X2) | 'Cons'(X0,X3,X1) != X2 [definition unfolding 197,203]
230. 'Nil'(X0) = mergesort(X0,X2) | 'Nil'(X0) != X2 [definition unfolding 200,203]
234. mG13(X0,X1,X2,X3,'Nil'(X0)) [equality resolution 172]
235. mG12(X0,X1,X2,'Cons'(X0,X1,X2)) | ~list_ge_elem(X0,X2,X1) | ~sorted(X0,X2) [equality resolution 175]
238. mG12(X0,X1,X2,'Nil'(X0)) [equality resolution 176]
239. s(len(X0,X1)) = len(X0,'Cons'(X0,X2,X1)) [equality resolution 219]
241. div2(s(X1)) = mG10(X0,X1) [equality resolution 221]
242. s(div2(X0)) = mG10(X0,s(X0)) [equality resolution 180]
249. mG5(X0,X1,X2,X3,X4) = take(X0,s(X2),X4) [equality resolution 225]
250. 'Cons'(X0,X3,take(X0,X2,X1)) = mG5(X0,X1,X2,X3,'Cons'(X0,X3,X1)) [equality resolution 190]
253. mG3(X0,X1,X2,X3,X4) = drop(X0,s(X2),X4) [equality resolution 227]
254. drop(X0,X2,X1) = mG3(X0,X1,X2,X3,'Cons'(X0,X3,X1)) [equality resolution 194]
257. iG1(X0,X1,'Cons'(X0,X3,X1)) = mergesort(X0,'Cons'(X0,X3,X1)) [equality resolution 229]
258. iG1(X0,'Nil'(X0),X2) = X2 [equality resolution 199]
259. 'Nil'(X0) = mergesort(X0,'Nil'(X0)) [equality resolution 230]
260. s(div2(X0)) = div2(s(s(X0))) [forward demodulation 242,241]
262. 'Cons'(X0,X3,take(X0,X2,X1)) = take(X0,s(X2),'Cons'(X0,X3,X1)) [forward demodulation 250,249]
264. drop(X0,X2,X1) = drop(X0,s(X2),'Cons'(X0,X3,X1)) [forward demodulation 254,253]
270. ! [X2 : 'list()'(sK14),X1 : sK14] : (((sorted(sK14,mergesort(sK14,drop(sK14,div2(len(sK14,'Cons'(sK14,X1,X2))),'Cons'(sK14,X1,X2)))) & sorted(sK14,mergesort(sK14,take(sK14,div2(len(sK14,'Cons'(sK14,X1,X2))),'Cons'(sK14,X1,X2))))) => sorted(sK14,mergesort(sK14,'Cons'(sK14,X1,X2)))) & sorted(sK14,mergesort(sK14,'Nil'(sK14)))) => ! [X4 : 'list()'(sK14)] : sorted(sK14,mergesort(sK14,X4)) [structural induction hypothesis (recursion)]
271. ! [X4 : 'list()'(sK14)] : sorted(sK14,mergesort(sK14,X4)) | ? [X2 : 'list()'(sK14),X1 : sK14] : ((~sorted(sK14,mergesort(sK14,'Cons'(sK14,X1,X2))) & (sorted(sK14,mergesort(sK14,drop(sK14,div2(len(sK14,'Cons'(sK14,X1,X2))),'Cons'(sK14,X1,X2)))) & sorted(sK14,mergesort(sK14,take(sK14,div2(len(sK14,'Cons'(sK14,X1,X2))),'Cons'(sK14,X1,X2)))))) | ~sorted(sK14,mergesort(sK14,'Nil'(sK14)))) [ennf transformation 270]
272. ~sorted(sK14,mergesort(sK14,'Nil'(sK14))) | sorted(sK14,mergesort(sK14,take(sK14,div2(len(sK14,'Cons'(sK14,sK20,sK19))),'Cons'(sK14,sK20,sK19)))) | sorted(sK14,mergesort(sK14,X4)) [cnf transformation 271]
273. ~sorted(sK14,mergesort(sK14,'Nil'(sK14))) | sorted(sK14,mergesort(sK14,drop(sK14,div2(len(sK14,'Cons'(sK14,sK20,sK19))),'Cons'(sK14,sK20,sK19)))) | sorted(sK14,mergesort(sK14,X4)) [cnf transformation 271]
274. ~sorted(sK14,mergesort(sK14,'Nil'(sK14))) | ~sorted(sK14,mergesort(sK14,'Cons'(sK14,sK20,sK19))) | sorted(sK14,mergesort(sK14,X4)) [cnf transformation 271]
277. ~sorted(sK14,mergesort(sK14,'Nil'(sK14))) | ~sorted(sK14,mergesort(sK14,'Cons'(sK14,sK20,sK19))) [induction hyperresolution 201,274]
279. ~sorted(sK14,mergesort(sK14,'Nil'(sK14))) | sorted(sK14,mergesort(sK14,take(sK14,div2(len(sK14,'Cons'(sK14,sK20,sK19))),'Cons'(sK14,sK20,sK19)))) [induction hyperresolution 201,272]
280. ~sorted(sK14,'Nil'(sK14)) | sorted(sK14,mergesort(sK14,take(sK14,div2(len(sK14,'Cons'(sK14,sK20,sK19))),'Cons'(sK14,sK20,sK19)))) [forward demodulation 279,259]
281. sorted(sK14,mergesort(sK14,take(sK14,div2(s(len(sK14,sK19))),'Cons'(sK14,sK20,sK19)))) | ~sorted(sK14,'Nil'(sK14)) [forward demodulation 280,239]
283. 1 <=> sorted(sK14,'Nil'(sK14)) [avatar definition]
285. ~sorted(sK14,'Nil'(sK14)) <- (~1) [avatar component clause 283]
287. 2 <=> sorted(sK14,mergesort(sK14,take(sK14,div2(s(len(sK14,sK19))),'Cons'(sK14,sK20,sK19)))) [avatar definition]
289. sorted(sK14,mergesort(sK14,take(sK14,div2(s(len(sK14,sK19))),'Cons'(sK14,sK20,sK19)))) <- (2) [avatar component clause 287]
290. ~1 | 2 [avatar split clause 281,287,283]
298. ~sorted(sK14,'Nil'(sK14)) | ~sorted(sK14,mergesort(sK14,'Cons'(sK14,sK20,sK19))) [forward demodulation 277,259]
300. 4 <=> sorted(sK14,mergesort(sK14,'Cons'(sK14,sK20,sK19))) [avatar definition]
302. ~sorted(sK14,mergesort(sK14,'Cons'(sK14,sK20,sK19))) <- (~4) [avatar component clause 300]
303. ~4 | ~1 [avatar split clause 298,283,300]
322. ~mG12(sK14,X0,X1,'Nil'(sK14)) <- (~1) [unit resulting resolution 285,210]
323. sorted(X0,'Nil'(X0)) [unit resulting resolution 238,210]
328. $false <- (~1) [subsumption resolution 322,238]
329. 1 [avatar contradiction clause 328]
367. ~mG12(sK14,X0,X1,mergesort(sK14,'Cons'(sK14,sK20,sK19))) <- (~4) [unit resulting resolution 302,210]
409. list_ge_elem(X0,'Nil'(X0),X1) [unit resulting resolution 234,212]
539. mG12(X0,X1,'Nil'(X0),'Cons'(X0,X1,'Nil'(X0))) [unit resulting resolution 323,409,235]
554. drop(X1,s_0(X0),X2) = drop(X1,X0,'Cons'(X1,X3,X2)) | zero = X0 [superposition 264,21]
560. sorted(X0,'Cons'(X0,X1,'Nil'(X0))) [unit resulting resolution 539,210]
579. mG12(X0,X1,X2,'Cons'(X0,X3,'Nil'(X0))) [unit resulting resolution 560,209]
583. 'Cons'(X0,X1,'Nil'(X0)) = mergesort(X0,'Cons'(X0,X1,'Nil'(X0))) [superposition 257,258]
634. s(len(X30,'Cons_1'(X30,X31))) = len(X30,X31) | 'Nil'(X30) = X31 [superposition 239,17]
666. 'Cons'(X1,X2,take(X1,s_0(X0),X3)) = take(X1,X0,'Cons'(X1,X2,X3)) | zero = X0 [superposition 262,21]
707. mergesort(X2,'Cons'(X2,X4,X3)) = merge(X2,mergesort(X2,take(X2,div2(len(X2,'Cons'(X2,X4,X3))),'Cons'(X2,X4,X3))),mergesort(X2,drop(X2,div2(len(X2,'Cons'(X2,X4,X3))),'Cons'(X2,X4,X3)))) | 'Nil'(X2) = X3 [superposition 198,257]
710. mergesort(X2,'Cons'(X2,X4,X3)) = merge(X2,mergesort(X2,take(X2,div2(s(len(X2,X3))),'Cons'(X2,X4,X3))),mergesort(X2,drop(X2,div2(s(len(X2,X3))),'Cons'(X2,X4,X3)))) | 'Nil'(X2) = X3 [forward demodulation 707,239]
916. s(div2(len(X8,'Cons_1'(X8,X9)))) = div2(s(len(X8,X9))) | 'Nil'(X8) = X9 [superposition 260,634]
1034. 19 <=> zero = div2(s(len(sK14,sK19))) [avatar definition]
1035. zero != div2(s(len(sK14,sK19))) <- (~19) [avatar component clause 1034]
1038. 20 <=> sorted(sK14,mergesort(sK14,drop(sK14,s_0(div2(s(len(sK14,sK19)))),sK19))) [avatar definition]
1040. sorted(sK14,mergesort(sK14,drop(sK14,s_0(div2(s(len(sK14,sK19)))),sK19))) <- (20) [avatar component clause 1038]
1619. 'Cons'(X0,X1,take(X0,s_0(div2(s(len(sK14,sK19)))),X2)) = take(X0,div2(s(len(sK14,sK19))),'Cons'(X0,X1,X2)) <- (~19) [unit resulting resolution 1035,666]
1674. sorted(sK14,mergesort(sK14,'Cons'(sK14,sK20,take(sK14,s_0(div2(s(len(sK14,sK19)))),sK19)))) <- (2, ~19) [backward demodulation 289,1619]
2291. ~sorted(X0,mergesort(X0,drop(X0,div2(s(len(X0,X1))),'Cons'(X0,X2,X1)))) | ~sorted(X0,mergesort(X0,take(X0,div2(s(len(X0,X1))),'Cons'(X0,X2,X1)))) | sorted(X0,mergesort(X0,'Cons'(X0,X2,X1))) | 'Nil'(X0) = X1 [superposition 202,710]
2545. sorted(sK14,mergesort(sK14,drop(sK14,div2(s(len(sK14,sK19))),'Cons'(sK14,X0,sK19)))) | zero = div2(s(len(sK14,sK19))) <- (20) [superposition 1040,554]
2547. sorted(sK14,mergesort(sK14,drop(sK14,div2(s(len(sK14,sK19))),'Cons'(sK14,X0,sK19)))) <- (~19, 20) [subsumption resolution 2545,1035]
4090. zero != div2(s(len(X6,X7))) | 'Nil'(X6) = X7 [superposition 22,916]
5995. 82 <=> 'Nil'(sK14) = sK19 [avatar definition]
5996. 'Nil'(sK14) != sK19 <- (~82) [avatar component clause 5995]
5997. 'Nil'(sK14) = sK19 <- (82) [avatar component clause 5995]
18417. ~mG12(sK14,X0,X1,mergesort(sK14,'Cons'(sK14,sK20,'Nil'(sK14)))) <- (~4, 82) [backward demodulation 367,5997]
18448. ~mG12(sK14,X0,X1,'Cons'(sK14,sK20,'Nil'(sK14))) <- (~4, 82) [forward demodulation 18417,583]
18449. $false <- (~4, 82) [subsumption resolution 18448,579]
18450. 4 | ~82 [avatar contradiction clause 18449]
23680. zero != div2(s(len(sK14,sK19))) <- (~82) [unit resulting resolution 5996,4090]
30273. ~19 | 82 [avatar split clause 23680,5995,1034]
37057. ~sorted(sK14,mergesort(sK14,'Nil'(sK14))) | sorted(sK14,mergesort(sK14,drop(sK14,div2(len(sK14,'Cons'(sK14,sK20,sK19))),'Cons'(sK14,sK20,sK19)))) [induction hyperresolution 201,273]
37063. ~sorted(sK14,'Nil'(sK14)) | sorted(sK14,mergesort(sK14,drop(sK14,div2(len(sK14,'Cons'(sK14,sK20,sK19))),'Cons'(sK14,sK20,sK19)))) [forward demodulation 37057,259]
37064. sorted(sK14,mergesort(sK14,drop(sK14,div2(len(sK14,'Cons'(sK14,sK20,sK19))),'Cons'(sK14,sK20,sK19)))) [subsumption resolution 37063,323]
37065. sorted(sK14,mergesort(sK14,drop(sK14,div2(s(len(sK14,sK19))),'Cons'(sK14,sK20,sK19)))) [forward demodulation 37064,239]
37988. drop(X0,s_0(div2(s(len(sK14,sK19)))),X1) = drop(X0,div2(s(len(sK14,sK19))),'Cons'(X0,X2,X1)) <- (~19) [unit resulting resolution 1035,554]
39577. sorted(sK14,mergesort(sK14,drop(sK14,s_0(div2(s(len(sK14,sK19)))),sK19))) <- (~19) [forward demodulation 37065,37988]
39578. 20 | 19 [avatar split clause 39577,1034,1038]
73387. ~sorted(sK14,mergesort(sK14,take(sK14,div2(s(len(sK14,sK19))),'Cons'(sK14,sK20,sK19)))) <- (~4, ~19, 20, ~82) [unit resulting resolution 5996,302,2547,2291]
73448. ~sorted(sK14,mergesort(sK14,'Cons'(sK14,sK20,take(sK14,s_0(div2(s(len(sK14,sK19)))),sK19)))) <- (~4, ~19, 20, ~82) [forward demodulation 73387,1619]
73449. $false <- (2, ~4, ~19, 20, ~82) [subsumption resolution 73448,1674]
73450. ~2 | 4 | 19 | ~20 | 82 [avatar contradiction clause 73449]
73451. $false [avatar sat refutation 290,303,329,18450,30273,39578,73450]
% SZS output end Proof for conjecture
% (45369)------------------------------
% (45369)Version: Vampire 4.7 (commit )
% (45369)Linked with Z3 4.9.1.0  NOTFOUND
% (45369)Termination reason: Refutation

% (45369)Memory used [KB]: 49636
% (45369)Time elapsed: 3.982 s
% (45369)------------------------------
% (45369)------------------------------
% (45365)Success in time 3.763 s
