% (45500)ott+10_1:4_av=off:drc=off:ind=struct:indgen=on:newcnf=on:nui=on:uwa=ground:i=10:si=on:rtra=on_0 on lemma2 for (599ds/10Mi)
% (45500)WARNING: Not using newCnf currently not compatible with polymorphic/higher-order inputs.
% (45503)lrs+10_1:1_bd=off:gtg=exists_top:ind=struct:indmd=2:indstrhyp=on:nwc=5.0:s2a=on:s2agt=16:i=36:si=on:rtra=on_0 on lemma2 for (599ds/36Mi)
% (45505)lrs+1011_5:1_av=off:canc=force:drc=encompass:s2a=on:sp=const_frequency:to=lpo:urr=on:i=7:si=on:rtra=on_0 on lemma2 for (599ds/7Mi)
% (45500)Instruction limit reached!
% (45500)------------------------------
% (45500)Version: Vampire 4.9 (commit 5ad494e78 on 2024-06-14 14:05:27 +0100)
% (45500)Linked with Z3 4.12.3.0 79bbbf76d0c123481c8ca05cd3a98939270074d3 z3-4.8.4-7980-g79bbbf76d
% (45500)Termination reason: Time limit
% (45500)Termination phase: Saturation

% (45500)Memory used [KB]: 860
% (45500)Time elapsed: 0.006 s
% (45500)Instructions burned: 11 (million)
% (45510)ott+1002_1:1024_bce=on:drc=off:fsd=on:ind=struct:indgen=on:indgenss=2:sac=on:taea=off:to=lpo:uwa=interpreted_only:i=293:si=on:rtra=on_0 on lemma2 for (599ds/293Mi)
% (45507)dis+10_1:1_gtg=exists_top:gve=cautious:ind=struct:indn=off:rawr=on:s2a=on:s2agt=8:sac=on:uwa=all:i=11:si=on:rtra=on_0 on lemma2 for (599ds/11Mi)
% (45506)lrs+2_1:1_atotf=0.2:drc=off:gtg=exists_top:ind=both:nwc=10.0:sac=on:sp=unary_frequency:tgt=ground:to=lpo:i=7:si=on:rtra=on_0 on lemma2 for (599ds/7Mi)
% (45511)lrs+1010_1:1_avsq=on:avsqc=1:avsqr=1,16:drc=off:ev=force:ind=struct:sos=on:to=lpo:urr=on:i=14:si=on:rtra=on_0 on lemma2 for (599ds/14Mi)
% (45502)lrs+1010_1:3_drc=encompass:ind=both:indmd=1:nui=on:s2a=on:ss=axioms:i=24:si=on:rtra=on_0 on lemma2 for (599ds/24Mi)
% (45501)dis+10_1:1_aac=none:alpa=true:drc=off:ind=both:indoct=on:newcnf=on:sac=on:taea=off:to=lpo:i=5:si=on:rtra=on_0 on lemma2 for (599ds/5Mi)
% (45505)Instruction limit reached!
% (45505)------------------------------
% (45505)Version: Vampire 4.9 (commit 5ad494e78 on 2024-06-14 14:05:27 +0100)
% (45505)Linked with Z3 4.12.3.0 79bbbf76d0c123481c8ca05cd3a98939270074d3 z3-4.8.4-7980-g79bbbf76d
% (45505)Termination reason: Time limit
% (45505)Termination phase: Saturation

% (45505)Memory used [KB]: 921
% (45505)Time elapsed: 0.005 s
% (45505)Instructions burned: 7 (million)
% (45504)ott+10_1:32_bsd=on:canc=force:drc=off:fsr=off:ind=struct:indao=on:newcnf=on:rawr=on:sac=on:taea=off:i=284:si=on:rtra=on_0 on lemma2 for (599ds/284Mi)
% (45513)dis+10_1:14_gtg=position:sp=frequency:ss=axioms:tgt=full:i=9:si=on:rtra=on_0 on lemma2 for (599ds/9Mi)
% (45501)WARNING: Not using newCnf currently not compatible with polymorphic/higher-order inputs.
% (45504)WARNING: Not using newCnf currently not compatible with polymorphic/higher-order inputs.
% (45506)Instruction limit reached!
% (45506)------------------------------
% (45506)Version: Vampire 4.9 (commit 5ad494e78 on 2024-06-14 14:05:27 +0100)
% (45506)Linked with Z3 4.12.3.0 79bbbf76d0c123481c8ca05cd3a98939270074d3 z3-4.8.4-7980-g79bbbf76d
% (45506)Termination reason: Time limit
% (45506)Termination phase: Saturation

% (45506)Memory used [KB]: 814
% (45506)Time elapsed: 0.005 s
% (45506)Instructions burned: 8 (million)
% (45501)Instruction limit reached!
% (45501)------------------------------
% (45501)Version: Vampire 4.9 (commit 5ad494e78 on 2024-06-14 14:05:27 +0100)
% (45501)Linked with Z3 4.12.3.0 79bbbf76d0c123481c8ca05cd3a98939270074d3 z3-4.8.4-7980-g79bbbf76d
% (45501)Termination reason: Time limit
% (45501)Termination phase: Saturation

% (45501)Memory used [KB]: 746
% (45501)Time elapsed: 0.007 s
% (45501)Instructions burned: 5 (million)
% (45507)Instruction limit reached!
% (45507)------------------------------
% (45507)Version: Vampire 4.9 (commit 5ad494e78 on 2024-06-14 14:05:27 +0100)
% (45508)lrs+2_1:4_drc=off:gtg=position:gve=cautious:ile=on:ind=struct:indao=on:indc=goal:indmd=6:newcnf=on:nwc=5.0:s2a=on:tac=axiom:to=lpo:i=232:si=on:rtra=on_0 on lemma2 for (599ds/232Mi)
% (45507)Linked with Z3 4.12.3.0 79bbbf76d0c123481c8ca05cd3a98939270074d3 z3-4.8.4-7980-g79bbbf76d
% (45507)Termination reason: Time limit
% (45507)Termination phase: Saturation

% (45507)Memory used [KB]: 877
% (45507)Time elapsed: 0.007 s
% (45507)Instructions burned: 11 (million)
% (45513)Instruction limit reached!
% (45513)------------------------------
% (45513)Version: Vampire 4.9 (commit 5ad494e78 on 2024-06-14 14:05:27 +0100)
% (45513)Linked with Z3 4.12.3.0 79bbbf76d0c123481c8ca05cd3a98939270074d3 z3-4.8.4-7980-g79bbbf76d
% (45513)Termination reason: Time limit
% (45513)Termination phase: Saturation

% (45513)Memory used [KB]: 842
% (45513)Time elapsed: 0.006 s
% (45513)Instructions burned: 10 (million)
% (45509)lrs+10_1:1_drc=off:ind=both:indoct=on:indstrhyp=on:sos=on:sp=const_frequency:ss=axioms:to=lpo:i=96:si=on:rtra=on_0 on lemma2 for (599ds/96Mi)
% (45511)Instruction limit reached!
% (45511)------------------------------
% (45511)Version: Vampire 4.9 (commit 5ad494e78 on 2024-06-14 14:05:27 +0100)
% (45511)Linked with Z3 4.12.3.0 79bbbf76d0c123481c8ca05cd3a98939270074d3 z3-4.8.4-7980-g79bbbf76d
% (45511)Termination reason: Time limit
% (45511)Termination phase: Saturation

% (45511)Memory used [KB]: 892
% (45511)Time elapsed: 0.007 s
% (45511)Instructions burned: 16 (million)
% (45508)WARNING: Not using newCnf currently not compatible with polymorphic/higher-order inputs.
% (45514)lrs+10_1:128_drc=off:gtg=exists_top:ind=struct:indstrhyp=on:sac=on:slsq=on:slsqc=1:taea=off:i=25:si=on:rtra=on_0 on lemma2 for (599ds/25Mi)
% (45512)ott+10_1:172_awrs=decay:drc=off:gtg=position:ind=both:indao=on:indc=goal:indgen=on:newcnf=on:sik=recursion:sp=weighted_frequency:taea=off:uhcvi=on:i=165:si=on:rtra=on_0 on lemma2 for (599ds/165Mi)
% (45512)WARNING: Not using newCnf currently not compatible with polymorphic/higher-order inputs.
% (45515)lrs+1002_1:1_av=off:br=off:drc=off:gtg=exists_all:ind=both:indc=goal:indmd=15:plsq=on:plsqr=9,1:sos=on:sp=unary_frequency:tgt=ground:to=lpo:uace=off:uwa=one_side_interpreted:i=3:si=on:rtra=on_0 on lemma2 for (599ds/3Mi)
% (45516)lrs+2_1:1_drc=encompass:ind=struct:indao=on:newcnf=on:plsq=on:plsqr=32,1:sp=frequency:to=lpo:i=2:si=on:rtra=on_0 on lemma2 for (599ds/2Mi)
% (45515)Instruction limit reached!
% (45515)------------------------------
% (45515)Version: Vampire 4.9 (commit 5ad494e78 on 2024-06-14 14:05:27 +0100)
% (45515)Linked with Z3 4.12.3.0 79bbbf76d0c123481c8ca05cd3a98939270074d3 z3-4.8.4-7980-g79bbbf76d
% (45515)Termination reason: Time limit
% (45515)Termination phase: Saturation

% (45515)Memory used [KB]: 740
% (45515)Time elapsed: 0.004 s
% (45515)Instructions burned: 5 (million)
% (45516)WARNING: Not using newCnf currently not compatible with polymorphic/higher-order inputs.
% (45516)Instruction limit reached!
% (45516)------------------------------
% (45516)Version: Vampire 4.9 (commit 5ad494e78 on 2024-06-14 14:05:27 +0100)
% (45516)Linked with Z3 4.12.3.0 79bbbf76d0c123481c8ca05cd3a98939270074d3 z3-4.8.4-7980-g79bbbf76d
% (45516)Termination reason: Time limit
% (45516)Termination phase: Preprocessing 3

% (45516)Memory used [KB]: 735
% (45516)Time elapsed: 0.003 s
% (45516)Instructions burned: 4 (million)
% (45517)dis+1002_1:1024_av=off:bd=off:drc=off:fsr=off:gtg=position:ind=struct:indc=goal:indgen=on:indgenss=2:taea=off:to=lpo:i=742:si=on:rtra=on_0 on lemma2 for (599ds/742Mi)
% (45518)lrs+1010_1:128_aac=none:alpa=false:cond=fast:drc=off:gtg=position:gve=cautious:ind=both:norm_ineq=on:nwc=10.0:sac=on:sp=frequency:tgt=full:to=lpo:i=53:si=on:rtra=on_0 on lemma2 for (599ds/53Mi)
% (45520)lrs+10_1:1_drc=encompass:fsr=off:ind=struct:indao=on:indmd=3:indoct=on:newcnf=on:taea=off:i=51:si=on:rtra=on_0 on lemma2 for (599ds/51Mi)
% (45520)WARNING: Not using newCnf currently not compatible with polymorphic/higher-order inputs.
% (45519)lrs+1010_1:3_drc=encompass:ind=both:indmd=1:nui=on:s2a=on:ss=axioms:i=66:si=on:rtra=on_0 on lemma2 for (599ds/66Mi)
% (45503)Instruction limit reached!
% (45503)------------------------------
% (45503)Version: Vampire 4.9 (commit 5ad494e78 on 2024-06-14 14:05:27 +0100)
% (45503)Linked with Z3 4.12.3.0 79bbbf76d0c123481c8ca05cd3a98939270074d3 z3-4.8.4-7980-g79bbbf76d
% (45503)Termination reason: Time limit
% (45503)Termination phase: Saturation

% (45503)Memory used [KB]: 972
% (45503)Time elapsed: 0.017 s
% (45503)Instructions burned: 37 (million)
% (45521)ott+11_5:1_av=off:br=off:canc=cautious:drc=off:ev=cautious:fsr=off:ind=struct:indstrhyp=on:newcnf=on:i=128:si=on:rtra=on_0 on lemma2 for (599ds/128Mi)
% (45521)WARNING: Not using newCnf currently not compatible with polymorphic/higher-order inputs.
% (45514)Instruction limit reached!
% (45514)------------------------------
% (45514)Version: Vampire 4.9 (commit 5ad494e78 on 2024-06-14 14:05:27 +0100)
% (45514)Linked with Z3 4.12.3.0 79bbbf76d0c123481c8ca05cd3a98939270074d3 z3-4.8.4-7980-g79bbbf76d
% (45514)Termination reason: Time limit
% (45514)Termination phase: Saturation

% (45514)Memory used [KB]: 898
% (45514)Time elapsed: 0.012 s
% (45514)Instructions burned: 26 (million)
% (45502)Instruction limit reached!
% (45502)------------------------------
% (45502)Version: Vampire 4.9 (commit 5ad494e78 on 2024-06-14 14:05:27 +0100)
% (45502)Linked with Z3 4.12.3.0 79bbbf76d0c123481c8ca05cd3a98939270074d3 z3-4.8.4-7980-g79bbbf76d
% (45502)Termination reason: Time limit
% (45502)Termination phase: Saturation

% (45502)Memory used [KB]: 936
% (45502)Time elapsed: 0.019 s
% (45502)Instructions burned: 25 (million)
% (45522)ott+10_1:12_bsd=on:drc=off:fde=none:ind=struct:indgen=on:indgenss=2:norm_ineq=on:sac=on:taea=off:thi=strong:uwa=ground:i=571:si=on:rtra=on_0 on lemma2 for (599ds/571Mi)
% (45523)dis+1010_1:1_alpa=random:drc=encompass:gtg=all:kws=arity:nwc=3.0:spb=goal_then_units:ss=axioms:urr=on:i=44:si=on:rtra=on_0 on lemma2 for (599ds/44Mi)
% (45525)lrs+1010_1:1_bsr=unit_only:ev=cautious:ind=both:nui=on:sac=on:i=47:si=on:rtra=on_0 on lemma2 for (599ds/47Mi)
% (45524)lrs+10_1:1_fsr=off:gtg=position:ind=both:indmd=1:indstrhyp=on:nwc=5.0:s2a=on:i=31:si=on:rtra=on_0 on lemma2 for (599ds/31Mi)
% (45519)First to succeed.
% (45519)Solution written to "/tmp/vampire-proof-45499"
% (45519)Refutation found. Thanks to Tanya!
% SZS status Unsatisfiable for lemma2
% SZS output start Proof for lemma2
1. (~less(X0,X2,X1) = leq(X0,X1,X2)) [input]
3. ! [X0 : $tType] : ! [X2 : X0,X1 : X0,X3 : X0] : ((leq(X0,X1,X2) & leq(X0,X2,X3)) => leq(X0,X1,X3)) [input]
4. ! [X0 : $tType] : ! [X2 : X0,X1 : X0] : ((leq(X0,X1,X2) & leq(X0,X2,X1)) => X1 = X2) [input]
5. ! [X0 : $tType] : ! [X2 : X0,X1 : X0] : (leq(X0,X1,X2) | leq(X0,X2,X1)) [input]
6. ($match(X1,'Nil'(X0),$true,'Cons'(X0,X3,X4),list_ge_elem(X0,X4,X2) & ~less(X0,X3,X2)) = list_ge_elem(X0,X1,X2)) [input]
7. ! [X0 : $tType] : ! [X2 : X0,X1 : X0,X3 : 'list()'(X0)] : ((list_ge_elem(X0,X3,X2) & leq(X0,X1,X2)) => list_ge_elem(X0,X3,X1)) [input]
8. ~! [X0 : $tType] : ! [X2 : X0,X1 : X0,X3 : 'list()'(X0)] : ((list_ge_elem(X0,X3,X2) & leq(X0,X1,X2)) => list_ge_elem(X0,X3,X1)) [negated conjecture 7]
9. ($match(X1,'Nil'(X0),$true,'Cons'(X0,X3,X4),list_ge_elem(X0,X4,X2) & ~less(X0,X3,X2)) = list_ge_elem(X0,X1,X2)) [theory normalization 6]
10. (~less(X0,X2,X1) = leq(X0,X1,X2)) [theory normalization 1]
20. ($match(X0,'Nil'(X1),$true,'Cons'(X1,X2,X3),list_ge_elem(X1,X3,X4) & ~less(X1,X2,X4)) = list_ge_elem(X1,X0,X4)) [rectify 9]
21. ! [X4 : X1,X3 : 'list()'(X1),X2 : X1,X1 : $tType,X0 : 'list()'(X1)] : ($match(X0,'Nil'(X1),$true,'Cons'(X1,X2,X3),list_ge_elem(X1,X3,X4) & ~less(X1,X2,X4)) = list_ge_elem(X1,X0,X4)) [closure 20]
22. ! [X1 : $tType,X4 : X1,X3 : 'list()'(X1),X2 : X1,X0 : 'list()'(X1)] : ('Nil'(X1) = X0 => (mG0(X1,X4,X3,X2,X0) <=> $true)) [fool match definition]
23. ! [X1 : $tType,X4 : X1,X3 : 'list()'(X1),X2 : X1,X0 : 'list()'(X1)] : ('Cons'(X1,X2,X3) = X0 => (mG0(X1,X4,X3,X2,X0) <=> (list_ge_elem(X1,X3,X4) & ~less(X1,X2,X4)))) [fool match definition]
24. ! [X4 : X1,X3 : 'list()'(X1),X2 : X1,X1 : $tType,X0 : 'list()'(X1)] : (mG0(X1,X4,X3,X2,X0) <=> list_ge_elem(X1,X0,X4)) [fool elimination 21,23,22]
25. (~less(X0,X1,X2) = leq(X0,X2,X1)) [rectify 10]
26. ! [X2 : X0,X1 : X0,X0 : $tType] : (~less(X0,X1,X2) = leq(X0,X2,X1)) [closure 25]
27. ! [X2 : X0,X1 : X0,X0 : $tType] : (~less(X0,X1,X2) <=> leq(X0,X2,X1)) [fool elimination 26]
29. ! [X0 : X3,X1 : 'list()'(X3),X2 : X3,X3 : $tType,X4 : 'list()'(X3)] : (list_ge_elem(X3,X4,X0) <=> mG0(X3,X0,X1,X2,X4)) [rectify 24]
30. ~! [X0 : $tType] : ! [X1 : X0,X2 : X0,X3 : 'list()'(X0)] : ((list_ge_elem(X0,X3,X1) & leq(X0,X2,X1)) => list_ge_elem(X0,X3,X2)) [rectify 8]
31. ~! [X0 : $tType,X1 : X0,X2 : X0,X3 : 'list()'(X0)] : ((list_ge_elem(X0,X3,X1) & leq(X0,X2,X1)) => list_ge_elem(X0,X3,X2)) [flattening 30]
32. ! [X0 : $tType] : ! [X1 : X0,X2 : X0] : ((leq(X0,X2,X1) & leq(X0,X1,X2)) => X1 = X2) [rectify 4]
33. ! [X0 : $tType,X1 : X0,X2 : X0] : ((leq(X0,X2,X1) & leq(X0,X1,X2)) => X1 = X2) [flattening 32]
34. ! [X0 : $tType] : ! [X1 : X0,X2 : X0,X3 : X0] : ((leq(X0,X1,X3) & leq(X0,X2,X1)) => leq(X0,X2,X3)) [rectify 3]
35. ! [X0 : $tType,X1 : X0,X2 : X0,X3 : X0] : ((leq(X0,X1,X3) & leq(X0,X2,X1)) => leq(X0,X2,X3)) [flattening 34]
36. ! [X0 : X2,X1 : X2,X2 : $tType] : (~less(X2,X1,X0) <=> leq(X2,X0,X1)) [rectify 27]
37. ! [X0 : X2,X1 : X2,X2 : $tType] : (~less(X2,X1,X0) <=> leq(X2,X0,X1)) [flattening 36]
38. ! [X0 : $tType] : ! [X1 : X0,X2 : X0] : (leq(X0,X1,X2) | leq(X0,X2,X1)) [rectify 5]
39. ! [X0 : $tType,X1 : X0,X2 : X0] : (leq(X0,X1,X2) | leq(X0,X2,X1)) [flattening 38]
40. ! [X0 : $tType,X1 : X0,X2 : 'list()'(X0),X3 : X0,X4 : 'list()'(X0)] : ('Nil'(X0) = X4 => (mG0(X0,X1,X2,X3,X4) <=> $true)) [rectify 22]
41. ! [X0 : $tType,X1 : X0,X2 : 'list()'(X0),X3 : X0,X4 : 'list()'(X0)] : ('Nil'(X0) = X4 => mG0(X0,X1,X2,X3,X4)) [true and false elimination 40]
42. ! [X0 : $tType,X1 : X0,X2 : 'list()'(X0),X3 : X0,X4 : 'list()'(X0)] : ('Cons'(X0,X3,X2) = X4 => (mG0(X0,X1,X2,X3,X4) <=> (list_ge_elem(X0,X2,X1) & ~less(X0,X3,X1)))) [rectify 23]
43. ! [X0 : $tType,X1 : X0,X2 : 'list()'(X0),X3 : X0,X4 : 'list()'(X0)] : ('Cons'(X0,X3,X2) = X4 => (mG0(X0,X1,X2,X3,X4) <=> (~less(X0,X3,X1) & list_ge_elem(X0,X2,X1)))) [flattening 42]
44. ? [X0 : $tType,X1 : X0,X2 : X0,X3 : 'list()'(X0)] : (~list_ge_elem(X0,X3,X2) & (list_ge_elem(X0,X3,X1) & leq(X0,X2,X1))) [ennf transformation 31]
45. ? [X0 : $tType,X1 : X0,X2 : X0,X3 : 'list()'(X0)] : (list_ge_elem(X0,X3,X1) & leq(X0,X2,X1) & ~list_ge_elem(X0,X3,X2)) [flattening 44]
46. ! [X0 : $tType,X1 : X0,X2 : 'list()'(X0),X3 : X0,X4 : 'list()'(X0)] : ((mG0(X0,X1,X2,X3,X4) <=> (~less(X0,X3,X1) & list_ge_elem(X0,X2,X1))) | 'Cons'(X0,X3,X2) != X4) [ennf transformation 43]
47. ! [X0 : $tType,X1 : X0,X2 : 'list()'(X0),X3 : X0,X4 : 'list()'(X0)] : ('Nil'(X0) != X4 | mG0(X0,X1,X2,X3,X4)) [ennf transformation 41]
48. ! [X0 : $tType,X1 : X0,X2 : X0] : (X1 = X2 | (~leq(X0,X2,X1) | ~leq(X0,X1,X2))) [ennf transformation 33]
49. ! [X0 : $tType,X1 : X0,X2 : X0] : (~leq(X0,X1,X2) | ~leq(X0,X2,X1) | X1 = X2) [flattening 48]
50. ! [X0 : $tType,X1 : X0,X2 : X0,X3 : X0] : (leq(X0,X2,X3) | (~leq(X0,X1,X3) | ~leq(X0,X2,X1))) [ennf transformation 35]
51. ! [X0 : $tType,X1 : X0,X2 : X0,X3 : X0] : (~leq(X0,X2,X1) | ~leq(X0,X1,X3) | leq(X0,X2,X3)) [flattening 50]
52. ! [X0 : $tType,X1 : X0,X2 : 'list()'(X0),X3 : X0,X4 : 'list()'(X0)] : (((mG0(X0,X1,X2,X3,X4) | (less(X0,X3,X1) | ~list_ge_elem(X0,X2,X1))) & ((~less(X0,X3,X1) & list_ge_elem(X0,X2,X1)) | ~mG0(X0,X1,X2,X3,X4))) | 'Cons'(X0,X3,X2) != X4) [nnf transformation 46]
53. ! [X0 : $tType,X1 : X0,X2 : 'list()'(X0),X3 : X0,X4 : 'list()'(X0)] : (((mG0(X0,X1,X2,X3,X4) | less(X0,X3,X1) | ~list_ge_elem(X0,X2,X1)) & ((~less(X0,X3,X1) & list_ge_elem(X0,X2,X1)) | ~mG0(X0,X1,X2,X3,X4))) | 'Cons'(X0,X3,X2) != X4) [flattening 52]
54. ? [X0 : $tType,X1 : X0,X2 : X0,X3 : 'list()'(X0)] : (list_ge_elem(X0,X3,X1) & leq(X0,X2,X1) & ~list_ge_elem(X0,X3,X2)) => (list_ge_elem(sK1,sK4,sK2) & leq(sK1,sK3,sK2) & ~list_ge_elem(sK1,sK4,sK3)) [choice axiom]
55. list_ge_elem(sK1,sK4,sK2) & leq(sK1,sK3,sK2) & ~list_ge_elem(sK1,sK4,sK3) [skolemisation 45,54]
56. ! [X0 : X3,X1 : 'list()'(X3),X2 : X3,X3 : $tType,X4 : 'list()'(X3)] : ((list_ge_elem(X3,X4,X0) | ~mG0(X3,X0,X1,X2,X4)) & (mG0(X3,X0,X1,X2,X4) | ~list_ge_elem(X3,X4,X0))) [nnf transformation 29]
57. ! [X0 : X2,X1 : X2,X2 : $tType] : ((~less(X2,X1,X0) | ~leq(X2,X0,X1)) & (leq(X2,X0,X1) | less(X2,X1,X0))) [nnf transformation 37]
58. ~leq(X0,X2,X1) | ~leq(X0,X1,X3) | leq(X0,X2,X3) [cnf transformation 51]
59. leq(X0,X2,X1) | leq(X0,X1,X2) [cnf transformation 39]
60. ~leq(X0,X2,X1) | ~leq(X0,X1,X2) | X1 = X2 [cnf transformation 49]
61. list_ge_elem(X0,X2,X1) | ~mG0(X0,X1,X2,X3,X4) | 'Cons'(X0,X3,X2) != X4 [cnf transformation 53]
62. ~less(X0,X3,X1) | ~mG0(X0,X1,X2,X3,X4) | 'Cons'(X0,X3,X2) != X4 [cnf transformation 53]
63. mG0(X0,X1,X2,X3,X4) | less(X0,X3,X1) | ~list_ge_elem(X0,X2,X1) | 'Cons'(X0,X3,X2) != X4 [cnf transformation 53]
64. ~list_ge_elem(sK1,sK4,sK3) [cnf transformation 55]
65. leq(sK1,sK3,sK2) [cnf transformation 55]
66. list_ge_elem(sK1,sK4,sK2) [cnf transformation 55]
67. mG0(X3,X0,X1,X2,X4) | ~list_ge_elem(X3,X4,X0) [cnf transformation 56]
68. ~mG0(X3,X0,X1,X2,X4) | list_ge_elem(X3,X4,X0) [cnf transformation 56]
69. leq(X2,X0,X1) | less(X2,X1,X0) [cnf transformation 57]
70. ~leq(X2,X0,X1) | ~less(X2,X1,X0) [cnf transformation 57]
71. 'Nil'(X0) != X4 | mG0(X0,X1,X2,X3,X4) [cnf transformation 47]
73. mG0(X0,X1,X2,X3,'Cons'(X0,X3,X2)) | less(X0,X3,X1) | ~list_ge_elem(X0,X2,X1) [equality resolution 63]
74. ~mG0(X0,X1,X2,X3,'Cons'(X0,X3,X2)) | ~less(X0,X3,X1) [equality resolution 62]
75. ~mG0(X0,X1,X2,X3,'Cons'(X0,X3,X2)) | list_ge_elem(X0,X2,X1) [equality resolution 61]
76. mG0(X0,X1,X2,X3,'Nil'(X0)) [equality resolution 71]
97. ! [X0 : sK1,X1 : 'list()'(sK1)] : ((~list_ge_elem(sK1,'Nil'(sK1),sK2) | list_ge_elem(sK1,'Nil'(sK1),sK3)) & ((~list_ge_elem(sK1,X1,sK2) | list_ge_elem(sK1,X1,sK3)) => (~list_ge_elem(sK1,'Cons'(sK1,X0,X1),sK2) | list_ge_elem(sK1,'Cons'(sK1,X0,X1),sK3)))) => ! [X2 : 'list()'(sK1)] : (~list_ge_elem(sK1,X2,sK2) | list_ge_elem(sK1,X2,sK3)) [structural induction hypothesis (one)]
98. ! [X2 : 'list()'(sK1)] : (~list_ge_elem(sK1,X2,sK2) | list_ge_elem(sK1,X2,sK3)) | ? [X0 : sK1,X1 : 'list()'(sK1)] : ((list_ge_elem(sK1,'Nil'(sK1),sK2) & ~list_ge_elem(sK1,'Nil'(sK1),sK3)) | ((list_ge_elem(sK1,'Cons'(sK1,X0,X1),sK2) & ~list_ge_elem(sK1,'Cons'(sK1,X0,X1),sK3)) & (~list_ge_elem(sK1,X1,sK2) | list_ge_elem(sK1,X1,sK3)))) [ennf transformation 97]
101. ~list_ge_elem(sK1,'Cons'(sK1,sK8,sK9),sK3) | ~list_ge_elem(sK1,'Nil'(sK1),sK3) | list_ge_elem(sK1,X2,sK3) | ~list_ge_elem(sK1,X2,sK2) [cnf transformation 98]
102. list_ge_elem(sK1,'Cons'(sK1,sK8,sK9),sK2) | ~list_ge_elem(sK1,'Nil'(sK1),sK3) | list_ge_elem(sK1,X2,sK3) | ~list_ge_elem(sK1,X2,sK2) [cnf transformation 98]
104. list_ge_elem(sK1,sK9,sK3) | ~list_ge_elem(sK1,sK9,sK2) | ~list_ge_elem(sK1,'Nil'(sK1),sK3) | list_ge_elem(sK1,X2,sK3) | ~list_ge_elem(sK1,X2,sK2) [cnf transformation 98]
105. ~list_ge_elem(sK1,'Nil'(sK1),sK3) | ~list_ge_elem(sK1,sK9,sK2) | list_ge_elem(sK1,sK9,sK3) [induction hyperresolution 64,66,104]
107. list_ge_elem(sK1,'Cons'(sK1,sK8,sK9),sK2) | ~list_ge_elem(sK1,'Nil'(sK1),sK3) [induction hyperresolution 64,66,102]
108. ~list_ge_elem(sK1,'Cons'(sK1,sK8,sK9),sK3) | ~list_ge_elem(sK1,'Nil'(sK1),sK3) [induction hyperresolution 64,66,101]
116. 5 <=> list_ge_elem(sK1,'Cons'(sK1,sK8,sK9),sK2) [avatar definition]
118. list_ge_elem(sK1,'Cons'(sK1,sK8,sK9),sK2) <- (5) [avatar component clause 116]
121. 6 <=> list_ge_elem(sK1,'Cons'(sK1,sK8,sK9),sK3) [avatar definition]
123. ~list_ge_elem(sK1,'Cons'(sK1,sK8,sK9),sK3) <- (~6) [avatar component clause 121]
126. 7 <=> list_ge_elem(sK1,sK9,sK2) [avatar definition]
130. 8 <=> list_ge_elem(sK1,sK9,sK3) [avatar definition]
132. list_ge_elem(sK1,sK9,sK3) <- (8) [avatar component clause 130]
135. ~less(sK1,sK2,sK3) [resolution 70,65]
138. ~less(X0,X1,X2) | leq(X0,X1,X2) [resolution 70,59]
139. list_ge_elem(X0,'Nil'(X0),X1) [resolution 68,76]
143. list_ge_elem(sK1,sK9,sK3) | ~list_ge_elem(sK1,sK9,sK2) [subsumption resolution 105,139]
144. ~7 | 8 [avatar split clause 143,130,126]
145. list_ge_elem(sK1,'Cons'(sK1,sK8,sK9),sK2) [subsumption resolution 107,139]
146. 5 [avatar split clause 145,116]
147. ~list_ge_elem(sK1,'Cons'(sK1,sK8,sK9),sK3) [subsumption resolution 108,139]
148. ~6 [avatar split clause 147,121]
151. ~leq(X0,X1,X2) | X1 = X2 | less(X0,X1,X2) [resolution 60,69]
166. ~leq(X0,X1,X2) | less(X0,X1,X3) | leq(X0,X3,X2) [resolution 58,69]
182. less(X2,X1,X0) | X0 = X1 | less(X2,X0,X1) [resolution 151,69]
190. leq(sK1,X0,sK2) | less(sK1,sK3,X0) [resolution 166,65]
201. ~less(sK1,sK2,X0) | less(sK1,sK3,X0) [resolution 190,70]
234. ~list_ge_elem(X0,'Cons'(X0,X1,X3),X2) | ~less(X0,X1,X2) [resolution 74,67]
235. ~less(sK1,sK8,sK2) <- (5) [resolution 234,118]
238. 11 <=> sK2 = sK8 [avatar definition]
240. sK2 = sK8 <- (11) [avatar component clause 238]
242. 12 <=> less(sK1,sK2,sK8) [avatar definition]
244. less(sK1,sK2,sK8) <- (12) [avatar component clause 242]
262. ~list_ge_elem(X0,'Cons'(X0,X3,X1),X2) | list_ge_elem(X0,X1,X2) [resolution 75,67]
266. sK2 = sK8 | less(sK1,sK2,sK8) <- (5) [resolution 235,182]
267. list_ge_elem(sK1,sK9,sK2) <- (5) [resolution 118,262]
271. 7 | ~5 [avatar split clause 267,116,126]
272. less(sK1,sK3,sK8) <- (12) [resolution 244,201]
274. leq(sK1,sK3,sK8) <- (12) [resolution 272,138]
289. ~less(sK1,sK8,sK3) <- (12) [resolution 274,70]
301. list_ge_elem(X0,'Cons'(X0,X1,X3),X2) | less(X0,X1,X2) | ~list_ge_elem(X0,X3,X2) [resolution 73,68]
460. ~list_ge_elem(sK1,sK9,sK3) | less(sK1,sK8,sK3) <- (~6) [resolution 301,123]
464. less(sK1,sK8,sK3) <- (~6, 8) [subsumption resolution 460,132]
465. $false <- (~6, 8, 12) [subsumption resolution 464,289]
466. 6 | ~8 | ~12 [avatar contradiction clause 465]
467. 11 | 12 | ~5 [avatar split clause 266,116,242,238]
478. less(sK1,sK2,sK3) <- (~6, 8, 11) [forward demodulation 464,240]
479. $false <- (~6, 8, 11) [subsumption resolution 478,135]
480. 6 | ~8 | ~11 [avatar contradiction clause 479]
483. $false [avatar sat refutation 144,146,148,271,466,467,480]
% SZS output end Proof for lemma2
% (45519)------------------------------
% (45519)Version: Vampire 4.9 (commit 5ad494e78 on 2024-06-14 14:05:27 +0100)
% (45519)Linked with Z3 4.12.3.0 79bbbf76d0c123481c8ca05cd3a98939270074d3 z3-4.8.4-7980-g79bbbf76d
% (45519)Termination reason: Refutation

% (45519)Memory used [KB]: 962
% (45519)Time elapsed: 0.012 s
% (45519)Instructions burned: 31 (million)
% (45519)------------------------------
% (45519)------------------------------
% (45499)Success in time 0.023 s
