% Refutation found. Thanks to Tanya!
% SZS status Unsatisfiable for conjecture
% SZS output start Proof for conjecture
1. (leq(X0,X1,X2) = ~less(X0,X2,X1)) [input]
2. ! [X0 : $tType] : ! [X1 : X0] : leq(X0,X1,X1) [input]
6. filter_less(X0,X1,X2) = $match(X2,'Nil'(X0),'Nil'(X0),'Cons'(X0,X3,X4),$ite(less(X0,X3,X1), 'Cons'(X0,X3,filter_less(X0,X1,X4)),filter_less(X0,X1,X4))) [input]
7. filter_ge(X0,X1,X2) = $match(X2,'Nil'(X0),'Nil'(X0),'Cons'(X0,X3,X4),$ite(~less(X0,X3,X1), 'Cons'(X0,X3,filter_ge(X0,X1,X4)),filter_ge(X0,X1,X4))) [input]
8. append(X0,X1,X2) = $match(X1,'Nil'(X0),X2,'Cons'(X0,X3,X4),'Cons'(X0,X3,append(X0,X4,X2))) [input]
11. quicksort(X0,X1) = $match(X1,'Nil'(X0),'Nil'(X0),'Cons'(X0,X2,X3),append(X0,quicksort(X0,filter_less(X0,X2,X3)),'Cons'(X0,X2,quicksort(X0,filter_ge(X0,X2,X3))))) [input]
14. ! [X0 : $tType] : ! [X3 : 'list()'(X0),X1 : X0,X2 : 'list()'(X0)] : append(X0,filter_mset(X0,X1,X2),filter_mset(X0,X1,X3)) = filter_mset(X0,X1,append(X0,X2,X3)) [input]
15. ! [X0 : $tType] : ! [X2 : X0,X1 : X0,X3 : 'list()'(X0)] : filter_mset(X0,X1,X3) = append(X0,filter_mset(X0,X1,filter_less(X0,X2,X3)),filter_mset(X0,X1,filter_ge(X0,X2,X3))) [input]
16. ! [X0 : $tType] : ! [X1 : X0,X2 : 'list()'(X0)] : filter_mset(X0,X1,X2) = filter_mset(X0,X1,quicksort(X0,X2)) [input]
17. ~! [X0 : $tType] : ! [X1 : X0,X2 : 'list()'(X0)] : filter_mset(X0,X1,X2) = filter_mset(X0,X1,quicksort(X0,X2)) [negated conjecture 16]
36. ! [X2 : X0,X1 : X0,X0 : $tType] : (leq(X0,X1,X2) = ~less(X0,X2,X1)) [closure 1]
37. ! [X2 : X0,X1 : X0,X0 : $tType] : (leq(X0,X1,X2) <=> ~less(X0,X2,X1)) [fool elimination 36]
38. ! [X3 : 'list()'(X0),X2 : X0,X1 : 'list()'(X0),X0 : $tType] : quicksort(X0,X1) = $match(X1,'Nil'(X0),'Nil'(X0),'Cons'(X0,X2,X3),append(X0,quicksort(X0,filter_less(X0,X2,X3)),'Cons'(X0,X2,quicksort(X0,filter_ge(X0,X2,X3))))) [closure 11]
39. ! [X0 : $tType,X3 : 'list()'(X0),X2 : X0,X1 : 'list()'(X0)] : ('Nil'(X0) = X1 => 'Nil'(X0) = mG3(X0,X3,X2,X1)) [fool $match elimination 38]
40. ! [X0 : $tType,X3 : 'list()'(X0),X2 : X0,X1 : 'list()'(X0)] : ('Cons'(X0,X2,X3) = X1 => append(X0,quicksort(X0,filter_less(X0,X2,X3)),'Cons'(X0,X2,quicksort(X0,filter_ge(X0,X2,X3)))) = mG3(X0,X3,X2,X1)) [fool $match elimination 38]
41. ! [X3 : 'list()'(X0),X2 : X0,X1 : 'list()'(X0),X0 : $tType] : quicksort(X0,X1) = mG3(X0,X3,X2,X1) [fool elimination 38]
42. ! [X4 : 'list()'(X0),X3 : X0,X2 : 'list()'(X0),X1 : X0,X0 : $tType] : filter_less(X0,X1,X2) = $match(X2,'Nil'(X0),'Nil'(X0),'Cons'(X0,X3,X4),$ite(less(X0,X3,X1), 'Cons'(X0,X3,filter_less(X0,X1,X4)),filter_less(X0,X1,X4))) [closure 6]
45. ! [X0 : $tType,X1 : X0,X3 : X0,X4 : 'list()'(X0)] : (~less(X0,X3,X1) => filter_less(X0,X1,X4) = iG5(X0,X1,X3,X4)) [fool $ite elimination 42]
46. ! [X0 : $tType,X1 : X0,X3 : X0,X4 : 'list()'(X0),X2 : 'list()'(X0)] : ('Cons'(X0,X3,X4) = X2 => mG4(X0,X1,X3,X4,X2) = iG5(X0,X1,X3,X4)) [fool $match elimination 42]
47. ! [X4 : 'list()'(X0),X3 : X0,X2 : 'list()'(X0),X1 : X0,X0 : $tType] : filter_less(X0,X1,X2) = mG4(X0,X1,X3,X4,X2) [fool elimination 42]
48. ! [X4 : 'list()'(X0),X3 : X0,X2 : 'list()'(X0),X1 : X0,X0 : $tType] : filter_ge(X0,X1,X2) = $match(X2,'Nil'(X0),'Nil'(X0),'Cons'(X0,X3,X4),$ite(~less(X0,X3,X1), 'Cons'(X0,X3,filter_ge(X0,X1,X4)),filter_ge(X0,X1,X4))) [closure 7]
50. ! [X0 : $tType,X1 : X0,X3 : X0,X4 : 'list()'(X0)] : (~less(X0,X3,X1) => 'Cons'(X0,X3,filter_ge(X0,X1,X4)) = iG7(X0,X1,X3,X4)) [fool $ite elimination 48]
52. ! [X0 : $tType,X1 : X0,X3 : X0,X4 : 'list()'(X0),X2 : 'list()'(X0)] : ('Cons'(X0,X3,X4) = X2 => mG6(X0,X1,X3,X4,X2) = iG7(X0,X1,X3,X4)) [fool $match elimination 48]
53. ! [X4 : 'list()'(X0),X3 : X0,X2 : 'list()'(X0),X1 : X0,X0 : $tType] : filter_ge(X0,X1,X2) = mG6(X0,X1,X3,X4,X2) [fool elimination 48]
54. ! [X4 : 'list()'(X0),X3 : X0,X2 : 'list()'(X0),X1 : 'list()'(X0),X0 : $tType] : append(X0,X1,X2) = $match(X1,'Nil'(X0),X2,'Cons'(X0,X3,X4),'Cons'(X0,X3,append(X0,X4,X2))) [closure 8]
55. ! [X0 : $tType,X2 : 'list()'(X0),X4 : 'list()'(X0),X3 : X0,X1 : 'list()'(X0)] : ('Nil'(X0) = X1 => mG8(X0,X2,X4,X3,X1) = X2) [fool $match elimination 54]
56. ! [X0 : $tType,X2 : 'list()'(X0),X4 : 'list()'(X0),X3 : X0,X1 : 'list()'(X0)] : ('Cons'(X0,X3,X4) = X1 => 'Cons'(X0,X3,append(X0,X4,X2)) = mG8(X0,X2,X4,X3,X1)) [fool $match elimination 54]
57. ! [X4 : 'list()'(X0),X3 : X0,X2 : 'list()'(X0),X1 : 'list()'(X0),X0 : $tType] : append(X0,X1,X2) = mG8(X0,X2,X4,X3,X1) [fool elimination 54]
69. ! [X0 : $tType,X1 : 'list()'(X0),X2 : 'list()'(X0),X3 : X0,X4 : 'list()'(X0)] : ('Cons'(X0,X3,X2) = X4 => 'Cons'(X0,X3,append(X0,X2,X1)) = mG8(X0,X1,X2,X3,X4)) [rectify 56]
70. ! [X0 : $tType,X1 : 'list()'(X0),X2 : 'list()'(X0),X3 : X0,X4 : 'list()'(X0)] : ('Nil'(X0) = X4 => mG8(X0,X1,X2,X3,X4) = X1) [rectify 55]
71. ! [X0 : $tType,X1 : X0,X2 : X0,X3 : 'list()'(X0),X4 : 'list()'(X0)] : ('Cons'(X0,X2,X3) = X4 => mG6(X0,X1,X2,X3,X4) = iG7(X0,X1,X2,X3)) [rectify 52]
74. ! [X0 : $tType,X1 : X0,X2 : X0,X3 : 'list()'(X0)] : (~less(X0,X2,X1) => iG7(X0,X1,X2,X3) = 'Cons'(X0,X2,filter_ge(X0,X1,X3))) [rectify 50]
75. ! [X0 : $tType,X1 : X0,X2 : X0,X3 : 'list()'(X0)] : (~less(X0,X2,X1) => iG7(X0,X1,X2,X3) = 'Cons'(X0,X2,filter_ge(X0,X1,X3))) [flattening 74]
77. ! [X0 : $tType,X1 : X0,X2 : X0,X3 : 'list()'(X0),X4 : 'list()'(X0)] : ('Cons'(X0,X2,X3) = X4 => mG4(X0,X1,X2,X3,X4) = iG5(X0,X1,X2,X3)) [rectify 46]
78. ! [X0 : $tType,X1 : X0,X2 : X0,X3 : 'list()'(X0)] : (~less(X0,X2,X1) => iG5(X0,X1,X2,X3) = filter_less(X0,X1,X3)) [rectify 45]
79. ! [X0 : $tType,X1 : X0,X2 : X0,X3 : 'list()'(X0)] : (~less(X0,X2,X1) => iG5(X0,X1,X2,X3) = filter_less(X0,X1,X3)) [flattening 78]
82. ! [X0 : $tType,X1 : 'list()'(X0),X2 : X0,X3 : 'list()'(X0)] : ('Cons'(X0,X2,X1) = X3 => append(X0,quicksort(X0,filter_less(X0,X2,X1)),'Cons'(X0,X2,quicksort(X0,filter_ge(X0,X2,X1)))) = mG3(X0,X1,X2,X3)) [rectify 40]
83. ! [X0 : $tType,X1 : 'list()'(X0),X2 : X0,X3 : 'list()'(X0)] : ('Nil'(X0) = X3 => 'Nil'(X0) = mG3(X0,X1,X2,X3)) [rectify 39]
94. ~! [X0 : $tType,X1 : X0,X2 : 'list()'(X0)] : filter_mset(X0,X1,X2) = filter_mset(X0,X1,quicksort(X0,X2)) [flattening 17]
98. ! [X0 : X2,X1 : X2,X2 : $tType] : (leq(X2,X1,X0) <=> ~less(X2,X0,X1)) [rectify 37]
99. ! [X0 : X2,X1 : X2,X2 : $tType] : (leq(X2,X1,X0) <=> ~less(X2,X0,X1)) [flattening 98]
100. ! [X0 : 'list()'(X3),X1 : X3,X2 : 'list()'(X3),X3 : $tType] : quicksort(X3,X2) = mG3(X3,X0,X1,X2) [rectify 41]
101. ! [X0 : 'list()'(X4),X1 : X4,X2 : 'list()'(X4),X3 : X4,X4 : $tType] : filter_less(X4,X3,X2) = mG4(X4,X3,X1,X0,X2) [rectify 47]
102. ! [X0 : 'list()'(X4),X1 : X4,X2 : 'list()'(X4),X3 : X4,X4 : $tType] : filter_ge(X4,X3,X2) = mG6(X4,X3,X1,X0,X2) [rectify 53]
103. ! [X0 : 'list()'(X4),X1 : X4,X2 : 'list()'(X4),X3 : 'list()'(X4),X4 : $tType] : append(X4,X3,X2) = mG8(X4,X2,X0,X1,X3) [rectify 57]
105. ! [X0 : $tType,X1 : X0] : leq(X0,X1,X1) [flattening 2]
110. ! [X0 : $tType] : ! [X1 : 'list()'(X0),X2 : X0,X3 : 'list()'(X0)] : append(X0,filter_mset(X0,X2,X3),filter_mset(X0,X2,X1)) = filter_mset(X0,X2,append(X0,X3,X1)) [rectify 14]
111. ! [X0 : $tType,X1 : 'list()'(X0),X2 : X0,X3 : 'list()'(X0)] : append(X0,filter_mset(X0,X2,X3),filter_mset(X0,X2,X1)) = filter_mset(X0,X2,append(X0,X3,X1)) [flattening 110]
112. ! [X0 : $tType] : ! [X1 : X0,X2 : X0,X3 : 'list()'(X0)] : filter_mset(X0,X2,X3) = append(X0,filter_mset(X0,X2,filter_less(X0,X1,X3)),filter_mset(X0,X2,filter_ge(X0,X1,X3))) [rectify 15]
113. ! [X0 : $tType,X1 : X0,X2 : X0,X3 : 'list()'(X0)] : filter_mset(X0,X2,X3) = append(X0,filter_mset(X0,X2,filter_less(X0,X1,X3)),filter_mset(X0,X2,filter_ge(X0,X1,X3))) [flattening 112]
120. ! [X0 : $tType,X1 : 'list()'(X0),X2 : 'list()'(X0),X3 : X0,X4 : 'list()'(X0)] : ('Cons'(X0,X3,append(X0,X2,X1)) = mG8(X0,X1,X2,X3,X4) | 'Cons'(X0,X3,X2) != X4) [ennf transformation 69]
121. ! [X0 : $tType,X1 : 'list()'(X0),X2 : 'list()'(X0),X3 : X0,X4 : 'list()'(X0)] : (mG8(X0,X1,X2,X3,X4) = X1 | 'Nil'(X0) != X4) [ennf transformation 70]
122. ! [X0 : $tType,X1 : X0,X2 : X0,X3 : 'list()'(X0),X4 : 'list()'(X0)] : (mG6(X0,X1,X2,X3,X4) = iG7(X0,X1,X2,X3) | 'Cons'(X0,X2,X3) != X4) [ennf transformation 71]
124. ! [X0 : $tType,X1 : X0,X2 : X0,X3 : 'list()'(X0)] : (iG7(X0,X1,X2,X3) = 'Cons'(X0,X2,filter_ge(X0,X1,X3)) | less(X0,X2,X1)) [ennf transformation 75]
126. ! [X0 : $tType,X1 : X0,X2 : X0,X3 : 'list()'(X0),X4 : 'list()'(X0)] : (mG4(X0,X1,X2,X3,X4) = iG5(X0,X1,X2,X3) | 'Cons'(X0,X2,X3) != X4) [ennf transformation 77]
127. ! [X0 : $tType,X1 : X0,X2 : X0,X3 : 'list()'(X0)] : (iG5(X0,X1,X2,X3) = filter_less(X0,X1,X3) | less(X0,X2,X1)) [ennf transformation 79]
130. ! [X0 : $tType,X1 : 'list()'(X0),X2 : X0,X3 : 'list()'(X0)] : (append(X0,quicksort(X0,filter_less(X0,X2,X1)),'Cons'(X0,X2,quicksort(X0,filter_ge(X0,X2,X1)))) = mG3(X0,X1,X2,X3) | 'Cons'(X0,X2,X1) != X3) [ennf transformation 82]
131. ! [X0 : $tType,X1 : 'list()'(X0),X2 : X0,X3 : 'list()'(X0)] : ('Nil'(X0) = mG3(X0,X1,X2,X3) | 'Nil'(X0) != X3) [ennf transformation 83]
138. ? [X0 : $tType,X1 : X0,X2 : 'list()'(X0)] : filter_mset(X0,X1,X2) != filter_mset(X0,X1,quicksort(X0,X2)) [ennf transformation 94]
149. ? [X0 : $tType,X1 : X0,X2 : 'list()'(X0)] : filter_mset(X0,X1,X2) != filter_mset(X0,X1,quicksort(X0,X2)) => filter_mset(sK11,sK12,sK13) != filter_mset(sK11,sK12,quicksort(sK11,sK13)) [choice axiom]
150. filter_mset(sK11,sK12,sK13) != filter_mset(sK11,sK12,quicksort(sK11,sK13)) [skolemisation 138,149]
154. ! [X0 : X2,X1 : X2,X2 : $tType] : ((leq(X2,X1,X0) | less(X2,X0,X1)) & (~less(X2,X0,X1) | ~leq(X2,X1,X0))) [nnf transformation 99]
159. 'Cons'(X0,X3,append(X0,X2,X1)) = mG8(X0,X1,X2,X3,X4) | 'Cons'(X0,X3,X2) != X4 [cnf transformation 120]
160. mG8(X0,X1,X2,X3,X4) = X1 | 'Nil'(X0) != X4 [cnf transformation 121]
161. mG6(X0,X1,X2,X3,X4) = iG7(X0,X1,X2,X3) | 'Cons'(X0,X2,X3) != X4 [cnf transformation 122]
163. iG7(X0,X1,X2,X3) = 'Cons'(X0,X2,filter_ge(X0,X1,X3)) | less(X0,X2,X1) [cnf transformation 124]
165. mG4(X0,X1,X2,X3,X4) = iG5(X0,X1,X2,X3) | 'Cons'(X0,X2,X3) != X4 [cnf transformation 126]
166. iG5(X0,X1,X2,X3) = filter_less(X0,X1,X3) | less(X0,X2,X1) [cnf transformation 127]
169. append(X0,quicksort(X0,filter_less(X0,X2,X1)),'Cons'(X0,X2,quicksort(X0,filter_ge(X0,X2,X1)))) = mG3(X0,X1,X2,X3) | 'Cons'(X0,X2,X1) != X3 [cnf transformation 130]
170. 'Nil'(X0) = mG3(X0,X1,X2,X3) | 'Nil'(X0) != X3 [cnf transformation 131]
183. filter_mset(sK11,sK12,sK13) != filter_mset(sK11,sK12,quicksort(sK11,sK13)) [cnf transformation 150]
190. ~leq(X2,X1,X0) | ~less(X2,X0,X1) [cnf transformation 154]
192. quicksort(X3,X2) = mG3(X3,X0,X1,X2) [cnf transformation 100]
193. filter_less(X4,X3,X2) = mG4(X4,X3,X1,X0,X2) [cnf transformation 101]
194. filter_ge(X4,X3,X2) = mG6(X4,X3,X1,X0,X2) [cnf transformation 102]
195. append(X4,X3,X2) = mG8(X4,X2,X0,X1,X3) [cnf transformation 103]
197. leq(X0,X1,X1) [cnf transformation 105]
200. append(X0,filter_mset(X0,X2,X3),filter_mset(X0,X2,X1)) = filter_mset(X0,X2,append(X0,X3,X1)) [cnf transformation 111]
201. filter_mset(X0,X2,X3) = append(X0,filter_mset(X0,X2,filter_less(X0,X1,X3)),filter_mset(X0,X2,filter_ge(X0,X1,X3))) [cnf transformation 113]
205. 'Cons'(X0,X3,append(X0,X2,X1)) = append(X0,X4,X1) | 'Cons'(X0,X3,X2) != X4 [definition unfolding 159,195]
206. append(X0,X4,X1) = X1 | 'Nil'(X0) != X4 [definition unfolding 160,195]
207. filter_ge(X0,X1,X4) = iG7(X0,X1,X2,X3) | 'Cons'(X0,X2,X3) != X4 [definition unfolding 161,194]
209. filter_less(X0,X1,X4) = iG5(X0,X1,X2,X3) | 'Cons'(X0,X2,X3) != X4 [definition unfolding 165,193]
211. append(X0,quicksort(X0,filter_less(X0,X2,X1)),'Cons'(X0,X2,quicksort(X0,filter_ge(X0,X2,X1)))) = quicksort(X0,X3) | 'Cons'(X0,X2,X1) != X3 [definition unfolding 169,192]
212. 'Nil'(X0) = quicksort(X0,X3) | 'Nil'(X0) != X3 [definition unfolding 170,192]
216. 'Cons'(X0,X3,append(X0,X2,X1)) = append(X0,'Cons'(X0,X3,X2),X1) [equality resolution 205]
217. append(X0,'Nil'(X0),X1) = X1 [equality resolution 206]
218. iG7(X0,X1,X2,X3) = filter_ge(X0,X1,'Cons'(X0,X2,X3)) [equality resolution 207]
220. iG5(X0,X1,X2,X3) = filter_less(X0,X1,'Cons'(X0,X2,X3)) [equality resolution 209]
222. append(X0,quicksort(X0,filter_less(X0,X2,X1)),'Cons'(X0,X2,quicksort(X0,filter_ge(X0,X2,X1)))) = quicksort(X0,'Cons'(X0,X2,X1)) [equality resolution 211]
223. 'Nil'(X0) = quicksort(X0,'Nil'(X0)) [equality resolution 212]
238. less(X0,X2,X1) | 'Cons'(X0,X2,filter_ge(X0,X1,X3)) = filter_ge(X0,X1,'Cons'(X0,X2,X3)) [forward demodulation 163,218]
239. less(X0,X2,X1) | filter_less(X0,X1,X3) = filter_less(X0,X1,'Cons'(X0,X2,X3)) [forward demodulation 166,220]
246. ~less(X0,X1,X1) [resolution 190,197]
297. ! [X2 : 'list()'(sK11),X1 : sK11] : (((filter_mset(sK11,sK12,filter_ge(sK11,X1,X2)) = filter_mset(sK11,sK12,quicksort(sK11,filter_ge(sK11,X1,X2))) & filter_mset(sK11,sK12,filter_less(sK11,X1,X2)) = filter_mset(sK11,sK12,quicksort(sK11,filter_less(sK11,X1,X2)))) => filter_mset(sK11,sK12,'Cons'(sK11,X1,X2)) = filter_mset(sK11,sK12,quicksort(sK11,'Cons'(sK11,X1,X2)))) & filter_mset(sK11,sK12,'Nil'(sK11)) = filter_mset(sK11,sK12,quicksort(sK11,'Nil'(sK11)))) => ! [X4 : 'list()'(sK11)] : filter_mset(sK11,sK12,X4) = filter_mset(sK11,sK12,quicksort(sK11,X4)) [structural induction hypothesis (recursion)]
298. ! [X4 : 'list()'(sK11)] : filter_mset(sK11,sK12,X4) = filter_mset(sK11,sK12,quicksort(sK11,X4)) | ? [X2 : 'list()'(sK11),X1 : sK11] : ((filter_mset(sK11,sK12,'Cons'(sK11,X1,X2)) != filter_mset(sK11,sK12,quicksort(sK11,'Cons'(sK11,X1,X2))) & (filter_mset(sK11,sK12,filter_ge(sK11,X1,X2)) = filter_mset(sK11,sK12,quicksort(sK11,filter_ge(sK11,X1,X2))) & filter_mset(sK11,sK12,filter_less(sK11,X1,X2)) = filter_mset(sK11,sK12,quicksort(sK11,filter_less(sK11,X1,X2))))) | filter_mset(sK11,sK12,'Nil'(sK11)) != filter_mset(sK11,sK12,quicksort(sK11,'Nil'(sK11)))) [ennf transformation 297]
299. filter_mset(sK11,sK12,'Nil'(sK11)) != filter_mset(sK11,sK12,quicksort(sK11,'Nil'(sK11))) | filter_mset(sK11,sK12,filter_less(sK11,sK18,sK17)) = filter_mset(sK11,sK12,quicksort(sK11,filter_less(sK11,sK18,sK17))) | filter_mset(sK11,sK12,X4) = filter_mset(sK11,sK12,quicksort(sK11,X4)) [cnf transformation 298]
300. filter_mset(sK11,sK12,'Nil'(sK11)) != filter_mset(sK11,sK12,quicksort(sK11,'Nil'(sK11))) | filter_mset(sK11,sK12,filter_ge(sK11,sK18,sK17)) = filter_mset(sK11,sK12,quicksort(sK11,filter_ge(sK11,sK18,sK17))) | filter_mset(sK11,sK12,X4) = filter_mset(sK11,sK12,quicksort(sK11,X4)) [cnf transformation 298]
301. filter_mset(sK11,sK12,'Nil'(sK11)) != filter_mset(sK11,sK12,quicksort(sK11,'Nil'(sK11))) | filter_mset(sK11,sK12,'Cons'(sK11,sK18,sK17)) != filter_mset(sK11,sK12,quicksort(sK11,'Cons'(sK11,sK18,sK17))) | filter_mset(sK11,sK12,X4) = filter_mset(sK11,sK12,quicksort(sK11,X4)) [cnf transformation 298]
308. filter_mset(sK11,sK12,'Nil'(sK11)) != filter_mset(sK11,sK12,quicksort(sK11,'Nil'(sK11))) | filter_mset(sK11,sK12,'Cons'(sK11,sK18,sK17)) != filter_mset(sK11,sK12,quicksort(sK11,'Cons'(sK11,sK18,sK17))) [induction hyperresolution 183,301]
309. filter_mset(sK11,sK12,'Nil'(sK11)) != filter_mset(sK11,sK12,quicksort(sK11,'Nil'(sK11))) | filter_mset(sK11,sK12,filter_ge(sK11,sK18,sK17)) = filter_mset(sK11,sK12,quicksort(sK11,filter_ge(sK11,sK18,sK17))) [induction hyperresolution 183,300]
310. filter_mset(sK11,sK12,'Nil'(sK11)) != filter_mset(sK11,sK12,quicksort(sK11,'Nil'(sK11))) | filter_mset(sK11,sK12,filter_less(sK11,sK18,sK17)) = filter_mset(sK11,sK12,quicksort(sK11,filter_less(sK11,sK18,sK17))) [induction hyperresolution 183,299]
317. filter_mset(sK11,sK12,'Nil'(sK11)) != filter_mset(sK11,sK12,'Nil'(sK11)) | filter_mset(sK11,sK12,filter_less(sK11,sK18,sK17)) = filter_mset(sK11,sK12,quicksort(sK11,filter_less(sK11,sK18,sK17))) [forward demodulation 310,223]
318. filter_mset(sK11,sK12,filter_less(sK11,sK18,sK17)) = filter_mset(sK11,sK12,quicksort(sK11,filter_less(sK11,sK18,sK17))) [trivial inequality removal 317]
319. filter_mset(sK11,sK12,'Nil'(sK11)) != filter_mset(sK11,sK12,'Nil'(sK11)) | filter_mset(sK11,sK12,filter_ge(sK11,sK18,sK17)) = filter_mset(sK11,sK12,quicksort(sK11,filter_ge(sK11,sK18,sK17))) [forward demodulation 309,223]
320. filter_mset(sK11,sK12,filter_ge(sK11,sK18,sK17)) = filter_mset(sK11,sK12,quicksort(sK11,filter_ge(sK11,sK18,sK17))) [trivial inequality removal 319]
321. filter_mset(sK11,sK12,'Nil'(sK11)) != filter_mset(sK11,sK12,'Nil'(sK11)) | filter_mset(sK11,sK12,'Cons'(sK11,sK18,sK17)) != filter_mset(sK11,sK12,quicksort(sK11,'Cons'(sK11,sK18,sK17))) [forward demodulation 308,223]
322. filter_mset(sK11,sK12,'Cons'(sK11,sK18,sK17)) != filter_mset(sK11,sK12,quicksort(sK11,'Cons'(sK11,sK18,sK17))) [trivial inequality removal 321]
444. filter_less(X0,X1,X2) = filter_less(X0,X1,'Cons'(X0,X1,X2)) [resolution 239,246]
452. append(X3,filter_mset(X3,X7,'Cons'(X3,X4,X5)),filter_mset(X3,X7,X6)) = filter_mset(X3,X7,'Cons'(X3,X4,append(X3,X5,X6))) [superposition 200,216]
455. 'Cons'(X0,X1,filter_ge(X0,X1,X2)) = filter_ge(X0,X1,'Cons'(X0,X1,X2)) [resolution 238,246]
473. filter_mset(X3,X6,'Cons'(X3,X4,X5)) = append(X3,filter_mset(X3,X6,filter_less(X3,X4,X5)),filter_mset(X3,X6,filter_ge(X3,X4,'Cons'(X3,X4,X5)))) [superposition 201,444]
478. filter_mset(X3,X6,'Cons'(X3,X4,X5)) = append(X3,filter_mset(X3,X6,filter_less(X3,X4,X5)),filter_mset(X3,X6,'Cons'(X3,X4,filter_ge(X3,X4,X5)))) [forward demodulation 473,455]
494. append(X0,filter_mset(X0,X3,quicksort(X0,filter_less(X0,X1,X2))),filter_mset(X0,X3,'Cons'(X0,X1,quicksort(X0,filter_ge(X0,X1,X2))))) = filter_mset(X0,X3,quicksort(X0,'Cons'(X0,X1,X2))) [superposition 200,222]
918. append(X0,filter_mset(X0,X2,'Cons'(X0,X3,'Nil'(X0))),filter_mset(X0,X2,X1)) = filter_mset(X0,X2,'Cons'(X0,X3,X1)) [superposition 452,217]
927. filter_mset(X3,X6,'Cons'(X3,X4,X5)) = append(X3,filter_mset(X3,X6,filter_less(X3,X4,X5)),append(X3,filter_mset(X3,X6,'Cons'(X3,X4,'Nil'(X3))),filter_mset(X3,X6,filter_ge(X3,X4,X5)))) [backward demodulation 478,918]
929. filter_mset(X0,X3,quicksort(X0,'Cons'(X0,X1,X2))) = append(X0,filter_mset(X0,X3,quicksort(X0,filter_less(X0,X1,X2))),append(X0,filter_mset(X0,X3,'Cons'(X0,X1,'Nil'(X0))),filter_mset(X0,X3,quicksort(X0,filter_ge(X0,X1,X2))))) [backward demodulation 494,918]
933. filter_mset(sK11,sK12,quicksort(sK11,'Cons'(sK11,sK18,sK17))) != append(sK11,filter_mset(sK11,sK12,'Cons'(sK11,sK18,'Nil'(sK11))),filter_mset(sK11,sK12,sK17)) [backward demodulation 322,918]
1310. filter_mset(sK11,sK12,quicksort(sK11,'Cons'(sK11,sK18,sK17))) = append(sK11,filter_mset(sK11,sK12,filter_less(sK11,sK18,sK17)),append(sK11,filter_mset(sK11,sK12,'Cons'(sK11,sK18,'Nil'(sK11))),filter_mset(sK11,sK12,quicksort(sK11,filter_ge(sK11,sK18,sK17))))) [superposition 929,318]
1328. filter_mset(sK11,sK12,quicksort(sK11,'Cons'(sK11,sK18,sK17))) = append(sK11,filter_mset(sK11,sK12,filter_less(sK11,sK18,sK17)),append(sK11,filter_mset(sK11,sK12,'Cons'(sK11,sK18,'Nil'(sK11))),filter_mset(sK11,sK12,filter_ge(sK11,sK18,sK17)))) [forward demodulation 1310,320]
1329. filter_mset(sK11,sK12,'Cons'(sK11,sK18,sK17)) = filter_mset(sK11,sK12,quicksort(sK11,'Cons'(sK11,sK18,sK17))) [forward demodulation 1328,927]
1330. filter_mset(sK11,sK12,quicksort(sK11,'Cons'(sK11,sK18,sK17))) = append(sK11,filter_mset(sK11,sK12,'Cons'(sK11,sK18,'Nil'(sK11))),filter_mset(sK11,sK12,sK17)) [forward demodulation 1329,918]
1331. $false [subsumption resolution 1330,933]
% SZS output end Proof for conjecture
% ------------------------------
% Version: Vampire 4.7 (commit )
% Linked with Z3 4.9.1.0  NOTFOUND
% Termination reason: Refutation

% Memory used [KB]: 6268
% Time elapsed: 0.041 s
% ------------------------------
% ------------------------------
