% Refutation found. Thanks to Tanya!
% SZS status Unsatisfiable for lemma1
% SZS output start Proof for lemma1
8. append(X0,X1,X2) = $match(X1,'Nil'(X0),X2,'Cons'(X0,X3,X4),'Cons'(X0,X3,append(X0,X4,X2))) [input]
13. filter_mset(X0,X1,X2) = $match(X2,'Nil'(X0),'Nil'(X0),'Cons'(X0,X3,X4),$ite(X1 = X3, 'Cons'(X0,X3,filter_mset(X0,X1,X4)),filter_mset(X0,X1,X4))) [input]
14. ! [X0 : $tType] : ! [X3 : 'list()'(X0),X1 : X0,X2 : 'list()'(X0)] : append(X0,filter_mset(X0,X1,X2),filter_mset(X0,X1,X3)) = filter_mset(X0,X1,append(X0,X2,X3)) [input]
15. ~! [X0 : $tType] : ! [X3 : 'list()'(X0),X1 : X0,X2 : 'list()'(X0)] : append(X0,filter_mset(X0,X1,X2),filter_mset(X0,X1,X3)) = filter_mset(X0,X1,append(X0,X2,X3)) [negated conjecture 14]
52. ! [X4 : 'list()'(X0),X3 : X0,X2 : 'list()'(X0),X1 : X0,X0 : $tType] : filter_mset(X0,X1,X2) = $match(X2,'Nil'(X0),'Nil'(X0),'Cons'(X0,X3,X4),$ite(X1 = X3, 'Cons'(X0,X3,filter_mset(X0,X1,X4)),filter_mset(X0,X1,X4))) [closure 13]
53. ! [X0 : $tType,X3 : X0,X1 : X0,X4 : 'list()'(X0),X2 : 'list()'(X0)] : ('Nil'(X0) = X2 => 'Nil'(X0) = mG8(X0,X3,X1,X4,X2)) [fool $match elimination 52]
54. ! [X0 : $tType,X3 : X0,X1 : X0,X4 : 'list()'(X0)] : (X1 = X3 => 'Cons'(X0,X3,filter_mset(X0,X1,X4)) = iG9(X0,X3,X1,X4)) [fool $ite elimination 52]
55. ! [X0 : $tType,X3 : X0,X1 : X0,X4 : 'list()'(X0)] : (~X1 = X3 => filter_mset(X0,X1,X4) = iG9(X0,X3,X1,X4)) [fool $ite elimination 52]
56. ! [X0 : $tType,X3 : X0,X1 : X0,X4 : 'list()'(X0),X2 : 'list()'(X0)] : ('Cons'(X0,X3,X4) = X2 => mG8(X0,X3,X1,X4,X2) = iG9(X0,X3,X1,X4)) [fool $match elimination 52]
57. ! [X4 : 'list()'(X0),X3 : X0,X2 : 'list()'(X0),X1 : X0,X0 : $tType] : filter_mset(X0,X1,X2) = mG8(X0,X3,X1,X4,X2) [fool elimination 52]
58. ! [X4 : 'list()'(X0),X3 : X0,X2 : 'list()'(X0),X1 : 'list()'(X0),X0 : $tType] : append(X0,X1,X2) = $match(X1,'Nil'(X0),X2,'Cons'(X0,X3,X4),'Cons'(X0,X3,append(X0,X4,X2))) [closure 8]
59. ! [X0 : $tType,X2 : 'list()'(X0),X4 : 'list()'(X0),X3 : X0,X1 : 'list()'(X0)] : ('Nil'(X0) = X1 => mG10(X0,X2,X4,X3,X1) = X2) [fool $match elimination 58]
60. ! [X0 : $tType,X2 : 'list()'(X0),X4 : 'list()'(X0),X3 : X0,X1 : 'list()'(X0)] : ('Cons'(X0,X3,X4) = X1 => 'Cons'(X0,X3,append(X0,X4,X2)) = mG10(X0,X2,X4,X3,X1)) [fool $match elimination 58]
61. ! [X4 : 'list()'(X0),X3 : X0,X2 : 'list()'(X0),X1 : 'list()'(X0),X0 : $tType] : append(X0,X1,X2) = mG10(X0,X2,X4,X3,X1) [fool elimination 58]
62. ! [X0 : $tType,X1 : 'list()'(X0),X2 : 'list()'(X0),X3 : X0,X4 : 'list()'(X0)] : ('Cons'(X0,X3,X2) = X4 => 'Cons'(X0,X3,append(X0,X2,X1)) = mG10(X0,X1,X2,X3,X4)) [rectify 60]
63. ! [X0 : $tType,X1 : 'list()'(X0),X2 : 'list()'(X0),X3 : X0,X4 : 'list()'(X0)] : ('Nil'(X0) = X4 => mG10(X0,X1,X2,X3,X4) = X1) [rectify 59]
64. ! [X0 : $tType,X1 : X0,X2 : X0,X3 : 'list()'(X0),X4 : 'list()'(X0)] : ('Cons'(X0,X1,X3) = X4 => mG8(X0,X1,X2,X3,X4) = iG9(X0,X1,X2,X3)) [rectify 56]
65. ! [X0 : $tType,X1 : X0,X2 : X0,X3 : 'list()'(X0)] : (~X1 = X2 => iG9(X0,X1,X2,X3) = filter_mset(X0,X2,X3)) [rectify 55]
66. ! [X0 : $tType,X1 : X0,X2 : X0,X3 : 'list()'(X0)] : (X1 != X2 => iG9(X0,X1,X2,X3) = filter_mset(X0,X2,X3)) [flattening 65]
67. ! [X0 : $tType,X1 : X0,X2 : X0,X3 : 'list()'(X0)] : (X1 = X2 => iG9(X0,X1,X2,X3) = 'Cons'(X0,X1,filter_mset(X0,X2,X3))) [rectify 54]
68. ! [X0 : $tType,X1 : X0,X2 : X0,X3 : 'list()'(X0),X4 : 'list()'(X0)] : ('Nil'(X0) = X4 => 'Nil'(X0) = mG8(X0,X1,X2,X3,X4)) [rectify 53]
92. ~! [X0 : $tType] : ! [X1 : 'list()'(X0),X2 : X0,X3 : 'list()'(X0)] : append(X0,filter_mset(X0,X2,X3),filter_mset(X0,X2,X1)) = filter_mset(X0,X2,append(X0,X3,X1)) [rectify 15]
93. ~! [X0 : $tType,X1 : 'list()'(X0),X2 : X0,X3 : 'list()'(X0)] : append(X0,filter_mset(X0,X2,X3),filter_mset(X0,X2,X1)) = filter_mset(X0,X2,append(X0,X3,X1)) [flattening 92]
102. ! [X0 : 'list()'(X4),X1 : X4,X2 : 'list()'(X4),X3 : X4,X4 : $tType] : filter_mset(X4,X3,X2) = mG8(X4,X1,X3,X0,X2) [rectify 57]
103. ! [X0 : 'list()'(X4),X1 : X4,X2 : 'list()'(X4),X3 : 'list()'(X4),X4 : $tType] : append(X4,X3,X2) = mG10(X4,X2,X0,X1,X3) [rectify 61]
111. ! [X0 : $tType,X1 : 'list()'(X0),X2 : 'list()'(X0),X3 : X0,X4 : 'list()'(X0)] : ('Cons'(X0,X3,append(X0,X2,X1)) = mG10(X0,X1,X2,X3,X4) | 'Cons'(X0,X3,X2) != X4) [ennf transformation 62]
112. ! [X0 : $tType,X1 : 'list()'(X0),X2 : 'list()'(X0),X3 : X0,X4 : 'list()'(X0)] : (mG10(X0,X1,X2,X3,X4) = X1 | 'Nil'(X0) != X4) [ennf transformation 63]
113. ! [X0 : $tType,X1 : X0,X2 : X0,X3 : 'list()'(X0),X4 : 'list()'(X0)] : (mG8(X0,X1,X2,X3,X4) = iG9(X0,X1,X2,X3) | 'Cons'(X0,X1,X3) != X4) [ennf transformation 64]
114. ! [X0 : $tType,X1 : X0,X2 : X0,X3 : 'list()'(X0)] : (iG9(X0,X1,X2,X3) = filter_mset(X0,X2,X3) | X1 = X2) [ennf transformation 66]
115. ! [X0 : $tType,X1 : X0,X2 : X0,X3 : 'list()'(X0)] : (iG9(X0,X1,X2,X3) = 'Cons'(X0,X1,filter_mset(X0,X2,X3)) | X1 != X2) [ennf transformation 67]
116. ! [X0 : $tType,X1 : X0,X2 : X0,X3 : 'list()'(X0),X4 : 'list()'(X0)] : ('Nil'(X0) = mG8(X0,X1,X2,X3,X4) | 'Nil'(X0) != X4) [ennf transformation 68]
133. ? [X0 : $tType,X1 : 'list()'(X0),X2 : X0,X3 : 'list()'(X0)] : append(X0,filter_mset(X0,X2,X3),filter_mset(X0,X2,X1)) != filter_mset(X0,X2,append(X0,X3,X1)) [ennf transformation 93]
144. ? [X0 : $tType,X1 : 'list()'(X0),X2 : X0,X3 : 'list()'(X0)] : append(X0,filter_mset(X0,X2,X3),filter_mset(X0,X2,X1)) != filter_mset(X0,X2,append(X0,X3,X1)) => append(sK11,filter_mset(sK11,sK13,sK14),filter_mset(sK11,sK13,sK12)) != filter_mset(sK11,sK13,append(sK11,sK14,sK12)) [choice axiom]
145. append(sK11,filter_mset(sK11,sK13,sK14),filter_mset(sK11,sK13,sK12)) != filter_mset(sK11,sK13,append(sK11,sK14,sK12)) [skolemisation 133,144]
150. 'Cons'(X0,X3,append(X0,X2,X1)) = mG10(X0,X1,X2,X3,X4) | 'Cons'(X0,X3,X2) != X4 [cnf transformation 111]
151. mG10(X0,X1,X2,X3,X4) = X1 | 'Nil'(X0) != X4 [cnf transformation 112]
152. mG8(X0,X1,X2,X3,X4) = iG9(X0,X1,X2,X3) | 'Cons'(X0,X1,X3) != X4 [cnf transformation 113]
153. iG9(X0,X1,X2,X3) = filter_mset(X0,X2,X3) | X1 = X2 [cnf transformation 114]
154. iG9(X0,X1,X2,X3) = 'Cons'(X0,X1,filter_mset(X0,X2,X3)) | X1 != X2 [cnf transformation 115]
155. 'Nil'(X0) = mG8(X0,X1,X2,X3,X4) | 'Nil'(X0) != X4 [cnf transformation 116]
178. append(sK11,filter_mset(sK11,sK13,sK14),filter_mset(sK11,sK13,sK12)) != filter_mset(sK11,sK13,append(sK11,sK14,sK12)) [cnf transformation 145]
190. filter_mset(X4,X3,X2) = mG8(X4,X1,X3,X0,X2) [cnf transformation 102]
191. append(X4,X3,X2) = mG10(X4,X2,X0,X1,X3) [cnf transformation 103]
196. 'Cons'(X0,X3,append(X0,X2,X1)) = append(X0,X4,X1) | 'Cons'(X0,X3,X2) != X4 [definition unfolding 150,191]
197. append(X0,X4,X1) = X1 | 'Nil'(X0) != X4 [definition unfolding 151,191]
198. iG9(X0,X1,X2,X3) = filter_mset(X0,X2,X4) | 'Cons'(X0,X1,X3) != X4 [definition unfolding 152,190]
199. 'Nil'(X0) = filter_mset(X0,X2,X4) | 'Nil'(X0) != X4 [definition unfolding 155,190]
206. 'Cons'(X0,X3,append(X0,X2,X1)) = append(X0,'Cons'(X0,X3,X2),X1) [equality resolution 196]
207. append(X0,'Nil'(X0),X1) = X1 [equality resolution 197]
208. iG9(X0,X1,X2,X3) = filter_mset(X0,X2,'Cons'(X0,X1,X3)) [equality resolution 198]
209. iG9(X0,X2,X2,X3) = 'Cons'(X0,X2,filter_mset(X0,X2,X3)) [equality resolution 154]
210. 'Nil'(X0) = filter_mset(X0,X2,'Nil'(X0)) [equality resolution 199]
229. filter_mset(X0,X2,X3) = filter_mset(X0,X2,'Cons'(X0,X1,X3)) | X1 = X2 [forward demodulation 153,208]
310. 'Cons'(X0,X1,filter_mset(X0,X1,X2)) = filter_mset(X0,X1,'Cons'(X0,X1,X2)) [superposition 209,208]
424. ! [X0 : sK11,X1 : 'list()'(sK11)] : (append(sK11,filter_mset(sK11,sK13,'Nil'(sK11)),filter_mset(sK11,sK13,sK12)) = filter_mset(sK11,sK13,append(sK11,'Nil'(sK11),sK12)) & (append(sK11,filter_mset(sK11,sK13,X1),filter_mset(sK11,sK13,sK12)) = filter_mset(sK11,sK13,append(sK11,X1,sK12)) => append(sK11,filter_mset(sK11,sK13,'Cons'(sK11,X0,X1)),filter_mset(sK11,sK13,sK12)) = filter_mset(sK11,sK13,append(sK11,'Cons'(sK11,X0,X1),sK12)))) => ! [X2 : 'list()'(sK11)] : append(sK11,filter_mset(sK11,sK13,X2),filter_mset(sK11,sK13,sK12)) = filter_mset(sK11,sK13,append(sK11,X2,sK12)) [structural induction hypothesis (one)]
425. ! [X2 : 'list()'(sK11)] : append(sK11,filter_mset(sK11,sK13,X2),filter_mset(sK11,sK13,sK12)) = filter_mset(sK11,sK13,append(sK11,X2,sK12)) | ? [X0 : sK11,X1 : 'list()'(sK11)] : (append(sK11,filter_mset(sK11,sK13,'Nil'(sK11)),filter_mset(sK11,sK13,sK12)) != filter_mset(sK11,sK13,append(sK11,'Nil'(sK11),sK12)) | (append(sK11,filter_mset(sK11,sK13,'Cons'(sK11,X0,X1)),filter_mset(sK11,sK13,sK12)) != filter_mset(sK11,sK13,append(sK11,'Cons'(sK11,X0,X1),sK12)) & append(sK11,filter_mset(sK11,sK13,X1),filter_mset(sK11,sK13,sK12)) = filter_mset(sK11,sK13,append(sK11,X1,sK12)))) [ennf transformation 424]
426. append(sK11,filter_mset(sK11,sK13,sK19),filter_mset(sK11,sK13,sK12)) = filter_mset(sK11,sK13,append(sK11,sK19,sK12)) | append(sK11,filter_mset(sK11,sK13,'Nil'(sK11)),filter_mset(sK11,sK13,sK12)) != filter_mset(sK11,sK13,append(sK11,'Nil'(sK11),sK12)) | append(sK11,filter_mset(sK11,sK13,X2),filter_mset(sK11,sK13,sK12)) = filter_mset(sK11,sK13,append(sK11,X2,sK12)) [cnf transformation 425]
427. append(sK11,filter_mset(sK11,sK13,'Cons'(sK11,sK18,sK19)),filter_mset(sK11,sK13,sK12)) != filter_mset(sK11,sK13,append(sK11,'Cons'(sK11,sK18,sK19),sK12)) | append(sK11,filter_mset(sK11,sK13,'Nil'(sK11)),filter_mset(sK11,sK13,sK12)) != filter_mset(sK11,sK13,append(sK11,'Nil'(sK11),sK12)) | append(sK11,filter_mset(sK11,sK13,X2),filter_mset(sK11,sK13,sK12)) = filter_mset(sK11,sK13,append(sK11,X2,sK12)) [cnf transformation 425]
428. append(sK11,filter_mset(sK11,sK13,'Cons'(sK11,sK18,sK19)),filter_mset(sK11,sK13,sK12)) != filter_mset(sK11,sK13,append(sK11,'Cons'(sK11,sK18,sK19),sK12)) | append(sK11,filter_mset(sK11,sK13,'Nil'(sK11)),filter_mset(sK11,sK13,sK12)) != filter_mset(sK11,sK13,append(sK11,'Nil'(sK11),sK12)) [induction hyperresolution 178,427]
429. append(sK11,filter_mset(sK11,sK13,sK19),filter_mset(sK11,sK13,sK12)) = filter_mset(sK11,sK13,append(sK11,sK19,sK12)) | append(sK11,filter_mset(sK11,sK13,'Nil'(sK11)),filter_mset(sK11,sK13,sK12)) != filter_mset(sK11,sK13,append(sK11,'Nil'(sK11),sK12)) [induction hyperresolution 178,426]
430. filter_mset(sK11,sK13,sK12) != append(sK11,filter_mset(sK11,sK13,'Nil'(sK11)),filter_mset(sK11,sK13,sK12)) | append(sK11,filter_mset(sK11,sK13,sK19),filter_mset(sK11,sK13,sK12)) = filter_mset(sK11,sK13,append(sK11,sK19,sK12)) [forward demodulation 429,207]
431. filter_mset(sK11,sK13,sK12) != append(sK11,'Nil'(sK11),filter_mset(sK11,sK13,sK12)) | append(sK11,filter_mset(sK11,sK13,sK19),filter_mset(sK11,sK13,sK12)) = filter_mset(sK11,sK13,append(sK11,sK19,sK12)) [forward demodulation 430,210]
432. append(sK11,filter_mset(sK11,sK13,sK19),filter_mset(sK11,sK13,sK12)) = filter_mset(sK11,sK13,append(sK11,sK19,sK12)) [subsumption resolution 431,207]
433. append(sK11,filter_mset(sK11,sK13,'Cons'(sK11,sK18,sK19)),filter_mset(sK11,sK13,sK12)) != filter_mset(sK11,sK13,'Cons'(sK11,sK18,append(sK11,sK19,sK12))) | append(sK11,filter_mset(sK11,sK13,'Nil'(sK11)),filter_mset(sK11,sK13,sK12)) != filter_mset(sK11,sK13,append(sK11,'Nil'(sK11),sK12)) [forward demodulation 428,206]
434. filter_mset(sK11,sK13,sK12) != append(sK11,filter_mset(sK11,sK13,'Nil'(sK11)),filter_mset(sK11,sK13,sK12)) | append(sK11,filter_mset(sK11,sK13,'Cons'(sK11,sK18,sK19)),filter_mset(sK11,sK13,sK12)) != filter_mset(sK11,sK13,'Cons'(sK11,sK18,append(sK11,sK19,sK12))) [forward demodulation 433,207]
435. filter_mset(sK11,sK13,sK12) != append(sK11,'Nil'(sK11),filter_mset(sK11,sK13,sK12)) | append(sK11,filter_mset(sK11,sK13,'Cons'(sK11,sK18,sK19)),filter_mset(sK11,sK13,sK12)) != filter_mset(sK11,sK13,'Cons'(sK11,sK18,append(sK11,sK19,sK12))) [forward demodulation 434,210]
436. append(sK11,filter_mset(sK11,sK13,'Cons'(sK11,sK18,sK19)),filter_mset(sK11,sK13,sK12)) != filter_mset(sK11,sK13,'Cons'(sK11,sK18,append(sK11,sK19,sK12))) [subsumption resolution 435,207]
601. filter_mset(sK11,sK13,append(sK11,sK19,sK12)) != append(sK11,filter_mset(sK11,sK13,'Cons'(sK11,sK18,sK19)),filter_mset(sK11,sK13,sK12)) | sK13 = sK18 [superposition 436,229]
614. append(sK11,filter_mset(sK11,sK13,sK19),filter_mset(sK11,sK13,sK12)) != append(sK11,filter_mset(sK11,sK13,'Cons'(sK11,sK18,sK19)),filter_mset(sK11,sK13,sK12)) | sK13 = sK18 [forward demodulation 601,432]
616. 4 <=> sK13 = sK18 [avatar definition]
618. sK13 = sK18 <- (4) [avatar component clause 616]
620. 5 <=> append(sK11,filter_mset(sK11,sK13,sK19),filter_mset(sK11,sK13,sK12)) = append(sK11,filter_mset(sK11,sK13,'Cons'(sK11,sK18,sK19)),filter_mset(sK11,sK13,sK12)) [avatar definition]
622. append(sK11,filter_mset(sK11,sK13,sK19),filter_mset(sK11,sK13,sK12)) != append(sK11,filter_mset(sK11,sK13,'Cons'(sK11,sK18,sK19)),filter_mset(sK11,sK13,sK12)) <- (~5) [avatar component clause 620]
623. 4 | ~5 [avatar split clause 614,620,616]
1512. append(sK11,filter_mset(sK11,sK13,sK19),filter_mset(sK11,sK13,sK12)) != append(sK11,filter_mset(sK11,sK13,sK19),filter_mset(sK11,sK13,sK12)) | sK13 = sK18 <- (~5) [superposition 622,229]
1525. sK13 = sK18 <- (~5) [trivial inequality removal 1512]
1526. 4 | 5 [avatar split clause 1525,620,616]
1547. append(sK11,filter_mset(sK11,sK13,'Cons'(sK11,sK13,sK19)),filter_mset(sK11,sK13,sK12)) != filter_mset(sK11,sK13,'Cons'(sK11,sK13,append(sK11,sK19,sK12))) <- (4) [backward demodulation 436,618]
1555. append(sK11,filter_mset(sK11,sK13,'Cons'(sK11,sK13,sK19)),filter_mset(sK11,sK13,sK12)) != 'Cons'(sK11,sK13,filter_mset(sK11,sK13,append(sK11,sK19,sK12))) <- (4) [forward demodulation 1547,310]
1556. append(sK11,filter_mset(sK11,sK13,'Cons'(sK11,sK13,sK19)),filter_mset(sK11,sK13,sK12)) != 'Cons'(sK11,sK13,append(sK11,filter_mset(sK11,sK13,sK19),filter_mset(sK11,sK13,sK12))) <- (4) [forward demodulation 1555,432]
1557. 'Cons'(sK11,sK13,append(sK11,filter_mset(sK11,sK13,sK19),filter_mset(sK11,sK13,sK12))) != append(sK11,'Cons'(sK11,sK13,filter_mset(sK11,sK13,sK19)),filter_mset(sK11,sK13,sK12)) <- (4) [forward demodulation 1556,310]
1558. $false <- (4) [subsumption resolution 1557,206]
1559. ~4 [avatar contradiction clause 1558]
1590. $false [avatar sat refutation 623,1526,1559]
% SZS output end Proof for lemma1
% ------------------------------
% Version: Vampire 4.7 (commit )
% Linked with Z3 4.9.1.0  NOTFOUND
% Termination reason: Refutation

% Memory used [KB]: 6268
% Time elapsed: 0.040 s
% ------------------------------
% ------------------------------
