% Refutation found. Thanks to Tanya!
% SZS status Unsatisfiable for lemma2
% SZS output start Proof for lemma2
6. filter_less(X0,X1,X2) = $match(X2,'Nil'(X0),'Nil'(X0),'Cons'(X0,X3,X4),$ite(less(X0,X3,X1), 'Cons'(X0,X3,filter_less(X0,X1,X4)),filter_less(X0,X1,X4))) [input]
7. filter_ge(X0,X1,X2) = $match(X2,'Nil'(X0),'Nil'(X0),'Cons'(X0,X3,X4),$ite(~less(X0,X3,X1), 'Cons'(X0,X3,filter_ge(X0,X1,X4)),filter_ge(X0,X1,X4))) [input]
8. append(X0,X1,X2) = $match(X1,'Nil'(X0),X2,'Cons'(X0,X3,X4),'Cons'(X0,X3,append(X0,X4,X2))) [input]
13. filter_mset(X0,X1,X2) = $match(X2,'Nil'(X0),'Nil'(X0),'Cons'(X0,X3,X4),$ite(X1 = X3, 'Cons'(X0,X3,filter_mset(X0,X1,X4)),filter_mset(X0,X1,X4))) [input]
14. ! [X0 : $tType] : ! [X2 : X0,X1 : X0,X3 : 'list()'(X0)] : append(X0,filter_mset(X0,X1,filter_less(X0,X2,X3)),filter_mset(X0,X1,filter_ge(X0,X2,X3))) = filter_mset(X0,X1,X3) [input]
15. ~! [X0 : $tType] : ! [X2 : X0,X1 : X0,X3 : 'list()'(X0)] : append(X0,filter_mset(X0,X1,filter_less(X0,X2,X3)),filter_mset(X0,X1,filter_ge(X0,X2,X3))) = filter_mset(X0,X1,X3) [negated conjecture 14]
17. filter_less(X0,X1,X2) = $match(X2,'Nil'(X0),'Nil'(X0),'Cons'(X0,X3,X4),$ite(less(X0,X3,X1), 'Cons'(X0,X3,filter_less(X0,X1,X4)),filter_less(X0,X1,X4))) [theory normalization 6]
18. filter_ge(X0,X1,X2) = $match(X2,'Nil'(X0),'Nil'(X0),'Cons'(X0,X3,X4),$ite(~less(X0,X3,X1), 'Cons'(X0,X3,filter_ge(X0,X1,X4)),filter_ge(X0,X1,X4))) [theory normalization 7]
19. append(X0,X1,X2) = $match(X1,'Nil'(X0),X2,'Cons'(X0,X3,X4),'Cons'(X0,X3,append(X0,X4,X2))) [theory normalization 8]
24. filter_mset(X0,X1,X2) = $match(X2,'Nil'(X0),'Nil'(X0),'Cons'(X0,X3,X4),$ite(X1 = X3, 'Cons'(X0,X3,filter_mset(X0,X1,X4)),filter_mset(X0,X1,X4))) [theory normalization 13]
33. ! [X4 : 'list()'(X0),X3 : X0,X2 : 'list()'(X0),X1 : X0,X0 : $tType] : filter_less(X0,X1,X2) = $match(X2,'Nil'(X0),'Nil'(X0),'Cons'(X0,X3,X4),$ite(less(X0,X3,X1), 'Cons'(X0,X3,filter_less(X0,X1,X4)),filter_less(X0,X1,X4))) [closure 17]
34. ! [X0 : $tType,X1 : X0,X3 : X0,X4 : 'list()'(X0),X2 : 'list()'(X0)] : ('Nil'(X0) = X2 => 'Nil'(X0) = mG0(X0,X1,X3,X4,X2)) [fool match definition]
35. ! [X0 : $tType,X1 : X0,X3 : X0,X4 : 'list()'(X0)] : (~less(X0,X3,X1) => filter_less(X0,X1,X4) = iG1(X0,X1,X3,X4)) & ! [X0 : $tType,X1 : X0,X3 : X0,X4 : 'list()'(X0)] : (less(X0,X3,X1) => 'Cons'(X0,X3,filter_less(X0,X1,X4)) = iG1(X0,X1,X3,X4)) [fool ite definition]
36. ! [X0 : $tType,X1 : X0,X3 : X0,X4 : 'list()'(X0),X2 : 'list()'(X0)] : ('Cons'(X0,X3,X4) = X2 => mG0(X0,X1,X3,X4,X2) = iG1(X0,X1,X3,X4)) [fool match definition]
37. ! [X4 : 'list()'(X0),X3 : X0,X2 : 'list()'(X0),X1 : X0,X0 : $tType] : filter_less(X0,X1,X2) = mG0(X0,X1,X3,X4,X2) [fool elimination 33,36,35,34]
38. ! [X4 : 'list()'(X0),X3 : X0,X2 : 'list()'(X0),X1 : X0,X0 : $tType] : filter_ge(X0,X1,X2) = $match(X2,'Nil'(X0),'Nil'(X0),'Cons'(X0,X3,X4),$ite(~less(X0,X3,X1), 'Cons'(X0,X3,filter_ge(X0,X1,X4)),filter_ge(X0,X1,X4))) [closure 18]
39. ! [X0 : $tType,X1 : X0,X3 : X0,X4 : 'list()'(X0),X2 : 'list()'(X0)] : ('Nil'(X0) = X2 => 'Nil'(X0) = mG2(X0,X1,X3,X4,X2)) [fool match definition]
40. ! [X0 : $tType,X1 : X0,X3 : X0,X4 : 'list()'(X0)] : (~~less(X0,X3,X1) => filter_ge(X0,X1,X4) = iG3(X0,X1,X3,X4)) & ! [X0 : $tType,X1 : X0,X3 : X0,X4 : 'list()'(X0)] : (~less(X0,X3,X1) => 'Cons'(X0,X3,filter_ge(X0,X1,X4)) = iG3(X0,X1,X3,X4)) [fool ite definition]
41. ! [X0 : $tType,X1 : X0,X3 : X0,X4 : 'list()'(X0),X2 : 'list()'(X0)] : ('Cons'(X0,X3,X4) = X2 => mG2(X0,X1,X3,X4,X2) = iG3(X0,X1,X3,X4)) [fool match definition]
42. ! [X4 : 'list()'(X0),X3 : X0,X2 : 'list()'(X0),X1 : X0,X0 : $tType] : filter_ge(X0,X1,X2) = mG2(X0,X1,X3,X4,X2) [fool elimination 38,41,40,39]
43. ! [X4 : 'list()'(X0),X3 : X0,X2 : 'list()'(X0),X1 : 'list()'(X0),X0 : $tType] : append(X0,X1,X2) = $match(X1,'Nil'(X0),X2,'Cons'(X0,X3,X4),'Cons'(X0,X3,append(X0,X4,X2))) [closure 19]
44. ! [X0 : $tType,X2 : 'list()'(X0),X4 : 'list()'(X0),X3 : X0,X1 : 'list()'(X0)] : ('Nil'(X0) = X1 => mG4(X0,X2,X4,X3,X1) = X2) [fool match definition]
45. ! [X0 : $tType,X2 : 'list()'(X0),X4 : 'list()'(X0),X3 : X0,X1 : 'list()'(X0)] : ('Cons'(X0,X3,X4) = X1 => 'Cons'(X0,X3,append(X0,X4,X2)) = mG4(X0,X2,X4,X3,X1)) [fool match definition]
46. ! [X4 : 'list()'(X0),X3 : X0,X2 : 'list()'(X0),X1 : 'list()'(X0),X0 : $tType] : append(X0,X1,X2) = mG4(X0,X2,X4,X3,X1) [fool elimination 43,45,44]
63. ! [X4 : 'list()'(X0),X3 : X0,X2 : 'list()'(X0),X1 : X0,X0 : $tType] : filter_mset(X0,X1,X2) = $match(X2,'Nil'(X0),'Nil'(X0),'Cons'(X0,X3,X4),$ite(X1 = X3, 'Cons'(X0,X3,filter_mset(X0,X1,X4)),filter_mset(X0,X1,X4))) [closure 24]
64. ! [X0 : $tType,X3 : X0,X1 : X0,X4 : 'list()'(X0),X2 : 'list()'(X0)] : ('Nil'(X0) = X2 => 'Nil'(X0) = mG9(X0,X3,X1,X4,X2)) [fool match definition]
65. ! [X0 : $tType,X3 : X0,X1 : X0,X4 : 'list()'(X0)] : (~X1 = X3 => filter_mset(X0,X1,X4) = iG10(X0,X3,X1,X4)) & ! [X0 : $tType,X3 : X0,X1 : X0,X4 : 'list()'(X0)] : (X1 = X3 => 'Cons'(X0,X3,filter_mset(X0,X1,X4)) = iG10(X0,X3,X1,X4)) [fool ite definition]
66. ! [X0 : $tType,X3 : X0,X1 : X0,X4 : 'list()'(X0),X2 : 'list()'(X0)] : ('Cons'(X0,X3,X4) = X2 => mG9(X0,X3,X1,X4,X2) = iG10(X0,X3,X1,X4)) [fool match definition]
67. ! [X4 : 'list()'(X0),X3 : X0,X2 : 'list()'(X0),X1 : X0,X0 : $tType] : filter_mset(X0,X1,X2) = mG9(X0,X3,X1,X4,X2) [fool elimination 63,66,65,64]
68. ! [X0 : $tType,X1 : X0,X2 : X0,X3 : 'list()'(X0),X4 : 'list()'(X0)] : ('Cons'(X0,X1,X3) = X4 => mG9(X0,X1,X2,X3,X4) = iG10(X0,X1,X2,X3)) [rectify 66]
69. ! [X0 : $tType,X1 : X0,X2 : X0,X3 : 'list()'(X0)] : (~X1 = X2 => iG10(X0,X1,X2,X3) = filter_mset(X0,X2,X3)) & ! [X4 : $tType,X5 : X4,X6 : X4,X7 : 'list()'(X4)] : (X5 = X6 => 'Cons'(X4,X5,filter_mset(X4,X6,X7)) = iG10(X4,X5,X6,X7)) [rectify 65]
70. ! [X0 : $tType,X1 : X0,X2 : X0,X3 : 'list()'(X0)] : (X1 != X2 => iG10(X0,X1,X2,X3) = filter_mset(X0,X2,X3)) & ! [X4 : $tType,X5 : X4,X6 : X4,X7 : 'list()'(X4)] : (X5 = X6 => 'Cons'(X4,X5,filter_mset(X4,X6,X7)) = iG10(X4,X5,X6,X7)) [flattening 69]
71. ! [X0 : $tType,X1 : X0,X2 : X0,X3 : 'list()'(X0),X4 : 'list()'(X0)] : ('Nil'(X0) = X4 => 'Nil'(X0) = mG9(X0,X1,X2,X3,X4)) [rectify 64]
84. ! [X0 : $tType,X1 : 'list()'(X0),X2 : 'list()'(X0),X3 : X0,X4 : 'list()'(X0)] : ('Cons'(X0,X3,X2) = X4 => 'Cons'(X0,X3,append(X0,X2,X1)) = mG4(X0,X1,X2,X3,X4)) [rectify 45]
85. ! [X0 : $tType,X1 : 'list()'(X0),X2 : 'list()'(X0),X3 : X0,X4 : 'list()'(X0)] : ('Nil'(X0) = X4 => mG4(X0,X1,X2,X3,X4) = X1) [rectify 44]
86. ! [X0 : $tType,X1 : X0,X2 : X0,X3 : 'list()'(X0),X4 : 'list()'(X0)] : ('Cons'(X0,X2,X3) = X4 => mG2(X0,X1,X2,X3,X4) = iG3(X0,X1,X2,X3)) [rectify 41]
87. ! [X0 : $tType,X1 : X0,X2 : X0,X3 : 'list()'(X0)] : (~~less(X0,X2,X1) => iG3(X0,X1,X2,X3) = filter_ge(X0,X1,X3)) & ! [X4 : $tType,X5 : X4,X6 : X4,X7 : 'list()'(X4)] : (~less(X4,X6,X5) => 'Cons'(X4,X6,filter_ge(X4,X5,X7)) = iG3(X4,X5,X6,X7)) [rectify 40]
88. ! [X0 : $tType,X1 : X0,X2 : X0,X3 : 'list()'(X0)] : (less(X0,X2,X1) => iG3(X0,X1,X2,X3) = filter_ge(X0,X1,X3)) & ! [X4 : $tType,X5 : X4,X6 : X4,X7 : 'list()'(X4)] : (~less(X4,X6,X5) => 'Cons'(X4,X6,filter_ge(X4,X5,X7)) = iG3(X4,X5,X6,X7)) [flattening 87]
89. ! [X0 : $tType,X1 : X0,X2 : X0,X3 : 'list()'(X0),X4 : 'list()'(X0)] : ('Nil'(X0) = X4 => 'Nil'(X0) = mG2(X0,X1,X2,X3,X4)) [rectify 39]
90. ! [X0 : $tType,X1 : X0,X2 : X0,X3 : 'list()'(X0),X4 : 'list()'(X0)] : ('Cons'(X0,X2,X3) = X4 => mG0(X0,X1,X2,X3,X4) = iG1(X0,X1,X2,X3)) [rectify 36]
91. ! [X0 : $tType,X1 : X0,X2 : X0,X3 : 'list()'(X0)] : (~less(X0,X2,X1) => iG1(X0,X1,X2,X3) = filter_less(X0,X1,X3)) & ! [X4 : $tType,X5 : X4,X6 : X4,X7 : 'list()'(X4)] : (less(X4,X6,X5) => 'Cons'(X4,X6,filter_less(X4,X5,X7)) = iG1(X4,X5,X6,X7)) [rectify 35]
92. ! [X0 : $tType,X1 : X0,X2 : X0,X3 : 'list()'(X0)] : (~less(X0,X2,X1) => iG1(X0,X1,X2,X3) = filter_less(X0,X1,X3)) & ! [X4 : $tType,X5 : X4,X6 : X4,X7 : 'list()'(X4)] : (less(X4,X6,X5) => 'Cons'(X4,X6,filter_less(X4,X5,X7)) = iG1(X4,X5,X6,X7)) [flattening 91]
93. ! [X0 : $tType,X1 : X0,X2 : X0,X3 : 'list()'(X0),X4 : 'list()'(X0)] : ('Nil'(X0) = X4 => 'Nil'(X0) = mG0(X0,X1,X2,X3,X4)) [rectify 34]
103. ! [X0 : 'list()'(X4),X1 : X4,X2 : 'list()'(X4),X3 : X4,X4 : $tType] : filter_less(X4,X3,X2) = mG0(X4,X3,X1,X0,X2) [rectify 37]
104. ! [X0 : 'list()'(X4),X1 : X4,X2 : 'list()'(X4),X3 : X4,X4 : $tType] : filter_ge(X4,X3,X2) = mG2(X4,X3,X1,X0,X2) [rectify 42]
105. ! [X0 : 'list()'(X4),X1 : X4,X2 : 'list()'(X4),X3 : 'list()'(X4),X4 : $tType] : append(X4,X3,X2) = mG4(X4,X2,X0,X1,X3) [rectify 46]
110. ! [X0 : 'list()'(X4),X1 : X4,X2 : 'list()'(X4),X3 : X4,X4 : $tType] : filter_mset(X4,X3,X2) = mG9(X4,X1,X3,X0,X2) [rectify 67]
111. ~! [X0 : $tType] : ! [X1 : X0,X2 : X0,X3 : 'list()'(X0)] : filter_mset(X0,X2,X3) = append(X0,filter_mset(X0,X2,filter_less(X0,X1,X3)),filter_mset(X0,X2,filter_ge(X0,X1,X3))) [rectify 15]
112. ~! [X0 : $tType,X1 : X0,X2 : X0,X3 : 'list()'(X0)] : filter_mset(X0,X2,X3) = append(X0,filter_mset(X0,X2,filter_less(X0,X1,X3)),filter_mset(X0,X2,filter_ge(X0,X1,X3))) [flattening 111]
113. ! [X0 : $tType,X1 : X0,X2 : X0,X3 : 'list()'(X0),X4 : 'list()'(X0)] : (mG9(X0,X1,X2,X3,X4) = iG10(X0,X1,X2,X3) | 'Cons'(X0,X1,X3) != X4) [ennf transformation 68]
114. ! [X0 : $tType,X1 : X0,X2 : X0,X3 : 'list()'(X0)] : (iG10(X0,X1,X2,X3) = filter_mset(X0,X2,X3) | X1 = X2) & ! [X4 : $tType,X5 : X4,X6 : X4,X7 : 'list()'(X4)] : ('Cons'(X4,X5,filter_mset(X4,X6,X7)) = iG10(X4,X5,X6,X7) | X5 != X6) [ennf transformation 70]
115. ! [X0 : $tType,X1 : X0,X2 : X0,X3 : 'list()'(X0),X4 : 'list()'(X0)] : ('Nil'(X0) = mG9(X0,X1,X2,X3,X4) | 'Nil'(X0) != X4) [ennf transformation 71]
124. ! [X0 : $tType,X1 : 'list()'(X0),X2 : 'list()'(X0),X3 : X0,X4 : 'list()'(X0)] : ('Cons'(X0,X3,append(X0,X2,X1)) = mG4(X0,X1,X2,X3,X4) | 'Cons'(X0,X3,X2) != X4) [ennf transformation 84]
125. ! [X0 : $tType,X1 : 'list()'(X0),X2 : 'list()'(X0),X3 : X0,X4 : 'list()'(X0)] : (mG4(X0,X1,X2,X3,X4) = X1 | 'Nil'(X0) != X4) [ennf transformation 85]
126. ! [X0 : $tType,X1 : X0,X2 : X0,X3 : 'list()'(X0),X4 : 'list()'(X0)] : (mG2(X0,X1,X2,X3,X4) = iG3(X0,X1,X2,X3) | 'Cons'(X0,X2,X3) != X4) [ennf transformation 86]
127. ! [X0 : $tType,X1 : X0,X2 : X0,X3 : 'list()'(X0)] : (iG3(X0,X1,X2,X3) = filter_ge(X0,X1,X3) | ~less(X0,X2,X1)) & ! [X4 : $tType,X5 : X4,X6 : X4,X7 : 'list()'(X4)] : ('Cons'(X4,X6,filter_ge(X4,X5,X7)) = iG3(X4,X5,X6,X7) | less(X4,X6,X5)) [ennf transformation 88]
128. ! [X0 : $tType,X1 : X0,X2 : X0,X3 : 'list()'(X0),X4 : 'list()'(X0)] : ('Nil'(X0) = mG2(X0,X1,X2,X3,X4) | 'Nil'(X0) != X4) [ennf transformation 89]
129. ! [X0 : $tType,X1 : X0,X2 : X0,X3 : 'list()'(X0),X4 : 'list()'(X0)] : (mG0(X0,X1,X2,X3,X4) = iG1(X0,X1,X2,X3) | 'Cons'(X0,X2,X3) != X4) [ennf transformation 90]
130. ! [X0 : $tType,X1 : X0,X2 : X0,X3 : 'list()'(X0)] : (iG1(X0,X1,X2,X3) = filter_less(X0,X1,X3) | less(X0,X2,X1)) & ! [X4 : $tType,X5 : X4,X6 : X4,X7 : 'list()'(X4)] : ('Cons'(X4,X6,filter_less(X4,X5,X7)) = iG1(X4,X5,X6,X7) | ~less(X4,X6,X5)) [ennf transformation 92]
131. ! [X0 : $tType,X1 : X0,X2 : X0,X3 : 'list()'(X0),X4 : 'list()'(X0)] : ('Nil'(X0) = mG0(X0,X1,X2,X3,X4) | 'Nil'(X0) != X4) [ennf transformation 93]
136. ? [X0 : $tType,X1 : X0,X2 : X0,X3 : 'list()'(X0)] : filter_mset(X0,X2,X3) != append(X0,filter_mset(X0,X2,filter_less(X0,X1,X3)),filter_mset(X0,X2,filter_ge(X0,X1,X3))) [ennf transformation 112]
147. ? [X0 : $tType,X1 : X0,X2 : X0,X3 : 'list()'(X0)] : filter_mset(X0,X2,X3) != append(X0,filter_mset(X0,X2,filter_less(X0,X1,X3)),filter_mset(X0,X2,filter_ge(X0,X1,X3))) => filter_mset(sK11,sK13,sK14) != append(sK11,filter_mset(sK11,sK13,filter_less(sK11,sK12,sK14)),filter_mset(sK11,sK13,filter_ge(sK11,sK12,sK14))) [choice axiom]
148. filter_mset(sK11,sK13,sK14) != append(sK11,filter_mset(sK11,sK13,filter_less(sK11,sK12,sK14)),filter_mset(sK11,sK13,filter_ge(sK11,sK12,sK14))) [skolemisation 136,147]
149. mG9(X0,X1,X2,X3,X4) = iG10(X0,X1,X2,X3) | 'Cons'(X0,X1,X3) != X4 [cnf transformation 113]
150. 'Cons'(X4,X5,filter_mset(X4,X6,X7)) = iG10(X4,X5,X6,X7) | X5 != X6 [cnf transformation 114]
151. iG10(X0,X1,X2,X3) = filter_mset(X0,X2,X3) | X1 = X2 [cnf transformation 114]
152. 'Nil'(X0) = mG9(X0,X1,X2,X3,X4) | 'Nil'(X0) != X4 [cnf transformation 115]
167. 'Cons'(X0,X3,append(X0,X2,X1)) = mG4(X0,X1,X2,X3,X4) | 'Cons'(X0,X3,X2) != X4 [cnf transformation 124]
168. mG4(X0,X1,X2,X3,X4) = X1 | 'Nil'(X0) != X4 [cnf transformation 125]
169. mG2(X0,X1,X2,X3,X4) = iG3(X0,X1,X2,X3) | 'Cons'(X0,X2,X3) != X4 [cnf transformation 126]
170. 'Cons'(X4,X6,filter_ge(X4,X5,X7)) = iG3(X4,X5,X6,X7) | less(X4,X6,X5) [cnf transformation 127]
171. iG3(X0,X1,X2,X3) = filter_ge(X0,X1,X3) | ~less(X0,X2,X1) [cnf transformation 127]
172. 'Nil'(X0) = mG2(X0,X1,X2,X3,X4) | 'Nil'(X0) != X4 [cnf transformation 128]
173. mG0(X0,X1,X2,X3,X4) = iG1(X0,X1,X2,X3) | 'Cons'(X0,X2,X3) != X4 [cnf transformation 129]
174. 'Cons'(X4,X6,filter_less(X4,X5,X7)) = iG1(X4,X5,X6,X7) | ~less(X4,X6,X5) [cnf transformation 130]
175. iG1(X0,X1,X2,X3) = filter_less(X0,X1,X3) | less(X0,X2,X1) [cnf transformation 130]
176. 'Nil'(X0) = mG0(X0,X1,X2,X3,X4) | 'Nil'(X0) != X4 [cnf transformation 131]
183. filter_less(X4,X3,X2) = mG0(X4,X3,X1,X0,X2) [cnf transformation 103]
184. filter_ge(X4,X3,X2) = mG2(X4,X3,X1,X0,X2) [cnf transformation 104]
185. append(X4,X3,X2) = mG4(X4,X2,X0,X1,X3) [cnf transformation 105]
193. filter_mset(X4,X3,X2) = mG9(X4,X1,X3,X0,X2) [cnf transformation 110]
194. filter_mset(sK11,sK13,sK14) != append(sK11,filter_mset(sK11,sK13,filter_less(sK11,sK12,sK14)),filter_mset(sK11,sK13,filter_ge(sK11,sK12,sK14))) [cnf transformation 148]
195. iG10(X0,X1,X2,X3) = filter_mset(X0,X2,X4) | 'Cons'(X0,X1,X3) != X4 [definition unfolding 149,193]
196. 'Nil'(X0) = filter_mset(X0,X2,X4) | 'Nil'(X0) != X4 [definition unfolding 152,193]
199. 'Cons'(X0,X3,append(X0,X2,X1)) = append(X0,X4,X1) | 'Cons'(X0,X3,X2) != X4 [definition unfolding 167,185]
200. append(X0,X4,X1) = X1 | 'Nil'(X0) != X4 [definition unfolding 168,185]
201. filter_ge(X0,X1,X4) = iG3(X0,X1,X2,X3) | 'Cons'(X0,X2,X3) != X4 [definition unfolding 169,184]
202. 'Nil'(X0) = filter_ge(X0,X1,X4) | 'Nil'(X0) != X4 [definition unfolding 172,184]
203. filter_less(X0,X1,X4) = iG1(X0,X1,X2,X3) | 'Cons'(X0,X2,X3) != X4 [definition unfolding 173,183]
204. filter_less(X0,X1,X4) = 'Nil'(X0) | 'Nil'(X0) != X4 [definition unfolding 176,183]
205. iG10(X0,X1,X2,X3) = filter_mset(X0,X2,'Cons'(X0,X1,X3)) [equality resolution 195]
206. 'Cons'(X4,X6,filter_mset(X4,X6,X7)) = iG10(X4,X6,X6,X7) [equality resolution 150]
207. 'Nil'(X0) = filter_mset(X0,X2,'Nil'(X0)) [equality resolution 196]
222. 'Cons'(X0,X3,append(X0,X2,X1)) = append(X0,'Cons'(X0,X3,X2),X1) [equality resolution 199]
223. append(X0,'Nil'(X0),X1) = X1 [equality resolution 200]
224. iG3(X0,X1,X2,X3) = filter_ge(X0,X1,'Cons'(X0,X2,X3)) [equality resolution 201]
225. 'Nil'(X0) = filter_ge(X0,X1,'Nil'(X0)) [equality resolution 202]
226. iG1(X0,X1,X2,X3) = filter_less(X0,X1,'Cons'(X0,X2,X3)) [equality resolution 203]
227. 'Nil'(X0) = filter_less(X0,X1,'Nil'(X0)) [equality resolution 204]
228. filter_mset(X0,X2,X3) = filter_mset(X0,X2,'Cons'(X0,X1,X3)) | X1 = X2 [forward demodulation 151,205]
229. 'Cons'(X4,X6,filter_mset(X4,X6,X7)) = filter_mset(X4,X6,'Cons'(X4,X6,X7)) [forward demodulation 206,205]
230. ~less(X0,X2,X1) | filter_ge(X0,X1,X3) = filter_ge(X0,X1,'Cons'(X0,X2,X3)) [forward demodulation 171,224]
231. less(X4,X6,X5) | 'Cons'(X4,X6,filter_ge(X4,X5,X7)) = filter_ge(X4,X5,'Cons'(X4,X6,X7)) [forward demodulation 170,224]
232. less(X0,X2,X1) | filter_less(X0,X1,X3) = filter_less(X0,X1,'Cons'(X0,X2,X3)) [forward demodulation 175,226]
233. ~less(X4,X6,X5) | 'Cons'(X4,X6,filter_less(X4,X5,X7)) = filter_less(X4,X5,'Cons'(X4,X6,X7)) [forward demodulation 174,226]
389. filter_less(X0,X1,X2) = filter_less(X0,X1,'Cons'(X0,X3,X2)) | filter_ge(X0,X1,X4) = filter_ge(X0,X1,'Cons'(X0,X3,X4)) [resolution 232,230]
408. 'Cons'(X0,X1,filter_ge(X0,X2,X3)) = filter_ge(X0,X2,'Cons'(X0,X1,X3)) | filter_ge(X0,X2,X4) = filter_ge(X0,X2,'Cons'(X0,X1,X4)) [resolution 231,230]
416. 'Cons'(X0,X1,filter_less(X0,X2,X3)) = filter_less(X0,X2,'Cons'(X0,X1,X3)) | filter_ge(X0,X2,'Cons'(X0,X1,X4)) = 'Cons'(X0,X1,filter_ge(X0,X2,X4)) [resolution 233,231]
417. 'Cons'(X0,X1,filter_less(X0,X2,X3)) = filter_less(X0,X2,'Cons'(X0,X1,X3)) | filter_less(X0,X2,X4) = filter_less(X0,X2,'Cons'(X0,X1,X4)) [resolution 233,232]
423. ! [X0 : sK11,X1 : 'list()'(sK11)] : (filter_mset(sK11,sK13,'Nil'(sK11)) = append(sK11,filter_mset(sK11,sK13,filter_less(sK11,sK12,'Nil'(sK11))),filter_mset(sK11,sK13,filter_ge(sK11,sK12,'Nil'(sK11)))) & (filter_mset(sK11,sK13,X1) = append(sK11,filter_mset(sK11,sK13,filter_less(sK11,sK12,X1)),filter_mset(sK11,sK13,filter_ge(sK11,sK12,X1))) => filter_mset(sK11,sK13,'Cons'(sK11,X0,X1)) = append(sK11,filter_mset(sK11,sK13,filter_less(sK11,sK12,'Cons'(sK11,X0,X1))),filter_mset(sK11,sK13,filter_ge(sK11,sK12,'Cons'(sK11,X0,X1)))))) => ! [X2 : 'list()'(sK11)] : filter_mset(sK11,sK13,X2) = append(sK11,filter_mset(sK11,sK13,filter_less(sK11,sK12,X2)),filter_mset(sK11,sK13,filter_ge(sK11,sK12,X2))) [structural induction hypothesis (one)]
424. ! [X2 : 'list()'(sK11)] : filter_mset(sK11,sK13,X2) = append(sK11,filter_mset(sK11,sK13,filter_less(sK11,sK12,X2)),filter_mset(sK11,sK13,filter_ge(sK11,sK12,X2))) | ? [X0 : sK11,X1 : 'list()'(sK11)] : (filter_mset(sK11,sK13,'Nil'(sK11)) != append(sK11,filter_mset(sK11,sK13,filter_less(sK11,sK12,'Nil'(sK11))),filter_mset(sK11,sK13,filter_ge(sK11,sK12,'Nil'(sK11)))) | (filter_mset(sK11,sK13,'Cons'(sK11,X0,X1)) != append(sK11,filter_mset(sK11,sK13,filter_less(sK11,sK12,'Cons'(sK11,X0,X1))),filter_mset(sK11,sK13,filter_ge(sK11,sK12,'Cons'(sK11,X0,X1)))) & filter_mset(sK11,sK13,X1) = append(sK11,filter_mset(sK11,sK13,filter_less(sK11,sK12,X1)),filter_mset(sK11,sK13,filter_ge(sK11,sK12,X1))))) [ennf transformation 423]
425. filter_mset(sK11,sK13,sK17) = append(sK11,filter_mset(sK11,sK13,filter_less(sK11,sK12,sK17)),filter_mset(sK11,sK13,filter_ge(sK11,sK12,sK17))) | filter_mset(sK11,sK13,'Nil'(sK11)) != append(sK11,filter_mset(sK11,sK13,filter_less(sK11,sK12,'Nil'(sK11))),filter_mset(sK11,sK13,filter_ge(sK11,sK12,'Nil'(sK11)))) | filter_mset(sK11,sK13,X2) = append(sK11,filter_mset(sK11,sK13,filter_less(sK11,sK12,X2)),filter_mset(sK11,sK13,filter_ge(sK11,sK12,X2))) [cnf transformation 424]
426. filter_mset(sK11,sK13,'Cons'(sK11,sK16,sK17)) != append(sK11,filter_mset(sK11,sK13,filter_less(sK11,sK12,'Cons'(sK11,sK16,sK17))),filter_mset(sK11,sK13,filter_ge(sK11,sK12,'Cons'(sK11,sK16,sK17)))) | filter_mset(sK11,sK13,'Nil'(sK11)) != append(sK11,filter_mset(sK11,sK13,filter_less(sK11,sK12,'Nil'(sK11))),filter_mset(sK11,sK13,filter_ge(sK11,sK12,'Nil'(sK11)))) | filter_mset(sK11,sK13,X2) = append(sK11,filter_mset(sK11,sK13,filter_less(sK11,sK12,X2)),filter_mset(sK11,sK13,filter_ge(sK11,sK12,X2))) [cnf transformation 424]
427. filter_mset(sK11,sK13,'Cons'(sK11,sK16,sK17)) != append(sK11,filter_mset(sK11,sK13,filter_less(sK11,sK12,'Cons'(sK11,sK16,sK17))),filter_mset(sK11,sK13,filter_ge(sK11,sK12,'Cons'(sK11,sK16,sK17)))) | filter_mset(sK11,sK13,'Nil'(sK11)) != append(sK11,filter_mset(sK11,sK13,filter_less(sK11,sK12,'Nil'(sK11))),filter_mset(sK11,sK13,filter_ge(sK11,sK12,'Nil'(sK11)))) [induction hyperresolution 194,426]
428. filter_mset(sK11,sK13,sK17) = append(sK11,filter_mset(sK11,sK13,filter_less(sK11,sK12,sK17)),filter_mset(sK11,sK13,filter_ge(sK11,sK12,sK17))) | filter_mset(sK11,sK13,'Nil'(sK11)) != append(sK11,filter_mset(sK11,sK13,filter_less(sK11,sK12,'Nil'(sK11))),filter_mset(sK11,sK13,filter_ge(sK11,sK12,'Nil'(sK11)))) [induction hyperresolution 194,425]
429. filter_mset(sK11,sK13,'Nil'(sK11)) != append(sK11,filter_mset(sK11,sK13,filter_less(sK11,sK12,'Nil'(sK11))),filter_mset(sK11,sK13,'Nil'(sK11))) | filter_mset(sK11,sK13,sK17) = append(sK11,filter_mset(sK11,sK13,filter_less(sK11,sK12,sK17)),filter_mset(sK11,sK13,filter_ge(sK11,sK12,sK17))) [forward demodulation 428,225]
430. 'Nil'(sK11) != append(sK11,filter_mset(sK11,sK13,filter_less(sK11,sK12,'Nil'(sK11))),'Nil'(sK11)) | filter_mset(sK11,sK13,sK17) = append(sK11,filter_mset(sK11,sK13,filter_less(sK11,sK12,sK17)),filter_mset(sK11,sK13,filter_ge(sK11,sK12,sK17))) [forward demodulation 429,207]
431. 'Nil'(sK11) != append(sK11,filter_mset(sK11,sK13,'Nil'(sK11)),'Nil'(sK11)) | filter_mset(sK11,sK13,sK17) = append(sK11,filter_mset(sK11,sK13,filter_less(sK11,sK12,sK17)),filter_mset(sK11,sK13,filter_ge(sK11,sK12,sK17))) [forward demodulation 430,227]
432. 'Nil'(sK11) != append(sK11,'Nil'(sK11),'Nil'(sK11)) | filter_mset(sK11,sK13,sK17) = append(sK11,filter_mset(sK11,sK13,filter_less(sK11,sK12,sK17)),filter_mset(sK11,sK13,filter_ge(sK11,sK12,sK17))) [forward demodulation 431,207]
433. filter_mset(sK11,sK13,sK17) = append(sK11,filter_mset(sK11,sK13,filter_less(sK11,sK12,sK17)),filter_mset(sK11,sK13,filter_ge(sK11,sK12,sK17))) [subsumption resolution 432,223]
434. filter_mset(sK11,sK13,'Nil'(sK11)) != append(sK11,filter_mset(sK11,sK13,filter_less(sK11,sK12,'Nil'(sK11))),filter_mset(sK11,sK13,'Nil'(sK11))) | filter_mset(sK11,sK13,'Cons'(sK11,sK16,sK17)) != append(sK11,filter_mset(sK11,sK13,filter_less(sK11,sK12,'Cons'(sK11,sK16,sK17))),filter_mset(sK11,sK13,filter_ge(sK11,sK12,'Cons'(sK11,sK16,sK17)))) [forward demodulation 427,225]
435. 'Nil'(sK11) != append(sK11,filter_mset(sK11,sK13,filter_less(sK11,sK12,'Nil'(sK11))),'Nil'(sK11)) | filter_mset(sK11,sK13,'Cons'(sK11,sK16,sK17)) != append(sK11,filter_mset(sK11,sK13,filter_less(sK11,sK12,'Cons'(sK11,sK16,sK17))),filter_mset(sK11,sK13,filter_ge(sK11,sK12,'Cons'(sK11,sK16,sK17)))) [forward demodulation 434,207]
436. 'Nil'(sK11) != append(sK11,filter_mset(sK11,sK13,'Nil'(sK11)),'Nil'(sK11)) | filter_mset(sK11,sK13,'Cons'(sK11,sK16,sK17)) != append(sK11,filter_mset(sK11,sK13,filter_less(sK11,sK12,'Cons'(sK11,sK16,sK17))),filter_mset(sK11,sK13,filter_ge(sK11,sK12,'Cons'(sK11,sK16,sK17)))) [forward demodulation 435,227]
437. 'Nil'(sK11) != append(sK11,'Nil'(sK11),'Nil'(sK11)) | filter_mset(sK11,sK13,'Cons'(sK11,sK16,sK17)) != append(sK11,filter_mset(sK11,sK13,filter_less(sK11,sK12,'Cons'(sK11,sK16,sK17))),filter_mset(sK11,sK13,filter_ge(sK11,sK12,'Cons'(sK11,sK16,sK17)))) [forward demodulation 436,207]
438. filter_mset(sK11,sK13,'Cons'(sK11,sK16,sK17)) != append(sK11,filter_mset(sK11,sK13,filter_less(sK11,sK12,'Cons'(sK11,sK16,sK17))),filter_mset(sK11,sK13,filter_ge(sK11,sK12,'Cons'(sK11,sK16,sK17)))) [subsumption resolution 437,223]
664. 1 <=> 'Nil'(sK11) = filter_mset(sK11,sK13,filter_less(sK11,sK12,sK17)) [avatar definition]
665. 'Nil'(sK11) != filter_mset(sK11,sK13,filter_less(sK11,sK12,sK17)) <- (~1) [avatar component clause 664]
666. 'Nil'(sK11) = filter_mset(sK11,sK13,filter_less(sK11,sK12,sK17)) <- (1) [avatar component clause 664]
920. filter_mset(sK11,sK13,'Cons'(sK11,sK16,sK17)) != append(sK11,filter_mset(sK11,sK13,filter_less(sK11,sK12,sK17)),filter_mset(sK11,sK13,filter_ge(sK11,sK12,'Cons'(sK11,sK16,sK17)))) | 'Cons'(sK11,sK16,filter_less(sK11,sK12,X0)) = filter_less(sK11,sK12,'Cons'(sK11,sK16,X0)) [superposition 438,417]
921. filter_mset(sK11,sK13,'Cons'(sK11,sK16,sK17)) != append(sK11,filter_mset(sK11,sK13,'Cons'(sK11,sK16,filter_less(sK11,sK12,sK17))),filter_mset(sK11,sK13,filter_ge(sK11,sK12,'Cons'(sK11,sK16,sK17)))) | filter_less(sK11,sK12,X0) = filter_less(sK11,sK12,'Cons'(sK11,sK16,X0)) [superposition 438,417]
922. filter_mset(sK11,sK13,'Cons'(sK11,sK16,sK17)) != append(sK11,filter_mset(sK11,sK13,filter_less(sK11,sK12,sK17)),filter_mset(sK11,sK13,filter_ge(sK11,sK12,'Cons'(sK11,sK16,sK17)))) | filter_ge(sK11,sK12,X0) = filter_ge(sK11,sK12,'Cons'(sK11,sK16,X0)) [superposition 438,389]
923. filter_mset(sK11,sK13,'Cons'(sK11,sK16,sK17)) != append(sK11,filter_mset(sK11,sK13,filter_less(sK11,sK12,'Cons'(sK11,sK16,sK17))),filter_mset(sK11,sK13,filter_ge(sK11,sK12,sK17))) | filter_ge(sK11,sK12,'Cons'(sK11,sK16,X0)) = 'Cons'(sK11,sK16,filter_ge(sK11,sK12,X0)) [superposition 438,408]
925. filter_mset(sK11,sK13,'Cons'(sK11,sK16,sK17)) != append(sK11,filter_mset(sK11,sK13,filter_less(sK11,sK12,'Cons'(sK11,sK16,sK17))),filter_mset(sK11,sK13,filter_ge(sK11,sK12,sK17))) | filter_less(sK11,sK12,X0) = filter_less(sK11,sK12,'Cons'(sK11,sK16,X0)) [superposition 438,389]
933. 3 <=> ! [X0 : 'list()'(sK11)] : 'Cons'(sK11,sK16,filter_less(sK11,sK12,X0)) = filter_less(sK11,sK12,'Cons'(sK11,sK16,X0)) [avatar definition]
934. 'Cons'(sK11,sK16,filter_less(sK11,sK12,X0)) = filter_less(sK11,sK12,'Cons'(sK11,sK16,X0)) <- (3) [avatar component clause 933]
936. 4 <=> filter_mset(sK11,sK13,'Cons'(sK11,sK16,sK17)) = append(sK11,filter_mset(sK11,sK13,filter_less(sK11,sK12,sK17)),filter_mset(sK11,sK13,filter_ge(sK11,sK12,'Cons'(sK11,sK16,sK17)))) [avatar definition]
938. filter_mset(sK11,sK13,'Cons'(sK11,sK16,sK17)) != append(sK11,filter_mset(sK11,sK13,filter_less(sK11,sK12,sK17)),filter_mset(sK11,sK13,filter_ge(sK11,sK12,'Cons'(sK11,sK16,sK17)))) <- (~4) [avatar component clause 936]
939. 3 | ~4 [avatar split clause 920,936,933]
941. 5 <=> ! [X0 : 'list()'(sK11)] : filter_less(sK11,sK12,X0) = filter_less(sK11,sK12,'Cons'(sK11,sK16,X0)) [avatar definition]
942. filter_less(sK11,sK12,X0) = filter_less(sK11,sK12,'Cons'(sK11,sK16,X0)) <- (5) [avatar component clause 941]
944. 6 <=> filter_mset(sK11,sK13,'Cons'(sK11,sK16,sK17)) = append(sK11,filter_mset(sK11,sK13,'Cons'(sK11,sK16,filter_less(sK11,sK12,sK17))),filter_mset(sK11,sK13,filter_ge(sK11,sK12,'Cons'(sK11,sK16,sK17)))) [avatar definition]
946. filter_mset(sK11,sK13,'Cons'(sK11,sK16,sK17)) != append(sK11,filter_mset(sK11,sK13,'Cons'(sK11,sK16,filter_less(sK11,sK12,sK17))),filter_mset(sK11,sK13,filter_ge(sK11,sK12,'Cons'(sK11,sK16,sK17)))) <- (~6) [avatar component clause 944]
947. 5 | ~6 [avatar split clause 921,944,941]
949. 7 <=> ! [X0 : 'list()'(sK11)] : filter_ge(sK11,sK12,X0) = filter_ge(sK11,sK12,'Cons'(sK11,sK16,X0)) [avatar definition]
950. filter_ge(sK11,sK12,X0) = filter_ge(sK11,sK12,'Cons'(sK11,sK16,X0)) <- (7) [avatar component clause 949]
951. 7 | ~4 [avatar split clause 922,936,949]
953. 8 <=> ! [X0 : 'list()'(sK11)] : filter_ge(sK11,sK12,'Cons'(sK11,sK16,X0)) = 'Cons'(sK11,sK16,filter_ge(sK11,sK12,X0)) [avatar definition]
954. filter_ge(sK11,sK12,'Cons'(sK11,sK16,X0)) = 'Cons'(sK11,sK16,filter_ge(sK11,sK12,X0)) <- (8) [avatar component clause 953]
956. 9 <=> filter_mset(sK11,sK13,'Cons'(sK11,sK16,sK17)) = append(sK11,filter_mset(sK11,sK13,filter_less(sK11,sK12,'Cons'(sK11,sK16,sK17))),filter_mset(sK11,sK13,filter_ge(sK11,sK12,sK17))) [avatar definition]
958. filter_mset(sK11,sK13,'Cons'(sK11,sK16,sK17)) != append(sK11,filter_mset(sK11,sK13,filter_less(sK11,sK12,'Cons'(sK11,sK16,sK17))),filter_mset(sK11,sK13,filter_ge(sK11,sK12,sK17))) <- (~9) [avatar component clause 956]
959. 8 | ~9 [avatar split clause 923,956,953]
965. 5 | ~9 [avatar split clause 925,956,941]
1019. filter_mset(sK11,sK13,'Cons'(sK11,sK16,sK17)) != append(sK11,filter_mset(sK11,sK13,'Cons'(sK11,sK16,filter_less(sK11,sK12,sK17))),filter_mset(sK11,sK13,filter_ge(sK11,sK12,'Cons'(sK11,sK16,sK17)))) | filter_ge(sK11,sK12,'Cons'(sK11,sK16,X0)) = 'Cons'(sK11,sK16,filter_ge(sK11,sK12,X0)) [superposition 438,416]
1118. filter_mset(sK11,sK13,'Cons'(sK11,sK16,sK17)) != append(sK11,'Nil'(sK11),filter_mset(sK11,sK13,filter_ge(sK11,sK12,'Cons'(sK11,sK16,sK17)))) <- (1, ~4) [backward demodulation 938,666]
1119. filter_mset(sK11,sK13,sK17) = append(sK11,'Nil'(sK11),filter_mset(sK11,sK13,filter_ge(sK11,sK12,sK17))) <- (1) [backward demodulation 433,666]
1120. filter_mset(sK11,sK13,'Cons'(sK11,sK16,sK17)) != filter_mset(sK11,sK13,filter_ge(sK11,sK12,'Cons'(sK11,sK16,sK17))) <- (1, ~4) [forward demodulation 1118,223]
1121. filter_mset(sK11,sK13,sK17) = filter_mset(sK11,sK13,filter_ge(sK11,sK12,sK17)) <- (1) [forward demodulation 1119,223]
1125. filter_mset(sK11,sK13,'Cons'(sK11,sK16,sK17)) != filter_mset(sK11,sK13,'Cons'(sK11,sK16,filter_ge(sK11,sK12,sK17))) | filter_ge(sK11,sK12,X0) = filter_ge(sK11,sK12,'Cons'(sK11,sK16,X0)) <- (1, ~4) [superposition 1120,408]
1134. 16 <=> filter_mset(sK11,sK13,'Cons'(sK11,sK16,sK17)) = filter_mset(sK11,sK13,'Cons'(sK11,sK16,filter_ge(sK11,sK12,sK17))) [avatar definition]
1135. filter_mset(sK11,sK13,'Cons'(sK11,sK16,sK17)) = filter_mset(sK11,sK13,'Cons'(sK11,sK16,filter_ge(sK11,sK12,sK17))) <- (16) [avatar component clause 1134]
1136. filter_mset(sK11,sK13,'Cons'(sK11,sK16,sK17)) != filter_mset(sK11,sK13,'Cons'(sK11,sK16,filter_ge(sK11,sK12,sK17))) <- (~16) [avatar component clause 1134]
1140. 17 <=> filter_mset(sK11,sK13,sK17) = filter_mset(sK11,sK13,'Cons'(sK11,sK16,sK17)) [avatar definition]
1141. filter_mset(sK11,sK13,sK17) = filter_mset(sK11,sK13,'Cons'(sK11,sK16,sK17)) <- (17) [avatar component clause 1140]
1142. filter_mset(sK11,sK13,sK17) != filter_mset(sK11,sK13,'Cons'(sK11,sK16,sK17)) <- (~17) [avatar component clause 1140]
1144. 7 | ~16 | ~1 | 4 [avatar split clause 1125,936,664,1134,949]
1148. 18 <=> filter_mset(sK11,sK13,'Cons'(sK11,sK16,'Nil'(sK11))) = filter_mset(sK11,sK13,filter_ge(sK11,sK12,'Cons'(sK11,sK16,'Nil'(sK11)))) [avatar definition]
1149. filter_mset(sK11,sK13,'Cons'(sK11,sK16,'Nil'(sK11))) = filter_mset(sK11,sK13,filter_ge(sK11,sK12,'Cons'(sK11,sK16,'Nil'(sK11)))) <- (18) [avatar component clause 1148]
1150. filter_mset(sK11,sK13,'Cons'(sK11,sK16,'Nil'(sK11))) != filter_mset(sK11,sK13,filter_ge(sK11,sK12,'Cons'(sK11,sK16,'Nil'(sK11)))) <- (~18) [avatar component clause 1148]
1161. filter_mset(sK11,sK13,sK17) != filter_mset(sK11,sK13,sK17) | sK13 = sK16 <- (~17) [superposition 1142,228]
1168. sK13 = sK16 <- (~17) [trivial inequality removal 1161]
1169. filter_mset(sK11,sK13,'Cons'(sK11,sK13,sK17)) != append(sK11,filter_mset(sK11,sK13,filter_less(sK11,sK12,'Cons'(sK11,sK13,sK17))),filter_mset(sK11,sK13,filter_ge(sK11,sK12,'Cons'(sK11,sK13,sK17)))) <- (~17) [backward demodulation 438,1168]
1175. filter_mset(sK11,sK13,'Cons'(sK11,sK13,sK17)) != filter_mset(sK11,sK13,'Cons'(sK11,sK13,filter_ge(sK11,sK12,sK17))) <- (~16, ~17) [backward demodulation 1136,1168]
1178. append(sK11,filter_mset(sK11,sK13,filter_less(sK11,sK12,'Cons'(sK11,sK13,sK17))),filter_mset(sK11,sK13,filter_ge(sK11,sK12,'Cons'(sK11,sK13,sK17)))) != 'Cons'(sK11,sK13,filter_mset(sK11,sK13,sK17)) <- (~17) [forward demodulation 1169,229]
1193. filter_mset(sK11,sK13,'Cons'(sK11,sK13,sK17)) != 'Cons'(sK11,sK13,filter_mset(sK11,sK13,filter_ge(sK11,sK12,sK17))) <- (~16, ~17) [forward demodulation 1175,229]
1194. filter_mset(sK11,sK13,'Cons'(sK11,sK13,sK17)) != 'Cons'(sK11,sK13,filter_mset(sK11,sK13,sK17)) <- (1, ~16, ~17) [forward demodulation 1193,1121]
1195. $false <- (1, ~16, ~17) [subsumption resolution 1194,229]
1196. ~1 | 16 | 17 [avatar contradiction clause 1195]
1226. append(sK11,filter_mset(sK11,sK13,'Cons'(sK11,sK13,filter_less(sK11,sK12,sK17))),filter_mset(sK11,sK13,filter_ge(sK11,sK12,'Cons'(sK11,sK13,sK17)))) != 'Cons'(sK11,sK13,filter_mset(sK11,sK13,sK17)) | filter_less(sK11,sK12,X0) = filter_less(sK11,sK12,'Cons'(sK11,sK13,X0)) <- (~17) [superposition 1178,417]
1244. 22 <=> 'Cons'(sK11,sK13,filter_mset(sK11,sK13,sK17)) = 'Cons'(sK11,sK13,append(sK11,filter_mset(sK11,sK13,filter_less(sK11,sK12,sK17)),filter_mset(sK11,sK13,filter_ge(sK11,sK12,'Cons'(sK11,sK13,sK17))))) [avatar definition]
1246. 'Cons'(sK11,sK13,filter_mset(sK11,sK13,sK17)) != 'Cons'(sK11,sK13,append(sK11,filter_mset(sK11,sK13,filter_less(sK11,sK12,sK17)),filter_mset(sK11,sK13,filter_ge(sK11,sK12,'Cons'(sK11,sK13,sK17))))) <- (~22) [avatar component clause 1244]
1248. 'Cons'(sK11,sK13,filter_mset(sK11,sK13,sK17)) != append(sK11,'Cons'(sK11,sK13,filter_mset(sK11,sK13,filter_less(sK11,sK12,sK17))),filter_mset(sK11,sK13,filter_ge(sK11,sK12,'Cons'(sK11,sK13,sK17)))) | filter_less(sK11,sK12,X0) = filter_less(sK11,sK12,'Cons'(sK11,sK13,X0)) <- (~17) [forward demodulation 1226,229]
1249. 'Cons'(sK11,sK13,filter_mset(sK11,sK13,sK17)) != 'Cons'(sK11,sK13,append(sK11,filter_mset(sK11,sK13,filter_less(sK11,sK12,sK17)),filter_mset(sK11,sK13,filter_ge(sK11,sK12,'Cons'(sK11,sK13,sK17))))) | filter_less(sK11,sK12,X0) = filter_less(sK11,sK12,'Cons'(sK11,sK13,X0)) <- (~17) [forward demodulation 1248,222]
1251. 23 <=> ! [X0 : 'list()'(sK11)] : filter_less(sK11,sK12,X0) = filter_less(sK11,sK12,'Cons'(sK11,sK13,X0)) [avatar definition]
1252. filter_less(sK11,sK12,X0) = filter_less(sK11,sK12,'Cons'(sK11,sK13,X0)) <- (23) [avatar component clause 1251]
1253. 23 | ~22 | 17 [avatar split clause 1249,1140,1244,1251]
1258. sK13 != sK13 | filter_mset(sK11,sK13,sK17) != append(sK11,filter_mset(sK11,sK13,filter_less(sK11,sK12,sK17)),filter_mset(sK11,sK13,filter_ge(sK11,sK12,'Cons'(sK11,sK13,sK17)))) <- (~22) [term algebras injectivity 1246]
1259. filter_mset(sK11,sK13,sK17) != append(sK11,filter_mset(sK11,sK13,filter_less(sK11,sK12,sK17)),filter_mset(sK11,sK13,filter_ge(sK11,sK12,'Cons'(sK11,sK13,sK17)))) <- (~22) [trivial inequality removal 1258]
1260. ! [X0 : sK11,X1 : 'list()'(sK11)] : ('Nil'(sK11) = filter_mset(sK11,sK13,filter_less(sK11,sK12,'Nil'(sK11))) & ('Nil'(sK11) = filter_mset(sK11,sK13,filter_less(sK11,sK12,X1)) => 'Nil'(sK11) = filter_mset(sK11,sK13,filter_less(sK11,sK12,'Cons'(sK11,X0,X1))))) => ! [X2 : 'list()'(sK11)] : 'Nil'(sK11) = filter_mset(sK11,sK13,filter_less(sK11,sK12,X2)) [structural induction hypothesis (one)]
1261. ! [X2 : 'list()'(sK11)] : 'Nil'(sK11) = filter_mset(sK11,sK13,filter_less(sK11,sK12,X2)) | ? [X0 : sK11,X1 : 'list()'(sK11)] : ('Nil'(sK11) != filter_mset(sK11,sK13,filter_less(sK11,sK12,'Nil'(sK11))) | ('Nil'(sK11) != filter_mset(sK11,sK13,filter_less(sK11,sK12,'Cons'(sK11,X0,X1))) & 'Nil'(sK11) = filter_mset(sK11,sK13,filter_less(sK11,sK12,X1)))) [ennf transformation 1260]
1262. 'Nil'(sK11) = filter_mset(sK11,sK13,filter_less(sK11,sK12,sK31)) | 'Nil'(sK11) != filter_mset(sK11,sK13,filter_less(sK11,sK12,'Nil'(sK11))) | 'Nil'(sK11) = filter_mset(sK11,sK13,filter_less(sK11,sK12,X2)) [cnf transformation 1261]
1263. 'Nil'(sK11) != filter_mset(sK11,sK13,filter_less(sK11,sK12,'Cons'(sK11,sK30,sK31))) | 'Nil'(sK11) != filter_mset(sK11,sK13,filter_less(sK11,sK12,'Nil'(sK11))) | 'Nil'(sK11) = filter_mset(sK11,sK13,filter_less(sK11,sK12,X2)) [cnf transformation 1261]
1264. 'Nil'(sK11) != filter_mset(sK11,sK13,filter_less(sK11,sK12,'Cons'(sK11,sK30,sK31))) | 'Nil'(sK11) != filter_mset(sK11,sK13,filter_less(sK11,sK12,'Nil'(sK11))) <- (~1) [induction hyperresolution 665,1263]
1265. 'Nil'(sK11) = filter_mset(sK11,sK13,filter_less(sK11,sK12,sK31)) | 'Nil'(sK11) != filter_mset(sK11,sK13,filter_less(sK11,sK12,'Nil'(sK11))) <- (~1) [induction hyperresolution 665,1262]
1266. 'Nil'(sK11) != filter_mset(sK11,sK13,'Nil'(sK11)) | 'Nil'(sK11) = filter_mset(sK11,sK13,filter_less(sK11,sK12,sK31)) <- (~1) [forward demodulation 1265,227]
1267. 'Nil'(sK11) = filter_mset(sK11,sK13,filter_less(sK11,sK12,sK31)) <- (~1) [subsumption resolution 1266,207]
1268. 'Nil'(sK11) != filter_mset(sK11,sK13,'Nil'(sK11)) | 'Nil'(sK11) != filter_mset(sK11,sK13,filter_less(sK11,sK12,'Cons'(sK11,sK30,sK31))) <- (~1) [forward demodulation 1264,227]
1269. 'Nil'(sK11) != filter_mset(sK11,sK13,filter_less(sK11,sK12,'Cons'(sK11,sK30,sK31))) <- (~1) [subsumption resolution 1268,207]
1324. 'Nil'(sK11) != filter_mset(sK11,sK13,filter_less(sK11,sK12,sK31)) | 'Cons'(sK11,sK30,filter_less(sK11,sK12,X0)) = filter_less(sK11,sK12,'Cons'(sK11,sK30,X0)) <- (~1) [superposition 1269,417]
1326. 'Nil'(sK11) != filter_mset(sK11,sK13,filter_less(sK11,sK12,sK31)) | filter_ge(sK11,sK12,X0) = filter_ge(sK11,sK12,'Cons'(sK11,sK30,X0)) <- (~1) [superposition 1269,389]
1337. 25 <=> 'Nil'(sK11) = filter_mset(sK11,sK13,'Cons'(sK11,sK30,filter_less(sK11,sK12,sK31))) [avatar definition]
1339. 'Nil'(sK11) != filter_mset(sK11,sK13,'Cons'(sK11,sK30,filter_less(sK11,sK12,sK31))) <- (~25) [avatar component clause 1337]
1341. 'Cons'(sK11,sK30,filter_less(sK11,sK12,X0)) = filter_less(sK11,sK12,'Cons'(sK11,sK30,X0)) <- (~1) [subsumption resolution 1324,1267]
1342. 'Nil'(sK11) != filter_mset(sK11,sK13,'Cons'(sK11,sK30,filter_less(sK11,sK12,sK31))) <- (~1) [backward demodulation 1269,1341]
1343. ~25 | 1 [avatar split clause 1342,664,1337]
1349. filter_ge(sK11,sK12,X0) = filter_ge(sK11,sK12,'Cons'(sK11,sK30,X0)) <- (~1) [subsumption resolution 1326,1267]
1358. 28 <=> 'Nil'(sK11) = filter_mset(sK11,sK13,'Cons'(sK11,sK30,'Nil'(sK11))) [avatar definition]
1359. 'Nil'(sK11) = filter_mset(sK11,sK13,'Cons'(sK11,sK30,'Nil'(sK11))) <- (28) [avatar component clause 1358]
1360. 'Nil'(sK11) != filter_mset(sK11,sK13,'Cons'(sK11,sK30,'Nil'(sK11))) <- (~28) [avatar component clause 1358]
1378. 'Nil'(sK11) != filter_mset(sK11,sK13,'Nil'(sK11)) | sK13 = sK30 <- (~28) [superposition 1360,228]
1379. sK13 = sK30 <- (~28) [subsumption resolution 1378,207]
1382. filter_ge(sK11,sK12,X0) = filter_ge(sK11,sK12,'Cons'(sK11,sK13,X0)) <- (~1, ~28) [backward demodulation 1349,1379]
1419. filter_mset(sK11,sK13,sK17) != append(sK11,filter_mset(sK11,sK13,filter_less(sK11,sK12,sK17)),filter_mset(sK11,sK13,filter_ge(sK11,sK12,sK17))) <- (~1, ~22, ~28) [forward demodulation 1259,1382]
1420. $false <- (~1, ~22, ~28) [subsumption resolution 1419,433]
1421. 1 | 22 | 28 [avatar contradiction clause 1420]
1422. filter_mset(sK11,sK13,sK17) != append(sK11,filter_mset(sK11,sK13,filter_less(sK11,sK12,'Cons'(sK11,sK16,sK17))),filter_mset(sK11,sK13,filter_ge(sK11,sK12,'Cons'(sK11,sK16,sK17)))) <- (17) [backward demodulation 438,1141]
1425. filter_mset(sK11,sK13,sK17) != append(sK11,filter_mset(sK11,sK13,filter_less(sK11,sK12,'Cons'(sK11,sK16,sK17))),filter_mset(sK11,sK13,filter_ge(sK11,sK12,sK17))) <- (~9, 17) [backward demodulation 958,1141]
1426. filter_mset(sK11,sK13,sK17) != append(sK11,filter_mset(sK11,sK13,filter_less(sK11,sK12,sK17)),filter_mset(sK11,sK13,filter_ge(sK11,sK12,'Cons'(sK11,sK16,sK17)))) <- (~4, 17) [backward demodulation 938,1141]
1435. filter_mset(sK11,sK13,sK17) != append(sK11,filter_mset(sK11,sK13,filter_less(sK11,sK12,'Cons'(sK11,sK16,sK17))),filter_mset(sK11,sK13,filter_ge(sK11,sK12,sK17))) | filter_less(sK11,sK12,X0) = filter_less(sK11,sK12,'Cons'(sK11,sK16,X0)) <- (17) [superposition 1422,389]
1448. 31 <=> 'Nil'(sK11) = append(sK11,filter_mset(sK11,sK13,filter_less(sK11,sK12,'Cons'(sK11,sK16,'Nil'(sK11)))),filter_mset(sK11,sK13,filter_ge(sK11,sK12,'Cons'(sK11,sK16,'Nil'(sK11))))) [avatar definition]
1449. 'Nil'(sK11) = append(sK11,filter_mset(sK11,sK13,filter_less(sK11,sK12,'Cons'(sK11,sK16,'Nil'(sK11)))),filter_mset(sK11,sK13,filter_ge(sK11,sK12,'Cons'(sK11,sK16,'Nil'(sK11))))) <- (31) [avatar component clause 1448]
1450. 'Nil'(sK11) != append(sK11,filter_mset(sK11,sK13,filter_less(sK11,sK12,'Cons'(sK11,sK16,'Nil'(sK11)))),filter_mset(sK11,sK13,filter_ge(sK11,sK12,'Cons'(sK11,sK16,'Nil'(sK11))))) <- (~31) [avatar component clause 1448]
1717. filter_mset(sK11,sK13,sK17) != append(sK11,filter_mset(sK11,sK13,filter_less(sK11,sK12,sK17)),filter_mset(sK11,sK13,filter_ge(sK11,sK12,sK17))) | 'Cons'(sK11,sK16,filter_less(sK11,sK12,X0)) = filter_less(sK11,sK12,'Cons'(sK11,sK16,X0)) <- (~9, 17) [superposition 1425,417]
1719. filter_mset(sK11,sK13,sK17) != append(sK11,filter_mset(sK11,sK13,filter_less(sK11,sK12,sK17)),filter_mset(sK11,sK13,filter_ge(sK11,sK12,sK17))) | filter_ge(sK11,sK12,X0) = filter_ge(sK11,sK12,'Cons'(sK11,sK16,X0)) <- (~9, 17) [superposition 1425,389]
1727. 42 <=> filter_mset(sK11,sK13,sK17) = append(sK11,filter_mset(sK11,sK13,'Cons'(sK11,sK16,filter_less(sK11,sK12,sK17))),filter_mset(sK11,sK13,filter_ge(sK11,sK12,sK17))) [avatar definition]
1729. filter_mset(sK11,sK13,sK17) != append(sK11,filter_mset(sK11,sK13,'Cons'(sK11,sK16,filter_less(sK11,sK12,sK17))),filter_mset(sK11,sK13,filter_ge(sK11,sK12,sK17))) <- (~42) [avatar component clause 1727]
1731. 'Cons'(sK11,sK16,filter_less(sK11,sK12,X0)) = filter_less(sK11,sK12,'Cons'(sK11,sK16,X0)) <- (~9, 17) [subsumption resolution 1717,433]
1732. 3 | 9 | ~17 [avatar split clause 1731,1140,956,933]
1734. filter_ge(sK11,sK12,X0) = filter_ge(sK11,sK12,'Cons'(sK11,sK16,X0)) <- (~9, 17) [subsumption resolution 1719,433]
1735. 7 | 9 | ~17 [avatar split clause 1734,1140,956,949]
1755. 46 <=> filter_mset(sK11,sK13,sK17) = append(sK11,filter_mset(sK11,sK13,filter_less(sK11,sK12,'Cons'(sK11,sK16,sK17))),filter_mset(sK11,sK13,filter_ge(sK11,sK12,sK17))) [avatar definition]
1757. filter_mset(sK11,sK13,sK17) != append(sK11,filter_mset(sK11,sK13,filter_less(sK11,sK12,'Cons'(sK11,sK16,sK17))),filter_mset(sK11,sK13,filter_ge(sK11,sK12,sK17))) <- (~46) [avatar component clause 1755]
1758. 5 | ~46 | ~17 [avatar split clause 1435,1140,1755,941]
1764. filter_mset(sK11,sK13,'Cons'(sK11,sK16,'Nil'(sK11))) != filter_mset(sK11,sK13,'Cons'(sK11,sK16,filter_ge(sK11,sK12,'Nil'(sK11)))) <- (8, ~18) [backward demodulation 1150,954]
1765. filter_mset(sK11,sK13,sK17) != append(sK11,filter_mset(sK11,sK13,filter_less(sK11,sK12,sK17)),filter_mset(sK11,sK13,'Cons'(sK11,sK16,filter_ge(sK11,sK12,sK17)))) <- (~4, 8, 17) [backward demodulation 1426,954]
1770. filter_mset(sK11,sK13,'Cons'(sK11,sK16,'Nil'(sK11))) != filter_mset(sK11,sK13,'Cons'(sK11,sK16,'Nil'(sK11))) <- (8, ~18) [forward demodulation 1764,225]
1771. $false <- (8, ~18) [trivial inequality removal 1770]
1772. ~8 | 18 [avatar contradiction clause 1771]
1818. 'Nil'(sK11) = append(sK11,filter_mset(sK11,sK13,filter_less(sK11,sK12,'Cons'(sK11,sK16,'Nil'(sK11)))),filter_mset(sK11,sK13,'Cons'(sK11,sK16,filter_ge(sK11,sK12,'Nil'(sK11))))) <- (8, 31) [forward demodulation 1449,954]
1819. 'Nil'(sK11) = append(sK11,filter_mset(sK11,sK13,filter_less(sK11,sK12,'Cons'(sK11,sK16,'Nil'(sK11)))),filter_mset(sK11,sK13,'Cons'(sK11,sK16,'Nil'(sK11)))) <- (8, 31) [forward demodulation 1818,225]
1820. 'Nil'(sK11) = append(sK11,filter_mset(sK11,sK13,filter_less(sK11,sK12,'Nil'(sK11))),filter_mset(sK11,sK13,'Cons'(sK11,sK16,'Nil'(sK11)))) <- (5, 8, 31) [forward demodulation 1819,942]
1821. 'Nil'(sK11) = append(sK11,filter_mset(sK11,sK13,'Nil'(sK11)),filter_mset(sK11,sK13,'Cons'(sK11,sK16,'Nil'(sK11)))) <- (5, 8, 31) [forward demodulation 1820,227]
1822. 'Nil'(sK11) = append(sK11,'Nil'(sK11),filter_mset(sK11,sK13,'Cons'(sK11,sK16,'Nil'(sK11)))) <- (5, 8, 31) [forward demodulation 1821,207]
1823. 'Nil'(sK11) = filter_mset(sK11,sK13,'Cons'(sK11,sK16,'Nil'(sK11))) <- (5, 8, 31) [forward demodulation 1822,223]
1840. filter_mset(sK11,sK13,sK17) != append(sK11,filter_mset(sK11,sK13,filter_less(sK11,sK12,sK17)),filter_mset(sK11,sK13,filter_ge(sK11,sK12,sK17))) | sK13 = sK16 <- (~4, 8, 17) [superposition 1765,228]
1847. sK13 = sK16 <- (~4, 8, 17) [subsumption resolution 1840,433]
1849. filter_ge(sK11,sK12,'Cons'(sK11,sK13,X0)) = 'Cons'(sK11,sK13,filter_ge(sK11,sK12,X0)) <- (~4, 8, 17) [backward demodulation 954,1847]
1851. filter_mset(sK11,sK13,sK17) != append(sK11,filter_mset(sK11,sK13,filter_less(sK11,sK12,sK17)),filter_mset(sK11,sK13,'Cons'(sK11,sK13,filter_ge(sK11,sK12,sK17)))) <- (~4, 8, 17) [backward demodulation 1765,1847]
1856. 'Nil'(sK11) = filter_mset(sK11,sK13,'Cons'(sK11,sK13,'Nil'(sK11))) <- (~4, 5, 8, 17, 31) [backward demodulation 1823,1847]
1860. filter_ge(sK11,sK12,X0) = 'Cons'(sK11,sK13,filter_ge(sK11,sK12,X0)) <- (~1, ~4, 8, 17, ~28) [forward demodulation 1849,1382]
1862. filter_mset(sK11,sK13,sK17) != append(sK11,filter_mset(sK11,sK13,filter_less(sK11,sK12,sK17)),'Cons'(sK11,sK13,filter_mset(sK11,sK13,filter_ge(sK11,sK12,sK17)))) <- (~4, 8, 17) [forward demodulation 1851,229]
1871. 'Nil'(sK11) = 'Cons'(sK11,sK13,filter_mset(sK11,sK13,'Nil'(sK11))) <- (~4, 5, 8, 17, 31) [forward demodulation 1856,229]
1872. $false <- (~4, 5, 8, 17, 31) [term algebras distinctness 1871]
1873. 4 | ~5 | ~8 | ~17 | ~31 [avatar contradiction clause 1872]
1934. filter_mset(sK11,sK13,filter_ge(sK11,sK12,X0)) = 'Cons'(sK11,sK13,filter_mset(sK11,sK13,filter_ge(sK11,sK12,X0))) <- (~1, ~4, 8, 17, ~28) [superposition 229,1860]
1959. filter_mset(sK11,sK13,sK17) != append(sK11,filter_mset(sK11,sK13,filter_less(sK11,sK12,sK17)),filter_mset(sK11,sK13,filter_ge(sK11,sK12,sK17))) <- (~1, ~4, 8, 17, ~28) [backward demodulation 1862,1934]
1965. $false <- (~1, ~4, 8, 17, ~28) [subsumption resolution 1959,433]
1966. 1 | 4 | ~8 | ~17 | 28 [avatar contradiction clause 1965]
1967. 8 | ~6 [avatar split clause 1019,944,953]
3054. 90 <=> sK13 = sK16 [avatar definition]
3055. sK13 != sK16 <- (~90) [avatar component clause 3054]
3056. sK13 = sK16 <- (90) [avatar component clause 3054]
6772. 'Nil'(sK11) != filter_mset(sK11,sK13,filter_less(sK11,sK12,sK31)) | sK13 = sK30 <- (~25) [superposition 1339,228]
6779. sK13 = sK30 <- (~1, ~25) [subsumption resolution 6772,1267]
6784. 'Nil'(sK11) = filter_mset(sK11,sK13,'Cons'(sK11,sK13,'Nil'(sK11))) <- (~1, ~25, 28) [backward demodulation 1359,6779]
6803. 'Nil'(sK11) = 'Cons'(sK11,sK13,filter_mset(sK11,sK13,'Nil'(sK11))) <- (~1, ~25, 28) [forward demodulation 6784,229]
6804. $false <- (~1, ~25, 28) [term algebras distinctness 6803]
6805. 1 | 25 | ~28 [avatar contradiction clause 6804]
6830. 176 <=> sK13 = sK30 [avatar definition]
6832. sK13 = sK30 <- (176) [avatar component clause 6830]
6834. 177 <=> 'Nil'(sK11) = filter_mset(sK11,sK13,filter_less(sK11,sK12,sK31)) [avatar definition]
6835. 'Nil'(sK11) = filter_mset(sK11,sK13,filter_less(sK11,sK12,sK31)) <- (177) [avatar component clause 6834]
6836. 'Nil'(sK11) != filter_mset(sK11,sK13,filter_less(sK11,sK12,sK31)) <- (~177) [avatar component clause 6834]
6837. 176 | ~177 | 25 [avatar split clause 6772,1337,6834,6830]
6905. filter_mset(sK11,sK13,sK17) = append(sK11,'Nil'(sK11),filter_mset(sK11,sK13,filter_ge(sK11,sK12,sK17))) <- (1) [backward demodulation 433,666]
6912. filter_mset(sK11,sK13,sK17) = filter_mset(sK11,sK13,filter_ge(sK11,sK12,sK17)) <- (1) [forward demodulation 6905,223]
6923. filter_mset(sK11,sK13,'Cons'(sK11,sK16,sK17)) != append(sK11,filter_mset(sK11,sK13,'Cons'(sK11,sK16,filter_less(sK11,sK12,sK17))),filter_mset(sK11,sK13,filter_ge(sK11,sK12,sK17))) <- (~6, 7) [forward demodulation 946,950]
6924. filter_mset(sK11,sK13,'Cons'(sK11,sK16,sK17)) != append(sK11,filter_mset(sK11,sK13,'Cons'(sK11,sK16,filter_less(sK11,sK12,sK17))),filter_mset(sK11,sK13,sK17)) <- (1, ~6, 7) [forward demodulation 6923,6912]
6936. 189 <=> 'Nil'(sK11) = filter_mset(sK11,sK13,'Cons'(sK11,sK16,'Nil'(sK11))) [avatar definition]
6937. 'Nil'(sK11) = filter_mset(sK11,sK13,'Cons'(sK11,sK16,'Nil'(sK11))) <- (189) [avatar component clause 6936]
6938. 'Nil'(sK11) != filter_mset(sK11,sK13,'Cons'(sK11,sK16,'Nil'(sK11))) <- (~189) [avatar component clause 6936]
6952. filter_ge(sK11,sK12,X0) = 'Cons'(sK11,sK16,filter_ge(sK11,sK12,X0)) <- (7, 8) [forward demodulation 954,950]
6957. filter_mset(sK11,sK13,filter_ge(sK11,sK12,sK17)) = filter_mset(sK11,sK13,'Cons'(sK11,sK16,sK17)) <- (7, 8, 16) [backward demodulation 1135,6952]
6963. filter_mset(sK11,sK13,sK17) = filter_mset(sK11,sK13,'Cons'(sK11,sK16,sK17)) <- (1, 7, 8, 16) [forward demodulation 6957,6912]
6964. $false <- (1, 7, 8, 16, ~17) [subsumption resolution 6963,1142]
6965. ~1 | ~7 | ~8 | ~16 | 17 [avatar contradiction clause 6964]
6970. filter_less(sK11,sK12,X0) = 'Cons'(sK11,sK16,filter_less(sK11,sK12,X0)) <- (3, 5) [backward demodulation 934,942]
6988. filter_mset(sK11,sK13,'Cons'(sK11,sK16,sK17)) != append(sK11,filter_mset(sK11,sK13,filter_less(sK11,sK12,'Cons'(sK11,sK16,sK17))),filter_mset(sK11,sK13,filter_ge(sK11,sK12,sK17))) <- (7) [forward demodulation 438,950]
6989. filter_mset(sK11,sK13,'Cons'(sK11,sK16,sK17)) != append(sK11,filter_mset(sK11,sK13,filter_less(sK11,sK12,'Cons'(sK11,sK16,sK17))),filter_mset(sK11,sK13,sK17)) <- (1, 7) [forward demodulation 6988,6912]
7019. filter_mset(sK11,sK13,filter_ge(sK11,sK12,'Nil'(sK11))) = filter_mset(sK11,sK13,'Cons'(sK11,sK16,'Nil'(sK11))) <- (7, 18) [forward demodulation 1149,950]
7020. filter_mset(sK11,sK13,'Nil'(sK11)) = filter_mset(sK11,sK13,'Cons'(sK11,sK16,'Nil'(sK11))) <- (7, 18) [forward demodulation 7019,225]
7021. 'Nil'(sK11) = filter_mset(sK11,sK13,'Cons'(sK11,sK16,'Nil'(sK11))) <- (7, 18) [forward demodulation 7020,207]
7022. 189 | ~7 | ~18 [avatar split clause 7021,1148,949,6936]
7061. 'Nil'(sK11) = filter_mset(sK11,sK13,filter_less(sK11,sK12,sK31)) | 'Nil'(sK11) != filter_mset(sK11,sK13,filter_less(sK11,sK12,'Nil'(sK11))) <- (~177) [induction hyperresolution 6836,1262]
7062. 'Nil'(sK11) != filter_mset(sK11,sK13,filter_less(sK11,sK12,'Nil'(sK11))) <- (~177) [subsumption resolution 7061,6836]
7063. 'Nil'(sK11) != filter_mset(sK11,sK13,'Nil'(sK11)) <- (~177) [forward demodulation 7062,227]
7064. $false <- (~177) [subsumption resolution 7063,207]
7065. 177 [avatar contradiction clause 7064]
7092. 'Nil'(sK11) = 'Cons'(sK11,sK16,'Nil'(sK11)) <- (3, 5) [superposition 6970,227]
7144. $false <- (3, 5) [term algebras distinctness 7092]
7145. ~3 | ~5 [avatar contradiction clause 7144]
7284. filter_mset(sK11,sK13,sK17) != filter_mset(sK11,sK13,sK17) | sK13 = sK16 <- (~17) [superposition 1142,228]
7287. sK13 = sK16 <- (~17) [trivial inequality removal 7284]
7294. 90 | 17 [avatar split clause 7287,1140,3054]
7302. 'Nil'(sK11) = filter_mset(sK11,sK13,'Cons'(sK11,sK13,'Nil'(sK11))) <- (90, 189) [backward demodulation 6937,3056]
7335. 'Nil'(sK11) = 'Cons'(sK11,sK13,filter_mset(sK11,sK13,'Nil'(sK11))) <- (90, 189) [forward demodulation 7302,229]
7336. $false <- (90, 189) [term algebras distinctness 7335]
7337. ~90 | ~189 [avatar contradiction clause 7336]
7378. filter_mset(sK11,sK13,'Cons'(sK11,sK13,sK17)) != append(sK11,filter_mset(sK11,sK13,'Cons'(sK11,sK13,filter_less(sK11,sK12,sK17))),filter_mset(sK11,sK13,sK17)) <- (1, ~6, 7, 90) [forward demodulation 6924,3056]
7379. filter_mset(sK11,sK13,'Cons'(sK11,sK13,sK17)) != append(sK11,'Cons'(sK11,sK13,filter_mset(sK11,sK13,filter_less(sK11,sK12,sK17))),filter_mset(sK11,sK13,sK17)) <- (1, ~6, 7, 90) [forward demodulation 7378,229]
7380. filter_mset(sK11,sK13,'Cons'(sK11,sK13,sK17)) != 'Cons'(sK11,sK13,append(sK11,filter_mset(sK11,sK13,filter_less(sK11,sK12,sK17)),filter_mset(sK11,sK13,sK17))) <- (1, ~6, 7, 90) [forward demodulation 7379,222]
7381. filter_mset(sK11,sK13,'Cons'(sK11,sK13,sK17)) != 'Cons'(sK11,sK13,append(sK11,'Nil'(sK11),filter_mset(sK11,sK13,sK17))) <- (1, ~6, 7, 90) [forward demodulation 7380,666]
7382. filter_mset(sK11,sK13,'Cons'(sK11,sK13,sK17)) != 'Cons'(sK11,sK13,filter_mset(sK11,sK13,sK17)) <- (1, ~6, 7, 90) [forward demodulation 7381,223]
7383. $false <- (1, ~6, 7, 90) [subsumption resolution 7382,229]
7384. ~1 | 6 | ~7 | ~90 [avatar contradiction clause 7383]
7477. 'Nil'(sK11) != filter_mset(sK11,sK13,'Nil'(sK11)) | sK13 = sK16 <- (~189) [superposition 6938,228]
7478. sK13 = sK16 <- (~189) [subsumption resolution 7477,207]
7479. $false <- (~90, ~189) [subsumption resolution 7478,3055]
7480. 90 | 189 [avatar contradiction clause 7479]
7533. filter_mset(sK11,sK13,sK17) != append(sK11,filter_mset(sK11,sK13,filter_less(sK11,sK12,'Cons'(sK11,sK16,sK17))),filter_mset(sK11,sK13,sK17)) <- (1, 7, 17) [forward demodulation 6989,1141]
7560. filter_mset(sK11,sK13,sK17) != append(sK11,filter_mset(sK11,sK13,filter_less(sK11,sK12,sK17)),filter_mset(sK11,sK13,sK17)) <- (1, 5, 7, 17) [backward demodulation 7533,942]
7567. filter_mset(sK11,sK13,sK17) != append(sK11,'Nil'(sK11),filter_mset(sK11,sK13,sK17)) <- (1, 5, 7, 17) [forward demodulation 7560,666]
7568. $false <- (1, 5, 7, 17) [subsumption resolution 7567,223]
7569. ~1 | ~5 | ~7 | ~17 [avatar contradiction clause 7568]
7581. filter_mset(sK11,sK13,'Cons'(sK11,sK16,sK17)) != append(sK11,'Nil'(sK11),filter_mset(sK11,sK13,filter_ge(sK11,sK12,'Cons'(sK11,sK16,sK17)))) <- (1, ~4) [forward demodulation 938,666]
7582. filter_mset(sK11,sK13,'Cons'(sK11,sK16,sK17)) != filter_mset(sK11,sK13,filter_ge(sK11,sK12,'Cons'(sK11,sK16,sK17))) <- (1, ~4) [forward demodulation 7581,223]
7583. filter_mset(sK11,sK13,sK17) != filter_mset(sK11,sK13,filter_ge(sK11,sK12,'Cons'(sK11,sK16,sK17))) <- (1, ~4, 17) [forward demodulation 7582,1141]
7586. 'Nil'(sK11) != append(sK11,filter_mset(sK11,sK13,filter_less(sK11,sK12,'Nil'(sK11))),filter_mset(sK11,sK13,filter_ge(sK11,sK12,'Cons'(sK11,sK16,'Nil'(sK11))))) <- (5, ~31) [forward demodulation 1450,942]
7587. 'Nil'(sK11) != append(sK11,filter_mset(sK11,sK13,'Nil'(sK11)),filter_mset(sK11,sK13,filter_ge(sK11,sK12,'Cons'(sK11,sK16,'Nil'(sK11))))) <- (5, ~31) [forward demodulation 7586,227]
7588. 'Nil'(sK11) != append(sK11,'Nil'(sK11),filter_mset(sK11,sK13,filter_ge(sK11,sK12,'Cons'(sK11,sK16,'Nil'(sK11))))) <- (5, ~31) [forward demodulation 7587,207]
7589. 'Nil'(sK11) != filter_mset(sK11,sK13,filter_ge(sK11,sK12,'Cons'(sK11,sK16,'Nil'(sK11)))) <- (5, ~31) [forward demodulation 7588,223]
7614. filter_mset(sK11,sK13,sK17) != append(sK11,filter_mset(sK11,sK13,'Cons'(sK11,sK16,filter_less(sK11,sK12,sK17))),filter_mset(sK11,sK13,filter_ge(sK11,sK12,'Cons'(sK11,sK16,sK17)))) <- (~6, 17) [forward demodulation 946,1141]
7615. 'Nil'(sK11) != filter_mset(sK11,sK13,'Cons'(sK11,sK16,filter_ge(sK11,sK12,'Nil'(sK11)))) <- (5, 8, ~31) [backward demodulation 7589,954]
7620. filter_mset(sK11,sK13,sK17) != filter_mset(sK11,sK13,'Cons'(sK11,sK16,filter_ge(sK11,sK12,sK17))) <- (1, ~4, 8, 17) [backward demodulation 7583,954]
7624. 'Nil'(sK11) != filter_mset(sK11,sK13,'Cons'(sK11,sK16,'Nil'(sK11))) <- (5, 8, ~31) [forward demodulation 7615,225]
7631. ~189 | ~5 | ~8 | 31 [avatar split clause 7624,1448,953,941,6936]
7636. filter_mset(sK11,sK13,sK17) = filter_mset(sK11,sK13,'Cons'(sK11,sK13,sK17)) <- (17, 90) [backward demodulation 1141,3056]
7649. filter_mset(sK11,sK13,sK17) != filter_mset(sK11,sK13,'Cons'(sK11,sK13,filter_ge(sK11,sK12,sK17))) <- (1, ~4, 8, 17, 90) [backward demodulation 7620,3056]
7653. filter_mset(sK11,sK13,sK17) = 'Cons'(sK11,sK13,filter_mset(sK11,sK13,sK17)) <- (17, 90) [forward demodulation 7636,229]
7680. filter_mset(sK11,sK13,sK17) != 'Cons'(sK11,sK13,filter_mset(sK11,sK13,filter_ge(sK11,sK12,sK17))) <- (1, ~4, 8, 17, 90) [forward demodulation 7649,229]
7681. filter_mset(sK11,sK13,sK17) != 'Cons'(sK11,sK13,filter_mset(sK11,sK13,sK17)) <- (1, ~4, 8, 17, 90) [forward demodulation 7680,6912]
7693. $false <- (1, ~4, 8, 17, 90) [subsumption resolution 7653,7681]
7694. ~1 | 4 | ~8 | ~17 | ~90 [avatar contradiction clause 7693]
7710. filter_mset(sK11,sK13,sK17) != append(sK11,filter_mset(sK11,sK13,'Cons'(sK11,sK13,filter_less(sK11,sK12,sK17))),filter_mset(sK11,sK13,filter_ge(sK11,sK12,sK17))) <- (~42, 90) [forward demodulation 1729,3056]
7711. filter_mset(sK11,sK13,sK17) != append(sK11,'Cons'(sK11,sK13,filter_mset(sK11,sK13,filter_less(sK11,sK12,sK17))),filter_mset(sK11,sK13,filter_ge(sK11,sK12,sK17))) <- (~42, 90) [forward demodulation 7710,229]
7712. filter_mset(sK11,sK13,sK17) != 'Cons'(sK11,sK13,append(sK11,filter_mset(sK11,sK13,filter_less(sK11,sK12,sK17)),filter_mset(sK11,sK13,filter_ge(sK11,sK12,sK17)))) <- (~42, 90) [forward demodulation 7711,222]
7713. filter_mset(sK11,sK13,sK17) != 'Cons'(sK11,sK13,filter_mset(sK11,sK13,sK17)) <- (~42, 90) [backward demodulation 7712,433]
7714. $false <- (17, ~42, 90) [subsumption resolution 7713,7653]
7715. ~17 | 42 | ~90 [avatar contradiction clause 7714]
7785. filter_mset(sK11,sK13,sK17) != append(sK11,filter_mset(sK11,sK13,filter_less(sK11,sK12,'Cons'(sK11,sK13,sK17))),filter_mset(sK11,sK13,filter_ge(sK11,sK12,sK17))) <- (~46, 90) [forward demodulation 1757,3056]
7805. 'Cons'(sK11,sK13,filter_less(sK11,sK12,X0)) = filter_less(sK11,sK12,'Cons'(sK11,sK13,X0)) <- (3, 90) [forward demodulation 934,3056]
7812. filter_mset(sK11,sK13,sK17) != append(sK11,filter_mset(sK11,sK13,'Cons'(sK11,sK13,filter_less(sK11,sK12,sK17))),filter_mset(sK11,sK13,filter_ge(sK11,sK12,sK17))) <- (3, ~46, 90) [backward demodulation 7785,7805]
7834. filter_mset(sK11,sK13,sK17) != append(sK11,'Cons'(sK11,sK13,filter_mset(sK11,sK13,filter_less(sK11,sK12,sK17))),filter_mset(sK11,sK13,filter_ge(sK11,sK12,sK17))) <- (3, ~46, 90) [forward demodulation 7812,229]
7835. filter_mset(sK11,sK13,sK17) != 'Cons'(sK11,sK13,append(sK11,filter_mset(sK11,sK13,filter_less(sK11,sK12,sK17)),filter_mset(sK11,sK13,filter_ge(sK11,sK12,sK17)))) <- (3, ~46, 90) [forward demodulation 7834,222]
7836. filter_mset(sK11,sK13,sK17) != 'Cons'(sK11,sK13,filter_mset(sK11,sK13,sK17)) <- (3, ~46, 90) [forward demodulation 7835,433]
7837. $false <- (3, 17, ~46, 90) [subsumption resolution 7836,7653]
7838. ~3 | ~17 | 46 | ~90 [avatar contradiction clause 7837]
7854. filter_mset(sK11,sK13,sK17) != append(sK11,filter_mset(sK11,sK13,'Cons'(sK11,sK16,filter_less(sK11,sK12,sK17))),filter_mset(sK11,sK13,filter_ge(sK11,sK12,sK17))) <- (3, ~46) [forward demodulation 1757,934]
7855. ~42 | ~3 | 46 [avatar split clause 7854,1755,933,1727]
7857. filter_mset(sK11,sK13,sK17) != append(sK11,filter_mset(sK11,sK13,'Cons'(sK11,sK16,filter_less(sK11,sK12,sK17))),filter_mset(sK11,sK13,filter_ge(sK11,sK12,sK17))) <- (~6, 7, 17) [forward demodulation 7614,950]
7858. ~42 | 6 | ~7 | ~17 [avatar split clause 7857,1140,949,944,1727]
8371. 'Nil'(sK11) != filter_mset(sK11,sK13,filter_less(sK11,sK12,'Cons'(sK11,sK30,sK31))) | 'Nil'(sK11) != filter_mset(sK11,sK13,filter_less(sK11,sK12,'Nil'(sK11))) <- (~1) [induction hyperresolution 665,1263]
8373. 'Nil'(sK11) != filter_mset(sK11,sK13,filter_less(sK11,sK12,'Cons'(sK11,sK13,sK31))) | 'Nil'(sK11) != filter_mset(sK11,sK13,filter_less(sK11,sK12,'Nil'(sK11))) <- (~1, 176) [forward demodulation 8371,6832]
8374. 'Nil'(sK11) != filter_mset(sK11,sK13,'Nil'(sK11)) | 'Nil'(sK11) != filter_mset(sK11,sK13,filter_less(sK11,sK12,'Cons'(sK11,sK13,sK31))) <- (~1, 176) [forward demodulation 8373,227]
8375. 'Nil'(sK11) != filter_mset(sK11,sK13,filter_less(sK11,sK12,'Cons'(sK11,sK13,sK31))) <- (~1, 176) [subsumption resolution 8374,207]
8715. 'Nil'(sK11) != filter_mset(sK11,sK13,filter_less(sK11,sK12,sK31)) <- (~1, 23, 176) [backward demodulation 8375,1252]
8717. $false <- (~1, 23, 176, 177) [subsumption resolution 8715,6835]
8718. 1 | ~23 | ~176 | ~177 [avatar contradiction clause 8717]
26904. filter_mset(sK11,sK13,sK17) != append(sK11,filter_mset(sK11,sK13,filter_less(sK11,sK12,sK17)),filter_mset(sK11,sK13,filter_ge(sK11,sK12,sK17))) | sK13 = sK16 <- (~42) [superposition 1729,228]
26911. sK13 = sK16 <- (~42) [subsumption resolution 26904,433]
26912. $false <- (~42, ~90) [subsumption resolution 26911,3055]
26913. 42 | 90 [avatar contradiction clause 26912]
26924. $false [avatar sat refutation 939,947,951,959,965,1144,1196,1253,1343,1421,1732,1735,1758,1772,1873,1966,1967,6805,6837,6965,7022,7065,7145,7294,7337,7384,7480,7569,7631,7694,7715,7838,7855,7858,8718,26913]
% SZS output end Proof for lemma2
% ------------------------------
% Version: Vampire 4.9 (commit 5ad494e78 on 2024-06-14 14:05:27 +0100)
% Linked with Z3 4.12.3.0 79bbbf76d0c123481c8ca05cd3a98939270074d3 z3-4.8.4-7980-g79bbbf76d
% Termination reason: Refutation

% Memory used [KB]: 12448
% Time elapsed: 0.965 s
% Instructions burned: 4453 (million)
% ------------------------------
% ------------------------------
