% Refutation found. Thanks to Tanya!
% SZS status Unsatisfiable for lemma2
% SZS output start Proof for lemma2
6. filter_less(X0,X1,X2) = $match(X2,'Nil'(X0),'Nil'(X0),'Cons'(X0,X3,X4),$ite(less(X0,X3,X1), 'Cons'(X0,X3,filter_less(X0,X1,X4)),filter_less(X0,X1,X4))) [input]
7. filter_ge(X0,X1,X2) = $match(X2,'Nil'(X0),'Nil'(X0),'Cons'(X0,X3,X4),$ite(~less(X0,X3,X1), 'Cons'(X0,X3,filter_ge(X0,X1,X4)),filter_ge(X0,X1,X4))) [input]
8. append(X0,X1,X2) = $match(X1,'Nil'(X0),X2,'Cons'(X0,X3,X4),'Cons'(X0,X3,append(X0,X4,X2))) [input]
13. filter_mset(X0,X1,X2) = $match(X2,'Nil'(X0),'Nil'(X0),'Cons'(X0,X3,X4),$ite(X1 = X3, 'Cons'(X0,X3,filter_mset(X0,X1,X4)),filter_mset(X0,X1,X4))) [input]
14. ! [X0 : $tType] : ! [X2 : X0,X1 : X0,X3 : 'list()'(X0)] : append(X0,filter_mset(X0,X1,filter_less(X0,X2,X3)),filter_mset(X0,X1,filter_ge(X0,X2,X3))) = filter_mset(X0,X1,X3) [input]
15. ~! [X0 : $tType] : ! [X2 : X0,X1 : X0,X3 : 'list()'(X0)] : append(X0,filter_mset(X0,X1,filter_less(X0,X2,X3)),filter_mset(X0,X1,filter_ge(X0,X2,X3))) = filter_mset(X0,X1,X3) [negated conjecture 14]
40. ! [X4 : 'list()'(X0),X3 : X0,X2 : 'list()'(X0),X1 : X0,X0 : $tType] : filter_less(X0,X1,X2) = $match(X2,'Nil'(X0),'Nil'(X0),'Cons'(X0,X3,X4),$ite(less(X0,X3,X1), 'Cons'(X0,X3,filter_less(X0,X1,X4)),filter_less(X0,X1,X4))) [closure 6]
41. ! [X0 : $tType,X1 : X0,X3 : X0,X4 : 'list()'(X0),X2 : 'list()'(X0)] : ('Nil'(X0) = X2 => 'Nil'(X0) = mG4(X0,X1,X3,X4,X2)) [fool $match elimination 40]
42. ! [X0 : $tType,X1 : X0,X3 : X0,X4 : 'list()'(X0)] : (less(X0,X3,X1) => 'Cons'(X0,X3,filter_less(X0,X1,X4)) = iG5(X0,X1,X3,X4)) [fool $ite elimination 40]
43. ! [X0 : $tType,X1 : X0,X3 : X0,X4 : 'list()'(X0)] : (~less(X0,X3,X1) => filter_less(X0,X1,X4) = iG5(X0,X1,X3,X4)) [fool $ite elimination 40]
44. ! [X0 : $tType,X1 : X0,X3 : X0,X4 : 'list()'(X0),X2 : 'list()'(X0)] : ('Cons'(X0,X3,X4) = X2 => mG4(X0,X1,X3,X4,X2) = iG5(X0,X1,X3,X4)) [fool $match elimination 40]
45. ! [X4 : 'list()'(X0),X3 : X0,X2 : 'list()'(X0),X1 : X0,X0 : $tType] : filter_less(X0,X1,X2) = mG4(X0,X1,X3,X4,X2) [fool elimination 40]
46. ! [X4 : 'list()'(X0),X3 : X0,X2 : 'list()'(X0),X1 : X0,X0 : $tType] : filter_ge(X0,X1,X2) = $match(X2,'Nil'(X0),'Nil'(X0),'Cons'(X0,X3,X4),$ite(~less(X0,X3,X1), 'Cons'(X0,X3,filter_ge(X0,X1,X4)),filter_ge(X0,X1,X4))) [closure 7]
47. ! [X0 : $tType,X1 : X0,X3 : X0,X4 : 'list()'(X0),X2 : 'list()'(X0)] : ('Nil'(X0) = X2 => 'Nil'(X0) = mG6(X0,X1,X3,X4,X2)) [fool $match elimination 46]
48. ! [X0 : $tType,X1 : X0,X3 : X0,X4 : 'list()'(X0)] : (~less(X0,X3,X1) => 'Cons'(X0,X3,filter_ge(X0,X1,X4)) = iG7(X0,X1,X3,X4)) [fool $ite elimination 46]
49. ! [X0 : $tType,X1 : X0,X3 : X0,X4 : 'list()'(X0)] : (~~less(X0,X3,X1) => filter_ge(X0,X1,X4) = iG7(X0,X1,X3,X4)) [fool $ite elimination 46]
50. ! [X0 : $tType,X1 : X0,X3 : X0,X4 : 'list()'(X0),X2 : 'list()'(X0)] : ('Cons'(X0,X3,X4) = X2 => mG6(X0,X1,X3,X4,X2) = iG7(X0,X1,X3,X4)) [fool $match elimination 46]
51. ! [X4 : 'list()'(X0),X3 : X0,X2 : 'list()'(X0),X1 : X0,X0 : $tType] : filter_ge(X0,X1,X2) = mG6(X0,X1,X3,X4,X2) [fool elimination 46]
52. ! [X4 : 'list()'(X0),X3 : X0,X2 : 'list()'(X0),X1 : 'list()'(X0),X0 : $tType] : append(X0,X1,X2) = $match(X1,'Nil'(X0),X2,'Cons'(X0,X3,X4),'Cons'(X0,X3,append(X0,X4,X2))) [closure 8]
53. ! [X0 : $tType,X2 : 'list()'(X0),X4 : 'list()'(X0),X3 : X0,X1 : 'list()'(X0)] : ('Nil'(X0) = X1 => mG8(X0,X2,X4,X3,X1) = X2) [fool $match elimination 52]
54. ! [X0 : $tType,X2 : 'list()'(X0),X4 : 'list()'(X0),X3 : X0,X1 : 'list()'(X0)] : ('Cons'(X0,X3,X4) = X1 => 'Cons'(X0,X3,append(X0,X4,X2)) = mG8(X0,X2,X4,X3,X1)) [fool $match elimination 52]
55. ! [X4 : 'list()'(X0),X3 : X0,X2 : 'list()'(X0),X1 : 'list()'(X0),X0 : $tType] : append(X0,X1,X2) = mG8(X0,X2,X4,X3,X1) [fool elimination 52]
56. ! [X4 : 'list()'(X0),X3 : X0,X2 : 'list()'(X0),X1 : X0,X0 : $tType] : filter_mset(X0,X1,X2) = $match(X2,'Nil'(X0),'Nil'(X0),'Cons'(X0,X3,X4),$ite(X1 = X3, 'Cons'(X0,X3,filter_mset(X0,X1,X4)),filter_mset(X0,X1,X4))) [closure 13]
57. ! [X0 : $tType,X3 : X0,X1 : X0,X4 : 'list()'(X0),X2 : 'list()'(X0)] : ('Nil'(X0) = X2 => 'Nil'(X0) = mG9(X0,X3,X1,X4,X2)) [fool $match elimination 56]
58. ! [X0 : $tType,X3 : X0,X1 : X0,X4 : 'list()'(X0)] : (X1 = X3 => 'Cons'(X0,X3,filter_mset(X0,X1,X4)) = iG10(X0,X3,X1,X4)) [fool $ite elimination 56]
59. ! [X0 : $tType,X3 : X0,X1 : X0,X4 : 'list()'(X0)] : (~X1 = X3 => filter_mset(X0,X1,X4) = iG10(X0,X3,X1,X4)) [fool $ite elimination 56]
60. ! [X0 : $tType,X3 : X0,X1 : X0,X4 : 'list()'(X0),X2 : 'list()'(X0)] : ('Cons'(X0,X3,X4) = X2 => mG9(X0,X3,X1,X4,X2) = iG10(X0,X3,X1,X4)) [fool $match elimination 56]
61. ! [X4 : 'list()'(X0),X3 : X0,X2 : 'list()'(X0),X1 : X0,X0 : $tType] : filter_mset(X0,X1,X2) = mG9(X0,X3,X1,X4,X2) [fool elimination 56]
62. ! [X0 : $tType,X1 : X0,X2 : X0,X3 : 'list()'(X0),X4 : 'list()'(X0)] : ('Cons'(X0,X1,X3) = X4 => mG9(X0,X1,X2,X3,X4) = iG10(X0,X1,X2,X3)) [rectify 60]
63. ! [X0 : $tType,X1 : X0,X2 : X0,X3 : 'list()'(X0)] : (~X1 = X2 => iG10(X0,X1,X2,X3) = filter_mset(X0,X2,X3)) [rectify 59]
64. ! [X0 : $tType,X1 : X0,X2 : X0,X3 : 'list()'(X0)] : (X1 != X2 => iG10(X0,X1,X2,X3) = filter_mset(X0,X2,X3)) [flattening 63]
65. ! [X0 : $tType,X1 : X0,X2 : X0,X3 : 'list()'(X0)] : (X1 = X2 => iG10(X0,X1,X2,X3) = 'Cons'(X0,X1,filter_mset(X0,X2,X3))) [rectify 58]
66. ! [X0 : $tType,X1 : X0,X2 : X0,X3 : 'list()'(X0),X4 : 'list()'(X0)] : ('Nil'(X0) = X4 => 'Nil'(X0) = mG9(X0,X1,X2,X3,X4)) [rectify 57]
67. ! [X0 : $tType,X1 : 'list()'(X0),X2 : 'list()'(X0),X3 : X0,X4 : 'list()'(X0)] : ('Cons'(X0,X3,X2) = X4 => 'Cons'(X0,X3,append(X0,X2,X1)) = mG8(X0,X1,X2,X3,X4)) [rectify 54]
68. ! [X0 : $tType,X1 : 'list()'(X0),X2 : 'list()'(X0),X3 : X0,X4 : 'list()'(X0)] : ('Nil'(X0) = X4 => mG8(X0,X1,X2,X3,X4) = X1) [rectify 53]
69. ! [X0 : $tType,X1 : X0,X2 : X0,X3 : 'list()'(X0),X4 : 'list()'(X0)] : ('Cons'(X0,X2,X3) = X4 => mG6(X0,X1,X2,X3,X4) = iG7(X0,X1,X2,X3)) [rectify 50]
70. ! [X0 : $tType,X1 : X0,X2 : X0,X3 : 'list()'(X0)] : (~~less(X0,X2,X1) => iG7(X0,X1,X2,X3) = filter_ge(X0,X1,X3)) [rectify 49]
71. ! [X0 : $tType,X1 : X0,X2 : X0,X3 : 'list()'(X0)] : (less(X0,X2,X1) => iG7(X0,X1,X2,X3) = filter_ge(X0,X1,X3)) [flattening 70]
72. ! [X0 : $tType,X1 : X0,X2 : X0,X3 : 'list()'(X0)] : (~less(X0,X2,X1) => iG7(X0,X1,X2,X3) = 'Cons'(X0,X2,filter_ge(X0,X1,X3))) [rectify 48]
73. ! [X0 : $tType,X1 : X0,X2 : X0,X3 : 'list()'(X0)] : (~less(X0,X2,X1) => iG7(X0,X1,X2,X3) = 'Cons'(X0,X2,filter_ge(X0,X1,X3))) [flattening 72]
74. ! [X0 : $tType,X1 : X0,X2 : X0,X3 : 'list()'(X0),X4 : 'list()'(X0)] : ('Nil'(X0) = X4 => 'Nil'(X0) = mG6(X0,X1,X2,X3,X4)) [rectify 47]
75. ! [X0 : $tType,X1 : X0,X2 : X0,X3 : 'list()'(X0),X4 : 'list()'(X0)] : ('Cons'(X0,X2,X3) = X4 => mG4(X0,X1,X2,X3,X4) = iG5(X0,X1,X2,X3)) [rectify 44]
76. ! [X0 : $tType,X1 : X0,X2 : X0,X3 : 'list()'(X0)] : (~less(X0,X2,X1) => iG5(X0,X1,X2,X3) = filter_less(X0,X1,X3)) [rectify 43]
77. ! [X0 : $tType,X1 : X0,X2 : X0,X3 : 'list()'(X0)] : (~less(X0,X2,X1) => iG5(X0,X1,X2,X3) = filter_less(X0,X1,X3)) [flattening 76]
78. ! [X0 : $tType,X1 : X0,X2 : X0,X3 : 'list()'(X0)] : (less(X0,X2,X1) => iG5(X0,X1,X2,X3) = 'Cons'(X0,X2,filter_less(X0,X1,X3))) [rectify 42]
79. ! [X0 : $tType,X1 : X0,X2 : X0,X3 : 'list()'(X0),X4 : 'list()'(X0)] : ('Nil'(X0) = X4 => 'Nil'(X0) = mG4(X0,X1,X2,X3,X4)) [rectify 41]
92. ~! [X0 : $tType] : ! [X1 : X0,X2 : X0,X3 : 'list()'(X0)] : filter_mset(X0,X2,X3) = append(X0,filter_mset(X0,X2,filter_less(X0,X1,X3)),filter_mset(X0,X2,filter_ge(X0,X1,X3))) [rectify 15]
93. ~! [X0 : $tType,X1 : X0,X2 : X0,X3 : 'list()'(X0)] : filter_mset(X0,X2,X3) = append(X0,filter_mset(X0,X2,filter_less(X0,X1,X3)),filter_mset(X0,X2,filter_ge(X0,X1,X3))) [flattening 92]
100. ! [X0 : 'list()'(X4),X1 : X4,X2 : 'list()'(X4),X3 : X4,X4 : $tType] : filter_less(X4,X3,X2) = mG4(X4,X3,X1,X0,X2) [rectify 45]
101. ! [X0 : 'list()'(X4),X1 : X4,X2 : 'list()'(X4),X3 : X4,X4 : $tType] : filter_ge(X4,X3,X2) = mG6(X4,X3,X1,X0,X2) [rectify 51]
102. ! [X0 : 'list()'(X4),X1 : X4,X2 : 'list()'(X4),X3 : 'list()'(X4),X4 : $tType] : append(X4,X3,X2) = mG8(X4,X2,X0,X1,X3) [rectify 55]
103. ! [X0 : 'list()'(X4),X1 : X4,X2 : 'list()'(X4),X3 : X4,X4 : $tType] : filter_mset(X4,X3,X2) = mG9(X4,X1,X3,X0,X2) [rectify 61]
111. ! [X0 : $tType,X1 : X0,X2 : X0,X3 : 'list()'(X0),X4 : 'list()'(X0)] : (mG9(X0,X1,X2,X3,X4) = iG10(X0,X1,X2,X3) | 'Cons'(X0,X1,X3) != X4) [ennf transformation 62]
112. ! [X0 : $tType,X1 : X0,X2 : X0,X3 : 'list()'(X0)] : (iG10(X0,X1,X2,X3) = filter_mset(X0,X2,X3) | X1 = X2) [ennf transformation 64]
113. ! [X0 : $tType,X1 : X0,X2 : X0,X3 : 'list()'(X0)] : (iG10(X0,X1,X2,X3) = 'Cons'(X0,X1,filter_mset(X0,X2,X3)) | X1 != X2) [ennf transformation 65]
114. ! [X0 : $tType,X1 : X0,X2 : X0,X3 : 'list()'(X0),X4 : 'list()'(X0)] : ('Nil'(X0) = mG9(X0,X1,X2,X3,X4) | 'Nil'(X0) != X4) [ennf transformation 66]
115. ! [X0 : $tType,X1 : 'list()'(X0),X2 : 'list()'(X0),X3 : X0,X4 : 'list()'(X0)] : ('Cons'(X0,X3,append(X0,X2,X1)) = mG8(X0,X1,X2,X3,X4) | 'Cons'(X0,X3,X2) != X4) [ennf transformation 67]
116. ! [X0 : $tType,X1 : 'list()'(X0),X2 : 'list()'(X0),X3 : X0,X4 : 'list()'(X0)] : (mG8(X0,X1,X2,X3,X4) = X1 | 'Nil'(X0) != X4) [ennf transformation 68]
117. ! [X0 : $tType,X1 : X0,X2 : X0,X3 : 'list()'(X0),X4 : 'list()'(X0)] : (mG6(X0,X1,X2,X3,X4) = iG7(X0,X1,X2,X3) | 'Cons'(X0,X2,X3) != X4) [ennf transformation 69]
118. ! [X0 : $tType,X1 : X0,X2 : X0,X3 : 'list()'(X0)] : (iG7(X0,X1,X2,X3) = filter_ge(X0,X1,X3) | ~less(X0,X2,X1)) [ennf transformation 71]
119. ! [X0 : $tType,X1 : X0,X2 : X0,X3 : 'list()'(X0)] : (iG7(X0,X1,X2,X3) = 'Cons'(X0,X2,filter_ge(X0,X1,X3)) | less(X0,X2,X1)) [ennf transformation 73]
120. ! [X0 : $tType,X1 : X0,X2 : X0,X3 : 'list()'(X0),X4 : 'list()'(X0)] : ('Nil'(X0) = mG6(X0,X1,X2,X3,X4) | 'Nil'(X0) != X4) [ennf transformation 74]
121. ! [X0 : $tType,X1 : X0,X2 : X0,X3 : 'list()'(X0),X4 : 'list()'(X0)] : (mG4(X0,X1,X2,X3,X4) = iG5(X0,X1,X2,X3) | 'Cons'(X0,X2,X3) != X4) [ennf transformation 75]
122. ! [X0 : $tType,X1 : X0,X2 : X0,X3 : 'list()'(X0)] : (iG5(X0,X1,X2,X3) = filter_less(X0,X1,X3) | less(X0,X2,X1)) [ennf transformation 77]
123. ! [X0 : $tType,X1 : X0,X2 : X0,X3 : 'list()'(X0)] : (iG5(X0,X1,X2,X3) = 'Cons'(X0,X2,filter_less(X0,X1,X3)) | ~less(X0,X2,X1)) [ennf transformation 78]
124. ! [X0 : $tType,X1 : X0,X2 : X0,X3 : 'list()'(X0),X4 : 'list()'(X0)] : ('Nil'(X0) = mG4(X0,X1,X2,X3,X4) | 'Nil'(X0) != X4) [ennf transformation 79]
133. ? [X0 : $tType,X1 : X0,X2 : X0,X3 : 'list()'(X0)] : filter_mset(X0,X2,X3) != append(X0,filter_mset(X0,X2,filter_less(X0,X1,X3)),filter_mset(X0,X2,filter_ge(X0,X1,X3))) [ennf transformation 93]
144. ? [X0 : $tType,X1 : X0,X2 : X0,X3 : 'list()'(X0)] : filter_mset(X0,X2,X3) != append(X0,filter_mset(X0,X2,filter_less(X0,X1,X3)),filter_mset(X0,X2,filter_ge(X0,X1,X3))) => filter_mset(sK11,sK13,sK14) != append(sK11,filter_mset(sK11,sK13,filter_less(sK11,sK12,sK14)),filter_mset(sK11,sK13,filter_ge(sK11,sK12,sK14))) [choice axiom]
145. filter_mset(sK11,sK13,sK14) != append(sK11,filter_mset(sK11,sK13,filter_less(sK11,sK12,sK14)),filter_mset(sK11,sK13,filter_ge(sK11,sK12,sK14))) [skolemisation 133,144]
150. mG9(X0,X1,X2,X3,X4) = iG10(X0,X1,X2,X3) | 'Cons'(X0,X1,X3) != X4 [cnf transformation 111]
151. iG10(X0,X1,X2,X3) = filter_mset(X0,X2,X3) | X1 = X2 [cnf transformation 112]
152. iG10(X0,X1,X2,X3) = 'Cons'(X0,X1,filter_mset(X0,X2,X3)) | X1 != X2 [cnf transformation 113]
153. 'Nil'(X0) = mG9(X0,X1,X2,X3,X4) | 'Nil'(X0) != X4 [cnf transformation 114]
154. 'Cons'(X0,X3,append(X0,X2,X1)) = mG8(X0,X1,X2,X3,X4) | 'Cons'(X0,X3,X2) != X4 [cnf transformation 115]
155. mG8(X0,X1,X2,X3,X4) = X1 | 'Nil'(X0) != X4 [cnf transformation 116]
156. mG6(X0,X1,X2,X3,X4) = iG7(X0,X1,X2,X3) | 'Cons'(X0,X2,X3) != X4 [cnf transformation 117]
157. iG7(X0,X1,X2,X3) = filter_ge(X0,X1,X3) | ~less(X0,X2,X1) [cnf transformation 118]
158. iG7(X0,X1,X2,X3) = 'Cons'(X0,X2,filter_ge(X0,X1,X3)) | less(X0,X2,X1) [cnf transformation 119]
159. 'Nil'(X0) = mG6(X0,X1,X2,X3,X4) | 'Nil'(X0) != X4 [cnf transformation 120]
160. mG4(X0,X1,X2,X3,X4) = iG5(X0,X1,X2,X3) | 'Cons'(X0,X2,X3) != X4 [cnf transformation 121]
161. iG5(X0,X1,X2,X3) = filter_less(X0,X1,X3) | less(X0,X2,X1) [cnf transformation 122]
162. iG5(X0,X1,X2,X3) = 'Cons'(X0,X2,filter_less(X0,X1,X3)) | ~less(X0,X2,X1) [cnf transformation 123]
163. 'Nil'(X0) = mG4(X0,X1,X2,X3,X4) | 'Nil'(X0) != X4 [cnf transformation 124]
178. filter_mset(sK11,sK13,sK14) != append(sK11,filter_mset(sK11,sK13,filter_less(sK11,sK12,sK14)),filter_mset(sK11,sK13,filter_ge(sK11,sK12,sK14))) [cnf transformation 145]
188. filter_less(X4,X3,X2) = mG4(X4,X3,X1,X0,X2) [cnf transformation 100]
189. filter_ge(X4,X3,X2) = mG6(X4,X3,X1,X0,X2) [cnf transformation 101]
190. append(X4,X3,X2) = mG8(X4,X2,X0,X1,X3) [cnf transformation 102]
191. filter_mset(X4,X3,X2) = mG9(X4,X1,X3,X0,X2) [cnf transformation 103]
196. iG10(X0,X1,X2,X3) = filter_mset(X0,X2,X4) | 'Cons'(X0,X1,X3) != X4 [definition unfolding 150,191]
197. 'Nil'(X0) = filter_mset(X0,X2,X4) | 'Nil'(X0) != X4 [definition unfolding 153,191]
198. 'Cons'(X0,X3,append(X0,X2,X1)) = append(X0,X4,X1) | 'Cons'(X0,X3,X2) != X4 [definition unfolding 154,190]
199. append(X0,X4,X1) = X1 | 'Nil'(X0) != X4 [definition unfolding 155,190]
200. filter_ge(X0,X1,X4) = iG7(X0,X1,X2,X3) | 'Cons'(X0,X2,X3) != X4 [definition unfolding 156,189]
201. 'Nil'(X0) = filter_ge(X0,X1,X4) | 'Nil'(X0) != X4 [definition unfolding 159,189]
202. filter_less(X0,X1,X4) = iG5(X0,X1,X2,X3) | 'Cons'(X0,X2,X3) != X4 [definition unfolding 160,188]
203. filter_less(X0,X1,X4) = 'Nil'(X0) | 'Nil'(X0) != X4 [definition unfolding 163,188]
206. iG10(X0,X1,X2,X3) = filter_mset(X0,X2,'Cons'(X0,X1,X3)) [equality resolution 196]
207. iG10(X0,X2,X2,X3) = 'Cons'(X0,X2,filter_mset(X0,X2,X3)) [equality resolution 152]
208. 'Nil'(X0) = filter_mset(X0,X2,'Nil'(X0)) [equality resolution 197]
209. 'Cons'(X0,X3,append(X0,X2,X1)) = append(X0,'Cons'(X0,X3,X2),X1) [equality resolution 198]
210. append(X0,'Nil'(X0),X1) = X1 [equality resolution 199]
211. iG7(X0,X1,X2,X3) = filter_ge(X0,X1,'Cons'(X0,X2,X3)) [equality resolution 200]
212. 'Nil'(X0) = filter_ge(X0,X1,'Nil'(X0)) [equality resolution 201]
213. iG5(X0,X1,X2,X3) = filter_less(X0,X1,'Cons'(X0,X2,X3)) [equality resolution 202]
214. 'Nil'(X0) = filter_less(X0,X1,'Nil'(X0)) [equality resolution 203]
229. filter_mset(X0,X2,X3) = filter_mset(X0,X2,'Cons'(X0,X1,X3)) | X1 = X2 [forward demodulation 151,206]
230. ~less(X0,X2,X1) | filter_ge(X0,X1,X3) = filter_ge(X0,X1,'Cons'(X0,X2,X3)) [forward demodulation 157,211]
231. less(X0,X2,X1) | 'Cons'(X0,X2,filter_ge(X0,X1,X3)) = filter_ge(X0,X1,'Cons'(X0,X2,X3)) [forward demodulation 158,211]
232. less(X0,X2,X1) | filter_less(X0,X1,X3) = filter_less(X0,X1,'Cons'(X0,X2,X3)) [forward demodulation 161,213]
233. ~less(X0,X2,X1) | 'Cons'(X0,X2,filter_less(X0,X1,X3)) = filter_less(X0,X1,'Cons'(X0,X2,X3)) [forward demodulation 162,213]
300. 'Cons'(X0,X1,filter_mset(X0,X1,X2)) = filter_mset(X0,X1,'Cons'(X0,X1,X2)) [superposition 207,206]
404. filter_less(X3,X4,X5) = filter_less(X3,X4,'Cons'(X3,X6,X5)) | filter_ge(X3,X4,X7) = filter_ge(X3,X4,'Cons'(X3,X6,X7)) [resolution 232,230]
412. 'Cons'(X3,X4,filter_ge(X3,X5,X6)) = filter_ge(X3,X5,'Cons'(X3,X4,X6)) | filter_ge(X3,X5,X7) = filter_ge(X3,X5,'Cons'(X3,X4,X7)) [resolution 231,230]
421. 'Cons'(X0,X1,filter_less(X0,X2,X3)) = filter_less(X0,X2,'Cons'(X0,X1,X3)) | 'Cons'(X0,X1,filter_ge(X0,X2,X4)) = filter_ge(X0,X2,'Cons'(X0,X1,X4)) [resolution 233,231]
422. 'Cons'(X5,X6,filter_less(X5,X7,X8)) = filter_less(X5,X7,'Cons'(X5,X6,X8)) | filter_less(X5,X7,X9) = filter_less(X5,X7,'Cons'(X5,X6,X9)) [resolution 233,232]
428. ! [X0 : sK11,X1 : 'list()'(sK11)] : (filter_mset(sK11,sK13,'Nil'(sK11)) = append(sK11,filter_mset(sK11,sK13,filter_less(sK11,sK12,'Nil'(sK11))),filter_mset(sK11,sK13,filter_ge(sK11,sK12,'Nil'(sK11)))) & (filter_mset(sK11,sK13,X1) = append(sK11,filter_mset(sK11,sK13,filter_less(sK11,sK12,X1)),filter_mset(sK11,sK13,filter_ge(sK11,sK12,X1))) => filter_mset(sK11,sK13,'Cons'(sK11,X0,X1)) = append(sK11,filter_mset(sK11,sK13,filter_less(sK11,sK12,'Cons'(sK11,X0,X1))),filter_mset(sK11,sK13,filter_ge(sK11,sK12,'Cons'(sK11,X0,X1)))))) => ! [X2 : 'list()'(sK11)] : filter_mset(sK11,sK13,X2) = append(sK11,filter_mset(sK11,sK13,filter_less(sK11,sK12,X2)),filter_mset(sK11,sK13,filter_ge(sK11,sK12,X2))) [structural induction hypothesis (one)]
429. ! [X2 : 'list()'(sK11)] : filter_mset(sK11,sK13,X2) = append(sK11,filter_mset(sK11,sK13,filter_less(sK11,sK12,X2)),filter_mset(sK11,sK13,filter_ge(sK11,sK12,X2))) | ? [X0 : sK11,X1 : 'list()'(sK11)] : (filter_mset(sK11,sK13,'Nil'(sK11)) != append(sK11,filter_mset(sK11,sK13,filter_less(sK11,sK12,'Nil'(sK11))),filter_mset(sK11,sK13,filter_ge(sK11,sK12,'Nil'(sK11)))) | (filter_mset(sK11,sK13,'Cons'(sK11,X0,X1)) != append(sK11,filter_mset(sK11,sK13,filter_less(sK11,sK12,'Cons'(sK11,X0,X1))),filter_mset(sK11,sK13,filter_ge(sK11,sK12,'Cons'(sK11,X0,X1)))) & filter_mset(sK11,sK13,X1) = append(sK11,filter_mset(sK11,sK13,filter_less(sK11,sK12,X1)),filter_mset(sK11,sK13,filter_ge(sK11,sK12,X1))))) [ennf transformation 428]
430. filter_mset(sK11,sK13,sK17) = append(sK11,filter_mset(sK11,sK13,filter_less(sK11,sK12,sK17)),filter_mset(sK11,sK13,filter_ge(sK11,sK12,sK17))) | filter_mset(sK11,sK13,'Nil'(sK11)) != append(sK11,filter_mset(sK11,sK13,filter_less(sK11,sK12,'Nil'(sK11))),filter_mset(sK11,sK13,filter_ge(sK11,sK12,'Nil'(sK11)))) | filter_mset(sK11,sK13,X2) = append(sK11,filter_mset(sK11,sK13,filter_less(sK11,sK12,X2)),filter_mset(sK11,sK13,filter_ge(sK11,sK12,X2))) [cnf transformation 429]
431. filter_mset(sK11,sK13,'Cons'(sK11,sK16,sK17)) != append(sK11,filter_mset(sK11,sK13,filter_less(sK11,sK12,'Cons'(sK11,sK16,sK17))),filter_mset(sK11,sK13,filter_ge(sK11,sK12,'Cons'(sK11,sK16,sK17)))) | filter_mset(sK11,sK13,'Nil'(sK11)) != append(sK11,filter_mset(sK11,sK13,filter_less(sK11,sK12,'Nil'(sK11))),filter_mset(sK11,sK13,filter_ge(sK11,sK12,'Nil'(sK11)))) | filter_mset(sK11,sK13,X2) = append(sK11,filter_mset(sK11,sK13,filter_less(sK11,sK12,X2)),filter_mset(sK11,sK13,filter_ge(sK11,sK12,X2))) [cnf transformation 429]
432. filter_mset(sK11,sK13,'Cons'(sK11,sK16,sK17)) != append(sK11,filter_mset(sK11,sK13,filter_less(sK11,sK12,'Cons'(sK11,sK16,sK17))),filter_mset(sK11,sK13,filter_ge(sK11,sK12,'Cons'(sK11,sK16,sK17)))) | filter_mset(sK11,sK13,'Nil'(sK11)) != append(sK11,filter_mset(sK11,sK13,filter_less(sK11,sK12,'Nil'(sK11))),filter_mset(sK11,sK13,filter_ge(sK11,sK12,'Nil'(sK11)))) [induction hyperresolution 178,431]
433. filter_mset(sK11,sK13,sK17) = append(sK11,filter_mset(sK11,sK13,filter_less(sK11,sK12,sK17)),filter_mset(sK11,sK13,filter_ge(sK11,sK12,sK17))) | filter_mset(sK11,sK13,'Nil'(sK11)) != append(sK11,filter_mset(sK11,sK13,filter_less(sK11,sK12,'Nil'(sK11))),filter_mset(sK11,sK13,filter_ge(sK11,sK12,'Nil'(sK11)))) [induction hyperresolution 178,430]
434. filter_mset(sK11,sK13,'Nil'(sK11)) != append(sK11,filter_mset(sK11,sK13,filter_less(sK11,sK12,'Nil'(sK11))),filter_mset(sK11,sK13,'Nil'(sK11))) | filter_mset(sK11,sK13,sK17) = append(sK11,filter_mset(sK11,sK13,filter_less(sK11,sK12,sK17)),filter_mset(sK11,sK13,filter_ge(sK11,sK12,sK17))) [forward demodulation 433,212]
435. 'Nil'(sK11) != append(sK11,filter_mset(sK11,sK13,filter_less(sK11,sK12,'Nil'(sK11))),'Nil'(sK11)) | filter_mset(sK11,sK13,sK17) = append(sK11,filter_mset(sK11,sK13,filter_less(sK11,sK12,sK17)),filter_mset(sK11,sK13,filter_ge(sK11,sK12,sK17))) [forward demodulation 434,208]
436. 'Nil'(sK11) != append(sK11,filter_mset(sK11,sK13,'Nil'(sK11)),'Nil'(sK11)) | filter_mset(sK11,sK13,sK17) = append(sK11,filter_mset(sK11,sK13,filter_less(sK11,sK12,sK17)),filter_mset(sK11,sK13,filter_ge(sK11,sK12,sK17))) [forward demodulation 435,214]
437. 'Nil'(sK11) != append(sK11,'Nil'(sK11),'Nil'(sK11)) | filter_mset(sK11,sK13,sK17) = append(sK11,filter_mset(sK11,sK13,filter_less(sK11,sK12,sK17)),filter_mset(sK11,sK13,filter_ge(sK11,sK12,sK17))) [forward demodulation 436,208]
438. filter_mset(sK11,sK13,sK17) = append(sK11,filter_mset(sK11,sK13,filter_less(sK11,sK12,sK17)),filter_mset(sK11,sK13,filter_ge(sK11,sK12,sK17))) [subsumption resolution 437,210]
439. filter_mset(sK11,sK13,'Nil'(sK11)) != append(sK11,filter_mset(sK11,sK13,filter_less(sK11,sK12,'Nil'(sK11))),filter_mset(sK11,sK13,'Nil'(sK11))) | filter_mset(sK11,sK13,'Cons'(sK11,sK16,sK17)) != append(sK11,filter_mset(sK11,sK13,filter_less(sK11,sK12,'Cons'(sK11,sK16,sK17))),filter_mset(sK11,sK13,filter_ge(sK11,sK12,'Cons'(sK11,sK16,sK17)))) [forward demodulation 432,212]
440. 'Nil'(sK11) != append(sK11,filter_mset(sK11,sK13,filter_less(sK11,sK12,'Nil'(sK11))),'Nil'(sK11)) | filter_mset(sK11,sK13,'Cons'(sK11,sK16,sK17)) != append(sK11,filter_mset(sK11,sK13,filter_less(sK11,sK12,'Cons'(sK11,sK16,sK17))),filter_mset(sK11,sK13,filter_ge(sK11,sK12,'Cons'(sK11,sK16,sK17)))) [forward demodulation 439,208]
441. 'Nil'(sK11) != append(sK11,filter_mset(sK11,sK13,'Nil'(sK11)),'Nil'(sK11)) | filter_mset(sK11,sK13,'Cons'(sK11,sK16,sK17)) != append(sK11,filter_mset(sK11,sK13,filter_less(sK11,sK12,'Cons'(sK11,sK16,sK17))),filter_mset(sK11,sK13,filter_ge(sK11,sK12,'Cons'(sK11,sK16,sK17)))) [forward demodulation 440,214]
442. 'Nil'(sK11) != append(sK11,'Nil'(sK11),'Nil'(sK11)) | filter_mset(sK11,sK13,'Cons'(sK11,sK16,sK17)) != append(sK11,filter_mset(sK11,sK13,filter_less(sK11,sK12,'Cons'(sK11,sK16,sK17))),filter_mset(sK11,sK13,filter_ge(sK11,sK12,'Cons'(sK11,sK16,sK17)))) [forward demodulation 441,208]
443. filter_mset(sK11,sK13,'Cons'(sK11,sK16,sK17)) != append(sK11,filter_mset(sK11,sK13,filter_less(sK11,sK12,'Cons'(sK11,sK16,sK17))),filter_mset(sK11,sK13,filter_ge(sK11,sK12,'Cons'(sK11,sK16,sK17)))) [subsumption resolution 442,210]
751. 1 <=> 'Nil'(sK11) = filter_mset(sK11,sK13,filter_less(sK11,sK12,sK17)) [avatar definition]
752. 'Nil'(sK11) != filter_mset(sK11,sK13,filter_less(sK11,sK12,sK17)) <- (~1) [avatar component clause 751]
753. 'Nil'(sK11) = filter_mset(sK11,sK13,filter_less(sK11,sK12,sK17)) <- (1) [avatar component clause 751]
914. filter_mset(sK11,sK13,'Cons'(sK11,sK16,sK17)) != append(sK11,filter_mset(sK11,sK13,filter_less(sK11,sK12,sK17)),filter_mset(sK11,sK13,filter_ge(sK11,sK12,'Cons'(sK11,sK16,sK17)))) | 'Cons'(sK11,sK16,filter_less(sK11,sK12,X0)) = filter_less(sK11,sK12,'Cons'(sK11,sK16,X0)) [superposition 443,422]
916. filter_mset(sK11,sK13,'Cons'(sK11,sK16,sK17)) != append(sK11,filter_mset(sK11,sK13,filter_less(sK11,sK12,sK17)),filter_mset(sK11,sK13,filter_ge(sK11,sK12,'Cons'(sK11,sK16,sK17)))) | filter_ge(sK11,sK12,X2) = filter_ge(sK11,sK12,'Cons'(sK11,sK16,X2)) [superposition 443,404]
917. filter_mset(sK11,sK13,'Cons'(sK11,sK16,sK17)) != append(sK11,filter_mset(sK11,sK13,filter_less(sK11,sK12,'Cons'(sK11,sK16,sK17))),filter_mset(sK11,sK13,filter_ge(sK11,sK12,sK17))) | 'Cons'(sK11,sK16,filter_ge(sK11,sK12,X0)) = filter_ge(sK11,sK12,'Cons'(sK11,sK16,X0)) [superposition 443,412]
919. filter_mset(sK11,sK13,'Cons'(sK11,sK16,sK17)) != append(sK11,filter_mset(sK11,sK13,filter_less(sK11,sK12,'Cons'(sK11,sK16,sK17))),filter_mset(sK11,sK13,filter_ge(sK11,sK12,sK17))) | filter_less(sK11,sK12,X2) = filter_less(sK11,sK12,'Cons'(sK11,sK16,X2)) [superposition 443,404]
927. 3 <=> ! [X0 : 'list()'(sK11)] : 'Cons'(sK11,sK16,filter_less(sK11,sK12,X0)) = filter_less(sK11,sK12,'Cons'(sK11,sK16,X0)) [avatar definition]
928. 'Cons'(sK11,sK16,filter_less(sK11,sK12,X0)) = filter_less(sK11,sK12,'Cons'(sK11,sK16,X0)) <- (3) [avatar component clause 927]
930. 4 <=> filter_mset(sK11,sK13,'Cons'(sK11,sK16,sK17)) = append(sK11,filter_mset(sK11,sK13,filter_less(sK11,sK12,sK17)),filter_mset(sK11,sK13,filter_ge(sK11,sK12,'Cons'(sK11,sK16,sK17)))) [avatar definition]
932. filter_mset(sK11,sK13,'Cons'(sK11,sK16,sK17)) != append(sK11,filter_mset(sK11,sK13,filter_less(sK11,sK12,sK17)),filter_mset(sK11,sK13,filter_ge(sK11,sK12,'Cons'(sK11,sK16,sK17)))) <- (~4) [avatar component clause 930]
933. 3 | ~4 [avatar split clause 914,930,927]
935. 5 <=> ! [X1 : 'list()'(sK11)] : filter_less(sK11,sK12,X1) = filter_less(sK11,sK12,'Cons'(sK11,sK16,X1)) [avatar definition]
936. filter_less(sK11,sK12,X1) = filter_less(sK11,sK12,'Cons'(sK11,sK16,X1)) <- (5) [avatar component clause 935]
938. 6 <=> filter_mset(sK11,sK13,'Cons'(sK11,sK16,sK17)) = append(sK11,filter_mset(sK11,sK13,'Cons'(sK11,sK16,filter_less(sK11,sK12,sK17))),filter_mset(sK11,sK13,filter_ge(sK11,sK12,'Cons'(sK11,sK16,sK17)))) [avatar definition]
940. filter_mset(sK11,sK13,'Cons'(sK11,sK16,sK17)) != append(sK11,filter_mset(sK11,sK13,'Cons'(sK11,sK16,filter_less(sK11,sK12,sK17))),filter_mset(sK11,sK13,filter_ge(sK11,sK12,'Cons'(sK11,sK16,sK17)))) <- (~6) [avatar component clause 938]
943. 7 <=> ! [X2 : 'list()'(sK11)] : filter_ge(sK11,sK12,X2) = filter_ge(sK11,sK12,'Cons'(sK11,sK16,X2)) [avatar definition]
944. filter_ge(sK11,sK12,X2) = filter_ge(sK11,sK12,'Cons'(sK11,sK16,X2)) <- (7) [avatar component clause 943]
945. 7 | ~4 [avatar split clause 916,930,943]
947. 8 <=> ! [X0 : 'list()'(sK11)] : 'Cons'(sK11,sK16,filter_ge(sK11,sK12,X0)) = filter_ge(sK11,sK12,'Cons'(sK11,sK16,X0)) [avatar definition]
948. 'Cons'(sK11,sK16,filter_ge(sK11,sK12,X0)) = filter_ge(sK11,sK12,'Cons'(sK11,sK16,X0)) <- (8) [avatar component clause 947]
950. 9 <=> filter_mset(sK11,sK13,'Cons'(sK11,sK16,sK17)) = append(sK11,filter_mset(sK11,sK13,filter_less(sK11,sK12,'Cons'(sK11,sK16,sK17))),filter_mset(sK11,sK13,filter_ge(sK11,sK12,sK17))) [avatar definition]
951. filter_mset(sK11,sK13,'Cons'(sK11,sK16,sK17)) = append(sK11,filter_mset(sK11,sK13,filter_less(sK11,sK12,'Cons'(sK11,sK16,sK17))),filter_mset(sK11,sK13,filter_ge(sK11,sK12,sK17))) <- (9) [avatar component clause 950]
952. filter_mset(sK11,sK13,'Cons'(sK11,sK16,sK17)) != append(sK11,filter_mset(sK11,sK13,filter_less(sK11,sK12,'Cons'(sK11,sK16,sK17))),filter_mset(sK11,sK13,filter_ge(sK11,sK12,sK17))) <- (~9) [avatar component clause 950]
953. 8 | ~9 [avatar split clause 917,950,947]
959. 5 | ~9 [avatar split clause 919,950,935]
1000. filter_mset(sK11,sK13,'Cons'(sK11,sK16,sK17)) != append(sK11,filter_mset(sK11,sK13,'Cons'(sK11,sK16,filter_less(sK11,sK12,sK17))),filter_mset(sK11,sK13,filter_ge(sK11,sK12,'Cons'(sK11,sK16,sK17)))) | 'Cons'(sK11,sK16,filter_ge(sK11,sK12,X25)) = filter_ge(sK11,sK12,'Cons'(sK11,sK16,X25)) [superposition 443,421]
1099. filter_mset(sK11,sK13,'Cons'(sK11,sK16,sK17)) != append(sK11,'Nil'(sK11),filter_mset(sK11,sK13,filter_ge(sK11,sK12,'Cons'(sK11,sK16,sK17)))) <- (1, ~4) [backward demodulation 932,753]
1100. filter_mset(sK11,sK13,sK17) = append(sK11,'Nil'(sK11),filter_mset(sK11,sK13,filter_ge(sK11,sK12,sK17))) <- (1) [backward demodulation 438,753]
1101. filter_mset(sK11,sK13,'Cons'(sK11,sK16,sK17)) != filter_mset(sK11,sK13,filter_ge(sK11,sK12,'Cons'(sK11,sK16,sK17))) <- (1, ~4) [forward demodulation 1099,210]
1102. filter_mset(sK11,sK13,sK17) = filter_mset(sK11,sK13,filter_ge(sK11,sK12,sK17)) <- (1) [forward demodulation 1100,210]
1126. filter_mset(sK11,sK13,'Cons'(sK11,sK16,sK17)) != filter_mset(sK11,sK13,'Cons'(sK11,sK16,filter_ge(sK11,sK12,sK17))) | filter_ge(sK11,sK12,X2) = filter_ge(sK11,sK12,'Cons'(sK11,sK16,X2)) <- (1, ~4) [superposition 1101,412]
1135. 16 <=> filter_mset(sK11,sK13,'Cons'(sK11,sK16,sK17)) = filter_mset(sK11,sK13,'Cons'(sK11,sK16,filter_ge(sK11,sK12,sK17))) [avatar definition]
1136. filter_mset(sK11,sK13,'Cons'(sK11,sK16,sK17)) = filter_mset(sK11,sK13,'Cons'(sK11,sK16,filter_ge(sK11,sK12,sK17))) <- (16) [avatar component clause 1135]
1137. filter_mset(sK11,sK13,'Cons'(sK11,sK16,sK17)) != filter_mset(sK11,sK13,'Cons'(sK11,sK16,filter_ge(sK11,sK12,sK17))) <- (~16) [avatar component clause 1135]
1141. 17 <=> filter_mset(sK11,sK13,sK17) = filter_mset(sK11,sK13,'Cons'(sK11,sK16,sK17)) [avatar definition]
1142. filter_mset(sK11,sK13,sK17) = filter_mset(sK11,sK13,'Cons'(sK11,sK16,sK17)) <- (17) [avatar component clause 1141]
1143. filter_mset(sK11,sK13,sK17) != filter_mset(sK11,sK13,'Cons'(sK11,sK16,sK17)) <- (~17) [avatar component clause 1141]
1145. 7 | ~16 | ~1 | 4 [avatar split clause 1126,930,751,1135,943]
1149. 18 <=> filter_mset(sK11,sK13,'Cons'(sK11,sK16,'Nil'(sK11))) = filter_mset(sK11,sK13,filter_ge(sK11,sK12,'Cons'(sK11,sK16,'Nil'(sK11)))) [avatar definition]
1150. filter_mset(sK11,sK13,'Cons'(sK11,sK16,'Nil'(sK11))) = filter_mset(sK11,sK13,filter_ge(sK11,sK12,'Cons'(sK11,sK16,'Nil'(sK11)))) <- (18) [avatar component clause 1149]
1151. filter_mset(sK11,sK13,'Cons'(sK11,sK16,'Nil'(sK11))) != filter_mset(sK11,sK13,filter_ge(sK11,sK12,'Cons'(sK11,sK16,'Nil'(sK11)))) <- (~18) [avatar component clause 1149]
1162. filter_mset(sK11,sK13,sK17) != filter_mset(sK11,sK13,sK17) | sK13 = sK16 <- (~17) [superposition 1143,229]
1169. sK13 = sK16 <- (~17) [trivial inequality removal 1162]
1176. filter_mset(sK11,sK13,'Cons'(sK11,sK13,sK17)) != filter_mset(sK11,sK13,'Cons'(sK11,sK13,filter_ge(sK11,sK12,sK17))) <- (~16, ~17) [backward demodulation 1137,1169]
1194. filter_mset(sK11,sK13,'Cons'(sK11,sK13,sK17)) != 'Cons'(sK11,sK13,filter_mset(sK11,sK13,filter_ge(sK11,sK12,sK17))) <- (~16, ~17) [forward demodulation 1176,300]
1195. filter_mset(sK11,sK13,'Cons'(sK11,sK13,sK17)) != 'Cons'(sK11,sK13,filter_mset(sK11,sK13,sK17)) <- (1, ~16, ~17) [forward demodulation 1194,1102]
1196. $false <- (1, ~16, ~17) [subsumption resolution 1195,300]
1197. ~1 | 16 | 17 [avatar contradiction clause 1196]
1218. filter_mset(sK11,sK13,'Cons'(sK11,sK13,sK17)) != append(sK11,filter_mset(sK11,sK13,filter_less(sK11,sK12,'Cons'(sK11,sK13,sK17))),filter_mset(sK11,sK13,filter_ge(sK11,sK12,sK17))) <- (~9, ~17) [forward demodulation 952,1169]
1219. 'Cons'(sK11,sK13,filter_mset(sK11,sK13,sK17)) != append(sK11,filter_mset(sK11,sK13,filter_less(sK11,sK12,'Cons'(sK11,sK13,sK17))),filter_mset(sK11,sK13,filter_ge(sK11,sK12,sK17))) <- (~9, ~17) [forward demodulation 1218,300]
1261. ! [X0 : sK11,X1 : 'list()'(sK11)] : ('Nil'(sK11) = filter_mset(sK11,sK13,filter_less(sK11,sK12,'Nil'(sK11))) & ('Nil'(sK11) = filter_mset(sK11,sK13,filter_less(sK11,sK12,X1)) => 'Nil'(sK11) = filter_mset(sK11,sK13,filter_less(sK11,sK12,'Cons'(sK11,X0,X1))))) => ! [X2 : 'list()'(sK11)] : 'Nil'(sK11) = filter_mset(sK11,sK13,filter_less(sK11,sK12,X2)) [structural induction hypothesis (one)]
1262. ! [X2 : 'list()'(sK11)] : 'Nil'(sK11) = filter_mset(sK11,sK13,filter_less(sK11,sK12,X2)) | ? [X0 : sK11,X1 : 'list()'(sK11)] : ('Nil'(sK11) != filter_mset(sK11,sK13,filter_less(sK11,sK12,'Nil'(sK11))) | ('Nil'(sK11) != filter_mset(sK11,sK13,filter_less(sK11,sK12,'Cons'(sK11,X0,X1))) & 'Nil'(sK11) = filter_mset(sK11,sK13,filter_less(sK11,sK12,X1)))) [ennf transformation 1261]
1263. 'Nil'(sK11) = filter_mset(sK11,sK13,filter_less(sK11,sK12,sK31)) | 'Nil'(sK11) != filter_mset(sK11,sK13,filter_less(sK11,sK12,'Nil'(sK11))) | 'Nil'(sK11) = filter_mset(sK11,sK13,filter_less(sK11,sK12,X2)) [cnf transformation 1262]
1264. 'Nil'(sK11) != filter_mset(sK11,sK13,filter_less(sK11,sK12,'Cons'(sK11,sK30,sK31))) | 'Nil'(sK11) != filter_mset(sK11,sK13,filter_less(sK11,sK12,'Nil'(sK11))) | 'Nil'(sK11) = filter_mset(sK11,sK13,filter_less(sK11,sK12,X2)) [cnf transformation 1262]
1265. 'Nil'(sK11) != filter_mset(sK11,sK13,filter_less(sK11,sK12,'Cons'(sK11,sK30,sK31))) | 'Nil'(sK11) != filter_mset(sK11,sK13,filter_less(sK11,sK12,'Nil'(sK11))) <- (~1) [induction hyperresolution 752,1264]
1266. 'Nil'(sK11) = filter_mset(sK11,sK13,filter_less(sK11,sK12,sK31)) | 'Nil'(sK11) != filter_mset(sK11,sK13,filter_less(sK11,sK12,'Nil'(sK11))) <- (~1) [induction hyperresolution 752,1263]
1267. 'Nil'(sK11) != filter_mset(sK11,sK13,'Nil'(sK11)) | 'Nil'(sK11) = filter_mset(sK11,sK13,filter_less(sK11,sK12,sK31)) <- (~1) [forward demodulation 1266,214]
1268. 'Nil'(sK11) = filter_mset(sK11,sK13,filter_less(sK11,sK12,sK31)) <- (~1) [subsumption resolution 1267,208]
1269. 'Nil'(sK11) != filter_mset(sK11,sK13,'Nil'(sK11)) | 'Nil'(sK11) != filter_mset(sK11,sK13,filter_less(sK11,sK12,'Cons'(sK11,sK30,sK31))) <- (~1) [forward demodulation 1265,214]
1270. 'Nil'(sK11) != filter_mset(sK11,sK13,filter_less(sK11,sK12,'Cons'(sK11,sK30,sK31))) <- (~1) [subsumption resolution 1269,208]
1322. 'Nil'(sK11) != filter_mset(sK11,sK13,filter_less(sK11,sK12,sK31)) | 'Cons'(sK11,sK30,filter_less(sK11,sK12,X1)) = filter_less(sK11,sK12,'Cons'(sK11,sK30,X1)) <- (~1) [superposition 1270,422]
1324. 'Nil'(sK11) != filter_mset(sK11,sK13,filter_less(sK11,sK12,sK31)) | filter_ge(sK11,sK12,X3) = filter_ge(sK11,sK12,'Cons'(sK11,sK30,X3)) <- (~1) [superposition 1270,404]
1335. 25 <=> 'Nil'(sK11) = filter_mset(sK11,sK13,'Cons'(sK11,sK30,filter_less(sK11,sK12,sK31))) [avatar definition]
1337. 'Nil'(sK11) != filter_mset(sK11,sK13,'Cons'(sK11,sK30,filter_less(sK11,sK12,sK31))) <- (~25) [avatar component clause 1335]
1339. 'Cons'(sK11,sK30,filter_less(sK11,sK12,X1)) = filter_less(sK11,sK12,'Cons'(sK11,sK30,X1)) <- (~1) [subsumption resolution 1322,1268]
1340. 'Nil'(sK11) != filter_mset(sK11,sK13,'Cons'(sK11,sK30,filter_less(sK11,sK12,sK31))) <- (~1) [backward demodulation 1270,1339]
1341. ~25 | 1 [avatar split clause 1340,751,1335]
1347. filter_ge(sK11,sK12,X3) = filter_ge(sK11,sK12,'Cons'(sK11,sK30,X3)) <- (~1) [subsumption resolution 1324,1268]
1356. 28 <=> 'Nil'(sK11) = filter_mset(sK11,sK13,'Cons'(sK11,sK30,'Nil'(sK11))) [avatar definition]
1357. 'Nil'(sK11) = filter_mset(sK11,sK13,'Cons'(sK11,sK30,'Nil'(sK11))) <- (28) [avatar component clause 1356]
1358. 'Nil'(sK11) != filter_mset(sK11,sK13,'Cons'(sK11,sK30,'Nil'(sK11))) <- (~28) [avatar component clause 1356]
1369. 'Nil'(sK11) != filter_mset(sK11,sK13,'Nil'(sK11)) | sK13 = sK30 <- (~28) [superposition 1358,229]
1370. sK13 = sK30 <- (~28) [subsumption resolution 1369,208]
1373. filter_ge(sK11,sK12,X3) = filter_ge(sK11,sK12,'Cons'(sK11,sK13,X3)) <- (~1, ~28) [backward demodulation 1347,1370]
1374. 'Cons'(sK11,sK13,filter_less(sK11,sK12,X1)) = filter_less(sK11,sK12,'Cons'(sK11,sK13,X1)) <- (~1, ~28) [backward demodulation 1339,1370]
1389. 'Cons'(sK11,sK13,filter_mset(sK11,sK13,sK17)) != append(sK11,filter_mset(sK11,sK13,'Cons'(sK11,sK13,filter_less(sK11,sK12,sK17))),filter_mset(sK11,sK13,filter_ge(sK11,sK12,sK17))) <- (~1, ~9, ~17, ~28) [backward demodulation 1219,1374]
1392. 'Cons'(sK11,sK13,filter_mset(sK11,sK13,sK17)) != append(sK11,'Cons'(sK11,sK13,filter_mset(sK11,sK13,filter_less(sK11,sK12,sK17))),filter_mset(sK11,sK13,filter_ge(sK11,sK12,sK17))) <- (~1, ~9, ~17, ~28) [forward demodulation 1389,300]
1393. 'Cons'(sK11,sK13,filter_mset(sK11,sK13,sK17)) != 'Cons'(sK11,sK13,append(sK11,filter_mset(sK11,sK13,filter_less(sK11,sK12,sK17)),filter_mset(sK11,sK13,filter_ge(sK11,sK12,sK17)))) <- (~1, ~9, ~17, ~28) [forward demodulation 1392,209]
1394. sK13 != sK13 | filter_mset(sK11,sK13,sK17) != append(sK11,filter_mset(sK11,sK13,filter_less(sK11,sK12,sK17)),filter_mset(sK11,sK13,filter_ge(sK11,sK12,sK17))) <- (~1, ~9, ~17, ~28) [term algebras injectivity 1393]
1395. filter_mset(sK11,sK13,sK17) != append(sK11,filter_mset(sK11,sK13,filter_less(sK11,sK12,sK17)),filter_mset(sK11,sK13,filter_ge(sK11,sK12,sK17))) <- (~1, ~9, ~17, ~28) [trivial inequality removal 1394]
1396. $false <- (~1, ~9, ~17, ~28) [subsumption resolution 1395,438]
1397. 1 | 9 | 17 | 28 [avatar contradiction clause 1396]
1416. filter_mset(sK11,sK13,sK17) != append(sK11,filter_mset(sK11,sK13,filter_less(sK11,sK12,'Cons'(sK11,sK16,sK17))),filter_mset(sK11,sK13,filter_ge(sK11,sK12,sK17))) <- (~9, 17) [backward demodulation 952,1142]
1417. filter_mset(sK11,sK13,sK17) != append(sK11,filter_mset(sK11,sK13,filter_less(sK11,sK12,sK17)),filter_mset(sK11,sK13,filter_ge(sK11,sK12,'Cons'(sK11,sK16,sK17)))) <- (~4, 17) [backward demodulation 932,1142]
1439. 31 <=> 'Nil'(sK11) = append(sK11,filter_mset(sK11,sK13,filter_less(sK11,sK12,'Cons'(sK11,sK16,'Nil'(sK11)))),filter_mset(sK11,sK13,filter_ge(sK11,sK12,'Cons'(sK11,sK16,'Nil'(sK11))))) [avatar definition]
1440. 'Nil'(sK11) = append(sK11,filter_mset(sK11,sK13,filter_less(sK11,sK12,'Cons'(sK11,sK16,'Nil'(sK11)))),filter_mset(sK11,sK13,filter_ge(sK11,sK12,'Cons'(sK11,sK16,'Nil'(sK11))))) <- (31) [avatar component clause 1439]
1441. 'Nil'(sK11) != append(sK11,filter_mset(sK11,sK13,filter_less(sK11,sK12,'Cons'(sK11,sK16,'Nil'(sK11)))),filter_mset(sK11,sK13,filter_ge(sK11,sK12,'Cons'(sK11,sK16,'Nil'(sK11))))) <- (~31) [avatar component clause 1439]
1705. filter_mset(sK11,sK13,sK17) != append(sK11,filter_mset(sK11,sK13,'Cons'(sK11,sK16,filter_less(sK11,sK12,sK17))),filter_mset(sK11,sK13,filter_ge(sK11,sK12,sK17))) | 'Cons'(sK11,sK16,filter_ge(sK11,sK12,X0)) = filter_ge(sK11,sK12,'Cons'(sK11,sK16,X0)) <- (~9, 17) [superposition 1416,421]
1707. filter_mset(sK11,sK13,sK17) != append(sK11,filter_mset(sK11,sK13,'Cons'(sK11,sK16,filter_less(sK11,sK12,sK17))),filter_mset(sK11,sK13,filter_ge(sK11,sK12,sK17))) | filter_less(sK11,sK12,X2) = filter_less(sK11,sK12,'Cons'(sK11,sK16,X2)) <- (~9, 17) [superposition 1416,422]
1708. filter_mset(sK11,sK13,sK17) != append(sK11,filter_mset(sK11,sK13,filter_less(sK11,sK12,sK17)),filter_mset(sK11,sK13,filter_ge(sK11,sK12,sK17))) | filter_ge(sK11,sK12,X3) = filter_ge(sK11,sK12,'Cons'(sK11,sK16,X3)) <- (~9, 17) [superposition 1416,404]
1716. 42 <=> filter_mset(sK11,sK13,sK17) = append(sK11,filter_mset(sK11,sK13,'Cons'(sK11,sK16,filter_less(sK11,sK12,sK17))),filter_mset(sK11,sK13,filter_ge(sK11,sK12,sK17))) [avatar definition]
1718. filter_mset(sK11,sK13,sK17) != append(sK11,filter_mset(sK11,sK13,'Cons'(sK11,sK16,filter_less(sK11,sK12,sK17))),filter_mset(sK11,sK13,filter_ge(sK11,sK12,sK17))) <- (~42) [avatar component clause 1716]
1719. 8 | ~42 | 9 | ~17 [avatar split clause 1705,1141,950,1716,947]
1722. 5 | ~42 | 9 | ~17 [avatar split clause 1707,1141,950,1716,935]
1723. filter_ge(sK11,sK12,X3) = filter_ge(sK11,sK12,'Cons'(sK11,sK16,X3)) <- (~9, 17) [subsumption resolution 1708,438]
1724. 7 | 9 | ~17 [avatar split clause 1723,1141,950,943]
1744. 46 <=> filter_mset(sK11,sK13,sK17) = append(sK11,filter_mset(sK11,sK13,filter_less(sK11,sK12,'Cons'(sK11,sK16,sK17))),filter_mset(sK11,sK13,filter_ge(sK11,sK12,sK17))) [avatar definition]
1745. filter_mset(sK11,sK13,sK17) = append(sK11,filter_mset(sK11,sK13,filter_less(sK11,sK12,'Cons'(sK11,sK16,sK17))),filter_mset(sK11,sK13,filter_ge(sK11,sK12,sK17))) <- (46) [avatar component clause 1744]
1746. filter_mset(sK11,sK13,sK17) != append(sK11,filter_mset(sK11,sK13,filter_less(sK11,sK12,'Cons'(sK11,sK16,sK17))),filter_mset(sK11,sK13,filter_ge(sK11,sK12,sK17))) <- (~46) [avatar component clause 1744]
1753. filter_mset(sK11,sK13,'Cons'(sK11,sK16,'Nil'(sK11))) != filter_mset(sK11,sK13,'Cons'(sK11,sK16,filter_ge(sK11,sK12,'Nil'(sK11)))) <- (8, ~18) [backward demodulation 1151,948]
1754. filter_mset(sK11,sK13,sK17) != append(sK11,filter_mset(sK11,sK13,filter_less(sK11,sK12,sK17)),filter_mset(sK11,sK13,'Cons'(sK11,sK16,filter_ge(sK11,sK12,sK17)))) <- (~4, 8, 17) [backward demodulation 1417,948]
1759. filter_mset(sK11,sK13,'Cons'(sK11,sK16,'Nil'(sK11))) != filter_mset(sK11,sK13,'Cons'(sK11,sK16,'Nil'(sK11))) <- (8, ~18) [forward demodulation 1753,212]
1760. $false <- (8, ~18) [trivial inequality removal 1759]
1761. ~8 | 18 [avatar contradiction clause 1760]
1807. 'Nil'(sK11) = append(sK11,filter_mset(sK11,sK13,filter_less(sK11,sK12,'Cons'(sK11,sK16,'Nil'(sK11)))),filter_mset(sK11,sK13,'Cons'(sK11,sK16,filter_ge(sK11,sK12,'Nil'(sK11))))) <- (8, 31) [forward demodulation 1440,948]
1808. 'Nil'(sK11) = append(sK11,filter_mset(sK11,sK13,filter_less(sK11,sK12,'Cons'(sK11,sK16,'Nil'(sK11)))),filter_mset(sK11,sK13,'Cons'(sK11,sK16,'Nil'(sK11)))) <- (8, 31) [forward demodulation 1807,212]
1809. 'Nil'(sK11) = append(sK11,filter_mset(sK11,sK13,filter_less(sK11,sK12,'Nil'(sK11))),filter_mset(sK11,sK13,'Cons'(sK11,sK16,'Nil'(sK11)))) <- (5, 8, 31) [forward demodulation 1808,936]
1810. 'Nil'(sK11) = append(sK11,filter_mset(sK11,sK13,'Nil'(sK11)),filter_mset(sK11,sK13,'Cons'(sK11,sK16,'Nil'(sK11)))) <- (5, 8, 31) [forward demodulation 1809,214]
1811. 'Nil'(sK11) = append(sK11,'Nil'(sK11),filter_mset(sK11,sK13,'Cons'(sK11,sK16,'Nil'(sK11)))) <- (5, 8, 31) [forward demodulation 1810,208]
1812. 'Nil'(sK11) = filter_mset(sK11,sK13,'Cons'(sK11,sK16,'Nil'(sK11))) <- (5, 8, 31) [forward demodulation 1811,210]
1829. filter_mset(sK11,sK13,sK17) != append(sK11,filter_mset(sK11,sK13,filter_less(sK11,sK12,sK17)),filter_mset(sK11,sK13,filter_ge(sK11,sK12,sK17))) | sK13 = sK16 <- (~4, 8, 17) [superposition 1754,229]
1836. sK13 = sK16 <- (~4, 8, 17) [subsumption resolution 1829,438]
1838. 'Cons'(sK11,sK13,filter_ge(sK11,sK12,X0)) = filter_ge(sK11,sK12,'Cons'(sK11,sK13,X0)) <- (~4, 8, 17) [backward demodulation 948,1836]
1840. filter_mset(sK11,sK13,sK17) != append(sK11,filter_mset(sK11,sK13,filter_less(sK11,sK12,sK17)),filter_mset(sK11,sK13,'Cons'(sK11,sK13,filter_ge(sK11,sK12,sK17)))) <- (~4, 8, 17) [backward demodulation 1754,1836]
1845. 'Nil'(sK11) = filter_mset(sK11,sK13,'Cons'(sK11,sK13,'Nil'(sK11))) <- (~4, 5, 8, 17, 31) [backward demodulation 1812,1836]
1849. filter_ge(sK11,sK12,X0) = 'Cons'(sK11,sK13,filter_ge(sK11,sK12,X0)) <- (~1, ~4, 8, 17, ~28) [forward demodulation 1838,1373]
1851. filter_mset(sK11,sK13,sK17) != append(sK11,filter_mset(sK11,sK13,filter_less(sK11,sK12,sK17)),'Cons'(sK11,sK13,filter_mset(sK11,sK13,filter_ge(sK11,sK12,sK17)))) <- (~4, 8, 17) [forward demodulation 1840,300]
1860. 'Nil'(sK11) = 'Cons'(sK11,sK13,filter_mset(sK11,sK13,'Nil'(sK11))) <- (~4, 5, 8, 17, 31) [forward demodulation 1845,300]
1861. $false <- (~4, 5, 8, 17, 31) [term algebras distinctness 1860]
1862. 4 | ~5 | ~8 | ~17 | ~31 [avatar contradiction clause 1861]
1929. filter_mset(sK11,sK13,filter_ge(sK11,sK12,X44)) = 'Cons'(sK11,sK13,filter_mset(sK11,sK13,filter_ge(sK11,sK12,X44))) <- (~1, ~4, 8, 17, ~28) [superposition 300,1849]
1947. filter_mset(sK11,sK13,sK17) != append(sK11,filter_mset(sK11,sK13,filter_less(sK11,sK12,sK17)),filter_mset(sK11,sK13,filter_ge(sK11,sK12,sK17))) <- (~1, ~4, 8, 17, ~28) [backward demodulation 1851,1929]
1953. $false <- (~1, ~4, 8, 17, ~28) [subsumption resolution 1947,438]
1954. 1 | 4 | ~8 | ~17 | 28 [avatar contradiction clause 1953]
1955. 8 | ~6 [avatar split clause 1000,938,947]
1964. append(sK11,filter_mset(sK11,sK13,filter_less(sK11,sK12,sK17)),filter_mset(sK11,sK13,filter_ge(sK11,sK12,sK17))) = filter_mset(sK11,sK13,'Cons'(sK11,sK16,sK17)) <- (5, 9) [forward demodulation 951,936]
1965. filter_mset(sK11,sK13,sK17) = filter_mset(sK11,sK13,'Cons'(sK11,sK16,sK17)) <- (5, 9) [forward demodulation 1964,438]
1966. 17 | ~5 | ~9 [avatar split clause 1965,950,935,1141]
2834. 91 <=> sK13 = sK16 [avatar definition]
2835. sK13 != sK16 <- (~91) [avatar component clause 2834]
2836. sK13 = sK16 <- (91) [avatar component clause 2834]
4416. 'Nil'(sK11) != filter_mset(sK11,sK13,filter_less(sK11,sK12,sK31)) | sK13 = sK30 <- (~25) [superposition 1337,229]
4423. sK13 = sK30 <- (~1, ~25) [subsumption resolution 4416,1268]
4428. 'Nil'(sK11) = filter_mset(sK11,sK13,'Cons'(sK11,sK13,'Nil'(sK11))) <- (~1, ~25, 28) [backward demodulation 1357,4423]
4443. 'Nil'(sK11) = 'Cons'(sK11,sK13,filter_mset(sK11,sK13,'Nil'(sK11))) <- (~1, ~25, 28) [forward demodulation 4428,300]
4444. $false <- (~1, ~25, 28) [term algebras distinctness 4443]
4445. 1 | 25 | ~28 [avatar contradiction clause 4444]
4539. filter_mset(sK11,sK13,sK17) = append(sK11,'Nil'(sK11),filter_mset(sK11,sK13,filter_ge(sK11,sK12,sK17))) <- (1) [backward demodulation 438,753]
4546. filter_mset(sK11,sK13,sK17) = filter_mset(sK11,sK13,filter_ge(sK11,sK12,sK17)) <- (1) [forward demodulation 4539,210]
4568. 142 <=> 'Nil'(sK11) = filter_mset(sK11,sK13,'Cons'(sK11,sK16,'Nil'(sK11))) [avatar definition]
4569. 'Nil'(sK11) = filter_mset(sK11,sK13,'Cons'(sK11,sK16,'Nil'(sK11))) <- (142) [avatar component clause 4568]
4570. 'Nil'(sK11) != filter_mset(sK11,sK13,'Cons'(sK11,sK16,'Nil'(sK11))) <- (~142) [avatar component clause 4568]
4585. filter_ge(sK11,sK12,X0) = 'Cons'(sK11,sK16,filter_ge(sK11,sK12,X0)) <- (7, 8) [forward demodulation 948,944]
4590. filter_mset(sK11,sK13,filter_ge(sK11,sK12,sK17)) = filter_mset(sK11,sK13,'Cons'(sK11,sK16,sK17)) <- (7, 8, 16) [backward demodulation 1136,4585]
4596. filter_mset(sK11,sK13,sK17) = filter_mset(sK11,sK13,'Cons'(sK11,sK16,sK17)) <- (1, 7, 8, 16) [forward demodulation 4590,4546]
4597. $false <- (1, 7, 8, 16, ~17) [subsumption resolution 4596,1143]
4598. ~1 | ~7 | ~8 | ~16 | 17 [avatar contradiction clause 4597]
4599. filter_less(sK11,sK12,X0) = 'Cons'(sK11,sK16,filter_less(sK11,sK12,X0)) <- (3, 5) [backward demodulation 928,936]
4612. filter_mset(sK11,sK13,'Cons'(sK11,sK16,sK17)) != append(sK11,filter_mset(sK11,sK13,filter_less(sK11,sK12,'Cons'(sK11,sK16,sK17))),filter_mset(sK11,sK13,filter_ge(sK11,sK12,sK17))) <- (7) [forward demodulation 443,944]
4613. filter_mset(sK11,sK13,'Cons'(sK11,sK16,sK17)) != append(sK11,filter_mset(sK11,sK13,filter_less(sK11,sK12,'Cons'(sK11,sK16,sK17))),filter_mset(sK11,sK13,sK17)) <- (1, 7) [forward demodulation 4612,4546]
4643. filter_mset(sK11,sK13,filter_ge(sK11,sK12,'Nil'(sK11))) = filter_mset(sK11,sK13,'Cons'(sK11,sK16,'Nil'(sK11))) <- (7, 18) [forward demodulation 1150,944]
4644. filter_mset(sK11,sK13,'Nil'(sK11)) = filter_mset(sK11,sK13,'Cons'(sK11,sK16,'Nil'(sK11))) <- (7, 18) [forward demodulation 4643,212]
4645. 'Nil'(sK11) = filter_mset(sK11,sK13,'Cons'(sK11,sK16,'Nil'(sK11))) <- (7, 18) [forward demodulation 4644,208]
4646. 142 | ~7 | ~18 [avatar split clause 4645,1149,943,4568]
4647. filter_mset(sK11,sK13,'Cons'(sK11,sK16,sK17)) != append(sK11,filter_mset(sK11,sK13,'Cons'(sK11,sK16,filter_less(sK11,sK12,sK17))),filter_mset(sK11,sK13,filter_ge(sK11,sK12,sK17))) <- (~6, 7) [forward demodulation 940,944]
4648. filter_mset(sK11,sK13,'Cons'(sK11,sK16,sK17)) != append(sK11,filter_mset(sK11,sK13,'Cons'(sK11,sK16,filter_less(sK11,sK12,sK17))),filter_mset(sK11,sK13,sK17)) <- (1, ~6, 7) [forward demodulation 4647,4546]
4715. 'Nil'(sK11) = 'Cons'(sK11,sK16,'Nil'(sK11)) <- (3, 5) [superposition 4599,214]
4757. $false <- (3, 5) [term algebras distinctness 4715]
4758. ~3 | ~5 [avatar contradiction clause 4757]
4956. filter_mset(sK11,sK13,sK17) != append(sK11,filter_mset(sK11,sK13,filter_less(sK11,sK12,'Cons'(sK11,sK16,sK17))),filter_mset(sK11,sK13,sK17)) <- (1, ~46) [forward demodulation 1746,4546]
4957. filter_mset(sK11,sK13,sK17) != append(sK11,filter_mset(sK11,sK13,'Cons'(sK11,sK16,filter_less(sK11,sK12,sK17))),filter_mset(sK11,sK13,sK17)) <- (1, 3, ~46) [forward demodulation 4956,928]
4960. filter_mset(sK11,sK13,sK17) != append(sK11,filter_mset(sK11,sK13,filter_less(sK11,sK12,sK17)),filter_mset(sK11,sK13,sK17)) | sK13 = sK16 <- (1, 3, ~46) [superposition 4957,229]
4979. filter_mset(sK11,sK13,sK17) != append(sK11,'Nil'(sK11),filter_mset(sK11,sK13,sK17)) | sK13 = sK16 <- (1, 3, ~46) [forward demodulation 4960,753]
4980. sK13 = sK16 <- (1, 3, ~46) [subsumption resolution 4979,210]
4981. 91 | ~1 | ~3 | 46 [avatar split clause 4980,1744,927,751,2834]
4988. 'Nil'(sK11) = filter_mset(sK11,sK13,'Cons'(sK11,sK13,'Nil'(sK11))) <- (91, 142) [backward demodulation 4569,2836]
4990. filter_mset(sK11,sK13,'Cons'(sK11,sK13,sK17)) != append(sK11,filter_mset(sK11,sK13,'Cons'(sK11,sK13,filter_less(sK11,sK12,sK17))),filter_mset(sK11,sK13,sK17)) <- (1, ~6, 7, 91) [backward demodulation 4648,2836]
5017. 'Nil'(sK11) = 'Cons'(sK11,sK13,filter_mset(sK11,sK13,'Nil'(sK11))) <- (91, 142) [forward demodulation 4988,300]
5018. $false <- (91, 142) [term algebras distinctness 5017]
5019. ~91 | ~142 [avatar contradiction clause 5018]
5021. filter_mset(sK11,sK13,'Cons'(sK11,sK13,sK17)) != append(sK11,'Cons'(sK11,sK13,filter_mset(sK11,sK13,filter_less(sK11,sK12,sK17))),filter_mset(sK11,sK13,sK17)) <- (1, ~6, 7, 91) [forward demodulation 4990,300]
5022. filter_mset(sK11,sK13,'Cons'(sK11,sK13,sK17)) != 'Cons'(sK11,sK13,append(sK11,filter_mset(sK11,sK13,filter_less(sK11,sK12,sK17)),filter_mset(sK11,sK13,sK17))) <- (1, ~6, 7, 91) [forward demodulation 5021,209]
5023. filter_mset(sK11,sK13,'Cons'(sK11,sK13,sK17)) != 'Cons'(sK11,sK13,append(sK11,'Nil'(sK11),filter_mset(sK11,sK13,sK17))) <- (1, ~6, 7, 91) [forward demodulation 5022,753]
5024. filter_mset(sK11,sK13,'Cons'(sK11,sK13,sK17)) != 'Cons'(sK11,sK13,filter_mset(sK11,sK13,sK17)) <- (1, ~6, 7, 91) [forward demodulation 5023,210]
5025. $false <- (1, ~6, 7, 91) [subsumption resolution 5024,300]
5026. ~1 | 6 | ~7 | ~91 [avatar contradiction clause 5025]
5068. filter_mset(sK11,sK13,sK17) = append(sK11,filter_mset(sK11,sK13,filter_less(sK11,sK12,'Cons'(sK11,sK16,sK17))),filter_mset(sK11,sK13,sK17)) <- (1, 46) [forward demodulation 1745,4546]
5088. filter_mset(sK11,sK13,sK17) != filter_mset(sK11,sK13,sK17) | sK13 = sK16 <- (~17) [superposition 1143,229]
5091. sK13 = sK16 <- (~17) [trivial inequality removal 5088]
5092. $false <- (~17, ~91) [subsumption resolution 5091,2835]
5093. 17 | 91 [avatar contradiction clause 5092]
5100. filter_mset(sK11,sK13,sK17) != filter_mset(sK11,sK13,'Cons'(sK11,sK16,sK17)) <- (1, 7, 46) [forward demodulation 4613,5068]
5101. ~17 | ~1 | ~7 | ~46 [avatar split clause 5100,1744,943,751,1141]
5134. 'Nil'(sK11) != append(sK11,filter_mset(sK11,sK13,filter_less(sK11,sK12,'Cons'(sK11,sK16,'Nil'(sK11)))),filter_mset(sK11,sK13,'Cons'(sK11,sK16,filter_ge(sK11,sK12,'Nil'(sK11))))) <- (8, ~31) [forward demodulation 1441,948]
5135. 'Nil'(sK11) != append(sK11,filter_mset(sK11,sK13,filter_less(sK11,sK12,'Cons'(sK11,sK16,'Nil'(sK11)))),filter_mset(sK11,sK13,'Cons'(sK11,sK16,'Nil'(sK11)))) <- (8, ~31) [forward demodulation 5134,212]
5178. filter_mset(sK11,sK13,sK17) != filter_mset(sK11,sK13,'Cons'(sK11,sK16,filter_ge(sK11,sK12,sK17))) <- (~16, 17) [forward demodulation 1137,1142]
5186. 'Nil'(sK11) != append(sK11,filter_mset(sK11,sK13,filter_less(sK11,sK12,'Nil'(sK11))),filter_mset(sK11,sK13,'Cons'(sK11,sK16,'Nil'(sK11)))) <- (5, 8, ~31) [forward demodulation 5135,936]
5187. 'Nil'(sK11) != append(sK11,filter_mset(sK11,sK13,'Nil'(sK11)),filter_mset(sK11,sK13,'Cons'(sK11,sK16,'Nil'(sK11)))) <- (5, 8, ~31) [forward demodulation 5186,214]
5188. 'Nil'(sK11) != append(sK11,'Nil'(sK11),filter_mset(sK11,sK13,'Cons'(sK11,sK16,'Nil'(sK11)))) <- (5, 8, ~31) [forward demodulation 5187,208]
5189. 'Nil'(sK11) != filter_mset(sK11,sK13,'Cons'(sK11,sK16,'Nil'(sK11))) <- (5, 8, ~31) [forward demodulation 5188,210]
5190. ~142 | ~5 | ~8 | 31 [avatar split clause 5189,1439,947,935,4568]
5210. 'Nil'(sK11) != filter_mset(sK11,sK13,'Nil'(sK11)) | sK13 = sK16 <- (~142) [superposition 4570,229]
5211. sK13 = sK16 <- (~142) [subsumption resolution 5210,208]
5214. 91 | 142 [avatar split clause 5211,4568,2834]
5217. filter_mset(sK11,sK13,sK17) = filter_mset(sK11,sK13,'Cons'(sK11,sK13,sK17)) <- (17, 91) [backward demodulation 1142,2836]
5231. filter_mset(sK11,sK13,sK17) = 'Cons'(sK11,sK13,filter_mset(sK11,sK13,sK17)) <- (17, 91) [forward demodulation 5217,300]
5261. filter_mset(sK11,sK13,sK17) != filter_mset(sK11,sK13,'Cons'(sK11,sK13,filter_ge(sK11,sK12,sK17))) <- (~16, 17, 91) [forward demodulation 5178,2836]
5262. filter_mset(sK11,sK13,sK17) != 'Cons'(sK11,sK13,filter_mset(sK11,sK13,filter_ge(sK11,sK12,sK17))) <- (~16, 17, 91) [forward demodulation 5261,300]
5263. filter_mset(sK11,sK13,sK17) != 'Cons'(sK11,sK13,filter_mset(sK11,sK13,sK17)) <- (1, ~16, 17, 91) [forward demodulation 5262,4546]
5315. $false <- (1, ~16, 17, 91) [subsumption resolution 5263,5231]
5316. ~1 | 16 | ~17 | ~91 [avatar contradiction clause 5315]
5343. filter_mset(sK11,sK13,sK17) != append(sK11,filter_mset(sK11,sK13,filter_less(sK11,sK12,sK17)),filter_mset(sK11,sK13,filter_ge(sK11,sK12,'Cons'(sK11,sK16,sK17)))) <- (~4, 17) [backward demodulation 932,1142]
5385. filter_mset(sK11,sK13,sK17) != append(sK11,filter_mset(sK11,sK13,filter_less(sK11,sK12,sK17)),filter_mset(sK11,sK13,filter_ge(sK11,sK12,sK17))) <- (~4, 7, 17) [backward demodulation 5343,944]
5390. $false <- (~4, 7, 17) [subsumption resolution 5385,438]
5391. 4 | ~7 | ~17 [avatar contradiction clause 5390]
17811. filter_mset(sK11,sK13,sK17) != append(sK11,filter_mset(sK11,sK13,filter_less(sK11,sK12,sK17)),filter_mset(sK11,sK13,filter_ge(sK11,sK12,sK17))) | sK13 = sK16 <- (~42) [superposition 1718,229]
17818. sK13 = sK16 <- (~42) [subsumption resolution 17811,438]
17843. 91 | 42 [avatar split clause 17818,1716,2834]
17945. filter_mset(sK11,sK13,sK17) = filter_mset(sK11,sK13,'Cons'(sK11,sK13,sK17)) <- (17, 91) [backward demodulation 1142,2836]
17946. filter_mset(sK11,sK13,sK17) != append(sK11,filter_mset(sK11,sK13,'Cons'(sK11,sK13,filter_less(sK11,sK12,sK17))),filter_mset(sK11,sK13,filter_ge(sK11,sK12,sK17))) <- (~42, 91) [backward demodulation 1718,2836]
17995. filter_mset(sK11,sK13,sK17) = 'Cons'(sK11,sK13,filter_mset(sK11,sK13,sK17)) <- (17, 91) [forward demodulation 17945,300]
18001. filter_mset(sK11,sK13,sK17) != append(sK11,'Cons'(sK11,sK13,filter_mset(sK11,sK13,filter_less(sK11,sK12,sK17))),filter_mset(sK11,sK13,filter_ge(sK11,sK12,sK17))) <- (~42, 91) [forward demodulation 17946,300]
18002. filter_mset(sK11,sK13,sK17) != 'Cons'(sK11,sK13,append(sK11,filter_mset(sK11,sK13,filter_less(sK11,sK12,sK17)),filter_mset(sK11,sK13,filter_ge(sK11,sK12,sK17)))) <- (~42, 91) [forward demodulation 18001,209]
18003. filter_mset(sK11,sK13,sK17) != 'Cons'(sK11,sK13,filter_mset(sK11,sK13,sK17)) <- (~42, 91) [forward demodulation 18002,438]
18004. $false <- (17, ~42, 91) [subsumption resolution 18003,17995]
18005. ~17 | 42 | ~91 [avatar contradiction clause 18004]
18096. $false [avatar sat refutation 933,945,953,959,1145,1197,1341,1397,1719,1722,1724,1761,1862,1954,1955,1966,4445,4598,4646,4758,4981,5019,5026,5093,5101,5190,5214,5316,5391,17843,18005]
% SZS output end Proof for lemma2
% ------------------------------
% Version: Vampire 4.7 (commit )
% Linked with Z3 4.9.1.0  NOTFOUND
% Termination reason: Refutation

% Memory used [KB]: 20468
% Time elapsed: 0.645 s
% ------------------------------
% ------------------------------
