% (41560)lrs+10_1_ind=struct:sos=theory:sstl=1:drc=encompass:sp=occurrence:to=lpo:sik=recursion:nui=off:indoct=off:indao=on:urr=off_89 on lemma1 for (89ds/0Mi)
% (41562)lrs+10_1_ind=struct:sos=theory:sstl=1:drc=encompass:sp=occurrence:to=lpo:sik=recursion:nui=off:indoct=off:indao=off:urr=off_89 on lemma1 for (89ds/0Mi)
% (41561)lrs+10_1_ind=struct:sos=theory:sstl=1:drc=encompass:sp=occurrence:to=lpo:sik=recursion:nui=off:indoct=off:indao=on:urr=on_89 on lemma1 for (89ds/0Mi)
% (41564)lrs+10_1_ind=struct:sos=theory:sstl=1:drc=encompass:sp=occurrence:to=lpo:sik=recursion:nui=off:indoct=on:indao=on:urr=off_89 on lemma1 for (89ds/0Mi)
% (41563)lrs+10_1_ind=struct:sos=theory:sstl=1:drc=encompass:sp=occurrence:to=lpo:sik=recursion:nui=off:indoct=off:indao=off:urr=on_89 on lemma1 for (89ds/0Mi)
% (41565)lrs+10_1_ind=struct:sos=theory:sstl=1:drc=encompass:sp=occurrence:to=lpo:sik=recursion:nui=off:indoct=on:indao=on:urr=on_89 on lemma1 for (89ds/0Mi)
% (41567)lrs+10_1_ind=struct:sos=theory:sstl=1:drc=encompass:sp=occurrence:to=lpo:sik=recursion:nui=off:indoct=on:indao=off:urr=on_89 on lemma1 for (89ds/0Mi)
% (41568)lrs+10_1_ind=struct:sos=theory:sstl=1:drc=encompass:sp=occurrence:to=lpo:sik=recursion:nui=on:indoct=off:indao=on:urr=off_89 on lemma1 for (89ds/0Mi)
% (41569)lrs+10_1_ind=struct:sos=theory:sstl=1:drc=encompass:sp=occurrence:to=lpo:sik=recursion:nui=on:indoct=off:indao=on:urr=on_89 on lemma1 for (89ds/0Mi)
% (41566)lrs+10_1_ind=struct:sos=theory:sstl=1:drc=encompass:sp=occurrence:to=lpo:sik=recursion:nui=off:indoct=on:indao=off:urr=off_89 on lemma1 for (89ds/0Mi)
% (41571)lrs+10_1_ind=struct:sos=theory:sstl=1:drc=encompass:sp=occurrence:to=lpo:sik=recursion:nui=on:indoct=off:indao=off:urr=on_89 on lemma1 for (89ds/0Mi)
% (41572)lrs+10_1_ind=struct:sos=theory:sstl=1:drc=encompass:sp=occurrence:to=lpo:sik=recursion:nui=on:indoct=on:indao=on:urr=off_89 on lemma1 for (89ds/0Mi)
% (41570)lrs+10_1_ind=struct:sos=theory:sstl=1:drc=encompass:sp=occurrence:to=lpo:sik=recursion:nui=on:indoct=off:indao=off:urr=off_89 on lemma1 for (89ds/0Mi)
% (41573)lrs+10_1_ind=struct:sos=theory:sstl=1:drc=encompass:sp=occurrence:to=lpo:sik=recursion:nui=on:indoct=on:indao=on:urr=on_89 on lemma1 for (89ds/0Mi)
% (41561)First to succeed.
% (41560)Also succeeded, but the first one will report.
% (41561)Refutation found. Thanks to Tanya!
% SZS status Unsatisfiable for lemma1
% SZS output start Proof for lemma1
6. insort(X0,X1,X2) = $match(X2,'Nil'(X0),'Cons'(X0,X1,'Nil'(X0)),'Cons'(X0,X3,X4),$ite(leq(X0,X1,X3), 'Cons'(X0,X1,'Cons'(X0,X3,X4)),'Cons'(X0,X3,insort(X0,X1,X4)))) [input]
8. filter_mset(X0,X1,X2) = $match(X2,'Nil'(X0),'Nil'(X0),'Cons'(X0,X3,X4),$ite(X1 = X3, 'Cons'(X0,X3,filter_mset(X0,X1,X4)),filter_mset(X0,X1,X4))) [input]
9. ! [X0 : $tType] : ! [X2 : X0,X1 : X0,X3 : 'list()'(X0)] : filter_mset(X0,X1,insort(X0,X2,X3)) = filter_mset(X0,X1,'Cons'(X0,X2,X3)) [input]
10. ~! [X0 : $tType] : ! [X2 : X0,X1 : X0,X3 : 'list()'(X0)] : filter_mset(X0,X1,insort(X0,X2,X3)) = filter_mset(X0,X1,'Cons'(X0,X2,X3)) [negated conjecture 9]
12. 'Nil'(X0) != 'Cons'(X0,X1,X2) [term algebras distinctness]
14. 'Cons'(X0,X2,X4) != 'Cons'(X0,X3,X5) | X4 = X5 [term algebras injectivity]
17. ! [X4 : 'list()'(X0),X3 : X0,X2 : 'list()'(X0),X1 : X0,X0 : $tType] : filter_mset(X0,X1,X2) = $match(X2,'Nil'(X0),'Nil'(X0),'Cons'(X0,X3,X4),$ite(X1 = X3, 'Cons'(X0,X3,filter_mset(X0,X1,X4)),filter_mset(X0,X1,X4))) [closure 8]
18. ! [X0 : $tType,X3 : X0,X1 : X0,X4 : 'list()'(X0),X2 : 'list()'(X0)] : ('Nil'(X0) = X2 => 'Nil'(X0) = mG0(X0,X3,X1,X4,X2)) [fool $match elimination 17]
19. ! [X0 : $tType,X3 : X0,X1 : X0,X4 : 'list()'(X0)] : (X1 = X3 => 'Cons'(X0,X3,filter_mset(X0,X1,X4)) = iG1(X0,X3,X1,X4)) [fool $ite elimination 17]
20. ! [X0 : $tType,X3 : X0,X1 : X0,X4 : 'list()'(X0)] : (~X1 = X3 => filter_mset(X0,X1,X4) = iG1(X0,X3,X1,X4)) [fool $ite elimination 17]
21. ! [X0 : $tType,X3 : X0,X1 : X0,X4 : 'list()'(X0),X2 : 'list()'(X0)] : ('Cons'(X0,X3,X4) = X2 => mG0(X0,X3,X1,X4,X2) = iG1(X0,X3,X1,X4)) [fool $match elimination 17]
22. ! [X4 : 'list()'(X0),X3 : X0,X2 : 'list()'(X0),X1 : X0,X0 : $tType] : filter_mset(X0,X1,X2) = mG0(X0,X3,X1,X4,X2) [fool elimination 17]
27. ! [X4 : 'list()'(X0),X3 : X0,X2 : 'list()'(X0),X1 : X0,X0 : $tType] : insort(X0,X1,X2) = $match(X2,'Nil'(X0),'Cons'(X0,X1,'Nil'(X0)),'Cons'(X0,X3,X4),$ite(leq(X0,X1,X3), 'Cons'(X0,X1,'Cons'(X0,X3,X4)),'Cons'(X0,X3,insort(X0,X1,X4)))) [closure 6]
28. ! [X0 : $tType,X3 : X0,X1 : X0,X4 : 'list()'(X0),X2 : 'list()'(X0)] : ('Nil'(X0) = X2 => 'Cons'(X0,X1,'Nil'(X0)) = mG3(X0,X3,X1,X4,X2)) [fool $match elimination 27]
29. ! [X0 : $tType,X3 : X0,X1 : X0,X4 : 'list()'(X0)] : (leq(X0,X1,X3) => 'Cons'(X0,X1,'Cons'(X0,X3,X4)) = iG4(X0,X3,X1,X4)) [fool $ite elimination 27]
30. ! [X0 : $tType,X3 : X0,X1 : X0,X4 : 'list()'(X0)] : (~leq(X0,X1,X3) => 'Cons'(X0,X3,insort(X0,X1,X4)) = iG4(X0,X3,X1,X4)) [fool $ite elimination 27]
31. ! [X0 : $tType,X3 : X0,X1 : X0,X4 : 'list()'(X0),X2 : 'list()'(X0)] : ('Cons'(X0,X3,X4) = X2 => mG3(X0,X3,X1,X4,X2) = iG4(X0,X3,X1,X4)) [fool $match elimination 27]
32. ! [X4 : 'list()'(X0),X3 : X0,X2 : 'list()'(X0),X1 : X0,X0 : $tType] : insort(X0,X1,X2) = mG3(X0,X3,X1,X4,X2) [fool elimination 27]
33. ! [X0 : $tType,X1 : X0,X2 : X0,X3 : 'list()'(X0),X4 : 'list()'(X0)] : ('Cons'(X0,X1,X3) = X4 => mG3(X0,X1,X2,X3,X4) = iG4(X0,X1,X2,X3)) [rectify 31]
34. ! [X0 : $tType,X1 : X0,X2 : X0,X3 : 'list()'(X0)] : (~leq(X0,X2,X1) => iG4(X0,X1,X2,X3) = 'Cons'(X0,X1,insort(X0,X2,X3))) [rectify 30]
35. ! [X0 : $tType,X1 : X0,X2 : X0,X3 : 'list()'(X0)] : (~leq(X0,X2,X1) => iG4(X0,X1,X2,X3) = 'Cons'(X0,X1,insort(X0,X2,X3))) [flattening 34]
36. ! [X0 : $tType,X1 : X0,X2 : X0,X3 : 'list()'(X0)] : (leq(X0,X2,X1) => iG4(X0,X1,X2,X3) = 'Cons'(X0,X2,'Cons'(X0,X1,X3))) [rectify 29]
37. ! [X0 : $tType,X1 : X0,X2 : X0,X3 : 'list()'(X0),X4 : 'list()'(X0)] : ('Nil'(X0) = X4 => mG3(X0,X1,X2,X3,X4) = 'Cons'(X0,X2,'Nil'(X0))) [rectify 28]
40. ! [X0 : $tType,X1 : X0,X2 : X0,X3 : 'list()'(X0),X4 : 'list()'(X0)] : ('Cons'(X0,X1,X3) = X4 => mG0(X0,X1,X2,X3,X4) = iG1(X0,X1,X2,X3)) [rectify 21]
41. ! [X0 : $tType,X1 : X0,X2 : X0,X3 : 'list()'(X0)] : (~X1 = X2 => iG1(X0,X1,X2,X3) = filter_mset(X0,X2,X3)) [rectify 20]
42. ! [X0 : $tType,X1 : X0,X2 : X0,X3 : 'list()'(X0)] : (X1 != X2 => iG1(X0,X1,X2,X3) = filter_mset(X0,X2,X3)) [flattening 41]
43. ! [X0 : $tType,X1 : X0,X2 : X0,X3 : 'list()'(X0)] : (X1 = X2 => iG1(X0,X1,X2,X3) = 'Cons'(X0,X1,filter_mset(X0,X2,X3))) [rectify 19]
44. ! [X0 : $tType,X1 : X0,X2 : X0,X3 : 'list()'(X0),X4 : 'list()'(X0)] : ('Nil'(X0) = X4 => 'Nil'(X0) = mG0(X0,X1,X2,X3,X4)) [rectify 18]
45. ~! [X0 : $tType] : ! [X1 : X0,X2 : X0,X3 : 'list()'(X0)] : filter_mset(X0,X2,insort(X0,X1,X3)) = filter_mset(X0,X2,'Cons'(X0,X1,X3)) [rectify 10]
46. ~! [X0 : $tType,X1 : X0,X2 : X0,X3 : 'list()'(X0)] : filter_mset(X0,X2,insort(X0,X1,X3)) = filter_mset(X0,X2,'Cons'(X0,X1,X3)) [flattening 45]
47. ! [X0 : 'list()'(X4),X1 : X4,X2 : 'list()'(X4),X3 : X4,X4 : $tType] : filter_mset(X4,X3,X2) = mG0(X4,X1,X3,X0,X2) [rectify 22]
49. ! [X0 : 'list()'(X4),X1 : X4,X2 : 'list()'(X4),X3 : X4,X4 : $tType] : insort(X4,X3,X2) = mG3(X4,X1,X3,X0,X2) [rectify 32]
59. ! [X0 : $tType,X1 : X0,X2 : X0,X3 : 'list()'(X0),X4 : 'list()'(X0)] : (mG3(X0,X1,X2,X3,X4) = iG4(X0,X1,X2,X3) | 'Cons'(X0,X1,X3) != X4) [ennf transformation 33]
60. ! [X0 : $tType,X1 : X0,X2 : X0,X3 : 'list()'(X0)] : (iG4(X0,X1,X2,X3) = 'Cons'(X0,X1,insort(X0,X2,X3)) | leq(X0,X2,X1)) [ennf transformation 35]
61. ! [X0 : $tType,X1 : X0,X2 : X0,X3 : 'list()'(X0)] : (iG4(X0,X1,X2,X3) = 'Cons'(X0,X2,'Cons'(X0,X1,X3)) | ~leq(X0,X2,X1)) [ennf transformation 36]
62. ! [X0 : $tType,X1 : X0,X2 : X0,X3 : 'list()'(X0),X4 : 'list()'(X0)] : (mG3(X0,X1,X2,X3,X4) = 'Cons'(X0,X2,'Nil'(X0)) | 'Nil'(X0) != X4) [ennf transformation 37]
65. ! [X0 : $tType,X1 : X0,X2 : X0,X3 : 'list()'(X0),X4 : 'list()'(X0)] : (mG0(X0,X1,X2,X3,X4) = iG1(X0,X1,X2,X3) | 'Cons'(X0,X1,X3) != X4) [ennf transformation 40]
66. ! [X0 : $tType,X1 : X0,X2 : X0,X3 : 'list()'(X0)] : (iG1(X0,X1,X2,X3) = filter_mset(X0,X2,X3) | X1 = X2) [ennf transformation 42]
67. ! [X0 : $tType,X1 : X0,X2 : X0,X3 : 'list()'(X0)] : (iG1(X0,X1,X2,X3) = 'Cons'(X0,X1,filter_mset(X0,X2,X3)) | X1 != X2) [ennf transformation 43]
68. ! [X0 : $tType,X1 : X0,X2 : X0,X3 : 'list()'(X0),X4 : 'list()'(X0)] : ('Nil'(X0) = mG0(X0,X1,X2,X3,X4) | 'Nil'(X0) != X4) [ennf transformation 44]
69. ? [X0 : $tType,X1 : X0,X2 : X0,X3 : 'list()'(X0)] : filter_mset(X0,X2,insort(X0,X1,X3)) != filter_mset(X0,X2,'Cons'(X0,X1,X3)) [ennf transformation 46]
74. ? [X0 : $tType,X1 : X0,X2 : X0,X3 : 'list()'(X0)] : filter_mset(X0,X2,insort(X0,X1,X3)) != filter_mset(X0,X2,'Cons'(X0,X1,X3)) => filter_mset(sK5,sK7,insort(sK5,sK6,sK8)) != filter_mset(sK5,sK7,'Cons'(sK5,sK6,sK8)) [choice axiom]
75. filter_mset(sK5,sK7,insort(sK5,sK6,sK8)) != filter_mset(sK5,sK7,'Cons'(sK5,sK6,sK8)) [skolemisation 69,74]
76. mG3(X0,X1,X2,X3,X4) = iG4(X0,X1,X2,X3) | 'Cons'(X0,X1,X3) != X4 [cnf transformation 59]
77. iG4(X0,X1,X2,X3) = 'Cons'(X0,X1,insort(X0,X2,X3)) | leq(X0,X2,X1) [cnf transformation 60]
78. iG4(X0,X1,X2,X3) = 'Cons'(X0,X2,'Cons'(X0,X1,X3)) | ~leq(X0,X2,X1) [cnf transformation 61]
79. mG3(X0,X1,X2,X3,X4) = 'Cons'(X0,X2,'Nil'(X0)) | 'Nil'(X0) != X4 [cnf transformation 62]
82. mG0(X0,X1,X2,X3,X4) = iG1(X0,X1,X2,X3) | 'Cons'(X0,X1,X3) != X4 [cnf transformation 65]
83. iG1(X0,X1,X2,X3) = filter_mset(X0,X2,X3) | X1 = X2 [cnf transformation 66]
84. iG1(X0,X1,X2,X3) = 'Cons'(X0,X1,filter_mset(X0,X2,X3)) | X1 != X2 [cnf transformation 67]
85. 'Nil'(X0) = mG0(X0,X1,X2,X3,X4) | 'Nil'(X0) != X4 [cnf transformation 68]
86. filter_mset(sK5,sK7,insort(sK5,sK6,sK8)) != filter_mset(sK5,sK7,'Cons'(sK5,sK6,sK8)) [cnf transformation 75]
87. filter_mset(X4,X3,X2) = mG0(X4,X1,X3,X0,X2) [cnf transformation 47]
89. insort(X4,X3,X2) = mG3(X4,X1,X3,X0,X2) [cnf transformation 49]
94. iG4(X0,X1,X2,X3) = insort(X0,X2,X4) | 'Cons'(X0,X1,X3) != X4 [definition unfolding 76,89]
95. 'Cons'(X0,X2,'Nil'(X0)) = insort(X0,X2,X4) | 'Nil'(X0) != X4 [definition unfolding 79,89]
98. iG1(X0,X1,X2,X3) = filter_mset(X0,X2,X4) | 'Cons'(X0,X1,X3) != X4 [definition unfolding 82,87]
99. 'Nil'(X0) = filter_mset(X0,X2,X4) | 'Nil'(X0) != X4 [definition unfolding 85,87]
100. iG4(X0,X1,X2,X3) = insort(X0,X2,'Cons'(X0,X1,X3)) [equality resolution 94]
101. 'Cons'(X0,X2,'Nil'(X0)) = insort(X0,X2,'Nil'(X0)) [equality resolution 95]
104. iG1(X0,X1,X2,X3) = filter_mset(X0,X2,'Cons'(X0,X1,X3)) [equality resolution 98]
105. iG1(X0,X2,X2,X3) = 'Cons'(X0,X2,filter_mset(X0,X2,X3)) [equality resolution 84]
106. 'Nil'(X0) = filter_mset(X0,X2,'Nil'(X0)) [equality resolution 99]
107. leq(X0,X2,X1) | 'Cons'(X0,X1,insort(X0,X2,X3)) = insort(X0,X2,'Cons'(X0,X1,X3)) [forward demodulation 77,100]
108. ~leq(X0,X2,X1) | 'Cons'(X0,X2,'Cons'(X0,X1,X3)) = insort(X0,X2,'Cons'(X0,X1,X3)) [forward demodulation 78,100]
109. filter_mset(X0,X2,X3) = filter_mset(X0,X2,'Cons'(X0,X1,X3)) | X1 = X2 [forward demodulation 83,104]
189. 'Cons'(X0,X1,filter_mset(X0,X1,X2)) = filter_mset(X0,X1,'Cons'(X0,X1,X2)) [superposition 105,104]
193. 'Cons'(X0,X1,'Cons'(X0,X2,X3)) != 'Cons'(X0,X4,'Nil'(X0)) [unit resulting resolution 12,14]
242. ! [X2 : sK5,X3 : 'list()'(sK5)] : ((filter_mset(sK5,sK7,insort(sK5,sK6,X3)) = filter_mset(sK5,sK7,'Cons'(sK5,sK6,X3)) => filter_mset(sK5,sK7,insort(sK5,sK6,'Cons'(sK5,X2,X3))) = filter_mset(sK5,sK7,'Cons'(sK5,sK6,'Cons'(sK5,X2,X3)))) & filter_mset(sK5,sK7,insort(sK5,sK6,'Nil'(sK5))) = filter_mset(sK5,sK7,'Cons'(sK5,sK6,'Nil'(sK5)))) => ! [X6 : 'list()'(sK5)] : filter_mset(sK5,sK7,insort(sK5,sK6,X6)) = filter_mset(sK5,sK7,'Cons'(sK5,sK6,X6)) [structural induction hypothesis (recursion)]
243. ! [X6 : 'list()'(sK5)] : filter_mset(sK5,sK7,insort(sK5,sK6,X6)) = filter_mset(sK5,sK7,'Cons'(sK5,sK6,X6)) | ? [X2 : sK5,X3 : 'list()'(sK5)] : ((filter_mset(sK5,sK7,insort(sK5,sK6,'Cons'(sK5,X2,X3))) != filter_mset(sK5,sK7,'Cons'(sK5,sK6,'Cons'(sK5,X2,X3))) & filter_mset(sK5,sK7,insort(sK5,sK6,X3)) = filter_mset(sK5,sK7,'Cons'(sK5,sK6,X3))) | filter_mset(sK5,sK7,insort(sK5,sK6,'Nil'(sK5))) != filter_mset(sK5,sK7,'Cons'(sK5,sK6,'Nil'(sK5)))) [ennf transformation 242]
244. filter_mset(sK5,sK7,insort(sK5,sK6,'Nil'(sK5))) != filter_mset(sK5,sK7,'Cons'(sK5,sK6,'Nil'(sK5))) | filter_mset(sK5,sK7,insort(sK5,sK6,sK13)) = filter_mset(sK5,sK7,'Cons'(sK5,sK6,sK13)) | filter_mset(sK5,sK7,insort(sK5,sK6,X6)) = filter_mset(sK5,sK7,'Cons'(sK5,sK6,X6)) [cnf transformation 243]
245. filter_mset(sK5,sK7,insort(sK5,sK6,'Nil'(sK5))) != filter_mset(sK5,sK7,'Cons'(sK5,sK6,'Nil'(sK5))) | filter_mset(sK5,sK7,insort(sK5,sK6,'Cons'(sK5,sK12,sK13))) != filter_mset(sK5,sK7,'Cons'(sK5,sK6,'Cons'(sK5,sK12,sK13))) | filter_mset(sK5,sK7,insort(sK5,sK6,X6)) = filter_mset(sK5,sK7,'Cons'(sK5,sK6,X6)) [cnf transformation 243]
248. filter_mset(sK5,sK7,insort(sK5,sK6,'Nil'(sK5))) != filter_mset(sK5,sK7,'Cons'(sK5,sK6,'Nil'(sK5))) | filter_mset(sK5,sK7,insort(sK5,sK6,'Cons'(sK5,sK12,sK13))) != filter_mset(sK5,sK7,'Cons'(sK5,sK6,'Cons'(sK5,sK12,sK13))) [induction hyperresolution 86,245]
249. filter_mset(sK5,sK7,insort(sK5,sK6,'Nil'(sK5))) != filter_mset(sK5,sK7,'Cons'(sK5,sK6,'Nil'(sK5))) | filter_mset(sK5,sK7,insort(sK5,sK6,sK13)) = filter_mset(sK5,sK7,'Cons'(sK5,sK6,sK13)) [induction hyperresolution 86,244]
254. filter_mset(sK5,sK7,'Cons'(sK5,sK6,'Nil'(sK5))) != filter_mset(sK5,sK7,'Cons'(sK5,sK6,'Nil'(sK5))) | filter_mset(sK5,sK7,insort(sK5,sK6,sK13)) = filter_mset(sK5,sK7,'Cons'(sK5,sK6,sK13)) [forward demodulation 249,101]
255. filter_mset(sK5,sK7,insort(sK5,sK6,sK13)) = filter_mset(sK5,sK7,'Cons'(sK5,sK6,sK13)) [trivial inequality removal 254]
256. filter_mset(sK5,sK7,'Cons'(sK5,sK6,'Nil'(sK5))) != filter_mset(sK5,sK7,'Cons'(sK5,sK6,'Nil'(sK5))) | filter_mset(sK5,sK7,insort(sK5,sK6,'Cons'(sK5,sK12,sK13))) != filter_mset(sK5,sK7,'Cons'(sK5,sK6,'Cons'(sK5,sK12,sK13))) [forward demodulation 248,101]
257. filter_mset(sK5,sK7,insort(sK5,sK6,'Cons'(sK5,sK12,sK13))) != filter_mset(sK5,sK7,'Cons'(sK5,sK6,'Cons'(sK5,sK12,sK13))) [trivial inequality removal 256]
313. 'Cons'(X11,X12,'Cons'(X11,X13,X14)) = insort(X11,X12,'Cons'(X11,X13,X14)) | 'Cons'(X11,X13,insort(X11,X12,X15)) = insort(X11,X12,'Cons'(X11,X13,X15)) [resolution 108,107]
845. filter_mset(sK5,sK7,'Cons'(sK5,sK6,'Cons'(sK5,sK12,sK13))) != filter_mset(sK5,sK7,'Cons'(sK5,sK6,'Cons'(sK5,sK12,sK13))) | 'Cons'(sK5,sK12,insort(sK5,sK6,X6)) = insort(sK5,sK6,'Cons'(sK5,sK12,X6)) [superposition 257,313]
859. 'Cons'(sK5,sK12,insort(sK5,sK6,X6)) = insort(sK5,sK6,'Cons'(sK5,sK12,X6)) [trivial inequality removal 845]
864. filter_mset(sK5,sK7,'Cons'(sK5,sK6,'Cons'(sK5,sK12,sK13))) != filter_mset(sK5,sK7,'Cons'(sK5,sK12,insort(sK5,sK6,sK13))) [backward demodulation 257,859]
880. filter_mset(sK5,sK7,insort(sK5,sK6,sK13)) != filter_mset(sK5,sK7,'Cons'(sK5,sK6,'Cons'(sK5,sK12,sK13))) | sK7 = sK12 [superposition 864,109]
897. filter_mset(sK5,sK7,'Cons'(sK5,sK6,sK13)) != filter_mset(sK5,sK7,'Cons'(sK5,sK6,'Cons'(sK5,sK12,sK13))) | sK7 = sK12 [forward demodulation 880,255]
899. 7 <=> sK7 = sK12 [avatar definition]
900. sK7 != sK12 <- (~7) [avatar component clause 899]
901. sK7 = sK12 <- (7) [avatar component clause 899]
903. 8 <=> filter_mset(sK5,sK7,'Cons'(sK5,sK6,sK13)) = filter_mset(sK5,sK7,'Cons'(sK5,sK6,'Cons'(sK5,sK12,sK13))) [avatar definition]
905. filter_mset(sK5,sK7,'Cons'(sK5,sK6,sK13)) != filter_mset(sK5,sK7,'Cons'(sK5,sK6,'Cons'(sK5,sK12,sK13))) <- (~8) [avatar component clause 903]
906. 7 | ~8 [avatar split clause 897,903,899]
968. 11 <=> sK6 = sK7 [avatar definition]
969. sK6 != sK7 <- (~11) [avatar component clause 968]
970. sK6 = sK7 <- (11) [avatar component clause 968]
977. 13 <=> filter_mset(sK5,sK7,'Cons'(sK5,sK6,'Nil'(sK5))) = filter_mset(sK5,sK7,'Cons'(sK5,sK6,'Cons'(sK5,sK12,'Nil'(sK5)))) [avatar definition]
978. filter_mset(sK5,sK7,'Cons'(sK5,sK6,'Nil'(sK5))) = filter_mset(sK5,sK7,'Cons'(sK5,sK6,'Cons'(sK5,sK12,'Nil'(sK5)))) <- (13) [avatar component clause 977]
979. filter_mset(sK5,sK7,'Cons'(sK5,sK6,'Nil'(sK5))) != filter_mset(sK5,sK7,'Cons'(sK5,sK6,'Cons'(sK5,sK12,'Nil'(sK5)))) <- (~13) [avatar component clause 977]
996. filter_mset(sK5,sK6,insort(sK5,sK6,sK13)) = filter_mset(sK5,sK6,'Cons'(sK5,sK6,sK13)) <- (11) [backward demodulation 255,970]
1002. filter_mset(sK5,sK6,'Cons'(sK5,sK6,'Cons'(sK5,sK12,sK13))) != filter_mset(sK5,sK6,'Cons'(sK5,sK12,insort(sK5,sK6,sK13))) <- (11) [backward demodulation 864,970]
1013. filter_mset(sK5,sK6,'Cons'(sK5,sK6,'Cons'(sK5,sK12,'Nil'(sK5)))) != filter_mset(sK5,sK6,'Cons'(sK5,sK6,'Nil'(sK5))) <- (11, ~13) [backward demodulation 979,970]
1015. filter_mset(sK5,sK6,insort(sK5,sK6,sK13)) = 'Cons'(sK5,sK6,filter_mset(sK5,sK6,sK13)) <- (11) [forward demodulation 996,189]
1021. filter_mset(sK5,sK6,'Cons'(sK5,sK12,insort(sK5,sK6,sK13))) != 'Cons'(sK5,sK6,filter_mset(sK5,sK6,'Cons'(sK5,sK12,sK13))) <- (11) [forward demodulation 1002,189]
1040. filter_mset(sK5,sK6,'Cons'(sK5,sK6,'Cons'(sK5,sK12,'Nil'(sK5)))) != 'Cons'(sK5,sK6,filter_mset(sK5,sK6,'Nil'(sK5))) <- (11, ~13) [forward demodulation 1013,189]
1041. 'Cons'(sK5,sK6,'Nil'(sK5)) != filter_mset(sK5,sK6,'Cons'(sK5,sK6,'Cons'(sK5,sK12,'Nil'(sK5)))) <- (11, ~13) [forward demodulation 1040,106]
1042. 'Cons'(sK5,sK6,'Nil'(sK5)) != 'Cons'(sK5,sK6,filter_mset(sK5,sK6,'Cons'(sK5,sK12,'Nil'(sK5)))) <- (11, ~13) [forward demodulation 1041,189]
1043. sK6 != sK6 | 'Nil'(sK5) != filter_mset(sK5,sK6,'Cons'(sK5,sK12,'Nil'(sK5))) <- (11, ~13) [term algebras injectivity 1042]
1044. 'Nil'(sK5) != filter_mset(sK5,sK6,'Cons'(sK5,sK12,'Nil'(sK5))) <- (11, ~13) [trivial inequality removal 1043]
1094. 'Nil'(sK5) != filter_mset(sK5,sK6,'Nil'(sK5)) | sK6 = sK12 <- (11, ~13) [superposition 1044,109]
1099. sK6 = sK12 <- (11, ~13) [subsumption resolution 1094,106]
1103. 'Cons'(sK5,sK6,filter_mset(sK5,sK6,'Cons'(sK5,sK6,sK13))) != filter_mset(sK5,sK6,'Cons'(sK5,sK6,insort(sK5,sK6,sK13))) <- (11, ~13) [backward demodulation 1021,1099]
1124. 'Cons'(sK5,sK6,filter_mset(sK5,sK6,'Cons'(sK5,sK6,sK13))) != 'Cons'(sK5,sK6,filter_mset(sK5,sK6,insort(sK5,sK6,sK13))) <- (11, ~13) [forward demodulation 1103,189]
1125. sK6 != sK6 | filter_mset(sK5,sK6,insort(sK5,sK6,sK13)) != filter_mset(sK5,sK6,'Cons'(sK5,sK6,sK13)) <- (11, ~13) [term algebras injectivity 1124]
1126. filter_mset(sK5,sK6,insort(sK5,sK6,sK13)) != filter_mset(sK5,sK6,'Cons'(sK5,sK6,sK13)) <- (11, ~13) [trivial inequality removal 1125]
1127. filter_mset(sK5,sK6,insort(sK5,sK6,sK13)) != 'Cons'(sK5,sK6,filter_mset(sK5,sK6,sK13)) <- (11, ~13) [forward demodulation 1126,189]
1128. $false <- (11, ~13) [subsumption resolution 1127,1015]
1129. ~11 | 13 [avatar contradiction clause 1128]
1144. filter_mset(sK5,sK6,'Cons'(sK5,sK6,'Cons'(sK5,sK12,'Nil'(sK5)))) = filter_mset(sK5,sK6,'Cons'(sK5,sK6,'Nil'(sK5))) <- (11, 13) [forward demodulation 978,970]
1145. filter_mset(sK5,sK6,'Cons'(sK5,sK6,'Cons'(sK5,sK12,'Nil'(sK5)))) = 'Cons'(sK5,sK6,filter_mset(sK5,sK6,'Nil'(sK5))) <- (11, 13) [forward demodulation 1144,189]
1146. 'Cons'(sK5,sK6,'Nil'(sK5)) = filter_mset(sK5,sK6,'Cons'(sK5,sK6,'Cons'(sK5,sK12,'Nil'(sK5)))) <- (11, 13) [forward demodulation 1145,106]
1147. 'Cons'(sK5,sK6,'Nil'(sK5)) = 'Cons'(sK5,sK6,filter_mset(sK5,sK6,'Cons'(sK5,sK12,'Nil'(sK5)))) <- (11, 13) [forward demodulation 1146,189]
1155. sK6 = sK12 <- (7, 11) [forward demodulation 901,970]
1158. 'Cons'(sK5,sK6,'Nil'(sK5)) = 'Cons'(sK5,sK6,filter_mset(sK5,sK6,'Cons'(sK5,sK6,'Nil'(sK5)))) <- (7, 11, 13) [backward demodulation 1147,1155]
1167. 'Cons'(sK5,sK6,'Nil'(sK5)) = 'Cons'(sK5,sK6,'Cons'(sK5,sK6,filter_mset(sK5,sK6,'Nil'(sK5)))) <- (7, 11, 13) [forward demodulation 1158,189]
1168. $false <- (7, 11, 13) [subsumption resolution 1167,193]
1169. ~7 | ~11 | ~13 [avatar contradiction clause 1168]
1200. sK6 != sK12 <- (~7, 11) [forward demodulation 900,970]
1204. filter_mset(sK5,sK6,X0) = filter_mset(sK5,sK6,'Cons'(sK5,sK12,X0)) <- (~7, 11) [unit resulting resolution 1200,109]
1212. filter_mset(sK5,sK6,insort(sK5,sK6,sK13)) != 'Cons'(sK5,sK6,filter_mset(sK5,sK6,'Cons'(sK5,sK12,sK13))) <- (~7, 11) [backward demodulation 1021,1204]
1230. filter_mset(sK5,sK6,insort(sK5,sK6,sK13)) != 'Cons'(sK5,sK6,filter_mset(sK5,sK6,sK13)) <- (~7, 11) [forward demodulation 1212,1204]
1231. $false <- (~7, 11) [subsumption resolution 1230,1015]
1232. 7 | ~11 [avatar contradiction clause 1231]
1255. filter_mset(sK5,sK7,X0) = filter_mset(sK5,sK7,'Cons'(sK5,sK12,X0)) <- (~7) [unit resulting resolution 900,109]
1288. filter_mset(sK5,sK7,X0) = filter_mset(sK5,sK7,'Cons'(sK5,sK6,X0)) <- (~11) [unit resulting resolution 969,109]
1300. filter_mset(sK5,sK7,'Cons'(sK5,sK6,sK13)) != filter_mset(sK5,sK7,'Cons'(sK5,sK12,sK13)) <- (~8, ~11) [backward demodulation 905,1288]
1315. filter_mset(sK5,sK7,insort(sK5,sK6,sK13)) = filter_mset(sK5,sK7,sK13) <- (~11) [backward demodulation 255,1288]
1333. filter_mset(sK5,sK7,'Cons'(sK5,sK6,sK13)) != filter_mset(sK5,sK7,sK13) <- (~7, ~8, ~11) [forward demodulation 1300,1255]
1334. $false <- (~7, ~8, ~11) [subsumption resolution 1333,1288]
1335. 7 | 8 | 11 [avatar contradiction clause 1334]
1365. filter_mset(sK5,sK7,'Cons'(sK5,sK12,insort(sK5,sK6,sK13))) != filter_mset(sK5,sK7,'Cons'(sK5,sK12,sK13)) <- (~11) [forward demodulation 864,1288]
1381. filter_mset(sK5,sK7,'Cons'(sK5,sK7,sK13)) != filter_mset(sK5,sK7,'Cons'(sK5,sK7,insort(sK5,sK6,sK13))) <- (7, ~11) [backward demodulation 1365,901]
1411. filter_mset(sK5,sK7,'Cons'(sK5,sK7,sK13)) != 'Cons'(sK5,sK7,filter_mset(sK5,sK7,insort(sK5,sK6,sK13))) <- (7, ~11) [forward demodulation 1381,189]
1412. filter_mset(sK5,sK7,'Cons'(sK5,sK7,sK13)) != 'Cons'(sK5,sK7,filter_mset(sK5,sK7,sK13)) <- (7, ~11) [forward demodulation 1411,1315]
1413. $false <- (7, ~11) [subsumption resolution 1412,189]
1414. ~7 | 11 [avatar contradiction clause 1413]
1423. $false [avatar sat refutation 906,1129,1169,1232,1335,1414]
% SZS output end Proof for lemma1
% (41561)------------------------------
% (41561)Version: Vampire 4.7 (commit )
% (41561)Linked with Z3 4.9.1.0  NOTFOUND
% (41561)Termination reason: Refutation

% (41561)Memory used [KB]: 6396
% (41561)Time elapsed: 0.036 s
% (41561)------------------------------
% (41561)------------------------------
% (41559)Success in time 0.036 s
