% (41482)lrs+10_1_ind=struct:sos=theory:sstl=1:drc=encompass:sp=occurrence:to=lpo:sik=recursion:nui=off:indoct=off:indao=off:urr=off_89 on lemma1 for (89ds/0Mi)
% (41480)lrs+10_1_ind=struct:sos=theory:sstl=1:drc=encompass:sp=occurrence:to=lpo:sik=recursion:nui=off:indoct=off:indao=on:urr=off_89 on lemma1 for (89ds/0Mi)
% (41484)lrs+10_1_ind=struct:sos=theory:sstl=1:drc=encompass:sp=occurrence:to=lpo:sik=recursion:nui=off:indoct=on:indao=on:urr=off_89 on lemma1 for (89ds/0Mi)
% (41481)lrs+10_1_ind=struct:sos=theory:sstl=1:drc=encompass:sp=occurrence:to=lpo:sik=recursion:nui=off:indoct=off:indao=on:urr=on_89 on lemma1 for (89ds/0Mi)
% (41485)lrs+10_1_ind=struct:sos=theory:sstl=1:drc=encompass:sp=occurrence:to=lpo:sik=recursion:nui=off:indoct=on:indao=on:urr=on_89 on lemma1 for (89ds/0Mi)
% (41487)lrs+10_1_ind=struct:sos=theory:sstl=1:drc=encompass:sp=occurrence:to=lpo:sik=recursion:nui=off:indoct=on:indao=off:urr=on_89 on lemma1 for (89ds/0Mi)
% (41486)lrs+10_1_ind=struct:sos=theory:sstl=1:drc=encompass:sp=occurrence:to=lpo:sik=recursion:nui=off:indoct=on:indao=off:urr=off_89 on lemma1 for (89ds/0Mi)
% (41483)lrs+10_1_ind=struct:sos=theory:sstl=1:drc=encompass:sp=occurrence:to=lpo:sik=recursion:nui=off:indoct=off:indao=off:urr=on_89 on lemma1 for (89ds/0Mi)
% (41488)lrs+10_1_ind=struct:sos=theory:sstl=1:drc=encompass:sp=occurrence:to=lpo:sik=recursion:nui=on:indoct=off:indao=on:urr=off_89 on lemma1 for (89ds/0Mi)
% (41489)lrs+10_1_ind=struct:sos=theory:sstl=1:drc=encompass:sp=occurrence:to=lpo:sik=recursion:nui=on:indoct=off:indao=on:urr=on_89 on lemma1 for (89ds/0Mi)
% (41490)lrs+10_1_ind=struct:sos=theory:sstl=1:drc=encompass:sp=occurrence:to=lpo:sik=recursion:nui=on:indoct=off:indao=off:urr=off_89 on lemma1 for (89ds/0Mi)
% (41491)lrs+10_1_ind=struct:sos=theory:sstl=1:drc=encompass:sp=occurrence:to=lpo:sik=recursion:nui=on:indoct=off:indao=off:urr=on_89 on lemma1 for (89ds/0Mi)
% (41492)lrs+10_1_ind=struct:sos=theory:sstl=1:drc=encompass:sp=occurrence:to=lpo:sik=recursion:nui=on:indoct=on:indao=on:urr=off_89 on lemma1 for (89ds/0Mi)
% (41493)lrs+10_1_ind=struct:sos=theory:sstl=1:drc=encompass:sp=occurrence:to=lpo:sik=recursion:nui=on:indoct=on:indao=on:urr=on_89 on lemma1 for (89ds/0Mi)
% (41482)First to succeed.
% (41480)Also succeeded, but the first one will report.
% (41482)Refutation found. Thanks to Tanya!
% SZS status Unsatisfiable for lemma1
% SZS output start Proof for lemma1
6. insort(X0,X1,X2) = $match(X2,'Nil'(X0),'Cons'(X0,X1,'Nil'(X0)),'Cons'(X0,X3,X4),$ite(leq(X0,X1,X3), 'Cons'(X0,X1,'Cons'(X0,X3,X4)),'Cons'(X0,X3,insort(X0,X1,X4)))) [input]
8. filter_mset(X0,X1,X2) = $match(X2,'Nil'(X0),'Nil'(X0),'Cons'(X0,X3,X4),$ite(X1 = X3, 'Cons'(X0,X3,filter_mset(X0,X1,X4)),filter_mset(X0,X1,X4))) [input]
9. ! [X0 : $tType] : ! [X2 : X0,X1 : X0,X3 : 'list()'(X0)] : filter_mset(X0,X1,insort(X0,X2,X3)) = filter_mset(X0,X1,'Cons'(X0,X2,X3)) [input]
10. ~! [X0 : $tType] : ! [X2 : X0,X1 : X0,X3 : 'list()'(X0)] : filter_mset(X0,X1,insort(X0,X2,X3)) = filter_mset(X0,X1,'Cons'(X0,X2,X3)) [negated conjecture 9]
17. ! [X4 : 'list()'(X0),X3 : X0,X2 : 'list()'(X0),X1 : X0,X0 : $tType] : filter_mset(X0,X1,X2) = $match(X2,'Nil'(X0),'Nil'(X0),'Cons'(X0,X3,X4),$ite(X1 = X3, 'Cons'(X0,X3,filter_mset(X0,X1,X4)),filter_mset(X0,X1,X4))) [closure 8]
19. ! [X0 : $tType,X3 : X0,X1 : X0,X4 : 'list()'(X0)] : (X1 = X3 => 'Cons'(X0,X3,filter_mset(X0,X1,X4)) = iG1(X0,X3,X1,X4)) [fool $ite elimination 17]
20. ! [X0 : $tType,X3 : X0,X1 : X0,X4 : 'list()'(X0)] : (~X1 = X3 => filter_mset(X0,X1,X4) = iG1(X0,X3,X1,X4)) [fool $ite elimination 17]
21. ! [X0 : $tType,X3 : X0,X1 : X0,X4 : 'list()'(X0),X2 : 'list()'(X0)] : ('Cons'(X0,X3,X4) = X2 => mG0(X0,X3,X1,X4,X2) = iG1(X0,X3,X1,X4)) [fool $match elimination 17]
22. ! [X4 : 'list()'(X0),X3 : X0,X2 : 'list()'(X0),X1 : X0,X0 : $tType] : filter_mset(X0,X1,X2) = mG0(X0,X3,X1,X4,X2) [fool elimination 17]
27. ! [X4 : 'list()'(X0),X3 : X0,X2 : 'list()'(X0),X1 : X0,X0 : $tType] : insort(X0,X1,X2) = $match(X2,'Nil'(X0),'Cons'(X0,X1,'Nil'(X0)),'Cons'(X0,X3,X4),$ite(leq(X0,X1,X3), 'Cons'(X0,X1,'Cons'(X0,X3,X4)),'Cons'(X0,X3,insort(X0,X1,X4)))) [closure 6]
28. ! [X0 : $tType,X3 : X0,X1 : X0,X4 : 'list()'(X0),X2 : 'list()'(X0)] : ('Nil'(X0) = X2 => 'Cons'(X0,X1,'Nil'(X0)) = mG3(X0,X3,X1,X4,X2)) [fool $match elimination 27]
29. ! [X0 : $tType,X3 : X0,X1 : X0,X4 : 'list()'(X0)] : (leq(X0,X1,X3) => 'Cons'(X0,X1,'Cons'(X0,X3,X4)) = iG4(X0,X3,X1,X4)) [fool $ite elimination 27]
30. ! [X0 : $tType,X3 : X0,X1 : X0,X4 : 'list()'(X0)] : (~leq(X0,X1,X3) => 'Cons'(X0,X3,insort(X0,X1,X4)) = iG4(X0,X3,X1,X4)) [fool $ite elimination 27]
31. ! [X0 : $tType,X3 : X0,X1 : X0,X4 : 'list()'(X0),X2 : 'list()'(X0)] : ('Cons'(X0,X3,X4) = X2 => mG3(X0,X3,X1,X4,X2) = iG4(X0,X3,X1,X4)) [fool $match elimination 27]
32. ! [X4 : 'list()'(X0),X3 : X0,X2 : 'list()'(X0),X1 : X0,X0 : $tType] : insort(X0,X1,X2) = mG3(X0,X3,X1,X4,X2) [fool elimination 27]
33. ! [X0 : $tType,X1 : X0,X2 : X0,X3 : 'list()'(X0),X4 : 'list()'(X0)] : ('Cons'(X0,X1,X3) = X4 => mG3(X0,X1,X2,X3,X4) = iG4(X0,X1,X2,X3)) [rectify 31]
34. ! [X0 : $tType,X1 : X0,X2 : X0,X3 : 'list()'(X0)] : (~leq(X0,X2,X1) => iG4(X0,X1,X2,X3) = 'Cons'(X0,X1,insort(X0,X2,X3))) [rectify 30]
35. ! [X0 : $tType,X1 : X0,X2 : X0,X3 : 'list()'(X0)] : (~leq(X0,X2,X1) => iG4(X0,X1,X2,X3) = 'Cons'(X0,X1,insort(X0,X2,X3))) [flattening 34]
36. ! [X0 : $tType,X1 : X0,X2 : X0,X3 : 'list()'(X0)] : (leq(X0,X2,X1) => iG4(X0,X1,X2,X3) = 'Cons'(X0,X2,'Cons'(X0,X1,X3))) [rectify 29]
37. ! [X0 : $tType,X1 : X0,X2 : X0,X3 : 'list()'(X0),X4 : 'list()'(X0)] : ('Nil'(X0) = X4 => mG3(X0,X1,X2,X3,X4) = 'Cons'(X0,X2,'Nil'(X0))) [rectify 28]
40. ! [X0 : $tType,X1 : X0,X2 : X0,X3 : 'list()'(X0),X4 : 'list()'(X0)] : ('Cons'(X0,X1,X3) = X4 => mG0(X0,X1,X2,X3,X4) = iG1(X0,X1,X2,X3)) [rectify 21]
41. ! [X0 : $tType,X1 : X0,X2 : X0,X3 : 'list()'(X0)] : (~X1 = X2 => iG1(X0,X1,X2,X3) = filter_mset(X0,X2,X3)) [rectify 20]
42. ! [X0 : $tType,X1 : X0,X2 : X0,X3 : 'list()'(X0)] : (X1 != X2 => iG1(X0,X1,X2,X3) = filter_mset(X0,X2,X3)) [flattening 41]
43. ! [X0 : $tType,X1 : X0,X2 : X0,X3 : 'list()'(X0)] : (X1 = X2 => iG1(X0,X1,X2,X3) = 'Cons'(X0,X1,filter_mset(X0,X2,X3))) [rectify 19]
45. ~! [X0 : $tType] : ! [X1 : X0,X2 : X0,X3 : 'list()'(X0)] : filter_mset(X0,X2,insort(X0,X1,X3)) = filter_mset(X0,X2,'Cons'(X0,X1,X3)) [rectify 10]
46. ~! [X0 : $tType,X1 : X0,X2 : X0,X3 : 'list()'(X0)] : filter_mset(X0,X2,insort(X0,X1,X3)) = filter_mset(X0,X2,'Cons'(X0,X1,X3)) [flattening 45]
47. ! [X0 : 'list()'(X4),X1 : X4,X2 : 'list()'(X4),X3 : X4,X4 : $tType] : filter_mset(X4,X3,X2) = mG0(X4,X1,X3,X0,X2) [rectify 22]
49. ! [X0 : 'list()'(X4),X1 : X4,X2 : 'list()'(X4),X3 : X4,X4 : $tType] : insort(X4,X3,X2) = mG3(X4,X1,X3,X0,X2) [rectify 32]
59. ! [X0 : $tType,X1 : X0,X2 : X0,X3 : 'list()'(X0),X4 : 'list()'(X0)] : (mG3(X0,X1,X2,X3,X4) = iG4(X0,X1,X2,X3) | 'Cons'(X0,X1,X3) != X4) [ennf transformation 33]
60. ! [X0 : $tType,X1 : X0,X2 : X0,X3 : 'list()'(X0)] : (iG4(X0,X1,X2,X3) = 'Cons'(X0,X1,insort(X0,X2,X3)) | leq(X0,X2,X1)) [ennf transformation 35]
61. ! [X0 : $tType,X1 : X0,X2 : X0,X3 : 'list()'(X0)] : (iG4(X0,X1,X2,X3) = 'Cons'(X0,X2,'Cons'(X0,X1,X3)) | ~leq(X0,X2,X1)) [ennf transformation 36]
62. ! [X0 : $tType,X1 : X0,X2 : X0,X3 : 'list()'(X0),X4 : 'list()'(X0)] : (mG3(X0,X1,X2,X3,X4) = 'Cons'(X0,X2,'Nil'(X0)) | 'Nil'(X0) != X4) [ennf transformation 37]
65. ! [X0 : $tType,X1 : X0,X2 : X0,X3 : 'list()'(X0),X4 : 'list()'(X0)] : (mG0(X0,X1,X2,X3,X4) = iG1(X0,X1,X2,X3) | 'Cons'(X0,X1,X3) != X4) [ennf transformation 40]
66. ! [X0 : $tType,X1 : X0,X2 : X0,X3 : 'list()'(X0)] : (iG1(X0,X1,X2,X3) = filter_mset(X0,X2,X3) | X1 = X2) [ennf transformation 42]
67. ! [X0 : $tType,X1 : X0,X2 : X0,X3 : 'list()'(X0)] : (iG1(X0,X1,X2,X3) = 'Cons'(X0,X1,filter_mset(X0,X2,X3)) | X1 != X2) [ennf transformation 43]
69. ? [X0 : $tType,X1 : X0,X2 : X0,X3 : 'list()'(X0)] : filter_mset(X0,X2,insort(X0,X1,X3)) != filter_mset(X0,X2,'Cons'(X0,X1,X3)) [ennf transformation 46]
74. ? [X0 : $tType,X1 : X0,X2 : X0,X3 : 'list()'(X0)] : filter_mset(X0,X2,insort(X0,X1,X3)) != filter_mset(X0,X2,'Cons'(X0,X1,X3)) => filter_mset(sK5,sK7,insort(sK5,sK6,sK8)) != filter_mset(sK5,sK7,'Cons'(sK5,sK6,sK8)) [choice axiom]
75. filter_mset(sK5,sK7,insort(sK5,sK6,sK8)) != filter_mset(sK5,sK7,'Cons'(sK5,sK6,sK8)) [skolemisation 69,74]
76. mG3(X0,X1,X2,X3,X4) = iG4(X0,X1,X2,X3) | 'Cons'(X0,X1,X3) != X4 [cnf transformation 59]
77. iG4(X0,X1,X2,X3) = 'Cons'(X0,X1,insort(X0,X2,X3)) | leq(X0,X2,X1) [cnf transformation 60]
78. iG4(X0,X1,X2,X3) = 'Cons'(X0,X2,'Cons'(X0,X1,X3)) | ~leq(X0,X2,X1) [cnf transformation 61]
79. mG3(X0,X1,X2,X3,X4) = 'Cons'(X0,X2,'Nil'(X0)) | 'Nil'(X0) != X4 [cnf transformation 62]
82. mG0(X0,X1,X2,X3,X4) = iG1(X0,X1,X2,X3) | 'Cons'(X0,X1,X3) != X4 [cnf transformation 65]
83. iG1(X0,X1,X2,X3) = filter_mset(X0,X2,X3) | X1 = X2 [cnf transformation 66]
84. iG1(X0,X1,X2,X3) = 'Cons'(X0,X1,filter_mset(X0,X2,X3)) | X1 != X2 [cnf transformation 67]
86. filter_mset(sK5,sK7,insort(sK5,sK6,sK8)) != filter_mset(sK5,sK7,'Cons'(sK5,sK6,sK8)) [cnf transformation 75]
87. filter_mset(X4,X3,X2) = mG0(X4,X1,X3,X0,X2) [cnf transformation 47]
89. insort(X4,X3,X2) = mG3(X4,X1,X3,X0,X2) [cnf transformation 49]
94. iG4(X0,X1,X2,X3) = insort(X0,X2,X4) | 'Cons'(X0,X1,X3) != X4 [definition unfolding 76,89]
95. 'Cons'(X0,X2,'Nil'(X0)) = insort(X0,X2,X4) | 'Nil'(X0) != X4 [definition unfolding 79,89]
98. iG1(X0,X1,X2,X3) = filter_mset(X0,X2,X4) | 'Cons'(X0,X1,X3) != X4 [definition unfolding 82,87]
100. iG4(X0,X1,X2,X3) = insort(X0,X2,'Cons'(X0,X1,X3)) [equality resolution 94]
101. 'Cons'(X0,X2,'Nil'(X0)) = insort(X0,X2,'Nil'(X0)) [equality resolution 95]
104. iG1(X0,X1,X2,X3) = filter_mset(X0,X2,'Cons'(X0,X1,X3)) [equality resolution 98]
105. iG1(X0,X2,X2,X3) = 'Cons'(X0,X2,filter_mset(X0,X2,X3)) [equality resolution 84]
107. leq(X0,X2,X1) | 'Cons'(X0,X1,insort(X0,X2,X3)) = insort(X0,X2,'Cons'(X0,X1,X3)) [forward demodulation 77,100]
108. ~leq(X0,X2,X1) | 'Cons'(X0,X2,'Cons'(X0,X1,X3)) = insort(X0,X2,'Cons'(X0,X1,X3)) [forward demodulation 78,100]
109. filter_mset(X0,X2,X3) = filter_mset(X0,X2,'Cons'(X0,X1,X3)) | X1 = X2 [forward demodulation 83,104]
167. 'Cons'(X0,X1,filter_mset(X0,X1,X2)) = filter_mset(X0,X1,'Cons'(X0,X1,X2)) [superposition 105,104]
205. ! [X2 : sK5,X3 : 'list()'(sK5)] : ((filter_mset(sK5,sK7,insort(sK5,sK6,X3)) = filter_mset(sK5,sK7,'Cons'(sK5,sK6,X3)) => filter_mset(sK5,sK7,insort(sK5,sK6,'Cons'(sK5,X2,X3))) = filter_mset(sK5,sK7,'Cons'(sK5,sK6,'Cons'(sK5,X2,X3)))) & filter_mset(sK5,sK7,insort(sK5,sK6,'Nil'(sK5))) = filter_mset(sK5,sK7,'Cons'(sK5,sK6,'Nil'(sK5)))) => ! [X6 : 'list()'(sK5)] : filter_mset(sK5,sK7,insort(sK5,sK6,X6)) = filter_mset(sK5,sK7,'Cons'(sK5,sK6,X6)) [structural induction hypothesis (recursion)]
206. ! [X6 : 'list()'(sK5)] : filter_mset(sK5,sK7,insort(sK5,sK6,X6)) = filter_mset(sK5,sK7,'Cons'(sK5,sK6,X6)) | ? [X2 : sK5,X3 : 'list()'(sK5)] : ((filter_mset(sK5,sK7,insort(sK5,sK6,'Cons'(sK5,X2,X3))) != filter_mset(sK5,sK7,'Cons'(sK5,sK6,'Cons'(sK5,X2,X3))) & filter_mset(sK5,sK7,insort(sK5,sK6,X3)) = filter_mset(sK5,sK7,'Cons'(sK5,sK6,X3))) | filter_mset(sK5,sK7,insort(sK5,sK6,'Nil'(sK5))) != filter_mset(sK5,sK7,'Cons'(sK5,sK6,'Nil'(sK5)))) [ennf transformation 205]
207. filter_mset(sK5,sK7,insort(sK5,sK6,'Nil'(sK5))) != filter_mset(sK5,sK7,'Cons'(sK5,sK6,'Nil'(sK5))) | filter_mset(sK5,sK7,insort(sK5,sK6,sK13)) = filter_mset(sK5,sK7,'Cons'(sK5,sK6,sK13)) | filter_mset(sK5,sK7,insort(sK5,sK6,X6)) = filter_mset(sK5,sK7,'Cons'(sK5,sK6,X6)) [cnf transformation 206]
208. filter_mset(sK5,sK7,insort(sK5,sK6,'Nil'(sK5))) != filter_mset(sK5,sK7,'Cons'(sK5,sK6,'Nil'(sK5))) | filter_mset(sK5,sK7,insort(sK5,sK6,'Cons'(sK5,sK12,sK13))) != filter_mset(sK5,sK7,'Cons'(sK5,sK6,'Cons'(sK5,sK12,sK13))) | filter_mset(sK5,sK7,insort(sK5,sK6,X6)) = filter_mset(sK5,sK7,'Cons'(sK5,sK6,X6)) [cnf transformation 206]
211. filter_mset(sK5,sK7,insort(sK5,sK6,'Nil'(sK5))) != filter_mset(sK5,sK7,'Cons'(sK5,sK6,'Nil'(sK5))) | filter_mset(sK5,sK7,insort(sK5,sK6,'Cons'(sK5,sK12,sK13))) != filter_mset(sK5,sK7,'Cons'(sK5,sK6,'Cons'(sK5,sK12,sK13))) [induction hyperresolution 86,208]
212. filter_mset(sK5,sK7,insort(sK5,sK6,'Nil'(sK5))) != filter_mset(sK5,sK7,'Cons'(sK5,sK6,'Nil'(sK5))) | filter_mset(sK5,sK7,insort(sK5,sK6,sK13)) = filter_mset(sK5,sK7,'Cons'(sK5,sK6,sK13)) [induction hyperresolution 86,207]
213. filter_mset(sK5,sK7,'Cons'(sK5,sK6,'Nil'(sK5))) != filter_mset(sK5,sK7,'Cons'(sK5,sK6,'Nil'(sK5))) | filter_mset(sK5,sK7,insort(sK5,sK6,sK13)) = filter_mset(sK5,sK7,'Cons'(sK5,sK6,sK13)) [forward demodulation 212,101]
214. filter_mset(sK5,sK7,insort(sK5,sK6,sK13)) = filter_mset(sK5,sK7,'Cons'(sK5,sK6,sK13)) [trivial inequality removal 213]
215. filter_mset(sK5,sK7,'Cons'(sK5,sK6,'Nil'(sK5))) != filter_mset(sK5,sK7,'Cons'(sK5,sK6,'Nil'(sK5))) | filter_mset(sK5,sK7,insort(sK5,sK6,'Cons'(sK5,sK12,sK13))) != filter_mset(sK5,sK7,'Cons'(sK5,sK6,'Cons'(sK5,sK12,sK13))) [forward demodulation 211,101]
216. filter_mset(sK5,sK7,insort(sK5,sK6,'Cons'(sK5,sK12,sK13))) != filter_mset(sK5,sK7,'Cons'(sK5,sK6,'Cons'(sK5,sK12,sK13))) [trivial inequality removal 215]
239. 'Cons'(X11,X12,'Cons'(X11,X13,X14)) = insort(X11,X12,'Cons'(X11,X13,X14)) | 'Cons'(X11,X13,insort(X11,X12,X15)) = insort(X11,X12,'Cons'(X11,X13,X15)) [resolution 108,107]
437. filter_mset(sK5,sK7,'Cons'(sK5,sK6,'Cons'(sK5,sK12,sK13))) != filter_mset(sK5,sK7,'Cons'(sK5,sK6,'Cons'(sK5,sK12,sK13))) | 'Cons'(sK5,sK12,insort(sK5,sK6,X6)) = insort(sK5,sK6,'Cons'(sK5,sK12,X6)) [superposition 216,239]
451. 'Cons'(sK5,sK12,insort(sK5,sK6,X6)) = insort(sK5,sK6,'Cons'(sK5,sK12,X6)) [trivial inequality removal 437]
454. filter_mset(sK5,sK7,'Cons'(sK5,sK6,'Cons'(sK5,sK12,sK13))) != filter_mset(sK5,sK7,'Cons'(sK5,sK12,insort(sK5,sK6,sK13))) [backward demodulation 216,451]
462. filter_mset(sK5,sK7,insort(sK5,sK6,sK13)) != filter_mset(sK5,sK7,'Cons'(sK5,sK6,'Cons'(sK5,sK12,sK13))) | sK7 = sK12 [superposition 454,109]
475. filter_mset(sK5,sK7,'Cons'(sK5,sK6,sK13)) != filter_mset(sK5,sK7,'Cons'(sK5,sK6,'Cons'(sK5,sK12,sK13))) | sK7 = sK12 [forward demodulation 462,214]
477. 7 <=> sK7 = sK12 [avatar definition]
479. sK7 = sK12 <- (7) [avatar component clause 477]
481. 8 <=> filter_mset(sK5,sK7,'Cons'(sK5,sK6,sK13)) = filter_mset(sK5,sK7,'Cons'(sK5,sK6,'Cons'(sK5,sK12,sK13))) [avatar definition]
482. filter_mset(sK5,sK7,'Cons'(sK5,sK6,sK13)) = filter_mset(sK5,sK7,'Cons'(sK5,sK6,'Cons'(sK5,sK12,sK13))) <- (8) [avatar component clause 481]
483. filter_mset(sK5,sK7,'Cons'(sK5,sK6,sK13)) != filter_mset(sK5,sK7,'Cons'(sK5,sK6,'Cons'(sK5,sK12,sK13))) <- (~8) [avatar component clause 481]
484. 7 | ~8 [avatar split clause 475,481,477]
518. filter_mset(sK5,sK7,'Cons'(sK5,sK6,sK13)) != filter_mset(sK5,sK7,'Cons'(sK5,sK12,sK13)) | sK6 = sK7 <- (~8) [superposition 483,109]
526. 11 <=> sK6 = sK7 [avatar definition]
527. sK6 != sK7 <- (~11) [avatar component clause 526]
528. sK6 = sK7 <- (11) [avatar component clause 526]
530. 12 <=> filter_mset(sK5,sK7,'Cons'(sK5,sK6,sK13)) = filter_mset(sK5,sK7,'Cons'(sK5,sK12,sK13)) [avatar definition]
532. filter_mset(sK5,sK7,'Cons'(sK5,sK6,sK13)) != filter_mset(sK5,sK7,'Cons'(sK5,sK12,sK13)) <- (~12) [avatar component clause 530]
533. 11 | ~12 | 8 [avatar split clause 518,481,530,526]
574. filter_mset(sK5,sK7,'Cons'(sK5,sK6,sK13)) != filter_mset(sK5,sK7,sK13) | sK7 = sK12 <- (~12) [superposition 532,109]
582. 20 <=> filter_mset(sK5,sK7,'Cons'(sK5,sK6,sK13)) = filter_mset(sK5,sK7,sK13) [avatar definition]
583. filter_mset(sK5,sK7,'Cons'(sK5,sK6,sK13)) = filter_mset(sK5,sK7,sK13) <- (20) [avatar component clause 582]
584. filter_mset(sK5,sK7,'Cons'(sK5,sK6,sK13)) != filter_mset(sK5,sK7,sK13) <- (~20) [avatar component clause 582]
585. 7 | ~20 | 12 [avatar split clause 574,530,582,477]
601. filter_mset(sK5,sK7,sK13) != filter_mset(sK5,sK7,sK13) | sK6 = sK7 <- (~20) [superposition 584,109]
614. sK6 = sK7 <- (~20) [trivial inequality removal 601]
615. 11 | 20 [avatar split clause 614,582,526]
758. 30 <=> sK6 = sK12 [avatar definition]
760. sK6 = sK12 <- (30) [avatar component clause 758]
778. filter_mset(sK5,sK7,insort(sK5,sK6,sK13)) = filter_mset(sK5,sK7,sK13) <- (20) [backward demodulation 214,583]
782. filter_mset(sK5,sK7,'Cons'(sK5,sK6,'Cons'(sK5,sK7,sK13))) != filter_mset(sK5,sK7,'Cons'(sK5,sK7,insort(sK5,sK6,sK13))) <- (7) [backward demodulation 454,479]
790. filter_mset(sK5,sK7,'Cons'(sK5,sK6,'Cons'(sK5,sK7,sK13))) != 'Cons'(sK5,sK7,filter_mset(sK5,sK7,insort(sK5,sK6,sK13))) <- (7) [forward demodulation 782,167]
791. filter_mset(sK5,sK7,'Cons'(sK5,sK6,'Cons'(sK5,sK7,sK13))) != 'Cons'(sK5,sK7,filter_mset(sK5,sK7,sK13)) <- (7, 20) [forward demodulation 790,778]
799. filter_mset(sK5,sK7,insort(sK5,sK6,'Nil'(sK5))) != filter_mset(sK5,sK7,'Cons'(sK5,sK6,'Nil'(sK5))) | filter_mset(sK5,sK7,insort(sK5,sK6,sK13)) = filter_mset(sK5,sK7,'Cons'(sK5,sK6,sK13)) [induction hyperresolution 86,207]
800. filter_mset(sK5,sK7,'Cons'(sK5,sK6,'Nil'(sK5))) != filter_mset(sK5,sK7,'Cons'(sK5,sK6,'Nil'(sK5))) | filter_mset(sK5,sK7,insort(sK5,sK6,sK13)) = filter_mset(sK5,sK7,'Cons'(sK5,sK6,sK13)) [forward demodulation 799,101]
801. filter_mset(sK5,sK7,insort(sK5,sK6,sK13)) = filter_mset(sK5,sK7,'Cons'(sK5,sK6,sK13)) [trivial inequality removal 800]
818. filter_mset(sK5,sK7,'Cons'(sK5,sK7,sK13)) != 'Cons'(sK5,sK7,filter_mset(sK5,sK7,sK13)) | sK6 = sK7 <- (7, 20) [superposition 791,109]
831. sK6 = sK7 <- (7, 20) [subsumption resolution 818,167]
832. $false <- (7, ~11, 20) [subsumption resolution 831,527]
833. ~7 | 11 | ~20 [avatar contradiction clause 832]
872. filter_mset(sK5,sK6,'Cons'(sK5,sK6,'Cons'(sK5,sK12,sK13))) != filter_mset(sK5,sK6,'Cons'(sK5,sK12,insort(sK5,sK6,sK13))) <- (11) [backward demodulation 454,528]
889. filter_mset(sK5,sK6,'Cons'(sK5,sK12,insort(sK5,sK6,sK13))) != 'Cons'(sK5,sK6,filter_mset(sK5,sK6,'Cons'(sK5,sK12,sK13))) <- (11) [forward demodulation 872,167]
931. filter_mset(sK5,sK6,insort(sK5,sK6,sK13)) = filter_mset(sK5,sK6,'Cons'(sK5,sK6,sK13)) <- (11) [forward demodulation 801,528]
932. filter_mset(sK5,sK6,insort(sK5,sK6,sK13)) = 'Cons'(sK5,sK6,filter_mset(sK5,sK6,sK13)) <- (11) [forward demodulation 931,167]
933. filter_mset(sK5,sK6,'Cons'(sK5,sK6,sK13)) != filter_mset(sK5,sK6,'Cons'(sK5,sK6,'Cons'(sK5,sK12,sK13))) <- (~8, 11) [forward demodulation 483,528]
934. filter_mset(sK5,sK6,'Cons'(sK5,sK6,sK13)) != 'Cons'(sK5,sK6,filter_mset(sK5,sK6,'Cons'(sK5,sK12,sK13))) <- (~8, 11) [forward demodulation 933,167]
1436. 'Cons'(sK5,sK6,filter_mset(sK5,sK6,sK13)) != 'Cons'(sK5,sK6,filter_mset(sK5,sK6,'Cons'(sK5,sK12,sK13))) <- (~8, 11) [forward demodulation 934,167]
1437. sK6 != sK6 | filter_mset(sK5,sK6,'Cons'(sK5,sK12,sK13)) != filter_mset(sK5,sK6,sK13) <- (~8, 11) [term algebras injectivity 1436]
1438. filter_mset(sK5,sK6,'Cons'(sK5,sK12,sK13)) != filter_mset(sK5,sK6,sK13) <- (~8, 11) [trivial inequality removal 1437]
1441. filter_mset(sK5,sK6,insort(sK5,sK6,sK13)) != 'Cons'(sK5,sK6,filter_mset(sK5,sK6,'Cons'(sK5,sK12,sK13))) | sK6 = sK12 <- (11) [superposition 889,109]
1470. filter_mset(sK5,sK6,sK13) != filter_mset(sK5,sK6,sK13) | sK6 = sK12 <- (~8, 11) [superposition 1438,109]
1483. sK6 = sK12 <- (~8, 11) [trivial inequality removal 1470]
1514. 30 | 8 | ~11 [avatar split clause 1483,526,481,758]
1515. 'Cons'(sK5,sK6,filter_mset(sK5,sK6,sK13)) != 'Cons'(sK5,sK6,filter_mset(sK5,sK6,'Cons'(sK5,sK12,sK13))) | sK6 = sK12 <- (11) [forward demodulation 1441,932]
1517. 63 <=> 'Cons'(sK5,sK6,filter_mset(sK5,sK6,sK13)) = 'Cons'(sK5,sK6,filter_mset(sK5,sK6,'Cons'(sK5,sK12,sK13))) [avatar definition]
1520. 30 | ~63 | ~11 [avatar split clause 1515,526,1517,758]
1525. filter_mset(sK5,sK6,'Cons'(sK5,sK6,insort(sK5,sK6,sK13))) != 'Cons'(sK5,sK6,filter_mset(sK5,sK6,'Cons'(sK5,sK6,sK13))) <- (11, 30) [backward demodulation 889,760]
1546. filter_mset(sK5,sK6,'Cons'(sK5,sK6,insort(sK5,sK6,sK13))) != 'Cons'(sK5,sK6,'Cons'(sK5,sK6,filter_mset(sK5,sK6,sK13))) <- (11, 30) [forward demodulation 1525,167]
1547. 'Cons'(sK5,sK6,'Cons'(sK5,sK6,filter_mset(sK5,sK6,sK13))) != 'Cons'(sK5,sK6,filter_mset(sK5,sK6,insort(sK5,sK6,sK13))) <- (11, 30) [forward demodulation 1546,167]
1548. sK6 != sK6 | filter_mset(sK5,sK6,insort(sK5,sK6,sK13)) != 'Cons'(sK5,sK6,filter_mset(sK5,sK6,sK13)) <- (11, 30) [term algebras injectivity 1547]
1549. filter_mset(sK5,sK6,insort(sK5,sK6,sK13)) != 'Cons'(sK5,sK6,filter_mset(sK5,sK6,sK13)) <- (11, 30) [trivial inequality removal 1548]
1550. $false <- (11, 30) [subsumption resolution 1549,932]
1551. ~11 | ~30 [avatar contradiction clause 1550]
1606. filter_mset(sK5,sK6,'Cons'(sK5,sK6,sK13)) = filter_mset(sK5,sK6,'Cons'(sK5,sK6,'Cons'(sK5,sK12,sK13))) <- (8, 11) [forward demodulation 482,528]
1607. filter_mset(sK5,sK6,'Cons'(sK5,sK6,sK13)) = 'Cons'(sK5,sK6,filter_mset(sK5,sK6,'Cons'(sK5,sK12,sK13))) <- (8, 11) [forward demodulation 1606,167]
1608. 'Cons'(sK5,sK6,filter_mset(sK5,sK6,sK13)) = 'Cons'(sK5,sK6,filter_mset(sK5,sK6,'Cons'(sK5,sK12,sK13))) <- (8, 11) [forward demodulation 1607,167]
1609. 63 | ~8 | ~11 [avatar split clause 1608,526,481,1517]
1613. $false [avatar sat refutation 484,533,585,615,833,1514,1520,1551,1609]
% SZS output end Proof for lemma1
% (41482)------------------------------
% (41482)Version: Vampire 4.7 (commit )
% (41482)Linked with Z3 4.9.1.0  NOTFOUND
% (41482)Termination reason: Refutation

% (41482)Memory used [KB]: 6396
% (41482)Time elapsed: 0.038 s
% (41482)------------------------------
% (41482)------------------------------
% (41479)Success in time 0.041 s
