% (41660)lrs+10_1_ind=struct:sos=theory:sstl=1:drc=encompass:sp=occurrence:to=lpo:sik=recursion:nui=off:indoct=off:indao=off:urr=off_89 on conjecture for (89ds/0Mi)
% (41658)lrs+10_1_ind=struct:sos=theory:sstl=1:drc=encompass:sp=occurrence:to=lpo:sik=recursion:nui=off:indoct=off:indao=on:urr=off_89 on conjecture for (89ds/0Mi)
% (41659)lrs+10_1_ind=struct:sos=theory:sstl=1:drc=encompass:sp=occurrence:to=lpo:sik=recursion:nui=off:indoct=off:indao=on:urr=on_89 on conjecture for (89ds/0Mi)
% (41663)lrs+10_1_ind=struct:sos=theory:sstl=1:drc=encompass:sp=occurrence:to=lpo:sik=recursion:nui=off:indoct=on:indao=on:urr=on_89 on conjecture for (89ds/0Mi)
% (41662)lrs+10_1_ind=struct:sos=theory:sstl=1:drc=encompass:sp=occurrence:to=lpo:sik=recursion:nui=off:indoct=on:indao=on:urr=off_89 on conjecture for (89ds/0Mi)
% (41665)lrs+10_1_ind=struct:sos=theory:sstl=1:drc=encompass:sp=occurrence:to=lpo:sik=recursion:nui=off:indoct=on:indao=off:urr=on_89 on conjecture for (89ds/0Mi)
% (41664)lrs+10_1_ind=struct:sos=theory:sstl=1:drc=encompass:sp=occurrence:to=lpo:sik=recursion:nui=off:indoct=on:indao=off:urr=off_89 on conjecture for (89ds/0Mi)
% (41661)lrs+10_1_ind=struct:sos=theory:sstl=1:drc=encompass:sp=occurrence:to=lpo:sik=recursion:nui=off:indoct=off:indao=off:urr=on_89 on conjecture for (89ds/0Mi)
% (41667)lrs+10_1_ind=struct:sos=theory:sstl=1:drc=encompass:sp=occurrence:to=lpo:sik=recursion:nui=on:indoct=off:indao=on:urr=on_89 on conjecture for (89ds/0Mi)
% (41668)lrs+10_1_ind=struct:sos=theory:sstl=1:drc=encompass:sp=occurrence:to=lpo:sik=recursion:nui=on:indoct=off:indao=off:urr=off_89 on conjecture for (89ds/0Mi)
% (41669)lrs+10_1_ind=struct:sos=theory:sstl=1:drc=encompass:sp=occurrence:to=lpo:sik=recursion:nui=on:indoct=off:indao=off:urr=on_89 on conjecture for (89ds/0Mi)
% (41658)First to succeed.
% (41671)lrs+10_1_ind=struct:sos=theory:sstl=1:drc=encompass:sp=occurrence:to=lpo:sik=recursion:nui=on:indoct=on:indao=on:urr=on_89 on conjecture for (89ds/0Mi)
% (41660)Also succeeded, but the first one will report.
% (41670)lrs+10_1_ind=struct:sos=theory:sstl=1:drc=encompass:sp=occurrence:to=lpo:sik=recursion:nui=on:indoct=on:indao=on:urr=off_89 on conjecture for (89ds/0Mi)
% (41666)lrs+10_1_ind=struct:sos=theory:sstl=1:drc=encompass:sp=occurrence:to=lpo:sik=recursion:nui=on:indoct=off:indao=on:urr=off_89 on conjecture for (89ds/0Mi)
% (41662)Also succeeded, but the first one will report.
% (41658)Refutation found. Thanks to Tanya!
% SZS status Unsatisfiable for conjecture
% SZS output start Proof for conjecture
9. (sorted(X0,X1) = $match(X1,'Nil'(X0),$true,'Cons'(X0,X2,X3),list_ge_elem(X0,X3,X2) & sorted(X0,X3))) [input]
11. isort(X0,X1) = $match(X1,'Nil'(X0),'Nil'(X0),'Cons'(X0,X2,X3),insort(X0,X2,isort(X0,X3))) [input]
12. ! [X0 : $tType] : ! [X1 : X0,X2 : 'list()'(X0)] : (sorted(X0,X2) => sorted(X0,insort(X0,X1,X2))) [input]
13. ! [X0 : $tType] : ! [X1 : 'list()'(X0)] : sorted(X0,isort(X0,X1)) [input]
14. ~! [X0 : $tType] : ! [X1 : 'list()'(X0)] : sorted(X0,isort(X0,X1)) [negated conjecture 13]
21. ! [X3 : 'list()'(X0),X2 : X0,X1 : 'list()'(X0),X0 : $tType] : isort(X0,X1) = $match(X1,'Nil'(X0),'Nil'(X0),'Cons'(X0,X2,X3),insort(X0,X2,isort(X0,X3))) [closure 11]
22. ! [X0 : $tType,X3 : 'list()'(X0),X2 : X0,X1 : 'list()'(X0)] : ('Nil'(X0) = X1 => 'Nil'(X0) = mG0(X0,X3,X2,X1)) [fool $match elimination 21]
23. ! [X0 : $tType,X3 : 'list()'(X0),X2 : X0,X1 : 'list()'(X0)] : ('Cons'(X0,X2,X3) = X1 => insort(X0,X2,isort(X0,X3)) = mG0(X0,X3,X2,X1)) [fool $match elimination 21]
24. ! [X3 : 'list()'(X0),X2 : X0,X1 : 'list()'(X0),X0 : $tType] : isort(X0,X1) = mG0(X0,X3,X2,X1) [fool elimination 21]
31. ! [X3 : 'list()'(X0),X2 : X0,X1 : 'list()'(X0),X0 : $tType] : (sorted(X0,X1) = $match(X1,'Nil'(X0),$true,'Cons'(X0,X2,X3),list_ge_elem(X0,X3,X2) & sorted(X0,X3))) [closure 9]
32. ! [X0 : $tType,X2 : X0,X3 : 'list()'(X0),X1 : 'list()'(X0)] : ('Nil'(X0) = X1 => (mG3(X0,X2,X3,X1) <=> $true)) [fool $match elimination 31]
34. ! [X3 : 'list()'(X0),X2 : X0,X1 : 'list()'(X0),X0 : $tType] : (sorted(X0,X1) <=> mG3(X0,X2,X3,X1)) [fool elimination 31]
44. ! [X0 : $tType,X1 : X0,X2 : 'list()'(X0),X3 : 'list()'(X0)] : ('Nil'(X0) = X3 => (mG3(X0,X1,X2,X3) <=> $true)) [rectify 32]
45. ! [X0 : $tType,X1 : X0,X2 : 'list()'(X0),X3 : 'list()'(X0)] : ('Nil'(X0) = X3 => mG3(X0,X1,X2,X3)) [true and false elimination 44]
51. ! [X0 : $tType,X1 : 'list()'(X0),X2 : X0,X3 : 'list()'(X0)] : ('Cons'(X0,X2,X1) = X3 => insort(X0,X2,isort(X0,X1)) = mG0(X0,X1,X2,X3)) [rectify 23]
52. ! [X0 : $tType,X1 : 'list()'(X0),X2 : X0,X3 : 'list()'(X0)] : ('Nil'(X0) = X3 => 'Nil'(X0) = mG0(X0,X1,X2,X3)) [rectify 22]
53. ~! [X0 : $tType,X1 : 'list()'(X0)] : sorted(X0,isort(X0,X1)) [flattening 14]
54. ! [X0 : $tType,X1 : X0,X2 : 'list()'(X0)] : (sorted(X0,X2) => sorted(X0,insort(X0,X1,X2))) [flattening 12]
55. ! [X0 : 'list()'(X3),X1 : X3,X2 : 'list()'(X3),X3 : $tType] : isort(X3,X2) = mG0(X3,X0,X1,X2) [rectify 24]
57. ! [X0 : 'list()'(X3),X1 : X3,X2 : 'list()'(X3),X3 : $tType] : (sorted(X3,X2) <=> mG3(X3,X1,X0,X2)) [rectify 34]
74. ! [X0 : $tType,X1 : X0,X2 : 'list()'(X0),X3 : 'list()'(X0)] : (mG3(X0,X1,X2,X3) | 'Nil'(X0) != X3) [ennf transformation 45]
79. ! [X0 : $tType,X1 : 'list()'(X0),X2 : X0,X3 : 'list()'(X0)] : (insort(X0,X2,isort(X0,X1)) = mG0(X0,X1,X2,X3) | 'Cons'(X0,X2,X1) != X3) [ennf transformation 51]
80. ! [X0 : $tType,X1 : 'list()'(X0),X2 : X0,X3 : 'list()'(X0)] : ('Nil'(X0) = mG0(X0,X1,X2,X3) | 'Nil'(X0) != X3) [ennf transformation 52]
81. ? [X0 : $tType,X1 : 'list()'(X0)] : ~sorted(X0,isort(X0,X1)) [ennf transformation 53]
82. ! [X0 : $tType,X1 : X0,X2 : 'list()'(X0)] : (sorted(X0,insort(X0,X1,X2)) | ~sorted(X0,X2)) [ennf transformation 54]
91. ? [X0 : $tType,X1 : 'list()'(X0)] : ~sorted(X0,isort(X0,X1)) => ~sorted(sK5,isort(sK5,sK6)) [choice axiom]
92. ~sorted(sK5,isort(sK5,sK6)) [skolemisation 81,91]
93. ! [X0 : 'list()'(X3),X1 : X3,X2 : 'list()'(X3),X3 : $tType] : ((sorted(X3,X2) | ~mG3(X3,X1,X0,X2)) & (mG3(X3,X1,X0,X2) | ~sorted(X3,X2))) [nnf transformation 57]
106. mG3(X0,X1,X2,X3) | 'Nil'(X0) != X3 [cnf transformation 74]
111. insort(X0,X2,isort(X0,X1)) = mG0(X0,X1,X2,X3) | 'Cons'(X0,X2,X1) != X3 [cnf transformation 79]
112. 'Nil'(X0) = mG0(X0,X1,X2,X3) | 'Nil'(X0) != X3 [cnf transformation 80]
113. ~sorted(sK5,isort(sK5,sK6)) [cnf transformation 92]
114. sorted(X0,insort(X0,X1,X2)) | ~sorted(X0,X2) [cnf transformation 82]
115. isort(X3,X2) = mG0(X3,X0,X1,X2) [cnf transformation 55]
118. ~mG3(X3,X1,X0,X2) | sorted(X3,X2) [cnf transformation 93]
134. isort(X0,X3) = insort(X0,X2,isort(X0,X1)) | 'Cons'(X0,X2,X1) != X3 [definition unfolding 111,115]
135. 'Nil'(X0) = isort(X0,X3) | 'Nil'(X0) != X3 [definition unfolding 112,115]
143. mG3(X0,X1,X2,'Nil'(X0)) [equality resolution 106]
146. insort(X0,X2,isort(X0,X1)) = isort(X0,'Cons'(X0,X2,X1)) [equality resolution 134]
147. 'Nil'(X0) = isort(X0,'Nil'(X0)) [equality resolution 135]
156. ! [X2 : 'list()'(sK5),X1 : sK5] : ((sorted(sK5,isort(sK5,X2)) => sorted(sK5,isort(sK5,'Cons'(sK5,X1,X2)))) & sorted(sK5,isort(sK5,'Nil'(sK5)))) => ! [X4 : 'list()'(sK5)] : sorted(sK5,isort(sK5,X4)) [structural induction hypothesis (recursion)]
157. ! [X4 : 'list()'(sK5)] : sorted(sK5,isort(sK5,X4)) | ? [X2 : 'list()'(sK5),X1 : sK5] : ((~sorted(sK5,isort(sK5,'Cons'(sK5,X1,X2))) & sorted(sK5,isort(sK5,X2))) | ~sorted(sK5,isort(sK5,'Nil'(sK5)))) [ennf transformation 156]
158. ~sorted(sK5,isort(sK5,'Nil'(sK5))) | sorted(sK5,isort(sK5,sK10)) | sorted(sK5,isort(sK5,X4)) [cnf transformation 157]
159. ~sorted(sK5,isort(sK5,'Nil'(sK5))) | ~sorted(sK5,isort(sK5,'Cons'(sK5,sK11,sK10))) | sorted(sK5,isort(sK5,X4)) [cnf transformation 157]
162. ~sorted(sK5,isort(sK5,'Nil'(sK5))) | ~sorted(sK5,isort(sK5,'Cons'(sK5,sK11,sK10))) [induction hyperresolution 113,159]
163. ~sorted(sK5,isort(sK5,'Nil'(sK5))) | sorted(sK5,isort(sK5,sK10)) [induction hyperresolution 113,158]
164. ~sorted(sK5,'Nil'(sK5)) | sorted(sK5,isort(sK5,sK10)) [forward demodulation 163,147]
166. 1 <=> sorted(sK5,isort(sK5,sK10)) [avatar definition]
168. sorted(sK5,isort(sK5,sK10)) <- (1) [avatar component clause 166]
170. 2 <=> sorted(sK5,'Nil'(sK5)) [avatar definition]
172. ~sorted(sK5,'Nil'(sK5)) <- (~2) [avatar component clause 170]
173. 1 | ~2 [avatar split clause 164,170,166]
174. ~sorted(sK5,'Nil'(sK5)) | ~sorted(sK5,isort(sK5,'Cons'(sK5,sK11,sK10))) [forward demodulation 162,147]
175. ~sorted(sK5,insort(sK5,sK11,isort(sK5,sK10))) | ~sorted(sK5,'Nil'(sK5)) [forward demodulation 174,146]
177. 3 <=> sorted(sK5,insort(sK5,sK11,isort(sK5,sK10))) [avatar definition]
179. ~sorted(sK5,insort(sK5,sK11,isort(sK5,sK10))) <- (~3) [avatar component clause 177]
180. ~2 | ~3 [avatar split clause 175,177,170]
197. sorted(X0,'Nil'(X0)) [resolution 118,143]
199. $false <- (~2) [resolution 197,172]
200. 2 [avatar contradiction clause 199]
202. ~sorted(sK5,isort(sK5,sK10)) <- (~3) [resolution 179,114]
215. $false <- (1, ~3) [subsumption resolution 202,168]
216. ~1 | 3 [avatar contradiction clause 215]
251. $false [avatar sat refutation 173,180,200,216]
% SZS output end Proof for conjecture
% (41658)------------------------------
% (41658)Version: Vampire 4.7 (commit )
% (41658)Linked with Z3 4.9.1.0  NOTFOUND
% (41658)Termination reason: Refutation

% (41658)Memory used [KB]: 5500
% (41658)Time elapsed: 0.004 s
% (41658)------------------------------
% (41658)------------------------------
% (41657)Success in time 0.004 s
