% (43487)lrs+10_1_ind=struct:sos=theory:sstl=1:drc=encompass:sp=occurrence:to=lpo:sik=recursion:nui=off:indoct=off:indao=on:urr=on_89 on conjecture for (89ds/0Mi)
% (43486)lrs+10_1_ind=struct:sos=theory:sstl=1:drc=encompass:sp=occurrence:to=lpo:sik=recursion:nui=off:indoct=off:indao=on:urr=off_89 on conjecture for (89ds/0Mi)
% (43488)lrs+10_1_ind=struct:sos=theory:sstl=1:drc=encompass:sp=occurrence:to=lpo:sik=recursion:nui=off:indoct=off:indao=off:urr=off_89 on conjecture for (89ds/0Mi)
% (43490)lrs+10_1_ind=struct:sos=theory:sstl=1:drc=encompass:sp=occurrence:to=lpo:sik=recursion:nui=off:indoct=on:indao=on:urr=off_89 on conjecture for (89ds/0Mi)
% (43491)lrs+10_1_ind=struct:sos=theory:sstl=1:drc=encompass:sp=occurrence:to=lpo:sik=recursion:nui=off:indoct=on:indao=on:urr=on_89 on conjecture for (89ds/0Mi)
% (43489)lrs+10_1_ind=struct:sos=theory:sstl=1:drc=encompass:sp=occurrence:to=lpo:sik=recursion:nui=off:indoct=off:indao=off:urr=on_89 on conjecture for (89ds/0Mi)
% (43492)lrs+10_1_ind=struct:sos=theory:sstl=1:drc=encompass:sp=occurrence:to=lpo:sik=recursion:nui=off:indoct=on:indao=off:urr=off_89 on conjecture for (89ds/0Mi)
% (43495)lrs+10_1_ind=struct:sos=theory:sstl=1:drc=encompass:sp=occurrence:to=lpo:sik=recursion:nui=on:indoct=off:indao=on:urr=on_89 on conjecture for (89ds/0Mi)
% (43494)lrs+10_1_ind=struct:sos=theory:sstl=1:drc=encompass:sp=occurrence:to=lpo:sik=recursion:nui=on:indoct=off:indao=on:urr=off_89 on conjecture for (89ds/0Mi)
% (43499)lrs+10_1_ind=struct:sos=theory:sstl=1:drc=encompass:sp=occurrence:to=lpo:sik=recursion:nui=on:indoct=on:indao=on:urr=on_89 on conjecture for (89ds/0Mi)
% (43498)lrs+10_1_ind=struct:sos=theory:sstl=1:drc=encompass:sp=occurrence:to=lpo:sik=recursion:nui=on:indoct=on:indao=on:urr=off_89 on conjecture for (89ds/0Mi)
% (43496)lrs+10_1_ind=struct:sos=theory:sstl=1:drc=encompass:sp=occurrence:to=lpo:sik=recursion:nui=on:indoct=off:indao=off:urr=off_89 on conjecture for (89ds/0Mi)
% (43493)lrs+10_1_ind=struct:sos=theory:sstl=1:drc=encompass:sp=occurrence:to=lpo:sik=recursion:nui=off:indoct=on:indao=off:urr=on_89 on conjecture for (89ds/0Mi)
% (43497)lrs+10_1_ind=struct:sos=theory:sstl=1:drc=encompass:sp=occurrence:to=lpo:sik=recursion:nui=on:indoct=off:indao=off:urr=on_89 on conjecture for (89ds/0Mi)
% (43492)First to succeed.
% (43492)Refutation found. Thanks to Tanya!
% SZS status Unsatisfiable for conjecture
% SZS output start Proof for conjecture
6. append(X0,X1,X2) = $match(X1,'Nil'(X0),X2,'Cons'(X0,X3,X4),'Cons'(X0,X3,append(X0,X4,X2))) [input]
7. len(X0,X1) = $match(X1,'Nil'(X0),zero,'Cons'(X0,X2,X3),s(len(X0,X3))) [input]
10. take(X0,X1,X2) = $match(X1,zero,'Nil'(X0),s(X3),$match(X2,'Nil'(X0),'Nil'(X0),'Cons'(X0,X4,X5),'Cons'(X0,X4,take(X0,X3,X5)))) [input]
11. drop(X0,X1,X2) = $match(X1,zero,X2,s(X3),$match(X2,'Nil'(X0),'Nil'(X0),'Cons'(X0,X4,X5),drop(X0,X3,X5))) [input]
12. mergesort(X0,X1) = $match(X1,'Nil'(X0),'Nil'(X0),'Cons'(X0,X2,X3),merge(X0,mergesort(X0,take(X0,div2(len(X0,X1)),X1)),mergesort(X0,drop(X0,div2(len(X0,X1)),X1)))) [input]
13. filter_mset(X0,X1,X2) = $match(X2,'Nil'(X0),'Nil'(X0),'Cons'(X0,X3,X4),$ite(X1 = X3, 'Cons'(X0,X3,filter_mset(X0,X1,X4)),filter_mset(X0,X1,X4))) [input]
14. ! [X0 : $tType] : ! [X3 : 'list()'(X0),X1 : X0,X2 : 'list()'(X0)] : append(X0,filter_mset(X0,X1,X2),filter_mset(X0,X1,X3)) = filter_mset(X0,X1,merge(X0,X2,X3)) [input]
15. ! [X0 : $tType] : ! [X2 : 'nat()',X1 : X0,X3 : 'list()'(X0)] : filter_mset(X0,X1,X3) = append(X0,filter_mset(X0,X1,take(X0,X2,X3)),filter_mset(X0,X1,drop(X0,X2,X3))) [input]
16. ! [X0 : $tType] : ! [X1 : X0,X2 : 'list()'(X0)] : filter_mset(X0,X1,X2) = filter_mset(X0,X1,mergesort(X0,X2)) [input]
17. ~! [X0 : $tType] : ! [X1 : X0,X2 : 'list()'(X0)] : filter_mset(X0,X1,X2) = filter_mset(X0,X1,mergesort(X0,X2)) [negated conjecture 16]
27. ! [X4 : 'list()'(X0),X3 : X0,X2 : 'list()'(X0),X1 : X0,X0 : $tType] : filter_mset(X0,X1,X2) = $match(X2,'Nil'(X0),'Nil'(X0),'Cons'(X0,X3,X4),$ite(X1 = X3, 'Cons'(X0,X3,filter_mset(X0,X1,X4)),filter_mset(X0,X1,X4))) [closure 13]
28. ! [X0 : $tType,X3 : X0,X1 : X0,X4 : 'list()'(X0),X2 : 'list()'(X0)] : ('Nil'(X0) = X2 => 'Nil'(X0) = mG0(X0,X3,X1,X4,X2)) [fool $match elimination 27]
29. ! [X0 : $tType,X3 : X0,X1 : X0,X4 : 'list()'(X0)] : (X1 = X3 => 'Cons'(X0,X3,filter_mset(X0,X1,X4)) = iG1(X0,X3,X1,X4)) [fool $ite elimination 27]
30. ! [X0 : $tType,X3 : X0,X1 : X0,X4 : 'list()'(X0)] : (~X1 = X3 => filter_mset(X0,X1,X4) = iG1(X0,X3,X1,X4)) [fool $ite elimination 27]
31. ! [X0 : $tType,X3 : X0,X1 : X0,X4 : 'list()'(X0),X2 : 'list()'(X0)] : ('Cons'(X0,X3,X4) = X2 => mG0(X0,X3,X1,X4,X2) = iG1(X0,X3,X1,X4)) [fool $match elimination 27]
32. ! [X4 : 'list()'(X0),X3 : X0,X2 : 'list()'(X0),X1 : X0,X0 : $tType] : filter_mset(X0,X1,X2) = mG0(X0,X3,X1,X4,X2) [fool elimination 27]
33. ! [X3 : 'list()'(X0),X2 : X0,X1 : 'list()'(X0),X0 : $tType] : mergesort(X0,X1) = $match(X1,'Nil'(X0),'Nil'(X0),'Cons'(X0,X2,X3),merge(X0,mergesort(X0,take(X0,div2(len(X0,X1)),X1)),mergesort(X0,drop(X0,div2(len(X0,X1)),X1)))) [closure 12]
34. ! [X0 : $tType,X1 : 'list()'(X0),X3 : 'list()'(X0),X2 : X0] : ('Nil'(X0) = X1 => 'Nil'(X0) = mG2(X0,X1,X3,X2)) [fool $match elimination 33]
35. ! [X0 : $tType,X1 : 'list()'(X0),X3 : 'list()'(X0),X2 : X0] : ('Cons'(X0,X2,X3) = X1 => merge(X0,mergesort(X0,take(X0,div2(len(X0,X1)),X1)),mergesort(X0,drop(X0,div2(len(X0,X1)),X1))) = mG2(X0,X1,X3,X2)) [fool $match elimination 33]
36. ! [X3 : 'list()'(X0),X2 : X0,X1 : 'list()'(X0),X0 : $tType] : mergesort(X0,X1) = mG2(X0,X1,X3,X2) [fool elimination 33]
37. ! [X5 : 'list()'(X0),X4 : X0,X3 : 'nat()',X2 : 'list()'(X0),X1 : 'nat()',X0 : $tType] : drop(X0,X1,X2) = $match(X1,zero,X2,s(X3),$match(X2,'Nil'(X0),'Nil'(X0),'Cons'(X0,X4,X5),drop(X0,X3,X5))) [closure 11]
38. ! [X0 : $tType,X5 : 'list()'(X0),X3 : 'nat()',X4 : X0,X2 : 'list()'(X0),X1 : 'nat()'] : (zero = X1 => mG3(X0,X5,X3,X4,X2,X1) = X2) [fool $match elimination 37]
40. ! [X0 : $tType,X5 : 'list()'(X0),X3 : 'nat()',X4 : X0,X2 : 'list()'(X0)] : ('Cons'(X0,X4,X5) = X2 => drop(X0,X3,X5) = mG4(X0,X5,X3,X4,X2)) [fool $match elimination 37]
41. ! [X0 : $tType,X5 : 'list()'(X0),X3 : 'nat()',X4 : X0,X2 : 'list()'(X0),X1 : 'nat()'] : (s(X3) = X1 => mG3(X0,X5,X3,X4,X2,X1) = mG4(X0,X5,X3,X4,X2)) [fool $match elimination 37]
42. ! [X5 : 'list()'(X0),X4 : X0,X3 : 'nat()',X2 : 'list()'(X0),X1 : 'nat()',X0 : $tType] : drop(X0,X1,X2) = mG3(X0,X5,X3,X4,X2,X1) [fool elimination 37]
43. ! [X5 : 'list()'(X0),X4 : X0,X3 : 'nat()',X2 : 'list()'(X0),X1 : 'nat()',X0 : $tType] : take(X0,X1,X2) = $match(X1,zero,'Nil'(X0),s(X3),$match(X2,'Nil'(X0),'Nil'(X0),'Cons'(X0,X4,X5),'Cons'(X0,X4,take(X0,X3,X5)))) [closure 10]
44. ! [X0 : $tType,X5 : 'list()'(X0),X3 : 'nat()',X4 : X0,X2 : 'list()'(X0),X1 : 'nat()'] : (zero = X1 => 'Nil'(X0) = mG5(X0,X5,X3,X4,X2,X1)) [fool $match elimination 43]
46. ! [X0 : $tType,X5 : 'list()'(X0),X3 : 'nat()',X4 : X0,X2 : 'list()'(X0)] : ('Cons'(X0,X4,X5) = X2 => 'Cons'(X0,X4,take(X0,X3,X5)) = mG6(X0,X5,X3,X4,X2)) [fool $match elimination 43]
47. ! [X0 : $tType,X5 : 'list()'(X0),X3 : 'nat()',X4 : X0,X2 : 'list()'(X0),X1 : 'nat()'] : (s(X3) = X1 => mG5(X0,X5,X3,X4,X2,X1) = mG6(X0,X5,X3,X4,X2)) [fool $match elimination 43]
48. ! [X5 : 'list()'(X0),X4 : X0,X3 : 'nat()',X2 : 'list()'(X0),X1 : 'nat()',X0 : $tType] : take(X0,X1,X2) = mG5(X0,X5,X3,X4,X2,X1) [fool elimination 43]
63. ! [X3 : 'list()'(X0),X2 : X0,X1 : 'list()'(X0),X0 : $tType] : len(X0,X1) = $match(X1,'Nil'(X0),zero,'Cons'(X0,X2,X3),s(len(X0,X3))) [closure 7]
65. ! [X0 : $tType,X3 : 'list()'(X0),X2 : X0,X1 : 'list()'(X0)] : ('Cons'(X0,X2,X3) = X1 => s(len(X0,X3)) = mG12(X0,X3,X2,X1)) [fool $match elimination 63]
66. ! [X3 : 'list()'(X0),X2 : X0,X1 : 'list()'(X0),X0 : $tType] : len(X0,X1) = mG12(X0,X3,X2,X1) [fool elimination 63]
67. ! [X4 : 'list()'(X0),X3 : X0,X2 : 'list()'(X0),X1 : 'list()'(X0),X0 : $tType] : append(X0,X1,X2) = $match(X1,'Nil'(X0),X2,'Cons'(X0,X3,X4),'Cons'(X0,X3,append(X0,X4,X2))) [closure 6]
68. ! [X0 : $tType,X2 : 'list()'(X0),X4 : 'list()'(X0),X3 : X0,X1 : 'list()'(X0)] : ('Nil'(X0) = X1 => mG13(X0,X2,X4,X3,X1) = X2) [fool $match elimination 67]
70. ! [X4 : 'list()'(X0),X3 : X0,X2 : 'list()'(X0),X1 : 'list()'(X0),X0 : $tType] : append(X0,X1,X2) = mG13(X0,X2,X4,X3,X1) [fool elimination 67]
74. ! [X0 : $tType,X1 : 'list()'(X0),X2 : 'list()'(X0),X3 : X0,X4 : 'list()'(X0)] : ('Nil'(X0) = X4 => mG13(X0,X1,X2,X3,X4) = X1) [rectify 68]
75. ! [X0 : $tType,X1 : 'list()'(X0),X2 : X0,X3 : 'list()'(X0)] : ('Cons'(X0,X2,X1) = X3 => s(len(X0,X1)) = mG12(X0,X1,X2,X3)) [rectify 65]
88. ! [X0 : $tType,X1 : 'list()'(X0),X2 : 'nat()',X3 : X0,X4 : 'list()'(X0),X5 : 'nat()'] : (s(X2) = X5 => mG5(X0,X1,X2,X3,X4,X5) = mG6(X0,X1,X2,X3,X4)) [rectify 47]
89. ! [X0 : $tType,X1 : 'list()'(X0),X2 : 'nat()',X3 : X0,X4 : 'list()'(X0)] : ('Cons'(X0,X3,X1) = X4 => mG6(X0,X1,X2,X3,X4) = 'Cons'(X0,X3,take(X0,X2,X1))) [rectify 46]
91. ! [X0 : $tType,X1 : 'list()'(X0),X2 : 'nat()',X3 : X0,X4 : 'list()'(X0),X5 : 'nat()'] : (zero = X5 => 'Nil'(X0) = mG5(X0,X1,X2,X3,X4,X5)) [rectify 44]
92. ! [X0 : $tType,X1 : 'list()'(X0),X2 : 'nat()',X3 : X0,X4 : 'list()'(X0),X5 : 'nat()'] : (s(X2) = X5 => mG3(X0,X1,X2,X3,X4,X5) = mG4(X0,X1,X2,X3,X4)) [rectify 41]
93. ! [X0 : $tType,X1 : 'list()'(X0),X2 : 'nat()',X3 : X0,X4 : 'list()'(X0)] : ('Cons'(X0,X3,X1) = X4 => mG4(X0,X1,X2,X3,X4) = drop(X0,X2,X1)) [rectify 40]
95. ! [X0 : $tType,X1 : 'list()'(X0),X2 : 'nat()',X3 : X0,X4 : 'list()'(X0),X5 : 'nat()'] : (zero = X5 => mG3(X0,X1,X2,X3,X4,X5) = X4) [rectify 38]
96. ! [X0 : $tType,X1 : 'list()'(X0),X2 : 'list()'(X0),X3 : X0] : ('Cons'(X0,X3,X2) = X1 => merge(X0,mergesort(X0,take(X0,div2(len(X0,X1)),X1)),mergesort(X0,drop(X0,div2(len(X0,X1)),X1))) = mG2(X0,X1,X2,X3)) [rectify 35]
97. ! [X0 : $tType,X1 : 'list()'(X0),X2 : 'list()'(X0),X3 : X0] : ('Nil'(X0) = X1 => 'Nil'(X0) = mG2(X0,X1,X2,X3)) [rectify 34]
98. ! [X0 : $tType,X1 : X0,X2 : X0,X3 : 'list()'(X0),X4 : 'list()'(X0)] : ('Cons'(X0,X1,X3) = X4 => mG0(X0,X1,X2,X3,X4) = iG1(X0,X1,X2,X3)) [rectify 31]
99. ! [X0 : $tType,X1 : X0,X2 : X0,X3 : 'list()'(X0)] : (~X1 = X2 => iG1(X0,X1,X2,X3) = filter_mset(X0,X2,X3)) [rectify 30]
100. ! [X0 : $tType,X1 : X0,X2 : X0,X3 : 'list()'(X0)] : (X1 != X2 => iG1(X0,X1,X2,X3) = filter_mset(X0,X2,X3)) [flattening 99]
101. ! [X0 : $tType,X1 : X0,X2 : X0,X3 : 'list()'(X0)] : (X1 = X2 => iG1(X0,X1,X2,X3) = 'Cons'(X0,X1,filter_mset(X0,X2,X3))) [rectify 29]
102. ! [X0 : $tType,X1 : X0,X2 : X0,X3 : 'list()'(X0),X4 : 'list()'(X0)] : ('Nil'(X0) = X4 => 'Nil'(X0) = mG0(X0,X1,X2,X3,X4)) [rectify 28]
103. ~! [X0 : $tType,X1 : X0,X2 : 'list()'(X0)] : filter_mset(X0,X1,X2) = filter_mset(X0,X1,mergesort(X0,X2)) [flattening 17]
104. ! [X0 : $tType] : ! [X1 : 'nat()',X2 : X0,X3 : 'list()'(X0)] : filter_mset(X0,X2,X3) = append(X0,filter_mset(X0,X2,take(X0,X1,X3)),filter_mset(X0,X2,drop(X0,X1,X3))) [rectify 15]
105. ! [X0 : $tType,X1 : 'nat()',X2 : X0,X3 : 'list()'(X0)] : filter_mset(X0,X2,X3) = append(X0,filter_mset(X0,X2,take(X0,X1,X3)),filter_mset(X0,X2,drop(X0,X1,X3))) [flattening 104]
106. ! [X0 : $tType] : ! [X1 : 'list()'(X0),X2 : X0,X3 : 'list()'(X0)] : append(X0,filter_mset(X0,X2,X3),filter_mset(X0,X2,X1)) = filter_mset(X0,X2,merge(X0,X3,X1)) [rectify 14]
107. ! [X0 : $tType,X1 : 'list()'(X0),X2 : X0,X3 : 'list()'(X0)] : append(X0,filter_mset(X0,X2,X3),filter_mset(X0,X2,X1)) = filter_mset(X0,X2,merge(X0,X3,X1)) [flattening 106]
108. ! [X0 : 'list()'(X4),X1 : X4,X2 : 'list()'(X4),X3 : X4,X4 : $tType] : filter_mset(X4,X3,X2) = mG0(X4,X1,X3,X0,X2) [rectify 32]
109. ! [X0 : 'list()'(X3),X1 : X3,X2 : 'list()'(X3),X3 : $tType] : mergesort(X3,X2) = mG2(X3,X2,X0,X1) [rectify 36]
110. ! [X0 : 'list()'(X5),X1 : X5,X2 : 'nat()',X3 : 'list()'(X5),X4 : 'nat()',X5 : $tType] : drop(X5,X4,X3) = mG3(X5,X0,X2,X1,X3,X4) [rectify 42]
111. ! [X0 : 'list()'(X5),X1 : X5,X2 : 'nat()',X3 : 'list()'(X5),X4 : 'nat()',X5 : $tType] : take(X5,X4,X3) = mG5(X5,X0,X2,X1,X3,X4) [rectify 48]
114. ! [X0 : 'list()'(X3),X1 : X3,X2 : 'list()'(X3),X3 : $tType] : len(X3,X2) = mG12(X3,X0,X1,X2) [rectify 66]
115. ! [X0 : 'list()'(X4),X1 : X4,X2 : 'list()'(X4),X3 : 'list()'(X4),X4 : $tType] : append(X4,X3,X2) = mG13(X4,X2,X0,X1,X3) [rectify 70]
126. ! [X0 : $tType,X1 : 'list()'(X0),X2 : 'list()'(X0),X3 : X0,X4 : 'list()'(X0)] : (mG13(X0,X1,X2,X3,X4) = X1 | 'Nil'(X0) != X4) [ennf transformation 74]
127. ! [X0 : $tType,X1 : 'list()'(X0),X2 : X0,X3 : 'list()'(X0)] : (s(len(X0,X1)) = mG12(X0,X1,X2,X3) | 'Cons'(X0,X2,X1) != X3) [ennf transformation 75]
139. ! [X0 : $tType,X1 : 'list()'(X0),X2 : 'nat()',X3 : X0,X4 : 'list()'(X0),X5 : 'nat()'] : (mG5(X0,X1,X2,X3,X4,X5) = mG6(X0,X1,X2,X3,X4) | s(X2) != X5) [ennf transformation 88]
140. ! [X0 : $tType,X1 : 'list()'(X0),X2 : 'nat()',X3 : X0,X4 : 'list()'(X0)] : (mG6(X0,X1,X2,X3,X4) = 'Cons'(X0,X3,take(X0,X2,X1)) | 'Cons'(X0,X3,X1) != X4) [ennf transformation 89]
142. ! [X0 : $tType,X1 : 'list()'(X0),X2 : 'nat()',X3 : X0,X4 : 'list()'(X0),X5 : 'nat()'] : ('Nil'(X0) = mG5(X0,X1,X2,X3,X4,X5) | zero != X5) [ennf transformation 91]
143. ! [X0 : $tType,X1 : 'list()'(X0),X2 : 'nat()',X3 : X0,X4 : 'list()'(X0),X5 : 'nat()'] : (mG3(X0,X1,X2,X3,X4,X5) = mG4(X0,X1,X2,X3,X4) | s(X2) != X5) [ennf transformation 92]
144. ! [X0 : $tType,X1 : 'list()'(X0),X2 : 'nat()',X3 : X0,X4 : 'list()'(X0)] : (mG4(X0,X1,X2,X3,X4) = drop(X0,X2,X1) | 'Cons'(X0,X3,X1) != X4) [ennf transformation 93]
146. ! [X0 : $tType,X1 : 'list()'(X0),X2 : 'nat()',X3 : X0,X4 : 'list()'(X0),X5 : 'nat()'] : (mG3(X0,X1,X2,X3,X4,X5) = X4 | zero != X5) [ennf transformation 95]
147. ! [X0 : $tType,X1 : 'list()'(X0),X2 : 'list()'(X0),X3 : X0] : (merge(X0,mergesort(X0,take(X0,div2(len(X0,X1)),X1)),mergesort(X0,drop(X0,div2(len(X0,X1)),X1))) = mG2(X0,X1,X2,X3) | 'Cons'(X0,X3,X2) != X1) [ennf transformation 96]
148. ! [X0 : $tType,X1 : 'list()'(X0),X2 : 'list()'(X0),X3 : X0] : ('Nil'(X0) = mG2(X0,X1,X2,X3) | 'Nil'(X0) != X1) [ennf transformation 97]
149. ! [X0 : $tType,X1 : X0,X2 : X0,X3 : 'list()'(X0),X4 : 'list()'(X0)] : (mG0(X0,X1,X2,X3,X4) = iG1(X0,X1,X2,X3) | 'Cons'(X0,X1,X3) != X4) [ennf transformation 98]
150. ! [X0 : $tType,X1 : X0,X2 : X0,X3 : 'list()'(X0)] : (iG1(X0,X1,X2,X3) = filter_mset(X0,X2,X3) | X1 = X2) [ennf transformation 100]
151. ! [X0 : $tType,X1 : X0,X2 : X0,X3 : 'list()'(X0)] : (iG1(X0,X1,X2,X3) = 'Cons'(X0,X1,filter_mset(X0,X2,X3)) | X1 != X2) [ennf transformation 101]
152. ! [X0 : $tType,X1 : X0,X2 : X0,X3 : 'list()'(X0),X4 : 'list()'(X0)] : ('Nil'(X0) = mG0(X0,X1,X2,X3,X4) | 'Nil'(X0) != X4) [ennf transformation 102]
153. ? [X0 : $tType,X1 : X0,X2 : 'list()'(X0)] : filter_mset(X0,X1,X2) != filter_mset(X0,X1,mergesort(X0,X2)) [ennf transformation 103]
158. ? [X0 : $tType,X1 : X0,X2 : 'list()'(X0)] : filter_mset(X0,X1,X2) != filter_mset(X0,X1,mergesort(X0,X2)) => filter_mset(sK14,sK15,sK16) != filter_mset(sK14,sK15,mergesort(sK14,sK16)) [choice axiom]
159. filter_mset(sK14,sK15,sK16) != filter_mset(sK14,sK15,mergesort(sK14,sK16)) [skolemisation 153,158]
162. mG13(X0,X1,X2,X3,X4) = X1 | 'Nil'(X0) != X4 [cnf transformation 126]
163. s(len(X0,X1)) = mG12(X0,X1,X2,X3) | 'Cons'(X0,X2,X1) != X3 [cnf transformation 127]
175. mG5(X0,X1,X2,X3,X4,X5) = mG6(X0,X1,X2,X3,X4) | s(X2) != X5 [cnf transformation 139]
176. mG6(X0,X1,X2,X3,X4) = 'Cons'(X0,X3,take(X0,X2,X1)) | 'Cons'(X0,X3,X1) != X4 [cnf transformation 140]
178. 'Nil'(X0) = mG5(X0,X1,X2,X3,X4,X5) | zero != X5 [cnf transformation 142]
179. mG3(X0,X1,X2,X3,X4,X5) = mG4(X0,X1,X2,X3,X4) | s(X2) != X5 [cnf transformation 143]
180. mG4(X0,X1,X2,X3,X4) = drop(X0,X2,X1) | 'Cons'(X0,X3,X1) != X4 [cnf transformation 144]
182. mG3(X0,X1,X2,X3,X4,X5) = X4 | zero != X5 [cnf transformation 146]
183. merge(X0,mergesort(X0,take(X0,div2(len(X0,X1)),X1)),mergesort(X0,drop(X0,div2(len(X0,X1)),X1))) = mG2(X0,X1,X2,X3) | 'Cons'(X0,X3,X2) != X1 [cnf transformation 147]
184. 'Nil'(X0) = mG2(X0,X1,X2,X3) | 'Nil'(X0) != X1 [cnf transformation 148]
185. mG0(X0,X1,X2,X3,X4) = iG1(X0,X1,X2,X3) | 'Cons'(X0,X1,X3) != X4 [cnf transformation 149]
186. iG1(X0,X1,X2,X3) = filter_mset(X0,X2,X3) | X1 = X2 [cnf transformation 150]
187. iG1(X0,X1,X2,X3) = 'Cons'(X0,X1,filter_mset(X0,X2,X3)) | X1 != X2 [cnf transformation 151]
188. 'Nil'(X0) = mG0(X0,X1,X2,X3,X4) | 'Nil'(X0) != X4 [cnf transformation 152]
189. filter_mset(sK14,sK15,sK16) != filter_mset(sK14,sK15,mergesort(sK14,sK16)) [cnf transformation 159]
190. filter_mset(X0,X2,X3) = append(X0,filter_mset(X0,X2,take(X0,X1,X3)),filter_mset(X0,X2,drop(X0,X1,X3))) [cnf transformation 105]
191. append(X0,filter_mset(X0,X2,X3),filter_mset(X0,X2,X1)) = filter_mset(X0,X2,merge(X0,X3,X1)) [cnf transformation 107]
192. filter_mset(X4,X3,X2) = mG0(X4,X1,X3,X0,X2) [cnf transformation 108]
193. mergesort(X3,X2) = mG2(X3,X2,X0,X1) [cnf transformation 109]
194. drop(X5,X4,X3) = mG3(X5,X0,X2,X1,X3,X4) [cnf transformation 110]
195. take(X5,X4,X3) = mG5(X5,X0,X2,X1,X3,X4) [cnf transformation 111]
198. len(X3,X2) = mG12(X3,X0,X1,X2) [cnf transformation 114]
199. append(X4,X3,X2) = mG13(X4,X2,X0,X1,X3) [cnf transformation 115]
207. append(X0,X4,X1) = X1 | 'Nil'(X0) != X4 [definition unfolding 162,199]
208. len(X0,X3) = s(len(X0,X1)) | 'Cons'(X0,X2,X1) != X3 [definition unfolding 163,198]
214. mG6(X0,X1,X2,X3,X4) = take(X0,X5,X4) | s(X2) != X5 [definition unfolding 175,195]
215. 'Nil'(X0) = take(X0,X5,X4) | zero != X5 [definition unfolding 178,195]
216. mG4(X0,X1,X2,X3,X4) = drop(X0,X5,X4) | s(X2) != X5 [definition unfolding 179,194]
217. drop(X0,X5,X4) = X4 | zero != X5 [definition unfolding 182,194]
218. merge(X0,mergesort(X0,take(X0,div2(len(X0,X1)),X1)),mergesort(X0,drop(X0,div2(len(X0,X1)),X1))) = mergesort(X0,X1) | 'Cons'(X0,X3,X2) != X1 [definition unfolding 183,193]
219. 'Nil'(X0) = mergesort(X0,X1) | 'Nil'(X0) != X1 [definition unfolding 184,193]
220. iG1(X0,X1,X2,X3) = filter_mset(X0,X2,X4) | 'Cons'(X0,X1,X3) != X4 [definition unfolding 185,192]
221. 'Nil'(X0) = filter_mset(X0,X2,X4) | 'Nil'(X0) != X4 [definition unfolding 188,192]
223. append(X0,'Nil'(X0),X1) = X1 [equality resolution 207]
224. s(len(X0,X1)) = len(X0,'Cons'(X0,X2,X1)) [equality resolution 208]
234. mG6(X0,X1,X2,X3,X4) = take(X0,s(X2),X4) [equality resolution 214]
235. 'Cons'(X0,X3,take(X0,X2,X1)) = mG6(X0,X1,X2,X3,'Cons'(X0,X3,X1)) [equality resolution 176]
237. 'Nil'(X0) = take(X0,zero,X4) [equality resolution 215]
238. mG4(X0,X1,X2,X3,X4) = drop(X0,s(X2),X4) [equality resolution 216]
239. drop(X0,X2,X1) = mG4(X0,X1,X2,X3,'Cons'(X0,X3,X1)) [equality resolution 180]
241. drop(X0,zero,X4) = X4 [equality resolution 217]
242. merge(X0,mergesort(X0,take(X0,div2(len(X0,'Cons'(X0,X3,X2))),'Cons'(X0,X3,X2))),mergesort(X0,drop(X0,div2(len(X0,'Cons'(X0,X3,X2))),'Cons'(X0,X3,X2)))) = mergesort(X0,'Cons'(X0,X3,X2)) [equality resolution 218]
243. 'Nil'(X0) = mergesort(X0,'Nil'(X0)) [equality resolution 219]
244. iG1(X0,X1,X2,X3) = filter_mset(X0,X2,'Cons'(X0,X1,X3)) [equality resolution 220]
245. iG1(X0,X2,X2,X3) = 'Cons'(X0,X2,filter_mset(X0,X2,X3)) [equality resolution 187]
246. 'Nil'(X0) = filter_mset(X0,X2,'Nil'(X0)) [equality resolution 221]
249. 'Cons'(X0,X3,take(X0,X2,X1)) = take(X0,s(X2),'Cons'(X0,X3,X1)) [forward demodulation 235,234]
251. drop(X0,X2,X1) = drop(X0,s(X2),'Cons'(X0,X3,X1)) [forward demodulation 239,238]
253. mergesort(X0,'Cons'(X0,X3,X2)) = merge(X0,mergesort(X0,take(X0,div2(s(len(X0,X2))),'Cons'(X0,X3,X2))),mergesort(X0,drop(X0,div2(s(len(X0,X2))),'Cons'(X0,X3,X2)))) [forward demodulation 242,224]
254. filter_mset(X0,X2,X3) = filter_mset(X0,X2,'Cons'(X0,X1,X3)) | X1 = X2 [forward demodulation 186,244]
349. ! [X2 : 'list()'(sK14),X1 : sK14] : (((filter_mset(sK14,sK15,drop(sK14,div2(len(sK14,'Cons'(sK14,X1,X2))),'Cons'(sK14,X1,X2))) = filter_mset(sK14,sK15,mergesort(sK14,drop(sK14,div2(len(sK14,'Cons'(sK14,X1,X2))),'Cons'(sK14,X1,X2)))) & filter_mset(sK14,sK15,take(sK14,div2(len(sK14,'Cons'(sK14,X1,X2))),'Cons'(sK14,X1,X2))) = filter_mset(sK14,sK15,mergesort(sK14,take(sK14,div2(len(sK14,'Cons'(sK14,X1,X2))),'Cons'(sK14,X1,X2))))) => filter_mset(sK14,sK15,'Cons'(sK14,X1,X2)) = filter_mset(sK14,sK15,mergesort(sK14,'Cons'(sK14,X1,X2)))) & filter_mset(sK14,sK15,'Nil'(sK14)) = filter_mset(sK14,sK15,mergesort(sK14,'Nil'(sK14)))) => ! [X4 : 'list()'(sK14)] : filter_mset(sK14,sK15,X4) = filter_mset(sK14,sK15,mergesort(sK14,X4)) [structural induction hypothesis (recursion)]
350. ! [X4 : 'list()'(sK14)] : filter_mset(sK14,sK15,X4) = filter_mset(sK14,sK15,mergesort(sK14,X4)) | ? [X2 : 'list()'(sK14),X1 : sK14] : ((filter_mset(sK14,sK15,'Cons'(sK14,X1,X2)) != filter_mset(sK14,sK15,mergesort(sK14,'Cons'(sK14,X1,X2))) & (filter_mset(sK14,sK15,drop(sK14,div2(len(sK14,'Cons'(sK14,X1,X2))),'Cons'(sK14,X1,X2))) = filter_mset(sK14,sK15,mergesort(sK14,drop(sK14,div2(len(sK14,'Cons'(sK14,X1,X2))),'Cons'(sK14,X1,X2)))) & filter_mset(sK14,sK15,take(sK14,div2(len(sK14,'Cons'(sK14,X1,X2))),'Cons'(sK14,X1,X2))) = filter_mset(sK14,sK15,mergesort(sK14,take(sK14,div2(len(sK14,'Cons'(sK14,X1,X2))),'Cons'(sK14,X1,X2)))))) | filter_mset(sK14,sK15,'Nil'(sK14)) != filter_mset(sK14,sK15,mergesort(sK14,'Nil'(sK14)))) [ennf transformation 349]
351. filter_mset(sK14,sK15,'Nil'(sK14)) != filter_mset(sK14,sK15,mergesort(sK14,'Nil'(sK14))) | filter_mset(sK14,sK15,take(sK14,div2(len(sK14,'Cons'(sK14,sK30,sK29))),'Cons'(sK14,sK30,sK29))) = filter_mset(sK14,sK15,mergesort(sK14,take(sK14,div2(len(sK14,'Cons'(sK14,sK30,sK29))),'Cons'(sK14,sK30,sK29)))) | filter_mset(sK14,sK15,X4) = filter_mset(sK14,sK15,mergesort(sK14,X4)) [cnf transformation 350]
352. filter_mset(sK14,sK15,'Nil'(sK14)) != filter_mset(sK14,sK15,mergesort(sK14,'Nil'(sK14))) | filter_mset(sK14,sK15,drop(sK14,div2(len(sK14,'Cons'(sK14,sK30,sK29))),'Cons'(sK14,sK30,sK29))) = filter_mset(sK14,sK15,mergesort(sK14,drop(sK14,div2(len(sK14,'Cons'(sK14,sK30,sK29))),'Cons'(sK14,sK30,sK29)))) | filter_mset(sK14,sK15,X4) = filter_mset(sK14,sK15,mergesort(sK14,X4)) [cnf transformation 350]
353. filter_mset(sK14,sK15,'Nil'(sK14)) != filter_mset(sK14,sK15,mergesort(sK14,'Nil'(sK14))) | filter_mset(sK14,sK15,'Cons'(sK14,sK30,sK29)) != filter_mset(sK14,sK15,mergesort(sK14,'Cons'(sK14,sK30,sK29))) | filter_mset(sK14,sK15,X4) = filter_mset(sK14,sK15,mergesort(sK14,X4)) [cnf transformation 350]
360. filter_mset(sK14,sK15,'Nil'(sK14)) != filter_mset(sK14,sK15,mergesort(sK14,'Nil'(sK14))) | filter_mset(sK14,sK15,'Cons'(sK14,sK30,sK29)) != filter_mset(sK14,sK15,mergesort(sK14,'Cons'(sK14,sK30,sK29))) [induction hyperresolution 189,353]
361. filter_mset(sK14,sK15,'Nil'(sK14)) != filter_mset(sK14,sK15,mergesort(sK14,'Nil'(sK14))) | filter_mset(sK14,sK15,drop(sK14,div2(len(sK14,'Cons'(sK14,sK30,sK29))),'Cons'(sK14,sK30,sK29))) = filter_mset(sK14,sK15,mergesort(sK14,drop(sK14,div2(len(sK14,'Cons'(sK14,sK30,sK29))),'Cons'(sK14,sK30,sK29)))) [induction hyperresolution 189,352]
362. filter_mset(sK14,sK15,'Nil'(sK14)) != filter_mset(sK14,sK15,mergesort(sK14,'Nil'(sK14))) | filter_mset(sK14,sK15,take(sK14,div2(len(sK14,'Cons'(sK14,sK30,sK29))),'Cons'(sK14,sK30,sK29))) = filter_mset(sK14,sK15,mergesort(sK14,take(sK14,div2(len(sK14,'Cons'(sK14,sK30,sK29))),'Cons'(sK14,sK30,sK29)))) [induction hyperresolution 189,351]
369. filter_mset(sK14,sK15,'Nil'(sK14)) != filter_mset(sK14,sK15,'Nil'(sK14)) | filter_mset(sK14,sK15,take(sK14,div2(len(sK14,'Cons'(sK14,sK30,sK29))),'Cons'(sK14,sK30,sK29))) = filter_mset(sK14,sK15,mergesort(sK14,take(sK14,div2(len(sK14,'Cons'(sK14,sK30,sK29))),'Cons'(sK14,sK30,sK29)))) [forward demodulation 362,243]
370. filter_mset(sK14,sK15,take(sK14,div2(len(sK14,'Cons'(sK14,sK30,sK29))),'Cons'(sK14,sK30,sK29))) = filter_mset(sK14,sK15,mergesort(sK14,take(sK14,div2(len(sK14,'Cons'(sK14,sK30,sK29))),'Cons'(sK14,sK30,sK29)))) [trivial inequality removal 369]
371. filter_mset(sK14,sK15,take(sK14,div2(s(len(sK14,sK29))),'Cons'(sK14,sK30,sK29))) = filter_mset(sK14,sK15,mergesort(sK14,take(sK14,div2(s(len(sK14,sK29))),'Cons'(sK14,sK30,sK29)))) [forward demodulation 370,224]
372. filter_mset(sK14,sK15,'Nil'(sK14)) != filter_mset(sK14,sK15,'Nil'(sK14)) | filter_mset(sK14,sK15,drop(sK14,div2(len(sK14,'Cons'(sK14,sK30,sK29))),'Cons'(sK14,sK30,sK29))) = filter_mset(sK14,sK15,mergesort(sK14,drop(sK14,div2(len(sK14,'Cons'(sK14,sK30,sK29))),'Cons'(sK14,sK30,sK29)))) [forward demodulation 361,243]
373. filter_mset(sK14,sK15,drop(sK14,div2(len(sK14,'Cons'(sK14,sK30,sK29))),'Cons'(sK14,sK30,sK29))) = filter_mset(sK14,sK15,mergesort(sK14,drop(sK14,div2(len(sK14,'Cons'(sK14,sK30,sK29))),'Cons'(sK14,sK30,sK29)))) [trivial inequality removal 372]
374. filter_mset(sK14,sK15,drop(sK14,div2(s(len(sK14,sK29))),'Cons'(sK14,sK30,sK29))) = filter_mset(sK14,sK15,mergesort(sK14,drop(sK14,div2(s(len(sK14,sK29))),'Cons'(sK14,sK30,sK29)))) [forward demodulation 373,224]
375. filter_mset(sK14,sK15,'Nil'(sK14)) != filter_mset(sK14,sK15,'Nil'(sK14)) | filter_mset(sK14,sK15,'Cons'(sK14,sK30,sK29)) != filter_mset(sK14,sK15,mergesort(sK14,'Cons'(sK14,sK30,sK29))) [forward demodulation 360,243]
376. filter_mset(sK14,sK15,'Cons'(sK14,sK30,sK29)) != filter_mset(sK14,sK15,mergesort(sK14,'Cons'(sK14,sK30,sK29))) [trivial inequality removal 375]
496. 'Cons'(X0,X1,filter_mset(X0,X1,X2)) = filter_mset(X0,X1,'Cons'(X0,X1,X2)) [superposition 245,244]
660. filter_mset(X6,X10,'Cons'(X6,X8,X9)) = append(X6,filter_mset(X6,X10,'Cons'(X6,X8,take(X6,X7,X9))),filter_mset(X6,X10,drop(X6,s(X7),'Cons'(X6,X8,X9)))) [superposition 190,249]
668. filter_mset(X6,X10,'Cons'(X6,X8,X9)) = append(X6,filter_mset(X6,X10,'Cons'(X6,X8,take(X6,X7,X9))),filter_mset(X6,X10,drop(X6,X7,X9))) [forward demodulation 660,251]
693. append(X0,filter_mset(X0,X3,mergesort(X0,take(X0,div2(s(len(X0,X1))),'Cons'(X0,X2,X1)))),filter_mset(X0,X3,mergesort(X0,drop(X0,div2(s(len(X0,X1))),'Cons'(X0,X2,X1))))) = filter_mset(X0,X3,mergesort(X0,'Cons'(X0,X2,X1))) [superposition 191,253]
1356. 61 <=> sK15 = sK30 [avatar definition]
1358. sK15 = sK30 <- (61) [avatar component clause 1356]
1371. 63 <=> 'Nil'(sK14) = filter_mset(sK14,sK15,'Cons'(sK14,sK30,'Nil'(sK14))) [avatar definition]
1372. 'Nil'(sK14) = filter_mset(sK14,sK15,'Cons'(sK14,sK30,'Nil'(sK14))) <- (63) [avatar component clause 1371]
1373. 'Nil'(sK14) != filter_mset(sK14,sK15,'Cons'(sK14,sK30,'Nil'(sK14))) <- (~63) [avatar component clause 1371]
1668. 'Nil'(sK14) != filter_mset(sK14,sK15,'Nil'(sK14)) | sK15 = sK30 <- (~63) [superposition 1373,254]
1683. sK15 = sK30 <- (~63) [subsumption resolution 1668,246]
1684. 61 | 63 [avatar split clause 1683,1371,1356]
1691. filter_mset(sK14,sK15,take(sK14,div2(s(len(sK14,sK29))),'Cons'(sK14,sK15,sK29))) = filter_mset(sK14,sK15,mergesort(sK14,take(sK14,div2(s(len(sK14,sK29))),'Cons'(sK14,sK15,sK29)))) <- (61) [backward demodulation 371,1358]
1692. filter_mset(sK14,sK15,drop(sK14,div2(s(len(sK14,sK29))),'Cons'(sK14,sK15,sK29))) = filter_mset(sK14,sK15,mergesort(sK14,drop(sK14,div2(s(len(sK14,sK29))),'Cons'(sK14,sK15,sK29)))) <- (61) [backward demodulation 374,1358]
1693. filter_mset(sK14,sK15,'Cons'(sK14,sK15,sK29)) != filter_mset(sK14,sK15,mergesort(sK14,'Cons'(sK14,sK15,sK29))) <- (61) [backward demodulation 376,1358]
1698. filter_mset(sK14,sK15,mergesort(sK14,'Cons'(sK14,sK15,sK29))) != 'Cons'(sK14,sK15,filter_mset(sK14,sK15,sK29)) <- (61) [forward demodulation 1693,496]
2209. filter_mset(X0,X2,'Cons'(X0,X3,X1)) = append(X0,filter_mset(X0,X2,'Cons'(X0,X3,'Nil'(X0))),filter_mset(X0,X2,drop(X0,zero,X1))) [superposition 668,237]
2228. filter_mset(X0,X2,'Cons'(X0,X3,X1)) = append(X0,filter_mset(X0,X2,'Cons'(X0,X3,'Nil'(X0))),filter_mset(X0,X2,X1)) [forward demodulation 2209,241]
2594. filter_mset(sK14,sK15,mergesort(sK14,'Cons'(sK14,sK15,sK29))) = append(sK14,filter_mset(sK14,sK15,mergesort(sK14,take(sK14,div2(s(len(sK14,sK29))),'Cons'(sK14,sK15,sK29)))),filter_mset(sK14,sK15,drop(sK14,div2(s(len(sK14,sK29))),'Cons'(sK14,sK15,sK29)))) <- (61) [superposition 693,1692]
2609. filter_mset(sK14,sK15,mergesort(sK14,'Cons'(sK14,sK15,sK29))) = append(sK14,filter_mset(sK14,sK15,take(sK14,div2(s(len(sK14,sK29))),'Cons'(sK14,sK15,sK29))),filter_mset(sK14,sK15,drop(sK14,div2(s(len(sK14,sK29))),'Cons'(sK14,sK15,sK29)))) <- (61) [forward demodulation 2594,1691]
2610. filter_mset(sK14,sK15,'Cons'(sK14,sK15,sK29)) = filter_mset(sK14,sK15,mergesort(sK14,'Cons'(sK14,sK15,sK29))) <- (61) [forward demodulation 2609,190]
2611. filter_mset(sK14,sK15,mergesort(sK14,'Cons'(sK14,sK15,sK29))) = 'Cons'(sK14,sK15,filter_mset(sK14,sK15,sK29)) <- (61) [forward demodulation 2610,496]
2612. $false <- (61) [subsumption resolution 2611,1698]
2613. ~61 [avatar contradiction clause 2612]
2614. filter_mset(sK14,sK15,mergesort(sK14,'Cons'(sK14,sK30,sK29))) != append(sK14,filter_mset(sK14,sK15,'Cons'(sK14,sK30,'Nil'(sK14))),filter_mset(sK14,sK15,sK29)) [forward demodulation 376,2228]
2615. filter_mset(sK14,sK15,mergesort(sK14,'Cons'(sK14,sK30,sK29))) != append(sK14,'Nil'(sK14),filter_mset(sK14,sK15,sK29)) <- (63) [backward demodulation 2614,1372]
2617. filter_mset(sK14,sK15,mergesort(sK14,'Cons'(sK14,sK30,sK29))) != filter_mset(sK14,sK15,sK29) <- (63) [forward demodulation 2615,223]
2657. filter_mset(sK14,sK15,mergesort(sK14,'Cons'(sK14,sK30,sK29))) = append(sK14,filter_mset(sK14,sK15,take(sK14,div2(s(len(sK14,sK29))),'Cons'(sK14,sK30,sK29))),filter_mset(sK14,sK15,mergesort(sK14,drop(sK14,div2(s(len(sK14,sK29))),'Cons'(sK14,sK30,sK29))))) [superposition 693,371]
2670. filter_mset(sK14,sK15,mergesort(sK14,'Cons'(sK14,sK30,sK29))) = append(sK14,filter_mset(sK14,sK15,take(sK14,div2(s(len(sK14,sK29))),'Cons'(sK14,sK30,sK29))),filter_mset(sK14,sK15,drop(sK14,div2(s(len(sK14,sK29))),'Cons'(sK14,sK30,sK29)))) [forward demodulation 2657,374]
2671. filter_mset(sK14,sK15,'Cons'(sK14,sK30,sK29)) = filter_mset(sK14,sK15,mergesort(sK14,'Cons'(sK14,sK30,sK29))) [forward demodulation 2670,190]
2672. filter_mset(sK14,sK15,mergesort(sK14,'Cons'(sK14,sK30,sK29))) = append(sK14,filter_mset(sK14,sK15,'Cons'(sK14,sK30,'Nil'(sK14))),filter_mset(sK14,sK15,sK29)) [forward demodulation 2671,2228]
2696. filter_mset(sK14,sK15,mergesort(sK14,'Cons'(sK14,sK30,sK29))) = append(sK14,'Nil'(sK14),filter_mset(sK14,sK15,sK29)) <- (63) [forward demodulation 2672,1372]
2697. filter_mset(sK14,sK15,mergesort(sK14,'Cons'(sK14,sK30,sK29))) = filter_mset(sK14,sK15,sK29) <- (63) [forward demodulation 2696,223]
2714. $false <- (63) [subsumption resolution 2697,2617]
2715. ~63 [avatar contradiction clause 2714]
2718. $false [avatar sat refutation 1684,2613,2715]
% SZS output end Proof for conjecture
% (43492)------------------------------
% (43492)Version: Vampire 4.7 (commit )
% (43492)Linked with Z3 4.9.1.0  NOTFOUND
% (43492)Termination reason: Refutation

% (43492)Memory used [KB]: 7419
% (43492)Time elapsed: 0.065 s
% (43492)------------------------------
% (43492)------------------------------
% (43485)Success in time 0.067 s
