% (44748)lrs+10_1_ind=struct:sos=theory:sstl=1:drc=encompass:sp=occurrence:to=lpo:sik=recursion:nui=off:indoct=off:indao=on:urr=on_89 on lemma1 for (89ds/0Mi)
% (44749)lrs+10_1_ind=struct:sos=theory:sstl=1:drc=encompass:sp=occurrence:to=lpo:sik=recursion:nui=off:indoct=off:indao=off:urr=off_89 on lemma1 for (89ds/0Mi)
% (44747)lrs+10_1_ind=struct:sos=theory:sstl=1:drc=encompass:sp=occurrence:to=lpo:sik=recursion:nui=off:indoct=off:indao=on:urr=off_89 on lemma1 for (89ds/0Mi)
% (44752)lrs+10_1_ind=struct:sos=theory:sstl=1:drc=encompass:sp=occurrence:to=lpo:sik=recursion:nui=off:indoct=on:indao=on:urr=on_89 on lemma1 for (89ds/0Mi)
% (44750)lrs+10_1_ind=struct:sos=theory:sstl=1:drc=encompass:sp=occurrence:to=lpo:sik=recursion:nui=off:indoct=off:indao=off:urr=on_89 on lemma1 for (89ds/0Mi)
% (44753)lrs+10_1_ind=struct:sos=theory:sstl=1:drc=encompass:sp=occurrence:to=lpo:sik=recursion:nui=off:indoct=on:indao=off:urr=off_89 on lemma1 for (89ds/0Mi)
% (44755)lrs+10_1_ind=struct:sos=theory:sstl=1:drc=encompass:sp=occurrence:to=lpo:sik=recursion:nui=on:indoct=off:indao=on:urr=off_89 on lemma1 for (89ds/0Mi)
% (44756)lrs+10_1_ind=struct:sos=theory:sstl=1:drc=encompass:sp=occurrence:to=lpo:sik=recursion:nui=on:indoct=off:indao=on:urr=on_89 on lemma1 for (89ds/0Mi)
% (44758)lrs+10_1_ind=struct:sos=theory:sstl=1:drc=encompass:sp=occurrence:to=lpo:sik=recursion:nui=on:indoct=off:indao=off:urr=on_89 on lemma1 for (89ds/0Mi)
% (44757)lrs+10_1_ind=struct:sos=theory:sstl=1:drc=encompass:sp=occurrence:to=lpo:sik=recursion:nui=on:indoct=off:indao=off:urr=off_89 on lemma1 for (89ds/0Mi)
% (44751)lrs+10_1_ind=struct:sos=theory:sstl=1:drc=encompass:sp=occurrence:to=lpo:sik=recursion:nui=off:indoct=on:indao=on:urr=off_89 on lemma1 for (89ds/0Mi)
% (44754)lrs+10_1_ind=struct:sos=theory:sstl=1:drc=encompass:sp=occurrence:to=lpo:sik=recursion:nui=off:indoct=on:indao=off:urr=on_89 on lemma1 for (89ds/0Mi)
% (44759)lrs+10_1_ind=struct:sos=theory:sstl=1:drc=encompass:sp=occurrence:to=lpo:sik=recursion:nui=on:indoct=on:indao=on:urr=off_89 on lemma1 for (89ds/0Mi)
% (44760)lrs+10_1_ind=struct:sos=theory:sstl=1:drc=encompass:sp=occurrence:to=lpo:sik=recursion:nui=on:indoct=on:indao=on:urr=on_89 on lemma1 for (89ds/0Mi)
% (44756)First to succeed.
% (44756)Refutation found. Thanks to Tanya!
% SZS status Unsatisfiable for lemma1
% SZS output start Proof for lemma1
2. ! [X0 : $tType] : ! [X1 : X0] : leq(X0,X1,X1) [input]
6. append(X0,X1,X2) = $match(X1,'Nil'(X0),X2,'Cons'(X0,X3,X4),'Cons'(X0,X3,append(X0,X4,X2))) [input]
7. merge(X0,X1,X2) = $match(X1,'Nil'(X0),X2,'Cons'(X0,X3,X4),$match(X2,'Nil'(X0),X1,'Cons'(X0,X5,X6),$ite(leq(X0,X3,X5), 'Cons'(X0,X3,merge(X0,X4,'Cons'(X0,X5,X6))),'Cons'(X0,X5,merge(X0,'Cons'(X0,X3,X4),X6))))) [input]
8. filter_mset(X0,X1,X2) = $match(X2,'Nil'(X0),'Nil'(X0),'Cons'(X0,X3,X4),$ite(X1 = X3, 'Cons'(X0,X3,filter_mset(X0,X1,X4)),filter_mset(X0,X1,X4))) [input]
9. ! [X0 : $tType] : ! [X5 : 'list()'(X0),X3 : 'list()'(X0),X2 : X0,X1 : X0,X4 : X0] : append(X0,filter_mset(X0,X1,X5),filter_mset(X0,X1,X3)) = append(X0,filter_mset(X0,X1,X3),filter_mset(X0,X1,X5)) [input]
10. ! [X0 : $tType] : (! [X9 : X0,X10 : 'list()'(X0)] : append(X0,filter_mset(X0,X9,'Nil'(X0)),filter_mset(X0,X9,X10)) = filter_mset(X0,X9,merge(X0,'Nil'(X0),X10)) & ! [X6 : X0,X8 : 'list()'(X0),X7 : X0] : append(X0,filter_mset(X0,X6,'Cons'(X0,X7,X8)),filter_mset(X0,X6,'Nil'(X0))) = filter_mset(X0,X6,merge(X0,'Cons'(X0,X7,X8),'Nil'(X0))) & ! [X5 : 'list()'(X0),X3 : 'list()'(X0),X2 : X0,X1 : X0,X4 : X0] : ((append(X0,filter_mset(X0,X1,X3),filter_mset(X0,X1,'Cons'(X0,X4,X5))) = filter_mset(X0,X1,merge(X0,X3,'Cons'(X0,X4,X5))) & append(X0,filter_mset(X0,X1,'Cons'(X0,X2,X3)),filter_mset(X0,X1,X5)) = filter_mset(X0,X1,merge(X0,'Cons'(X0,X2,X3),X5))) => append(X0,filter_mset(X0,X1,'Cons'(X0,X2,X3)),filter_mset(X0,X1,'Cons'(X0,X4,X5))) = filter_mset(X0,X1,merge(X0,'Cons'(X0,X2,X3),'Cons'(X0,X4,X5))))) [input]
11. ~! [X0 : $tType] : (! [X9 : X0,X10 : 'list()'(X0)] : append(X0,filter_mset(X0,X9,'Nil'(X0)),filter_mset(X0,X9,X10)) = filter_mset(X0,X9,merge(X0,'Nil'(X0),X10)) & ! [X6 : X0,X8 : 'list()'(X0),X7 : X0] : append(X0,filter_mset(X0,X6,'Cons'(X0,X7,X8)),filter_mset(X0,X6,'Nil'(X0))) = filter_mset(X0,X6,merge(X0,'Cons'(X0,X7,X8),'Nil'(X0))) & ! [X5 : 'list()'(X0),X3 : 'list()'(X0),X2 : X0,X1 : X0,X4 : X0] : ((append(X0,filter_mset(X0,X1,X3),filter_mset(X0,X1,'Cons'(X0,X4,X5))) = filter_mset(X0,X1,merge(X0,X3,'Cons'(X0,X4,X5))) & append(X0,filter_mset(X0,X1,'Cons'(X0,X2,X3)),filter_mset(X0,X1,X5)) = filter_mset(X0,X1,merge(X0,'Cons'(X0,X2,X3),X5))) => append(X0,filter_mset(X0,X1,'Cons'(X0,X2,X3)),filter_mset(X0,X1,'Cons'(X0,X4,X5))) = filter_mset(X0,X1,merge(X0,'Cons'(X0,X2,X3),'Cons'(X0,X4,X5))))) [negated conjecture 10]
20. ! [X4 : 'list()'(X0),X3 : X0,X2 : 'list()'(X0),X1 : X0,X0 : $tType] : filter_mset(X0,X1,X2) = $match(X2,'Nil'(X0),'Nil'(X0),'Cons'(X0,X3,X4),$ite(X1 = X3, 'Cons'(X0,X3,filter_mset(X0,X1,X4)),filter_mset(X0,X1,X4))) [closure 8]
21. ! [X0 : $tType,X3 : X0,X1 : X0,X4 : 'list()'(X0),X2 : 'list()'(X0)] : ('Nil'(X0) = X2 => 'Nil'(X0) = mG0(X0,X3,X1,X4,X2)) [fool $match elimination 20]
22. ! [X0 : $tType,X3 : X0,X1 : X0,X4 : 'list()'(X0)] : (X1 = X3 => 'Cons'(X0,X3,filter_mset(X0,X1,X4)) = iG1(X0,X3,X1,X4)) [fool $ite elimination 20]
23. ! [X0 : $tType,X3 : X0,X1 : X0,X4 : 'list()'(X0)] : (~X1 = X3 => filter_mset(X0,X1,X4) = iG1(X0,X3,X1,X4)) [fool $ite elimination 20]
24. ! [X0 : $tType,X3 : X0,X1 : X0,X4 : 'list()'(X0),X2 : 'list()'(X0)] : ('Cons'(X0,X3,X4) = X2 => mG0(X0,X3,X1,X4,X2) = iG1(X0,X3,X1,X4)) [fool $match elimination 20]
25. ! [X4 : 'list()'(X0),X3 : X0,X2 : 'list()'(X0),X1 : X0,X0 : $tType] : filter_mset(X0,X1,X2) = mG0(X0,X3,X1,X4,X2) [fool elimination 20]
26. ! [X6 : 'list()'(X0),X5 : X0,X4 : 'list()'(X0),X3 : X0,X2 : 'list()'(X0),X1 : 'list()'(X0),X0 : $tType] : merge(X0,X1,X2) = $match(X1,'Nil'(X0),X2,'Cons'(X0,X3,X4),$match(X2,'Nil'(X0),X1,'Cons'(X0,X5,X6),$ite(leq(X0,X3,X5), 'Cons'(X0,X3,merge(X0,X4,'Cons'(X0,X5,X6))),'Cons'(X0,X5,merge(X0,'Cons'(X0,X3,X4),X6))))) [closure 7]
27. ! [X0 : $tType,X5 : X0,X3 : X0,X6 : 'list()'(X0),X4 : 'list()'(X0),X1 : 'list()'(X0),X2 : 'list()'(X0)] : ('Nil'(X0) = X1 => mG2(X0,X5,X3,X6,X4,X1,X2) = X2) [fool $match elimination 26]
28. ! [X0 : $tType,X5 : X0,X3 : X0,X6 : 'list()'(X0),X4 : 'list()'(X0),X1 : 'list()'(X0),X2 : 'list()'(X0)] : ('Nil'(X0) = X2 => mG3(X0,X5,X3,X6,X4,X1,X2) = X1) [fool $match elimination 26]
29. ! [X0 : $tType,X5 : X0,X3 : X0,X6 : 'list()'(X0),X4 : 'list()'(X0)] : (leq(X0,X3,X5) => 'Cons'(X0,X3,merge(X0,X4,'Cons'(X0,X5,X6))) = iG4(X0,X5,X3,X6,X4)) [fool $ite elimination 26]
30. ! [X0 : $tType,X5 : X0,X3 : X0,X6 : 'list()'(X0),X4 : 'list()'(X0)] : (~leq(X0,X3,X5) => 'Cons'(X0,X5,merge(X0,'Cons'(X0,X3,X4),X6)) = iG4(X0,X5,X3,X6,X4)) [fool $ite elimination 26]
31. ! [X0 : $tType,X5 : X0,X3 : X0,X6 : 'list()'(X0),X4 : 'list()'(X0),X1 : 'list()'(X0),X2 : 'list()'(X0)] : ('Cons'(X0,X5,X6) = X2 => mG3(X0,X5,X3,X6,X4,X1,X2) = iG4(X0,X5,X3,X6,X4)) [fool $match elimination 26]
32. ! [X0 : $tType,X5 : X0,X3 : X0,X6 : 'list()'(X0),X4 : 'list()'(X0),X1 : 'list()'(X0),X2 : 'list()'(X0)] : ('Cons'(X0,X3,X4) = X1 => mG2(X0,X5,X3,X6,X4,X1,X2) = mG3(X0,X5,X3,X6,X4,X1,X2)) [fool $match elimination 26]
33. ! [X6 : 'list()'(X0),X5 : X0,X4 : 'list()'(X0),X3 : X0,X2 : 'list()'(X0),X1 : 'list()'(X0),X0 : $tType] : merge(X0,X1,X2) = mG2(X0,X5,X3,X6,X4,X1,X2) [fool elimination 26]
34. ! [X4 : 'list()'(X0),X3 : X0,X2 : 'list()'(X0),X1 : 'list()'(X0),X0 : $tType] : append(X0,X1,X2) = $match(X1,'Nil'(X0),X2,'Cons'(X0,X3,X4),'Cons'(X0,X3,append(X0,X4,X2))) [closure 6]
35. ! [X0 : $tType,X2 : 'list()'(X0),X4 : 'list()'(X0),X3 : X0,X1 : 'list()'(X0)] : ('Nil'(X0) = X1 => mG5(X0,X2,X4,X3,X1) = X2) [fool $match elimination 34]
36. ! [X0 : $tType,X2 : 'list()'(X0),X4 : 'list()'(X0),X3 : X0,X1 : 'list()'(X0)] : ('Cons'(X0,X3,X4) = X1 => 'Cons'(X0,X3,append(X0,X4,X2)) = mG5(X0,X2,X4,X3,X1)) [fool $match elimination 34]
37. ! [X4 : 'list()'(X0),X3 : X0,X2 : 'list()'(X0),X1 : 'list()'(X0),X0 : $tType] : append(X0,X1,X2) = mG5(X0,X2,X4,X3,X1) [fool elimination 34]
40. ! [X0 : $tType,X1 : 'list()'(X0),X2 : 'list()'(X0),X3 : X0,X4 : 'list()'(X0)] : ('Cons'(X0,X3,X2) = X4 => 'Cons'(X0,X3,append(X0,X2,X1)) = mG5(X0,X1,X2,X3,X4)) [rectify 36]
41. ! [X0 : $tType,X1 : 'list()'(X0),X2 : 'list()'(X0),X3 : X0,X4 : 'list()'(X0)] : ('Nil'(X0) = X4 => mG5(X0,X1,X2,X3,X4) = X1) [rectify 35]
42. ! [X0 : $tType,X1 : X0,X2 : X0,X3 : 'list()'(X0),X4 : 'list()'(X0),X5 : 'list()'(X0),X6 : 'list()'(X0)] : ('Cons'(X0,X2,X4) = X5 => mG2(X0,X1,X2,X3,X4,X5,X6) = mG3(X0,X1,X2,X3,X4,X5,X6)) [rectify 32]
43. ! [X0 : $tType,X1 : X0,X2 : X0,X3 : 'list()'(X0),X4 : 'list()'(X0),X5 : 'list()'(X0),X6 : 'list()'(X0)] : ('Cons'(X0,X1,X3) = X6 => mG3(X0,X1,X2,X3,X4,X5,X6) = iG4(X0,X1,X2,X3,X4)) [rectify 31]
44. ! [X0 : $tType,X1 : X0,X2 : X0,X3 : 'list()'(X0),X4 : 'list()'(X0)] : (~leq(X0,X2,X1) => iG4(X0,X1,X2,X3,X4) = 'Cons'(X0,X1,merge(X0,'Cons'(X0,X2,X4),X3))) [rectify 30]
45. ! [X0 : $tType,X1 : X0,X2 : X0,X3 : 'list()'(X0),X4 : 'list()'(X0)] : (~leq(X0,X2,X1) => iG4(X0,X1,X2,X3,X4) = 'Cons'(X0,X1,merge(X0,'Cons'(X0,X2,X4),X3))) [flattening 44]
46. ! [X0 : $tType,X1 : X0,X2 : X0,X3 : 'list()'(X0),X4 : 'list()'(X0)] : (leq(X0,X2,X1) => iG4(X0,X1,X2,X3,X4) = 'Cons'(X0,X2,merge(X0,X4,'Cons'(X0,X1,X3)))) [rectify 29]
47. ! [X0 : $tType,X1 : X0,X2 : X0,X3 : 'list()'(X0),X4 : 'list()'(X0),X5 : 'list()'(X0),X6 : 'list()'(X0)] : ('Nil'(X0) = X6 => mG3(X0,X1,X2,X3,X4,X5,X6) = X5) [rectify 28]
48. ! [X0 : $tType,X1 : X0,X2 : X0,X3 : 'list()'(X0),X4 : 'list()'(X0),X5 : 'list()'(X0),X6 : 'list()'(X0)] : ('Nil'(X0) = X5 => mG2(X0,X1,X2,X3,X4,X5,X6) = X6) [rectify 27]
49. ! [X0 : $tType,X1 : X0,X2 : X0,X3 : 'list()'(X0),X4 : 'list()'(X0)] : ('Cons'(X0,X1,X3) = X4 => mG0(X0,X1,X2,X3,X4) = iG1(X0,X1,X2,X3)) [rectify 24]
50. ! [X0 : $tType,X1 : X0,X2 : X0,X3 : 'list()'(X0)] : (~X1 = X2 => iG1(X0,X1,X2,X3) = filter_mset(X0,X2,X3)) [rectify 23]
51. ! [X0 : $tType,X1 : X0,X2 : X0,X3 : 'list()'(X0)] : (X1 != X2 => iG1(X0,X1,X2,X3) = filter_mset(X0,X2,X3)) [flattening 50]
52. ! [X0 : $tType,X1 : X0,X2 : X0,X3 : 'list()'(X0)] : (X1 = X2 => iG1(X0,X1,X2,X3) = 'Cons'(X0,X1,filter_mset(X0,X2,X3))) [rectify 22]
53. ! [X0 : $tType,X1 : X0,X2 : X0,X3 : 'list()'(X0),X4 : 'list()'(X0)] : ('Nil'(X0) = X4 => 'Nil'(X0) = mG0(X0,X1,X2,X3,X4)) [rectify 21]
56. ~! [X0 : $tType] : (! [X1 : X0,X2 : 'list()'(X0)] : append(X0,filter_mset(X0,X1,'Nil'(X0)),filter_mset(X0,X1,X2)) = filter_mset(X0,X1,merge(X0,'Nil'(X0),X2)) & ! [X3 : X0,X4 : 'list()'(X0),X5 : X0] : append(X0,filter_mset(X0,X3,'Cons'(X0,X5,X4)),filter_mset(X0,X3,'Nil'(X0))) = filter_mset(X0,X3,merge(X0,'Cons'(X0,X5,X4),'Nil'(X0))) & ! [X6 : 'list()'(X0),X7 : 'list()'(X0),X8 : X0,X9 : X0,X10 : X0] : ((append(X0,filter_mset(X0,X9,X7),filter_mset(X0,X9,'Cons'(X0,X10,X6))) = filter_mset(X0,X9,merge(X0,X7,'Cons'(X0,X10,X6))) & append(X0,filter_mset(X0,X9,'Cons'(X0,X8,X7)),filter_mset(X0,X9,X6)) = filter_mset(X0,X9,merge(X0,'Cons'(X0,X8,X7),X6))) => append(X0,filter_mset(X0,X9,'Cons'(X0,X8,X7)),filter_mset(X0,X9,'Cons'(X0,X10,X6))) = filter_mset(X0,X9,merge(X0,'Cons'(X0,X8,X7),'Cons'(X0,X10,X6))))) [rectify 11]
57. ! [X0 : $tType] : ! [X1 : 'list()'(X0),X2 : 'list()'(X0),X4 : X0] : append(X0,filter_mset(X0,X4,X2),filter_mset(X0,X4,X1)) = append(X0,filter_mset(X0,X4,X1),filter_mset(X0,X4,X2)) [rectify 9]
58. ! [X0 : $tType,X1 : 'list()'(X0),X2 : 'list()'(X0),X4 : X0] : append(X0,filter_mset(X0,X4,X2),filter_mset(X0,X4,X1)) = append(X0,filter_mset(X0,X4,X1),filter_mset(X0,X4,X2)) [flattening 57]
59. ! [X0 : 'list()'(X4),X1 : X4,X2 : 'list()'(X4),X3 : X4,X4 : $tType] : filter_mset(X4,X3,X2) = mG0(X4,X1,X3,X0,X2) [rectify 25]
60. ! [X0 : 'list()'(X6),X1 : X6,X2 : 'list()'(X6),X3 : X6,X4 : 'list()'(X6),X5 : 'list()'(X6),X6 : $tType] : merge(X6,X5,X4) = mG2(X6,X1,X3,X0,X2,X5,X4) [rectify 33]
61. ! [X0 : 'list()'(X4),X1 : X4,X2 : 'list()'(X4),X3 : 'list()'(X4),X4 : $tType] : append(X4,X3,X2) = mG5(X4,X2,X0,X1,X3) [rectify 37]
68. ! [X0 : $tType,X1 : X0] : leq(X0,X1,X1) [flattening 2]
71. ! [X0 : $tType,X1 : 'list()'(X0),X2 : 'list()'(X0),X3 : X0,X4 : 'list()'(X0)] : ('Cons'(X0,X3,append(X0,X2,X1)) = mG5(X0,X1,X2,X3,X4) | 'Cons'(X0,X3,X2) != X4) [ennf transformation 40]
72. ! [X0 : $tType,X1 : 'list()'(X0),X2 : 'list()'(X0),X3 : X0,X4 : 'list()'(X0)] : (mG5(X0,X1,X2,X3,X4) = X1 | 'Nil'(X0) != X4) [ennf transformation 41]
73. ! [X0 : $tType,X1 : X0,X2 : X0,X3 : 'list()'(X0),X4 : 'list()'(X0),X5 : 'list()'(X0),X6 : 'list()'(X0)] : (mG2(X0,X1,X2,X3,X4,X5,X6) = mG3(X0,X1,X2,X3,X4,X5,X6) | 'Cons'(X0,X2,X4) != X5) [ennf transformation 42]
74. ! [X0 : $tType,X1 : X0,X2 : X0,X3 : 'list()'(X0),X4 : 'list()'(X0),X5 : 'list()'(X0),X6 : 'list()'(X0)] : (mG3(X0,X1,X2,X3,X4,X5,X6) = iG4(X0,X1,X2,X3,X4) | 'Cons'(X0,X1,X3) != X6) [ennf transformation 43]
75. ! [X0 : $tType,X1 : X0,X2 : X0,X3 : 'list()'(X0),X4 : 'list()'(X0)] : (iG4(X0,X1,X2,X3,X4) = 'Cons'(X0,X1,merge(X0,'Cons'(X0,X2,X4),X3)) | leq(X0,X2,X1)) [ennf transformation 45]
76. ! [X0 : $tType,X1 : X0,X2 : X0,X3 : 'list()'(X0),X4 : 'list()'(X0)] : (iG4(X0,X1,X2,X3,X4) = 'Cons'(X0,X2,merge(X0,X4,'Cons'(X0,X1,X3))) | ~leq(X0,X2,X1)) [ennf transformation 46]
77. ! [X0 : $tType,X1 : X0,X2 : X0,X3 : 'list()'(X0),X4 : 'list()'(X0),X5 : 'list()'(X0),X6 : 'list()'(X0)] : (mG3(X0,X1,X2,X3,X4,X5,X6) = X5 | 'Nil'(X0) != X6) [ennf transformation 47]
78. ! [X0 : $tType,X1 : X0,X2 : X0,X3 : 'list()'(X0),X4 : 'list()'(X0),X5 : 'list()'(X0),X6 : 'list()'(X0)] : (mG2(X0,X1,X2,X3,X4,X5,X6) = X6 | 'Nil'(X0) != X5) [ennf transformation 48]
79. ! [X0 : $tType,X1 : X0,X2 : X0,X3 : 'list()'(X0),X4 : 'list()'(X0)] : (mG0(X0,X1,X2,X3,X4) = iG1(X0,X1,X2,X3) | 'Cons'(X0,X1,X3) != X4) [ennf transformation 49]
80. ! [X0 : $tType,X1 : X0,X2 : X0,X3 : 'list()'(X0)] : (iG1(X0,X1,X2,X3) = filter_mset(X0,X2,X3) | X1 = X2) [ennf transformation 51]
81. ! [X0 : $tType,X1 : X0,X2 : X0,X3 : 'list()'(X0)] : (iG1(X0,X1,X2,X3) = 'Cons'(X0,X1,filter_mset(X0,X2,X3)) | X1 != X2) [ennf transformation 52]
82. ! [X0 : $tType,X1 : X0,X2 : X0,X3 : 'list()'(X0),X4 : 'list()'(X0)] : ('Nil'(X0) = mG0(X0,X1,X2,X3,X4) | 'Nil'(X0) != X4) [ennf transformation 53]
84. ? [X0 : $tType] : (? [X1 : X0,X2 : 'list()'(X0)] : append(X0,filter_mset(X0,X1,'Nil'(X0)),filter_mset(X0,X1,X2)) != filter_mset(X0,X1,merge(X0,'Nil'(X0),X2)) | ? [X3 : X0,X4 : 'list()'(X0),X5 : X0] : append(X0,filter_mset(X0,X3,'Cons'(X0,X5,X4)),filter_mset(X0,X3,'Nil'(X0))) != filter_mset(X0,X3,merge(X0,'Cons'(X0,X5,X4),'Nil'(X0))) | ? [X6 : 'list()'(X0),X7 : 'list()'(X0),X8 : X0,X9 : X0,X10 : X0] : (append(X0,filter_mset(X0,X9,'Cons'(X0,X8,X7)),filter_mset(X0,X9,'Cons'(X0,X10,X6))) != filter_mset(X0,X9,merge(X0,'Cons'(X0,X8,X7),'Cons'(X0,X10,X6))) & (append(X0,filter_mset(X0,X9,X7),filter_mset(X0,X9,'Cons'(X0,X10,X6))) = filter_mset(X0,X9,merge(X0,X7,'Cons'(X0,X10,X6))) & append(X0,filter_mset(X0,X9,'Cons'(X0,X8,X7)),filter_mset(X0,X9,X6)) = filter_mset(X0,X9,merge(X0,'Cons'(X0,X8,X7),X6))))) [ennf transformation 56]
85. ? [X0 : $tType] : (? [X1 : X0,X2 : 'list()'(X0)] : append(X0,filter_mset(X0,X1,'Nil'(X0)),filter_mset(X0,X1,X2)) != filter_mset(X0,X1,merge(X0,'Nil'(X0),X2)) | ? [X3 : X0,X4 : 'list()'(X0),X5 : X0] : append(X0,filter_mset(X0,X3,'Cons'(X0,X5,X4)),filter_mset(X0,X3,'Nil'(X0))) != filter_mset(X0,X3,merge(X0,'Cons'(X0,X5,X4),'Nil'(X0))) | ? [X6 : 'list()'(X0),X7 : 'list()'(X0),X8 : X0,X9 : X0,X10 : X0] : (append(X0,filter_mset(X0,X9,'Cons'(X0,X8,X7)),filter_mset(X0,X9,'Cons'(X0,X10,X6))) != filter_mset(X0,X9,merge(X0,'Cons'(X0,X8,X7),'Cons'(X0,X10,X6))) & append(X0,filter_mset(X0,X9,X7),filter_mset(X0,X9,'Cons'(X0,X10,X6))) = filter_mset(X0,X9,merge(X0,X7,'Cons'(X0,X10,X6))) & append(X0,filter_mset(X0,X9,'Cons'(X0,X8,X7)),filter_mset(X0,X9,X6)) = filter_mset(X0,X9,merge(X0,'Cons'(X0,X8,X7),X6)))) [flattening 84]
93. ? [X0 : $tType] : (? [X1 : X0,X2 : 'list()'(X0)] : append(X0,filter_mset(X0,X1,'Nil'(X0)),filter_mset(X0,X1,X2)) != filter_mset(X0,X1,merge(X0,'Nil'(X0),X2)) | ? [X3 : X0,X4 : 'list()'(X0),X5 : X0] : append(X0,filter_mset(X0,X3,'Cons'(X0,X5,X4)),filter_mset(X0,X3,'Nil'(X0))) != filter_mset(X0,X3,merge(X0,'Cons'(X0,X5,X4),'Nil'(X0))) | ? [X6 : 'list()'(X0),X7 : 'list()'(X0),X8 : X0,X9 : X0,X10 : X0] : (append(X0,filter_mset(X0,X9,'Cons'(X0,X8,X7)),filter_mset(X0,X9,'Cons'(X0,X10,X6))) != filter_mset(X0,X9,merge(X0,'Cons'(X0,X8,X7),'Cons'(X0,X10,X6))) & append(X0,filter_mset(X0,X9,X7),filter_mset(X0,X9,'Cons'(X0,X10,X6))) = filter_mset(X0,X9,merge(X0,X7,'Cons'(X0,X10,X6))) & append(X0,filter_mset(X0,X9,'Cons'(X0,X8,X7)),filter_mset(X0,X9,X6)) = filter_mset(X0,X9,merge(X0,'Cons'(X0,X8,X7),X6)))) => (? [X2 : 'list()'(sK10),X1 : sK10] : append(sK10,filter_mset(sK10,X1,'Nil'(sK10)),filter_mset(sK10,X1,X2)) != filter_mset(sK10,X1,merge(sK10,'Nil'(sK10),X2)) | ? [X5 : sK10,X4 : 'list()'(sK10),X3 : sK10] : append(sK10,filter_mset(sK10,X3,'Cons'(sK10,X5,X4)),filter_mset(sK10,X3,'Nil'(sK10))) != filter_mset(sK10,X3,merge(sK10,'Cons'(sK10,X5,X4),'Nil'(sK10))) | ? [X10 : sK10,X9 : sK10,X8 : sK10,X7 : 'list()'(sK10),X6 : 'list()'(sK10)] : (append(sK10,filter_mset(sK10,X9,'Cons'(sK10,X8,X7)),filter_mset(sK10,X9,'Cons'(sK10,X10,X6))) != filter_mset(sK10,X9,merge(sK10,'Cons'(sK10,X8,X7),'Cons'(sK10,X10,X6))) & append(sK10,filter_mset(sK10,X9,X7),filter_mset(sK10,X9,'Cons'(sK10,X10,X6))) = filter_mset(sK10,X9,merge(sK10,X7,'Cons'(sK10,X10,X6))) & append(sK10,filter_mset(sK10,X9,'Cons'(sK10,X8,X7)),filter_mset(sK10,X9,X6)) = filter_mset(sK10,X9,merge(sK10,'Cons'(sK10,X8,X7),X6)))) [choice axiom]
94. ? [X2 : 'list()'(sK10),X1 : sK10] : append(sK10,filter_mset(sK10,X1,'Nil'(sK10)),filter_mset(sK10,X1,X2)) != filter_mset(sK10,X1,merge(sK10,'Nil'(sK10),X2)) => append(sK10,filter_mset(sK10,sK11,'Nil'(sK10)),filter_mset(sK10,sK11,sK12)) != filter_mset(sK10,sK11,merge(sK10,'Nil'(sK10),sK12)) [choice axiom]
95. ? [X5 : sK10,X4 : 'list()'(sK10),X3 : sK10] : append(sK10,filter_mset(sK10,X3,'Cons'(sK10,X5,X4)),filter_mset(sK10,X3,'Nil'(sK10))) != filter_mset(sK10,X3,merge(sK10,'Cons'(sK10,X5,X4),'Nil'(sK10))) => append(sK10,filter_mset(sK10,sK13,'Cons'(sK10,sK15,sK14)),filter_mset(sK10,sK13,'Nil'(sK10))) != filter_mset(sK10,sK13,merge(sK10,'Cons'(sK10,sK15,sK14),'Nil'(sK10))) [choice axiom]
96. ? [X10 : sK10,X9 : sK10,X8 : sK10,X7 : 'list()'(sK10),X6 : 'list()'(sK10)] : (append(sK10,filter_mset(sK10,X9,'Cons'(sK10,X8,X7)),filter_mset(sK10,X9,'Cons'(sK10,X10,X6))) != filter_mset(sK10,X9,merge(sK10,'Cons'(sK10,X8,X7),'Cons'(sK10,X10,X6))) & append(sK10,filter_mset(sK10,X9,X7),filter_mset(sK10,X9,'Cons'(sK10,X10,X6))) = filter_mset(sK10,X9,merge(sK10,X7,'Cons'(sK10,X10,X6))) & append(sK10,filter_mset(sK10,X9,'Cons'(sK10,X8,X7)),filter_mset(sK10,X9,X6)) = filter_mset(sK10,X9,merge(sK10,'Cons'(sK10,X8,X7),X6))) => (append(sK10,filter_mset(sK10,sK19,'Cons'(sK10,sK18,sK17)),filter_mset(sK10,sK19,'Cons'(sK10,sK20,sK16))) != filter_mset(sK10,sK19,merge(sK10,'Cons'(sK10,sK18,sK17),'Cons'(sK10,sK20,sK16))) & append(sK10,filter_mset(sK10,sK19,sK17),filter_mset(sK10,sK19,'Cons'(sK10,sK20,sK16))) = filter_mset(sK10,sK19,merge(sK10,sK17,'Cons'(sK10,sK20,sK16))) & append(sK10,filter_mset(sK10,sK19,'Cons'(sK10,sK18,sK17)),filter_mset(sK10,sK19,sK16)) = filter_mset(sK10,sK19,merge(sK10,'Cons'(sK10,sK18,sK17),sK16))) [choice axiom]
97. append(sK10,filter_mset(sK10,sK11,'Nil'(sK10)),filter_mset(sK10,sK11,sK12)) != filter_mset(sK10,sK11,merge(sK10,'Nil'(sK10),sK12)) | append(sK10,filter_mset(sK10,sK13,'Cons'(sK10,sK15,sK14)),filter_mset(sK10,sK13,'Nil'(sK10))) != filter_mset(sK10,sK13,merge(sK10,'Cons'(sK10,sK15,sK14),'Nil'(sK10))) | (append(sK10,filter_mset(sK10,sK19,'Cons'(sK10,sK18,sK17)),filter_mset(sK10,sK19,'Cons'(sK10,sK20,sK16))) != filter_mset(sK10,sK19,merge(sK10,'Cons'(sK10,sK18,sK17),'Cons'(sK10,sK20,sK16))) & append(sK10,filter_mset(sK10,sK19,sK17),filter_mset(sK10,sK19,'Cons'(sK10,sK20,sK16))) = filter_mset(sK10,sK19,merge(sK10,sK17,'Cons'(sK10,sK20,sK16))) & append(sK10,filter_mset(sK10,sK19,'Cons'(sK10,sK18,sK17)),filter_mset(sK10,sK19,sK16)) = filter_mset(sK10,sK19,merge(sK10,'Cons'(sK10,sK18,sK17),sK16))) [skolemisation 85,96,95,94,93]
98. ! [X0 : $tType,X1 : 'list()'(X0),X2 : 'list()'(X0),X3 : X0] : append(X0,filter_mset(X0,X3,X2),filter_mset(X0,X3,X1)) = append(X0,filter_mset(X0,X3,X1),filter_mset(X0,X3,X2)) [rectify 58]
100. 'Cons'(X0,X3,append(X0,X2,X1)) = mG5(X0,X1,X2,X3,X4) | 'Cons'(X0,X3,X2) != X4 [cnf transformation 71]
101. mG5(X0,X1,X2,X3,X4) = X1 | 'Nil'(X0) != X4 [cnf transformation 72]
102. mG2(X0,X1,X2,X3,X4,X5,X6) = mG3(X0,X1,X2,X3,X4,X5,X6) | 'Cons'(X0,X2,X4) != X5 [cnf transformation 73]
103. mG3(X0,X1,X2,X3,X4,X5,X6) = iG4(X0,X1,X2,X3,X4) | 'Cons'(X0,X1,X3) != X6 [cnf transformation 74]
104. leq(X0,X2,X1) | iG4(X0,X1,X2,X3,X4) = 'Cons'(X0,X1,merge(X0,'Cons'(X0,X2,X4),X3)) [cnf transformation 75]
105. ~leq(X0,X2,X1) | iG4(X0,X1,X2,X3,X4) = 'Cons'(X0,X2,merge(X0,X4,'Cons'(X0,X1,X3))) [cnf transformation 76]
106. mG3(X0,X1,X2,X3,X4,X5,X6) = X5 | 'Nil'(X0) != X6 [cnf transformation 77]
107. mG2(X0,X1,X2,X3,X4,X5,X6) = X6 | 'Nil'(X0) != X5 [cnf transformation 78]
108. mG0(X0,X1,X2,X3,X4) = iG1(X0,X1,X2,X3) | 'Cons'(X0,X1,X3) != X4 [cnf transformation 79]
109. iG1(X0,X1,X2,X3) = filter_mset(X0,X2,X3) | X1 = X2 [cnf transformation 80]
110. iG1(X0,X1,X2,X3) = 'Cons'(X0,X1,filter_mset(X0,X2,X3)) | X1 != X2 [cnf transformation 81]
111. 'Nil'(X0) = mG0(X0,X1,X2,X3,X4) | 'Nil'(X0) != X4 [cnf transformation 82]
113. append(sK10,filter_mset(sK10,sK11,'Nil'(sK10)),filter_mset(sK10,sK11,sK12)) != filter_mset(sK10,sK11,merge(sK10,'Nil'(sK10),sK12)) | append(sK10,filter_mset(sK10,sK13,'Cons'(sK10,sK15,sK14)),filter_mset(sK10,sK13,'Nil'(sK10))) != filter_mset(sK10,sK13,merge(sK10,'Cons'(sK10,sK15,sK14),'Nil'(sK10))) | append(sK10,filter_mset(sK10,sK19,'Cons'(sK10,sK18,sK17)),filter_mset(sK10,sK19,sK16)) = filter_mset(sK10,sK19,merge(sK10,'Cons'(sK10,sK18,sK17),sK16)) [cnf transformation 97]
114. append(sK10,filter_mset(sK10,sK11,'Nil'(sK10)),filter_mset(sK10,sK11,sK12)) != filter_mset(sK10,sK11,merge(sK10,'Nil'(sK10),sK12)) | append(sK10,filter_mset(sK10,sK13,'Cons'(sK10,sK15,sK14)),filter_mset(sK10,sK13,'Nil'(sK10))) != filter_mset(sK10,sK13,merge(sK10,'Cons'(sK10,sK15,sK14),'Nil'(sK10))) | append(sK10,filter_mset(sK10,sK19,sK17),filter_mset(sK10,sK19,'Cons'(sK10,sK20,sK16))) = filter_mset(sK10,sK19,merge(sK10,sK17,'Cons'(sK10,sK20,sK16))) [cnf transformation 97]
115. append(sK10,filter_mset(sK10,sK11,'Nil'(sK10)),filter_mset(sK10,sK11,sK12)) != filter_mset(sK10,sK11,merge(sK10,'Nil'(sK10),sK12)) | append(sK10,filter_mset(sK10,sK13,'Cons'(sK10,sK15,sK14)),filter_mset(sK10,sK13,'Nil'(sK10))) != filter_mset(sK10,sK13,merge(sK10,'Cons'(sK10,sK15,sK14),'Nil'(sK10))) | append(sK10,filter_mset(sK10,sK19,'Cons'(sK10,sK18,sK17)),filter_mset(sK10,sK19,'Cons'(sK10,sK20,sK16))) != filter_mset(sK10,sK19,merge(sK10,'Cons'(sK10,sK18,sK17),'Cons'(sK10,sK20,sK16))) [cnf transformation 97]
116. append(X0,filter_mset(X0,X3,X2),filter_mset(X0,X3,X1)) = append(X0,filter_mset(X0,X3,X1),filter_mset(X0,X3,X2)) [cnf transformation 98]
117. filter_mset(X4,X3,X2) = mG0(X4,X1,X3,X0,X2) [cnf transformation 59]
118. merge(X6,X5,X4) = mG2(X6,X1,X3,X0,X2,X5,X4) [cnf transformation 60]
119. append(X4,X3,X2) = mG5(X4,X2,X0,X1,X3) [cnf transformation 61]
123. leq(X0,X1,X1) [cnf transformation 68]
126. 'Cons'(X0,X3,append(X0,X2,X1)) = append(X0,X4,X1) | 'Cons'(X0,X3,X2) != X4 [definition unfolding 100,119]
127. append(X0,X4,X1) = X1 | 'Nil'(X0) != X4 [definition unfolding 101,119]
128. mG3(X0,X1,X2,X3,X4,X5,X6) = merge(X0,X5,X6) | 'Cons'(X0,X2,X4) != X5 [definition unfolding 102,118]
129. merge(X0,X5,X6) = X6 | 'Nil'(X0) != X5 [definition unfolding 107,118]
130. iG1(X0,X1,X2,X3) = filter_mset(X0,X2,X4) | 'Cons'(X0,X1,X3) != X4 [definition unfolding 108,117]
131. 'Nil'(X0) = filter_mset(X0,X2,X4) | 'Nil'(X0) != X4 [definition unfolding 111,117]
132. 'Cons'(X0,X3,append(X0,X2,X1)) = append(X0,'Cons'(X0,X3,X2),X1) [equality resolution 126]
133. append(X0,'Nil'(X0),X1) = X1 [equality resolution 127]
134. mG3(X0,X1,X2,X3,X4,'Cons'(X0,X2,X4),X6) = merge(X0,'Cons'(X0,X2,X4),X6) [equality resolution 128]
135. iG4(X0,X1,X2,X3,X4) = mG3(X0,X1,X2,X3,X4,X5,'Cons'(X0,X1,X3)) [equality resolution 103]
136. mG3(X0,X1,X2,X3,X4,X5,'Nil'(X0)) = X5 [equality resolution 106]
137. merge(X0,'Nil'(X0),X6) = X6 [equality resolution 129]
138. iG1(X0,X1,X2,X3) = filter_mset(X0,X2,'Cons'(X0,X1,X3)) [equality resolution 130]
139. iG1(X0,X2,X2,X3) = 'Cons'(X0,X2,filter_mset(X0,X2,X3)) [equality resolution 110]
140. 'Nil'(X0) = filter_mset(X0,X2,'Nil'(X0)) [equality resolution 131]
141. filter_mset(X0,X2,X3) = filter_mset(X0,X2,'Cons'(X0,X1,X3)) | X1 = X2 [forward demodulation 109,138]
142. filter_mset(sK10,sK11,sK12) != append(sK10,filter_mset(sK10,sK11,'Nil'(sK10)),filter_mset(sK10,sK11,sK12)) | append(sK10,filter_mset(sK10,sK13,'Cons'(sK10,sK15,sK14)),filter_mset(sK10,sK13,'Nil'(sK10))) != filter_mset(sK10,sK13,merge(sK10,'Cons'(sK10,sK15,sK14),'Nil'(sK10))) | append(sK10,filter_mset(sK10,sK19,'Cons'(sK10,sK18,sK17)),filter_mset(sK10,sK19,'Cons'(sK10,sK20,sK16))) != filter_mset(sK10,sK19,merge(sK10,'Cons'(sK10,sK18,sK17),'Cons'(sK10,sK20,sK16))) [forward demodulation 115,137]
143. filter_mset(sK10,sK11,sK12) != append(sK10,'Nil'(sK10),filter_mset(sK10,sK11,sK12)) | append(sK10,filter_mset(sK10,sK13,'Cons'(sK10,sK15,sK14)),filter_mset(sK10,sK13,'Nil'(sK10))) != filter_mset(sK10,sK13,merge(sK10,'Cons'(sK10,sK15,sK14),'Nil'(sK10))) | append(sK10,filter_mset(sK10,sK19,'Cons'(sK10,sK18,sK17)),filter_mset(sK10,sK19,'Cons'(sK10,sK20,sK16))) != filter_mset(sK10,sK19,merge(sK10,'Cons'(sK10,sK18,sK17),'Cons'(sK10,sK20,sK16))) [forward demodulation 142,140]
144. append(sK10,filter_mset(sK10,sK13,'Cons'(sK10,sK15,sK14)),filter_mset(sK10,sK13,'Nil'(sK10))) != filter_mset(sK10,sK13,merge(sK10,'Cons'(sK10,sK15,sK14),'Nil'(sK10))) | append(sK10,filter_mset(sK10,sK19,'Cons'(sK10,sK18,sK17)),filter_mset(sK10,sK19,'Cons'(sK10,sK20,sK16))) != filter_mset(sK10,sK19,merge(sK10,'Cons'(sK10,sK18,sK17),'Cons'(sK10,sK20,sK16))) [subsumption resolution 143,133]
145. filter_mset(sK10,sK13,merge(sK10,'Cons'(sK10,sK15,sK14),'Nil'(sK10))) != append(sK10,filter_mset(sK10,sK13,'Cons'(sK10,sK15,sK14)),'Nil'(sK10)) | append(sK10,filter_mset(sK10,sK19,'Cons'(sK10,sK18,sK17)),filter_mset(sK10,sK19,'Cons'(sK10,sK20,sK16))) != filter_mset(sK10,sK19,merge(sK10,'Cons'(sK10,sK18,sK17),'Cons'(sK10,sK20,sK16))) [forward demodulation 144,140]
147. 1 <=> append(sK10,filter_mset(sK10,sK19,'Cons'(sK10,sK18,sK17)),filter_mset(sK10,sK19,'Cons'(sK10,sK20,sK16))) = filter_mset(sK10,sK19,merge(sK10,'Cons'(sK10,sK18,sK17),'Cons'(sK10,sK20,sK16))) [avatar definition]
149. append(sK10,filter_mset(sK10,sK19,'Cons'(sK10,sK18,sK17)),filter_mset(sK10,sK19,'Cons'(sK10,sK20,sK16))) != filter_mset(sK10,sK19,merge(sK10,'Cons'(sK10,sK18,sK17),'Cons'(sK10,sK20,sK16))) <- (~1) [avatar component clause 147]
151. 2 <=> filter_mset(sK10,sK13,merge(sK10,'Cons'(sK10,sK15,sK14),'Nil'(sK10))) = append(sK10,filter_mset(sK10,sK13,'Cons'(sK10,sK15,sK14)),'Nil'(sK10)) [avatar definition]
153. filter_mset(sK10,sK13,merge(sK10,'Cons'(sK10,sK15,sK14),'Nil'(sK10))) != append(sK10,filter_mset(sK10,sK13,'Cons'(sK10,sK15,sK14)),'Nil'(sK10)) <- (~2) [avatar component clause 151]
154. ~1 | ~2 [avatar split clause 145,151,147]
155. filter_mset(sK10,sK11,sK12) != append(sK10,filter_mset(sK10,sK11,'Nil'(sK10)),filter_mset(sK10,sK11,sK12)) | append(sK10,filter_mset(sK10,sK13,'Cons'(sK10,sK15,sK14)),filter_mset(sK10,sK13,'Nil'(sK10))) != filter_mset(sK10,sK13,merge(sK10,'Cons'(sK10,sK15,sK14),'Nil'(sK10))) | append(sK10,filter_mset(sK10,sK19,sK17),filter_mset(sK10,sK19,'Cons'(sK10,sK20,sK16))) = filter_mset(sK10,sK19,merge(sK10,sK17,'Cons'(sK10,sK20,sK16))) [forward demodulation 114,137]
156. filter_mset(sK10,sK11,sK12) != append(sK10,'Nil'(sK10),filter_mset(sK10,sK11,sK12)) | append(sK10,filter_mset(sK10,sK13,'Cons'(sK10,sK15,sK14)),filter_mset(sK10,sK13,'Nil'(sK10))) != filter_mset(sK10,sK13,merge(sK10,'Cons'(sK10,sK15,sK14),'Nil'(sK10))) | append(sK10,filter_mset(sK10,sK19,sK17),filter_mset(sK10,sK19,'Cons'(sK10,sK20,sK16))) = filter_mset(sK10,sK19,merge(sK10,sK17,'Cons'(sK10,sK20,sK16))) [forward demodulation 155,140]
157. append(sK10,filter_mset(sK10,sK13,'Cons'(sK10,sK15,sK14)),filter_mset(sK10,sK13,'Nil'(sK10))) != filter_mset(sK10,sK13,merge(sK10,'Cons'(sK10,sK15,sK14),'Nil'(sK10))) | append(sK10,filter_mset(sK10,sK19,sK17),filter_mset(sK10,sK19,'Cons'(sK10,sK20,sK16))) = filter_mset(sK10,sK19,merge(sK10,sK17,'Cons'(sK10,sK20,sK16))) [subsumption resolution 156,133]
158. filter_mset(sK10,sK13,merge(sK10,'Cons'(sK10,sK15,sK14),'Nil'(sK10))) != append(sK10,filter_mset(sK10,sK13,'Cons'(sK10,sK15,sK14)),'Nil'(sK10)) | append(sK10,filter_mset(sK10,sK19,sK17),filter_mset(sK10,sK19,'Cons'(sK10,sK20,sK16))) = filter_mset(sK10,sK19,merge(sK10,sK17,'Cons'(sK10,sK20,sK16))) [forward demodulation 157,140]
160. 3 <=> append(sK10,filter_mset(sK10,sK19,sK17),filter_mset(sK10,sK19,'Cons'(sK10,sK20,sK16))) = filter_mset(sK10,sK19,merge(sK10,sK17,'Cons'(sK10,sK20,sK16))) [avatar definition]
162. append(sK10,filter_mset(sK10,sK19,sK17),filter_mset(sK10,sK19,'Cons'(sK10,sK20,sK16))) = filter_mset(sK10,sK19,merge(sK10,sK17,'Cons'(sK10,sK20,sK16))) <- (3) [avatar component clause 160]
163. 3 | ~2 [avatar split clause 158,151,160]
164. filter_mset(sK10,sK11,sK12) != append(sK10,filter_mset(sK10,sK11,'Nil'(sK10)),filter_mset(sK10,sK11,sK12)) | append(sK10,filter_mset(sK10,sK13,'Cons'(sK10,sK15,sK14)),filter_mset(sK10,sK13,'Nil'(sK10))) != filter_mset(sK10,sK13,merge(sK10,'Cons'(sK10,sK15,sK14),'Nil'(sK10))) | append(sK10,filter_mset(sK10,sK19,'Cons'(sK10,sK18,sK17)),filter_mset(sK10,sK19,sK16)) = filter_mset(sK10,sK19,merge(sK10,'Cons'(sK10,sK18,sK17),sK16)) [forward demodulation 113,137]
165. filter_mset(sK10,sK11,sK12) != append(sK10,'Nil'(sK10),filter_mset(sK10,sK11,sK12)) | append(sK10,filter_mset(sK10,sK13,'Cons'(sK10,sK15,sK14)),filter_mset(sK10,sK13,'Nil'(sK10))) != filter_mset(sK10,sK13,merge(sK10,'Cons'(sK10,sK15,sK14),'Nil'(sK10))) | append(sK10,filter_mset(sK10,sK19,'Cons'(sK10,sK18,sK17)),filter_mset(sK10,sK19,sK16)) = filter_mset(sK10,sK19,merge(sK10,'Cons'(sK10,sK18,sK17),sK16)) [forward demodulation 164,140]
166. append(sK10,filter_mset(sK10,sK13,'Cons'(sK10,sK15,sK14)),filter_mset(sK10,sK13,'Nil'(sK10))) != filter_mset(sK10,sK13,merge(sK10,'Cons'(sK10,sK15,sK14),'Nil'(sK10))) | append(sK10,filter_mset(sK10,sK19,'Cons'(sK10,sK18,sK17)),filter_mset(sK10,sK19,sK16)) = filter_mset(sK10,sK19,merge(sK10,'Cons'(sK10,sK18,sK17),sK16)) [subsumption resolution 165,133]
167. filter_mset(sK10,sK13,merge(sK10,'Cons'(sK10,sK15,sK14),'Nil'(sK10))) != append(sK10,filter_mset(sK10,sK13,'Cons'(sK10,sK15,sK14)),'Nil'(sK10)) | append(sK10,filter_mset(sK10,sK19,'Cons'(sK10,sK18,sK17)),filter_mset(sK10,sK19,sK16)) = filter_mset(sK10,sK19,merge(sK10,'Cons'(sK10,sK18,sK17),sK16)) [forward demodulation 166,140]
169. 4 <=> append(sK10,filter_mset(sK10,sK19,'Cons'(sK10,sK18,sK17)),filter_mset(sK10,sK19,sK16)) = filter_mset(sK10,sK19,merge(sK10,'Cons'(sK10,sK18,sK17),sK16)) [avatar definition]
171. append(sK10,filter_mset(sK10,sK19,'Cons'(sK10,sK18,sK17)),filter_mset(sK10,sK19,sK16)) = filter_mset(sK10,sK19,merge(sK10,'Cons'(sK10,sK18,sK17),sK16)) <- (4) [avatar component clause 169]
172. 4 | ~2 [avatar split clause 167,151,169]
263. 'Cons'(X0,X1,filter_mset(X0,X1,X2)) = filter_mset(X0,X1,'Cons'(X0,X1,X2)) [superposition 139,138]
565. mG3(X0,X1,X2,X3,X4,X5,'Cons'(X0,X1,X3)) = mG3(X0,X1,X2,X3,X4,X6,'Cons'(X0,X1,X3)) [superposition 135,135]
570. 'Cons'(X6,X8,X10) = merge(X6,'Cons'(X6,X8,X10),'Nil'(X6)) [superposition 134,136]
573. filter_mset(sK10,sK13,'Cons'(sK10,sK15,sK14)) != append(sK10,filter_mset(sK10,sK13,'Cons'(sK10,sK15,sK14)),'Nil'(sK10)) <- (~2) [backward demodulation 153,570]
680. iG4(X0,X1,X1,X2,X3) = 'Cons'(X0,X1,merge(X0,X3,'Cons'(X0,X1,X2))) [unit resulting resolution 123,105]
682. iG4(X4,X5,X6,X7,X8) = 'Cons'(X4,X6,merge(X4,X8,'Cons'(X4,X5,X7))) | iG4(X4,X5,X6,X9,X10) = 'Cons'(X4,X5,merge(X4,'Cons'(X4,X6,X10),X9)) [resolution 105,104]
692. append(X0,'Nil'(X0),filter_mset(X0,X1,X2)) = append(X0,filter_mset(X0,X1,X2),'Nil'(X0)) [superposition 116,140]
702. filter_mset(X0,X1,X2) = append(X0,filter_mset(X0,X1,X2),'Nil'(X0)) [forward demodulation 692,133]
705. filter_mset(sK10,sK13,'Cons'(sK10,sK15,sK14)) != filter_mset(sK10,sK13,'Cons'(sK10,sK15,sK14)) <- (~2) [backward demodulation 573,702]
712. $false <- (~2) [trivial inequality removal 705]
713. 2 [avatar contradiction clause 712]
717. filter_mset(sK10,sK19,merge(sK10,'Cons'(sK10,sK18,sK17),sK16)) = append(sK10,filter_mset(sK10,sK19,sK16),filter_mset(sK10,sK19,'Cons'(sK10,sK18,sK17))) <- (4) [forward demodulation 171,116]
764. ! [X0 : sK10,X1 : 'list()'(sK10)] : ((filter_mset(sK10,sK19,merge(sK10,sK17,'Cons'(sK10,sK20,'Nil'(sK10)))) != append(sK10,filter_mset(sK10,sK19,sK17),filter_mset(sK10,sK19,'Cons'(sK10,sK20,'Nil'(sK10)))) | filter_mset(sK10,sK19,merge(sK10,'Cons'(sK10,sK18,sK17),'Cons'(sK10,sK20,'Nil'(sK10)))) = append(sK10,filter_mset(sK10,sK19,'Cons'(sK10,sK18,sK17)),filter_mset(sK10,sK19,'Cons'(sK10,sK20,'Nil'(sK10))))) & ((filter_mset(sK10,sK19,merge(sK10,sK17,'Cons'(sK10,sK20,X1))) != append(sK10,filter_mset(sK10,sK19,sK17),filter_mset(sK10,sK19,'Cons'(sK10,sK20,X1))) | filter_mset(sK10,sK19,merge(sK10,'Cons'(sK10,sK18,sK17),'Cons'(sK10,sK20,X1))) = append(sK10,filter_mset(sK10,sK19,'Cons'(sK10,sK18,sK17)),filter_mset(sK10,sK19,'Cons'(sK10,sK20,X1)))) => (filter_mset(sK10,sK19,merge(sK10,sK17,'Cons'(sK10,sK20,'Cons'(sK10,X0,X1)))) != append(sK10,filter_mset(sK10,sK19,sK17),filter_mset(sK10,sK19,'Cons'(sK10,sK20,'Cons'(sK10,X0,X1)))) | filter_mset(sK10,sK19,merge(sK10,'Cons'(sK10,sK18,sK17),'Cons'(sK10,sK20,'Cons'(sK10,X0,X1)))) = append(sK10,filter_mset(sK10,sK19,'Cons'(sK10,sK18,sK17)),filter_mset(sK10,sK19,'Cons'(sK10,sK20,'Cons'(sK10,X0,X1))))))) => ! [X2 : 'list()'(sK10)] : (filter_mset(sK10,sK19,merge(sK10,sK17,'Cons'(sK10,sK20,X2))) != append(sK10,filter_mset(sK10,sK19,sK17),filter_mset(sK10,sK19,'Cons'(sK10,sK20,X2))) | filter_mset(sK10,sK19,merge(sK10,'Cons'(sK10,sK18,sK17),'Cons'(sK10,sK20,X2))) = append(sK10,filter_mset(sK10,sK19,'Cons'(sK10,sK18,sK17)),filter_mset(sK10,sK19,'Cons'(sK10,sK20,X2)))) [structural induction hypothesis (one)]
765. ! [X2 : 'list()'(sK10)] : (filter_mset(sK10,sK19,merge(sK10,sK17,'Cons'(sK10,sK20,X2))) != append(sK10,filter_mset(sK10,sK19,sK17),filter_mset(sK10,sK19,'Cons'(sK10,sK20,X2))) | filter_mset(sK10,sK19,merge(sK10,'Cons'(sK10,sK18,sK17),'Cons'(sK10,sK20,X2))) = append(sK10,filter_mset(sK10,sK19,'Cons'(sK10,sK18,sK17)),filter_mset(sK10,sK19,'Cons'(sK10,sK20,X2)))) | ? [X0 : sK10,X1 : 'list()'(sK10)] : ((filter_mset(sK10,sK19,merge(sK10,sK17,'Cons'(sK10,sK20,'Nil'(sK10)))) = append(sK10,filter_mset(sK10,sK19,sK17),filter_mset(sK10,sK19,'Cons'(sK10,sK20,'Nil'(sK10)))) & filter_mset(sK10,sK19,merge(sK10,'Cons'(sK10,sK18,sK17),'Cons'(sK10,sK20,'Nil'(sK10)))) != append(sK10,filter_mset(sK10,sK19,'Cons'(sK10,sK18,sK17)),filter_mset(sK10,sK19,'Cons'(sK10,sK20,'Nil'(sK10))))) | ((filter_mset(sK10,sK19,merge(sK10,sK17,'Cons'(sK10,sK20,'Cons'(sK10,X0,X1)))) = append(sK10,filter_mset(sK10,sK19,sK17),filter_mset(sK10,sK19,'Cons'(sK10,sK20,'Cons'(sK10,X0,X1)))) & filter_mset(sK10,sK19,merge(sK10,'Cons'(sK10,sK18,sK17),'Cons'(sK10,sK20,'Cons'(sK10,X0,X1)))) != append(sK10,filter_mset(sK10,sK19,'Cons'(sK10,sK18,sK17)),filter_mset(sK10,sK19,'Cons'(sK10,sK20,'Cons'(sK10,X0,X1))))) & (filter_mset(sK10,sK19,merge(sK10,sK17,'Cons'(sK10,sK20,X1))) != append(sK10,filter_mset(sK10,sK19,sK17),filter_mset(sK10,sK19,'Cons'(sK10,sK20,X1))) | filter_mset(sK10,sK19,merge(sK10,'Cons'(sK10,sK18,sK17),'Cons'(sK10,sK20,X1))) = append(sK10,filter_mset(sK10,sK19,'Cons'(sK10,sK18,sK17)),filter_mset(sK10,sK19,'Cons'(sK10,sK20,X1)))))) [ennf transformation 764]
766. filter_mset(sK10,sK19,merge(sK10,'Cons'(sK10,sK18,sK17),'Cons'(sK10,sK20,'Cons'(sK10,sK62,sK63)))) != append(sK10,filter_mset(sK10,sK19,'Cons'(sK10,sK18,sK17)),filter_mset(sK10,sK19,'Cons'(sK10,sK20,'Cons'(sK10,sK62,sK63)))) | filter_mset(sK10,sK19,merge(sK10,sK17,'Cons'(sK10,sK20,'Nil'(sK10)))) = append(sK10,filter_mset(sK10,sK19,sK17),filter_mset(sK10,sK19,'Cons'(sK10,sK20,'Nil'(sK10)))) | filter_mset(sK10,sK19,merge(sK10,'Cons'(sK10,sK18,sK17),'Cons'(sK10,sK20,X2))) = append(sK10,filter_mset(sK10,sK19,'Cons'(sK10,sK18,sK17)),filter_mset(sK10,sK19,'Cons'(sK10,sK20,X2))) | filter_mset(sK10,sK19,merge(sK10,sK17,'Cons'(sK10,sK20,X2))) != append(sK10,filter_mset(sK10,sK19,sK17),filter_mset(sK10,sK19,'Cons'(sK10,sK20,X2))) [cnf transformation 765]
767. filter_mset(sK10,sK19,merge(sK10,sK17,'Cons'(sK10,sK20,'Cons'(sK10,sK62,sK63)))) = append(sK10,filter_mset(sK10,sK19,sK17),filter_mset(sK10,sK19,'Cons'(sK10,sK20,'Cons'(sK10,sK62,sK63)))) | filter_mset(sK10,sK19,merge(sK10,sK17,'Cons'(sK10,sK20,'Nil'(sK10)))) = append(sK10,filter_mset(sK10,sK19,sK17),filter_mset(sK10,sK19,'Cons'(sK10,sK20,'Nil'(sK10)))) | filter_mset(sK10,sK19,merge(sK10,'Cons'(sK10,sK18,sK17),'Cons'(sK10,sK20,X2))) = append(sK10,filter_mset(sK10,sK19,'Cons'(sK10,sK18,sK17)),filter_mset(sK10,sK19,'Cons'(sK10,sK20,X2))) | filter_mset(sK10,sK19,merge(sK10,sK17,'Cons'(sK10,sK20,X2))) != append(sK10,filter_mset(sK10,sK19,sK17),filter_mset(sK10,sK19,'Cons'(sK10,sK20,X2))) [cnf transformation 765]
768. filter_mset(sK10,sK19,merge(sK10,'Cons'(sK10,sK18,sK17),'Cons'(sK10,sK20,'Cons'(sK10,sK62,sK63)))) != append(sK10,filter_mset(sK10,sK19,'Cons'(sK10,sK18,sK17)),filter_mset(sK10,sK19,'Cons'(sK10,sK20,'Cons'(sK10,sK62,sK63)))) | filter_mset(sK10,sK19,merge(sK10,'Cons'(sK10,sK18,sK17),'Cons'(sK10,sK20,'Nil'(sK10)))) != append(sK10,filter_mset(sK10,sK19,'Cons'(sK10,sK18,sK17)),filter_mset(sK10,sK19,'Cons'(sK10,sK20,'Nil'(sK10)))) | filter_mset(sK10,sK19,merge(sK10,'Cons'(sK10,sK18,sK17),'Cons'(sK10,sK20,X2))) = append(sK10,filter_mset(sK10,sK19,'Cons'(sK10,sK18,sK17)),filter_mset(sK10,sK19,'Cons'(sK10,sK20,X2))) | filter_mset(sK10,sK19,merge(sK10,sK17,'Cons'(sK10,sK20,X2))) != append(sK10,filter_mset(sK10,sK19,sK17),filter_mset(sK10,sK19,'Cons'(sK10,sK20,X2))) [cnf transformation 765]
769. filter_mset(sK10,sK19,merge(sK10,sK17,'Cons'(sK10,sK20,'Cons'(sK10,sK62,sK63)))) = append(sK10,filter_mset(sK10,sK19,sK17),filter_mset(sK10,sK19,'Cons'(sK10,sK20,'Cons'(sK10,sK62,sK63)))) | filter_mset(sK10,sK19,merge(sK10,'Cons'(sK10,sK18,sK17),'Cons'(sK10,sK20,'Nil'(sK10)))) != append(sK10,filter_mset(sK10,sK19,'Cons'(sK10,sK18,sK17)),filter_mset(sK10,sK19,'Cons'(sK10,sK20,'Nil'(sK10)))) | filter_mset(sK10,sK19,merge(sK10,'Cons'(sK10,sK18,sK17),'Cons'(sK10,sK20,X2))) = append(sK10,filter_mset(sK10,sK19,'Cons'(sK10,sK18,sK17)),filter_mset(sK10,sK19,'Cons'(sK10,sK20,X2))) | filter_mset(sK10,sK19,merge(sK10,sK17,'Cons'(sK10,sK20,X2))) != append(sK10,filter_mset(sK10,sK19,sK17),filter_mset(sK10,sK19,'Cons'(sK10,sK20,X2))) [cnf transformation 765]
774. filter_mset(sK10,sK19,merge(sK10,sK17,'Cons'(sK10,sK20,'Cons'(sK10,sK62,sK63)))) = append(sK10,filter_mset(sK10,sK19,sK17),filter_mset(sK10,sK19,'Cons'(sK10,sK20,'Cons'(sK10,sK62,sK63)))) | filter_mset(sK10,sK19,merge(sK10,'Cons'(sK10,sK18,sK17),'Cons'(sK10,sK20,'Nil'(sK10)))) != append(sK10,filter_mset(sK10,sK19,'Cons'(sK10,sK18,sK17)),filter_mset(sK10,sK19,'Cons'(sK10,sK20,'Nil'(sK10)))) <- (~1, 3) [induction hyperresolution 149,162,769]
775. filter_mset(sK10,sK19,merge(sK10,'Cons'(sK10,sK18,sK17),'Cons'(sK10,sK20,'Cons'(sK10,sK62,sK63)))) != append(sK10,filter_mset(sK10,sK19,'Cons'(sK10,sK18,sK17)),filter_mset(sK10,sK19,'Cons'(sK10,sK20,'Cons'(sK10,sK62,sK63)))) | filter_mset(sK10,sK19,merge(sK10,'Cons'(sK10,sK18,sK17),'Cons'(sK10,sK20,'Nil'(sK10)))) != append(sK10,filter_mset(sK10,sK19,'Cons'(sK10,sK18,sK17)),filter_mset(sK10,sK19,'Cons'(sK10,sK20,'Nil'(sK10)))) <- (~1, 3) [induction hyperresolution 149,162,768]
776. filter_mset(sK10,sK19,merge(sK10,sK17,'Cons'(sK10,sK20,'Cons'(sK10,sK62,sK63)))) = append(sK10,filter_mset(sK10,sK19,sK17),filter_mset(sK10,sK19,'Cons'(sK10,sK20,'Cons'(sK10,sK62,sK63)))) | filter_mset(sK10,sK19,merge(sK10,sK17,'Cons'(sK10,sK20,'Nil'(sK10)))) = append(sK10,filter_mset(sK10,sK19,sK17),filter_mset(sK10,sK19,'Cons'(sK10,sK20,'Nil'(sK10)))) <- (~1, 3) [induction hyperresolution 149,162,767]
777. filter_mset(sK10,sK19,merge(sK10,'Cons'(sK10,sK18,sK17),'Cons'(sK10,sK20,'Cons'(sK10,sK62,sK63)))) != append(sK10,filter_mset(sK10,sK19,'Cons'(sK10,sK18,sK17)),filter_mset(sK10,sK19,'Cons'(sK10,sK20,'Cons'(sK10,sK62,sK63)))) | filter_mset(sK10,sK19,merge(sK10,sK17,'Cons'(sK10,sK20,'Nil'(sK10)))) = append(sK10,filter_mset(sK10,sK19,sK17),filter_mset(sK10,sK19,'Cons'(sK10,sK20,'Nil'(sK10)))) <- (~1, 3) [induction hyperresolution 149,162,766]
843. 32 <=> filter_mset(sK10,sK19,merge(sK10,'Cons'(sK10,sK18,sK17),'Cons'(sK10,sK20,'Nil'(sK10)))) = append(sK10,filter_mset(sK10,sK19,'Cons'(sK10,sK18,sK17)),filter_mset(sK10,sK19,'Cons'(sK10,sK20,'Nil'(sK10)))) [avatar definition]
845. filter_mset(sK10,sK19,merge(sK10,'Cons'(sK10,sK18,sK17),'Cons'(sK10,sK20,'Nil'(sK10)))) != append(sK10,filter_mset(sK10,sK19,'Cons'(sK10,sK18,sK17)),filter_mset(sK10,sK19,'Cons'(sK10,sK20,'Nil'(sK10)))) <- (~32) [avatar component clause 843]
927. 45 <=> filter_mset(sK10,sK19,merge(sK10,sK17,'Cons'(sK10,sK20,'Nil'(sK10)))) = append(sK10,filter_mset(sK10,sK19,sK17),filter_mset(sK10,sK19,'Cons'(sK10,sK20,'Nil'(sK10)))) [avatar definition]
929. filter_mset(sK10,sK19,merge(sK10,sK17,'Cons'(sK10,sK20,'Nil'(sK10)))) = append(sK10,filter_mset(sK10,sK19,sK17),filter_mset(sK10,sK19,'Cons'(sK10,sK20,'Nil'(sK10)))) <- (45) [avatar component clause 927]
931. 46 <=> filter_mset(sK10,sK19,merge(sK10,'Cons'(sK10,sK18,sK17),'Cons'(sK10,sK20,'Cons'(sK10,sK62,sK63)))) = append(sK10,filter_mset(sK10,sK19,'Cons'(sK10,sK18,sK17)),filter_mset(sK10,sK19,'Cons'(sK10,sK20,'Cons'(sK10,sK62,sK63)))) [avatar definition]
933. filter_mset(sK10,sK19,merge(sK10,'Cons'(sK10,sK18,sK17),'Cons'(sK10,sK20,'Cons'(sK10,sK62,sK63)))) != append(sK10,filter_mset(sK10,sK19,'Cons'(sK10,sK18,sK17)),filter_mset(sK10,sK19,'Cons'(sK10,sK20,'Cons'(sK10,sK62,sK63)))) <- (~46) [avatar component clause 931]
934. 45 | ~46 | 1 | ~3 [avatar split clause 777,160,147,931,927]
936. 47 <=> filter_mset(sK10,sK19,merge(sK10,sK17,'Cons'(sK10,sK20,'Cons'(sK10,sK62,sK63)))) = append(sK10,filter_mset(sK10,sK19,sK17),filter_mset(sK10,sK19,'Cons'(sK10,sK20,'Cons'(sK10,sK62,sK63)))) [avatar definition]
938. filter_mset(sK10,sK19,merge(sK10,sK17,'Cons'(sK10,sK20,'Cons'(sK10,sK62,sK63)))) = append(sK10,filter_mset(sK10,sK19,sK17),filter_mset(sK10,sK19,'Cons'(sK10,sK20,'Cons'(sK10,sK62,sK63)))) <- (47) [avatar component clause 936]
939. 45 | 47 | 1 | ~3 [avatar split clause 776,160,147,936,927]
940. ~32 | ~46 | 1 | ~3 [avatar split clause 775,160,147,931,843]
941. ~32 | 47 | 1 | ~3 [avatar split clause 774,160,147,936,843]
1210. append(X6,'Cons'(X6,X7,filter_mset(X6,X7,X8)),filter_mset(X6,X7,X9)) = append(X6,filter_mset(X6,X7,X9),'Cons'(X6,X7,filter_mset(X6,X7,X8))) [superposition 116,263]
1213. append(X6,filter_mset(X6,X7,X9),'Cons'(X6,X7,filter_mset(X6,X7,X8))) = 'Cons'(X6,X7,append(X6,filter_mset(X6,X7,X8),filter_mset(X6,X7,X9))) [forward demodulation 1210,132]
1673. merge(X23,'Cons'(X23,X25,X27),'Cons'(X23,X24,X26)) = mG3(X23,X24,X25,X26,X27,X28,'Cons'(X23,X24,X26)) [superposition 565,134]
1691. iG4(X0,X1,X2,X3,X4) = merge(X0,'Cons'(X0,X2,X4),'Cons'(X0,X1,X3)) [backward demodulation 135,1673]
1700. 'Cons'(X4,X6,merge(X4,X8,'Cons'(X4,X5,X7))) = merge(X4,'Cons'(X4,X6,X8),'Cons'(X4,X5,X7)) | iG4(X4,X5,X6,X9,X10) = 'Cons'(X4,X5,merge(X4,'Cons'(X4,X6,X10),X9)) [backward demodulation 682,1691]
1718. 'Cons'(X4,X5,merge(X4,'Cons'(X4,X6,X10),X9)) = merge(X4,'Cons'(X4,X6,X10),'Cons'(X4,X5,X9)) | 'Cons'(X4,X6,merge(X4,X8,'Cons'(X4,X5,X7))) = merge(X4,'Cons'(X4,X6,X8),'Cons'(X4,X5,X7)) [forward demodulation 1700,1691]
1749. 'Cons'(X0,X1,merge(X0,X3,'Cons'(X0,X1,X2))) = merge(X0,'Cons'(X0,X1,X3),'Cons'(X0,X1,X2)) [superposition 1691,680]
2812. 128 <=> sK18 = sK19 [avatar definition]
2813. sK18 != sK19 <- (~128) [avatar component clause 2812]
2814. sK18 = sK19 <- (128) [avatar component clause 2812]
3382. 166 <=> sK19 = sK20 [avatar definition]
3383. sK19 != sK20 <- (~166) [avatar component clause 3382]
3384. sK19 = sK20 <- (166) [avatar component clause 3382]
4444. filter_mset(sK10,sK19,merge(sK10,'Cons'(sK10,sK18,sK17),'Cons'(sK10,sK19,'Nil'(sK10)))) != append(sK10,filter_mset(sK10,sK19,'Cons'(sK10,sK18,sK17)),filter_mset(sK10,sK19,'Cons'(sK10,sK19,'Nil'(sK10)))) <- (~32, 166) [backward demodulation 845,3384]
4448. filter_mset(sK10,sK19,merge(sK10,sK17,'Cons'(sK10,sK19,'Nil'(sK10)))) = append(sK10,filter_mset(sK10,sK19,sK17),filter_mset(sK10,sK19,'Cons'(sK10,sK19,'Nil'(sK10)))) <- (45, 166) [backward demodulation 929,3384]
4499. filter_mset(sK10,sK19,merge(sK10,'Cons'(sK10,sK18,sK17),'Cons'(sK10,sK19,'Nil'(sK10)))) != append(sK10,filter_mset(sK10,sK19,'Cons'(sK10,sK18,sK17)),'Cons'(sK10,sK19,filter_mset(sK10,sK19,'Nil'(sK10)))) <- (~32, 166) [forward demodulation 4444,263]
4500. filter_mset(sK10,sK19,merge(sK10,'Cons'(sK10,sK18,sK17),'Cons'(sK10,sK19,'Nil'(sK10)))) != 'Cons'(sK10,sK19,append(sK10,filter_mset(sK10,sK19,'Nil'(sK10)),filter_mset(sK10,sK19,'Cons'(sK10,sK18,sK17)))) <- (~32, 166) [forward demodulation 4499,1213]
4501. filter_mset(sK10,sK19,merge(sK10,'Cons'(sK10,sK18,sK17),'Cons'(sK10,sK19,'Nil'(sK10)))) != 'Cons'(sK10,sK19,append(sK10,'Nil'(sK10),filter_mset(sK10,sK19,'Cons'(sK10,sK18,sK17)))) <- (~32, 166) [forward demodulation 4500,140]
4502. filter_mset(sK10,sK19,merge(sK10,'Cons'(sK10,sK18,sK17),'Cons'(sK10,sK19,'Nil'(sK10)))) != 'Cons'(sK10,sK19,filter_mset(sK10,sK19,'Cons'(sK10,sK18,sK17))) <- (~32, 166) [forward demodulation 4501,133]
4509. filter_mset(sK10,sK19,merge(sK10,sK17,'Cons'(sK10,sK19,'Nil'(sK10)))) = append(sK10,filter_mset(sK10,sK19,sK17),'Cons'(sK10,sK19,filter_mset(sK10,sK19,'Nil'(sK10)))) <- (45, 166) [forward demodulation 4448,263]
4510. filter_mset(sK10,sK19,merge(sK10,sK17,'Cons'(sK10,sK19,'Nil'(sK10)))) = 'Cons'(sK10,sK19,append(sK10,filter_mset(sK10,sK19,'Nil'(sK10)),filter_mset(sK10,sK19,sK17))) <- (45, 166) [forward demodulation 4509,1213]
4511. filter_mset(sK10,sK19,merge(sK10,sK17,'Cons'(sK10,sK19,'Nil'(sK10)))) = 'Cons'(sK10,sK19,append(sK10,'Nil'(sK10),filter_mset(sK10,sK19,sK17))) <- (45, 166) [forward demodulation 4510,140]
4512. filter_mset(sK10,sK19,merge(sK10,sK17,'Cons'(sK10,sK19,'Nil'(sK10)))) = 'Cons'(sK10,sK19,filter_mset(sK10,sK19,sK17)) <- (45, 166) [forward demodulation 4511,133]
5198. filter_mset(sK10,sK18,merge(sK10,'Cons'(sK10,sK18,sK17),'Cons'(sK10,sK18,'Nil'(sK10)))) != 'Cons'(sK10,sK18,filter_mset(sK10,sK18,'Cons'(sK10,sK18,sK17))) <- (~32, 128, 166) [backward demodulation 4502,2814]
5202. filter_mset(sK10,sK18,merge(sK10,sK17,'Cons'(sK10,sK18,'Nil'(sK10)))) = 'Cons'(sK10,sK18,filter_mset(sK10,sK18,sK17)) <- (45, 128, 166) [backward demodulation 4512,2814]
5392. filter_mset(sK10,sK18,merge(sK10,'Cons'(sK10,sK18,sK17),'Cons'(sK10,sK18,'Nil'(sK10)))) != 'Cons'(sK10,sK18,'Cons'(sK10,sK18,filter_mset(sK10,sK18,sK17))) <- (~32, 128, 166) [forward demodulation 5198,263]
5393. 'Cons'(sK10,sK18,'Cons'(sK10,sK18,filter_mset(sK10,sK18,sK17))) != filter_mset(sK10,sK18,'Cons'(sK10,sK18,merge(sK10,sK17,'Cons'(sK10,sK18,'Nil'(sK10))))) <- (~32, 128, 166) [forward demodulation 5392,1749]
5394. 'Cons'(sK10,sK18,'Cons'(sK10,sK18,filter_mset(sK10,sK18,sK17))) != 'Cons'(sK10,sK18,filter_mset(sK10,sK18,merge(sK10,sK17,'Cons'(sK10,sK18,'Nil'(sK10))))) <- (~32, 128, 166) [forward demodulation 5393,263]
5395. sK18 != sK18 | filter_mset(sK10,sK18,merge(sK10,sK17,'Cons'(sK10,sK18,'Nil'(sK10)))) != 'Cons'(sK10,sK18,filter_mset(sK10,sK18,sK17)) <- (~32, 128, 166) [term algebras injectivity 5394]
5396. filter_mset(sK10,sK18,merge(sK10,sK17,'Cons'(sK10,sK18,'Nil'(sK10)))) != 'Cons'(sK10,sK18,filter_mset(sK10,sK18,sK17)) <- (~32, 128, 166) [trivial inequality removal 5395]
5408. $false <- (~32, 45, 128, 166) [subsumption resolution 5202,5396]
5409. 32 | ~45 | ~128 | ~166 [avatar contradiction clause 5408]
8825. filter_mset(sK10,sK19,X0) = filter_mset(sK10,sK19,'Cons'(sK10,sK20,X0)) <- (~166) [unit resulting resolution 3383,141]
8828. filter_mset(sK10,sK19,merge(sK10,sK17,'Cons'(sK10,sK20,'Nil'(sK10)))) = append(sK10,filter_mset(sK10,sK19,sK17),filter_mset(sK10,sK19,'Nil'(sK10))) <- (45, ~166) [backward demodulation 929,8825]
8867. filter_mset(sK10,sK19,merge(sK10,sK17,'Cons'(sK10,sK20,'Nil'(sK10)))) = append(sK10,filter_mset(sK10,sK19,'Nil'(sK10)),filter_mset(sK10,sK19,sK17)) <- (45, ~166) [forward demodulation 8828,116]
8868. filter_mset(sK10,sK19,merge(sK10,sK17,'Cons'(sK10,sK20,'Nil'(sK10)))) = append(sK10,'Nil'(sK10),filter_mset(sK10,sK19,sK17)) <- (45, ~166) [forward demodulation 8867,140]
8869. filter_mset(sK10,sK19,sK17) = filter_mset(sK10,sK19,merge(sK10,sK17,'Cons'(sK10,sK20,'Nil'(sK10)))) <- (45, ~166) [forward demodulation 8868,133]
9251. filter_mset(sK10,sK19,merge(sK10,'Cons'(sK10,sK18,sK17),'Cons'(sK10,sK20,sK16))) != append(sK10,filter_mset(sK10,sK19,'Cons'(sK10,sK18,sK17)),filter_mset(sK10,sK19,sK16)) <- (~1, ~166) [forward demodulation 149,8825]
9252. filter_mset(sK10,sK19,merge(sK10,'Cons'(sK10,sK18,sK17),'Cons'(sK10,sK20,sK16))) != append(sK10,filter_mset(sK10,sK19,sK16),filter_mset(sK10,sK19,'Cons'(sK10,sK18,sK17))) <- (~1, ~166) [forward demodulation 9251,116]
9267. filter_mset(sK10,sK19,merge(sK10,'Cons'(sK10,sK18,sK17),'Cons'(sK10,sK20,'Nil'(sK10)))) != append(sK10,filter_mset(sK10,sK19,'Cons'(sK10,sK18,sK17)),filter_mset(sK10,sK19,'Nil'(sK10))) <- (~32, ~166) [forward demodulation 845,8825]
9268. filter_mset(sK10,sK19,merge(sK10,'Cons'(sK10,sK18,sK17),'Cons'(sK10,sK20,'Nil'(sK10)))) != append(sK10,filter_mset(sK10,sK19,'Nil'(sK10)),filter_mset(sK10,sK19,'Cons'(sK10,sK18,sK17))) <- (~32, ~166) [forward demodulation 9267,116]
9269. filter_mset(sK10,sK19,merge(sK10,'Cons'(sK10,sK18,sK17),'Cons'(sK10,sK20,'Nil'(sK10)))) != append(sK10,'Nil'(sK10),filter_mset(sK10,sK19,'Cons'(sK10,sK18,sK17))) <- (~32, ~166) [forward demodulation 9268,140]
9270. filter_mset(sK10,sK19,'Cons'(sK10,sK18,sK17)) != filter_mset(sK10,sK19,merge(sK10,'Cons'(sK10,sK18,sK17),'Cons'(sK10,sK20,'Nil'(sK10)))) <- (~32, ~166) [forward demodulation 9269,133]
9433. filter_mset(sK10,sK18,X0) = filter_mset(sK10,sK18,'Cons'(sK10,sK20,X0)) <- (128, ~166) [backward demodulation 8825,2814]
9434. filter_mset(sK10,sK18,sK17) = filter_mset(sK10,sK18,merge(sK10,sK17,'Cons'(sK10,sK20,'Nil'(sK10)))) <- (45, 128, ~166) [backward demodulation 8869,2814]
9450. filter_mset(sK10,sK18,'Cons'(sK10,sK18,sK17)) != filter_mset(sK10,sK18,merge(sK10,'Cons'(sK10,sK18,sK17),'Cons'(sK10,sK20,'Nil'(sK10)))) <- (~32, 128, ~166) [backward demodulation 9270,2814]
9572. 'Cons'(sK10,sK18,filter_mset(sK10,sK18,sK17)) != filter_mset(sK10,sK18,merge(sK10,'Cons'(sK10,sK18,sK17),'Cons'(sK10,sK20,'Nil'(sK10)))) <- (~32, 128, ~166) [forward demodulation 9450,263]
9851. append(sK10,filter_mset(sK10,sK18,sK16),filter_mset(sK10,sK18,'Cons'(sK10,sK18,sK17))) != filter_mset(sK10,sK18,merge(sK10,'Cons'(sK10,sK18,sK17),'Cons'(sK10,sK20,sK16))) <- (~1, 128, ~166) [forward demodulation 9252,2814]
9852. append(sK10,filter_mset(sK10,sK18,sK16),'Cons'(sK10,sK18,filter_mset(sK10,sK18,sK17))) != filter_mset(sK10,sK18,merge(sK10,'Cons'(sK10,sK18,sK17),'Cons'(sK10,sK20,sK16))) <- (~1, 128, ~166) [forward demodulation 9851,263]
9983. filter_mset(sK10,sK18,merge(sK10,'Cons'(sK10,sK18,sK17),sK16)) = append(sK10,filter_mset(sK10,sK18,sK16),filter_mset(sK10,sK18,'Cons'(sK10,sK18,sK17))) <- (4, 128) [forward demodulation 717,2814]
9984. filter_mset(sK10,sK18,merge(sK10,'Cons'(sK10,sK18,sK17),sK16)) = append(sK10,filter_mset(sK10,sK18,sK16),'Cons'(sK10,sK18,filter_mset(sK10,sK18,sK17))) <- (4, 128) [forward demodulation 9983,263]
10068. append(sK10,filter_mset(sK10,sK18,sK16),'Cons'(sK10,sK18,filter_mset(sK10,sK18,sK17))) != filter_mset(sK10,sK18,'Cons'(sK10,sK20,merge(sK10,'Cons'(sK10,sK18,sK17),sK16))) | 'Cons'(sK10,sK18,merge(sK10,X2,'Cons'(sK10,sK20,X3))) = merge(sK10,'Cons'(sK10,sK18,X2),'Cons'(sK10,sK20,X3)) <- (~1, 128, ~166) [superposition 9852,1718]
10107. filter_mset(sK10,sK18,merge(sK10,'Cons'(sK10,sK18,sK17),sK16)) != append(sK10,filter_mset(sK10,sK18,sK16),'Cons'(sK10,sK18,filter_mset(sK10,sK18,sK17))) | 'Cons'(sK10,sK18,merge(sK10,X2,'Cons'(sK10,sK20,X3))) = merge(sK10,'Cons'(sK10,sK18,X2),'Cons'(sK10,sK20,X3)) <- (~1, 128, ~166) [forward demodulation 10068,9433]
10108. 'Cons'(sK10,sK18,merge(sK10,X2,'Cons'(sK10,sK20,X3))) = merge(sK10,'Cons'(sK10,sK18,X2),'Cons'(sK10,sK20,X3)) <- (~1, 4, 128, ~166) [subsumption resolution 10107,9984]
10129. 'Cons'(sK10,sK18,filter_mset(sK10,sK18,sK17)) != filter_mset(sK10,sK18,'Cons'(sK10,sK18,merge(sK10,sK17,'Cons'(sK10,sK20,'Nil'(sK10))))) <- (~1, 4, ~32, 128, ~166) [backward demodulation 9572,10108]
10198. 'Cons'(sK10,sK18,filter_mset(sK10,sK18,sK17)) != 'Cons'(sK10,sK18,filter_mset(sK10,sK18,merge(sK10,sK17,'Cons'(sK10,sK20,'Nil'(sK10))))) <- (~1, 4, ~32, 128, ~166) [forward demodulation 10129,263]
10199. sK18 != sK18 | filter_mset(sK10,sK18,sK17) != filter_mset(sK10,sK18,merge(sK10,sK17,'Cons'(sK10,sK20,'Nil'(sK10)))) <- (~1, 4, ~32, 128, ~166) [term algebras injectivity 10198]
10200. filter_mset(sK10,sK18,sK17) != filter_mset(sK10,sK18,merge(sK10,sK17,'Cons'(sK10,sK20,'Nil'(sK10)))) <- (~1, 4, ~32, 128, ~166) [trivial inequality removal 10199]
10201. $false <- (~1, 4, ~32, 45, 128, ~166) [subsumption resolution 10200,9434]
10202. 1 | ~4 | 32 | ~45 | ~128 | 166 [avatar contradiction clause 10201]
10386. filter_mset(sK10,sK18,merge(sK10,sK17,'Cons'(sK10,sK20,'Cons'(sK10,sK62,sK63)))) = append(sK10,filter_mset(sK10,sK18,sK17),filter_mset(sK10,sK18,'Cons'(sK10,sK20,'Cons'(sK10,sK62,sK63)))) <- (47, 128) [forward demodulation 938,2814]
10387. filter_mset(sK10,sK18,merge(sK10,sK17,'Cons'(sK10,sK20,'Cons'(sK10,sK62,sK63)))) = append(sK10,filter_mset(sK10,sK18,sK17),filter_mset(sK10,sK18,'Cons'(sK10,sK62,sK63))) <- (47, 128, ~166) [forward demodulation 10386,9433]
10388. filter_mset(sK10,sK18,merge(sK10,'Cons'(sK10,sK18,sK17),'Cons'(sK10,sK20,'Cons'(sK10,sK62,sK63)))) != append(sK10,filter_mset(sK10,sK18,'Cons'(sK10,sK18,sK17)),filter_mset(sK10,sK18,'Cons'(sK10,sK20,'Cons'(sK10,sK62,sK63)))) <- (~46, 128) [forward demodulation 933,2814]
10389. filter_mset(sK10,sK18,merge(sK10,'Cons'(sK10,sK18,sK17),'Cons'(sK10,sK20,'Cons'(sK10,sK62,sK63)))) != append(sK10,filter_mset(sK10,sK18,'Cons'(sK10,sK18,sK17)),filter_mset(sK10,sK18,'Cons'(sK10,sK62,sK63))) <- (~46, 128, ~166) [forward demodulation 10388,9433]
10390. filter_mset(sK10,sK18,merge(sK10,'Cons'(sK10,sK18,sK17),'Cons'(sK10,sK20,'Cons'(sK10,sK62,sK63)))) != append(sK10,'Cons'(sK10,sK18,filter_mset(sK10,sK18,sK17)),filter_mset(sK10,sK18,'Cons'(sK10,sK62,sK63))) <- (~46, 128, ~166) [forward demodulation 10389,263]
10391. filter_mset(sK10,sK18,merge(sK10,'Cons'(sK10,sK18,sK17),'Cons'(sK10,sK20,'Cons'(sK10,sK62,sK63)))) != 'Cons'(sK10,sK18,append(sK10,filter_mset(sK10,sK18,sK17),filter_mset(sK10,sK18,'Cons'(sK10,sK62,sK63)))) <- (~46, 128, ~166) [forward demodulation 10390,132]
10392. 'Cons'(sK10,sK18,append(sK10,filter_mset(sK10,sK18,sK17),filter_mset(sK10,sK18,'Cons'(sK10,sK62,sK63)))) != filter_mset(sK10,sK18,'Cons'(sK10,sK18,merge(sK10,sK17,'Cons'(sK10,sK20,'Cons'(sK10,sK62,sK63))))) <- (~1, 4, ~46, 128, ~166) [forward demodulation 10391,10108]
10393. 'Cons'(sK10,sK18,append(sK10,filter_mset(sK10,sK18,sK17),filter_mset(sK10,sK18,'Cons'(sK10,sK62,sK63)))) != 'Cons'(sK10,sK18,filter_mset(sK10,sK18,merge(sK10,sK17,'Cons'(sK10,sK20,'Cons'(sK10,sK62,sK63))))) <- (~1, 4, ~46, 128, ~166) [forward demodulation 10392,263]
10394. sK18 != sK18 | filter_mset(sK10,sK18,merge(sK10,sK17,'Cons'(sK10,sK20,'Cons'(sK10,sK62,sK63)))) != append(sK10,filter_mset(sK10,sK18,sK17),filter_mset(sK10,sK18,'Cons'(sK10,sK62,sK63))) <- (~1, 4, ~46, 128, ~166) [term algebras injectivity 10393]
10395. filter_mset(sK10,sK18,merge(sK10,sK17,'Cons'(sK10,sK20,'Cons'(sK10,sK62,sK63)))) != append(sK10,filter_mset(sK10,sK18,sK17),filter_mset(sK10,sK18,'Cons'(sK10,sK62,sK63))) <- (~1, 4, ~46, 128, ~166) [trivial inequality removal 10394]
10396. $false <- (~1, 4, ~46, 47, 128, ~166) [subsumption resolution 10395,10387]
10397. 1 | ~4 | 46 | ~47 | ~128 | 166 [avatar contradiction clause 10396]
10433. filter_mset(sK10,sK18,merge(sK10,'Cons'(sK10,sK18,sK17),'Cons'(sK10,sK20,'Cons'(sK10,sK62,sK63)))) != append(sK10,'Cons'(sK10,sK18,filter_mset(sK10,sK18,sK17)),filter_mset(sK10,sK18,'Cons'(sK10,sK20,'Cons'(sK10,sK62,sK63)))) <- (~46, 128) [forward demodulation 10388,263]
10434. filter_mset(sK10,sK18,merge(sK10,'Cons'(sK10,sK18,sK17),'Cons'(sK10,sK20,'Cons'(sK10,sK62,sK63)))) != 'Cons'(sK10,sK18,append(sK10,filter_mset(sK10,sK18,sK17),filter_mset(sK10,sK18,'Cons'(sK10,sK20,'Cons'(sK10,sK62,sK63))))) <- (~46, 128) [forward demodulation 10433,132]
10544. sK18 = sK20 <- (128, 166) [forward demodulation 3384,2814]
10551. filter_mset(sK10,sK18,merge(sK10,sK17,'Cons'(sK10,sK18,'Cons'(sK10,sK62,sK63)))) = append(sK10,filter_mset(sK10,sK18,sK17),filter_mset(sK10,sK18,'Cons'(sK10,sK18,'Cons'(sK10,sK62,sK63)))) <- (47, 128, 166) [backward demodulation 10386,10544]
10556. filter_mset(sK10,sK18,merge(sK10,'Cons'(sK10,sK18,sK17),'Cons'(sK10,sK18,'Cons'(sK10,sK62,sK63)))) != 'Cons'(sK10,sK18,append(sK10,filter_mset(sK10,sK18,sK17),filter_mset(sK10,sK18,'Cons'(sK10,sK18,'Cons'(sK10,sK62,sK63))))) <- (~46, 128, 166) [backward demodulation 10434,10544]
10655. filter_mset(sK10,sK18,merge(sK10,sK17,'Cons'(sK10,sK18,'Cons'(sK10,sK62,sK63)))) = append(sK10,filter_mset(sK10,sK18,sK17),'Cons'(sK10,sK18,filter_mset(sK10,sK18,'Cons'(sK10,sK62,sK63)))) <- (47, 128, 166) [forward demodulation 10551,263]
10673. filter_mset(sK10,sK18,merge(sK10,'Cons'(sK10,sK18,sK17),'Cons'(sK10,sK18,'Cons'(sK10,sK62,sK63)))) != 'Cons'(sK10,sK18,append(sK10,filter_mset(sK10,sK18,sK17),'Cons'(sK10,sK18,filter_mset(sK10,sK18,'Cons'(sK10,sK62,sK63))))) <- (~46, 128, 166) [forward demodulation 10556,263]
10674. 'Cons'(sK10,sK18,append(sK10,filter_mset(sK10,sK18,sK17),'Cons'(sK10,sK18,filter_mset(sK10,sK18,'Cons'(sK10,sK62,sK63))))) != filter_mset(sK10,sK18,'Cons'(sK10,sK18,merge(sK10,sK17,'Cons'(sK10,sK18,'Cons'(sK10,sK62,sK63))))) <- (~46, 128, 166) [forward demodulation 10673,1749]
10675. 'Cons'(sK10,sK18,append(sK10,filter_mset(sK10,sK18,sK17),'Cons'(sK10,sK18,filter_mset(sK10,sK18,'Cons'(sK10,sK62,sK63))))) != 'Cons'(sK10,sK18,filter_mset(sK10,sK18,merge(sK10,sK17,'Cons'(sK10,sK18,'Cons'(sK10,sK62,sK63))))) <- (~46, 128, 166) [forward demodulation 10674,263]
10676. sK18 != sK18 | filter_mset(sK10,sK18,merge(sK10,sK17,'Cons'(sK10,sK18,'Cons'(sK10,sK62,sK63)))) != append(sK10,filter_mset(sK10,sK18,sK17),'Cons'(sK10,sK18,filter_mset(sK10,sK18,'Cons'(sK10,sK62,sK63)))) <- (~46, 128, 166) [term algebras injectivity 10675]
10677. filter_mset(sK10,sK18,merge(sK10,sK17,'Cons'(sK10,sK18,'Cons'(sK10,sK62,sK63)))) != append(sK10,filter_mset(sK10,sK18,sK17),'Cons'(sK10,sK18,filter_mset(sK10,sK18,'Cons'(sK10,sK62,sK63)))) <- (~46, 128, 166) [trivial inequality removal 10676]
10678. $false <- (~46, 47, 128, 166) [subsumption resolution 10677,10655]
10679. 46 | ~47 | ~128 | ~166 [avatar contradiction clause 10678]
10988. append(sK10,filter_mset(sK10,sK19,sK17),filter_mset(sK10,sK19,'Cons'(sK10,sK19,sK16))) = filter_mset(sK10,sK19,merge(sK10,sK17,'Cons'(sK10,sK19,sK16))) <- (3, 166) [forward demodulation 162,3384]
10989. filter_mset(sK10,sK19,merge(sK10,sK17,'Cons'(sK10,sK19,sK16))) = append(sK10,filter_mset(sK10,sK19,sK17),'Cons'(sK10,sK19,filter_mset(sK10,sK19,sK16))) <- (3, 166) [forward demodulation 10988,263]
10990. filter_mset(sK10,sK19,merge(sK10,sK17,'Cons'(sK10,sK19,sK16))) = 'Cons'(sK10,sK19,append(sK10,filter_mset(sK10,sK19,sK16),filter_mset(sK10,sK19,sK17))) <- (3, 166) [forward demodulation 10989,1213]
11002. append(sK10,filter_mset(sK10,sK19,'Cons'(sK10,sK18,sK17)),filter_mset(sK10,sK19,'Cons'(sK10,sK19,sK16))) != filter_mset(sK10,sK19,merge(sK10,'Cons'(sK10,sK18,sK17),'Cons'(sK10,sK19,sK16))) <- (~1, 166) [forward demodulation 149,3384]
11003. filter_mset(sK10,sK19,merge(sK10,'Cons'(sK10,sK18,sK17),'Cons'(sK10,sK19,sK16))) != append(sK10,filter_mset(sK10,sK19,'Cons'(sK10,sK18,sK17)),'Cons'(sK10,sK19,filter_mset(sK10,sK19,sK16))) <- (~1, 166) [forward demodulation 11002,263]
11004. filter_mset(sK10,sK19,merge(sK10,'Cons'(sK10,sK18,sK17),'Cons'(sK10,sK19,sK16))) != 'Cons'(sK10,sK19,append(sK10,filter_mset(sK10,sK19,sK16),filter_mset(sK10,sK19,'Cons'(sK10,sK18,sK17)))) <- (~1, 166) [forward demodulation 11003,1213]
11134. filter_mset(sK10,sK19,X0) = filter_mset(sK10,sK19,'Cons'(sK10,sK18,X0)) <- (~128) [unit resulting resolution 2813,141]
11153. filter_mset(sK10,sK19,merge(sK10,'Cons'(sK10,sK18,sK17),sK16)) = append(sK10,filter_mset(sK10,sK19,sK16),filter_mset(sK10,sK19,sK17)) <- (4, ~128) [backward demodulation 717,11134]
11180. filter_mset(sK10,sK19,merge(sK10,'Cons'(sK10,sK18,sK17),'Cons'(sK10,sK19,sK16))) != 'Cons'(sK10,sK19,append(sK10,filter_mset(sK10,sK19,sK16),filter_mset(sK10,sK19,sK17))) <- (~1, ~128, 166) [backward demodulation 11004,11134]
11756. 'Cons'(sK10,sK19,append(sK10,filter_mset(sK10,sK19,sK16),filter_mset(sK10,sK19,sK17))) != filter_mset(sK10,sK19,'Cons'(sK10,sK18,merge(sK10,sK17,'Cons'(sK10,sK19,sK16)))) | 'Cons'(sK10,sK19,merge(sK10,'Cons'(sK10,sK18,X0),X1)) = merge(sK10,'Cons'(sK10,sK18,X0),'Cons'(sK10,sK19,X1)) <- (~1, ~128, 166) [superposition 11180,1718]
11786. filter_mset(sK10,sK19,merge(sK10,sK17,'Cons'(sK10,sK19,sK16))) != 'Cons'(sK10,sK19,append(sK10,filter_mset(sK10,sK19,sK16),filter_mset(sK10,sK19,sK17))) | 'Cons'(sK10,sK19,merge(sK10,'Cons'(sK10,sK18,X0),X1)) = merge(sK10,'Cons'(sK10,sK18,X0),'Cons'(sK10,sK19,X1)) <- (~1, ~128, 166) [forward demodulation 11756,11134]
11787. 'Cons'(sK10,sK19,merge(sK10,'Cons'(sK10,sK18,X0),X1)) = merge(sK10,'Cons'(sK10,sK18,X0),'Cons'(sK10,sK19,X1)) <- (~1, 3, ~128, 166) [subsumption resolution 11786,10990]
11815. 'Cons'(sK10,sK19,append(sK10,filter_mset(sK10,sK19,sK16),filter_mset(sK10,sK19,sK17))) != filter_mset(sK10,sK19,'Cons'(sK10,sK19,merge(sK10,'Cons'(sK10,sK18,sK17),sK16))) <- (~1, 3, ~128, 166) [backward demodulation 11180,11787]
11898. 'Cons'(sK10,sK19,append(sK10,filter_mset(sK10,sK19,sK16),filter_mset(sK10,sK19,sK17))) != 'Cons'(sK10,sK19,filter_mset(sK10,sK19,merge(sK10,'Cons'(sK10,sK18,sK17),sK16))) <- (~1, 3, ~128, 166) [forward demodulation 11815,263]
11899. sK19 != sK19 | filter_mset(sK10,sK19,merge(sK10,'Cons'(sK10,sK18,sK17),sK16)) != append(sK10,filter_mset(sK10,sK19,sK16),filter_mset(sK10,sK19,sK17)) <- (~1, 3, ~128, 166) [term algebras injectivity 11898]
11900. filter_mset(sK10,sK19,merge(sK10,'Cons'(sK10,sK18,sK17),sK16)) != append(sK10,filter_mset(sK10,sK19,sK16),filter_mset(sK10,sK19,sK17)) <- (~1, 3, ~128, 166) [trivial inequality removal 11899]
11901. $false <- (~1, 3, 4, ~128, 166) [subsumption resolution 11900,11153]
11902. 1 | ~3 | ~4 | 128 | ~166 [avatar contradiction clause 11901]
12031. filter_mset(sK10,sK19,merge(sK10,'Cons'(sK10,sK18,sK17),'Cons'(sK10,sK20,sK16))) != append(sK10,filter_mset(sK10,sK19,sK17),filter_mset(sK10,sK19,'Cons'(sK10,sK20,sK16))) <- (~1, ~128) [forward demodulation 149,11134]
12039. filter_mset(sK10,sK19,X0) = filter_mset(sK10,sK19,'Cons'(sK10,sK20,X0)) <- (~166) [unit resulting resolution 3383,141]
12049. filter_mset(sK10,sK19,merge(sK10,sK17,'Cons'(sK10,sK20,sK16))) = append(sK10,filter_mset(sK10,sK19,sK17),filter_mset(sK10,sK19,sK16)) <- (3, ~166) [backward demodulation 162,12039]
12082. filter_mset(sK10,sK19,merge(sK10,'Cons'(sK10,sK18,sK17),'Cons'(sK10,sK20,sK16))) != append(sK10,filter_mset(sK10,sK19,sK17),filter_mset(sK10,sK19,sK16)) <- (~1, ~128, ~166) [backward demodulation 12031,12039]
12096. filter_mset(sK10,sK19,merge(sK10,sK17,'Cons'(sK10,sK20,sK16))) = append(sK10,filter_mset(sK10,sK19,sK16),filter_mset(sK10,sK19,sK17)) <- (3, ~166) [forward demodulation 12049,116]
12117. filter_mset(sK10,sK19,merge(sK10,'Cons'(sK10,sK18,sK17),'Cons'(sK10,sK20,sK16))) != append(sK10,filter_mset(sK10,sK19,sK16),filter_mset(sK10,sK19,sK17)) <- (~1, ~128, ~166) [forward demodulation 12082,116]
12134. append(sK10,filter_mset(sK10,sK19,sK16),filter_mset(sK10,sK19,sK17)) != filter_mset(sK10,sK19,'Cons'(sK10,sK20,merge(sK10,'Cons'(sK10,sK18,sK17),sK16))) | 'Cons'(sK10,sK18,merge(sK10,X2,'Cons'(sK10,sK20,X3))) = merge(sK10,'Cons'(sK10,sK18,X2),'Cons'(sK10,sK20,X3)) <- (~1, ~128, ~166) [superposition 12117,1718]
12166. filter_mset(sK10,sK19,merge(sK10,'Cons'(sK10,sK18,sK17),sK16)) != append(sK10,filter_mset(sK10,sK19,sK16),filter_mset(sK10,sK19,sK17)) | 'Cons'(sK10,sK18,merge(sK10,X2,'Cons'(sK10,sK20,X3))) = merge(sK10,'Cons'(sK10,sK18,X2),'Cons'(sK10,sK20,X3)) <- (~1, ~128, ~166) [forward demodulation 12134,12039]
12167. 'Cons'(sK10,sK18,merge(sK10,X2,'Cons'(sK10,sK20,X3))) = merge(sK10,'Cons'(sK10,sK18,X2),'Cons'(sK10,sK20,X3)) <- (~1, 4, ~128, ~166) [subsumption resolution 12166,11153]
12190. append(sK10,filter_mset(sK10,sK19,sK16),filter_mset(sK10,sK19,sK17)) != filter_mset(sK10,sK19,'Cons'(sK10,sK18,merge(sK10,sK17,'Cons'(sK10,sK20,sK16)))) <- (~1, 4, ~128, ~166) [backward demodulation 12117,12167]
12240. filter_mset(sK10,sK19,merge(sK10,sK17,'Cons'(sK10,sK20,sK16))) != append(sK10,filter_mset(sK10,sK19,sK16),filter_mset(sK10,sK19,sK17)) <- (~1, 4, ~128, ~166) [forward demodulation 12190,11134]
12241. $false <- (~1, 3, 4, ~128, ~166) [subsumption resolution 12240,12096]
12242. 1 | ~3 | ~4 | 128 | 166 [avatar contradiction clause 12241]
12333. $false [avatar sat refutation 154,163,172,713,934,939,940,941,5409,10202,10397,10679,11902,12242]
% SZS output end Proof for lemma1
% (44756)------------------------------
% (44756)Version: Vampire 4.7 (commit )
% (44756)Linked with Z3 4.9.1.0  NOTFOUND
% (44756)Termination reason: Refutation

% (44756)Memory used [KB]: 11641
% (44756)Time elapsed: 0.435 s
% (44756)------------------------------
% (44756)------------------------------
% (44746)Success in time 0.399 s
