% (44492)lrs+10_1_ind=struct:sos=theory:sstl=1:drc=encompass:sp=occurrence:to=lpo:sik=recursion:nui=off:indoct=off:indao=on:urr=on_89 on lemma3 for (89ds/0Mi)
% (44494)lrs+10_1_ind=struct:sos=theory:sstl=1:drc=encompass:sp=occurrence:to=lpo:sik=recursion:nui=off:indoct=off:indao=off:urr=on_89 on lemma3 for (89ds/0Mi)
% (44493)lrs+10_1_ind=struct:sos=theory:sstl=1:drc=encompass:sp=occurrence:to=lpo:sik=recursion:nui=off:indoct=off:indao=off:urr=off_89 on lemma3 for (89ds/0Mi)
% (44491)lrs+10_1_ind=struct:sos=theory:sstl=1:drc=encompass:sp=occurrence:to=lpo:sik=recursion:nui=off:indoct=off:indao=on:urr=off_89 on lemma3 for (89ds/0Mi)
% (44495)lrs+10_1_ind=struct:sos=theory:sstl=1:drc=encompass:sp=occurrence:to=lpo:sik=recursion:nui=off:indoct=on:indao=on:urr=off_89 on lemma3 for (89ds/0Mi)
% (44497)lrs+10_1_ind=struct:sos=theory:sstl=1:drc=encompass:sp=occurrence:to=lpo:sik=recursion:nui=off:indoct=on:indao=off:urr=off_89 on lemma3 for (89ds/0Mi)
% (44496)lrs+10_1_ind=struct:sos=theory:sstl=1:drc=encompass:sp=occurrence:to=lpo:sik=recursion:nui=off:indoct=on:indao=on:urr=on_89 on lemma3 for (89ds/0Mi)
% (44499)lrs+10_1_ind=struct:sos=theory:sstl=1:drc=encompass:sp=occurrence:to=lpo:sik=recursion:nui=on:indoct=off:indao=on:urr=off_89 on lemma3 for (89ds/0Mi)
% (44498)lrs+10_1_ind=struct:sos=theory:sstl=1:drc=encompass:sp=occurrence:to=lpo:sik=recursion:nui=off:indoct=on:indao=off:urr=on_89 on lemma3 for (89ds/0Mi)
% (44500)lrs+10_1_ind=struct:sos=theory:sstl=1:drc=encompass:sp=occurrence:to=lpo:sik=recursion:nui=on:indoct=off:indao=on:urr=on_89 on lemma3 for (89ds/0Mi)
% (44501)lrs+10_1_ind=struct:sos=theory:sstl=1:drc=encompass:sp=occurrence:to=lpo:sik=recursion:nui=on:indoct=off:indao=off:urr=off_89 on lemma3 for (89ds/0Mi)
% (44502)lrs+10_1_ind=struct:sos=theory:sstl=1:drc=encompass:sp=occurrence:to=lpo:sik=recursion:nui=on:indoct=off:indao=off:urr=on_89 on lemma3 for (89ds/0Mi)
% (44504)lrs+10_1_ind=struct:sos=theory:sstl=1:drc=encompass:sp=occurrence:to=lpo:sik=recursion:nui=on:indoct=on:indao=on:urr=on_89 on lemma3 for (89ds/0Mi)
% (44503)lrs+10_1_ind=struct:sos=theory:sstl=1:drc=encompass:sp=occurrence:to=lpo:sik=recursion:nui=on:indoct=on:indao=on:urr=off_89 on lemma3 for (89ds/0Mi)
% (44501)First to succeed.
% (44501)Refutation found. Thanks to Tanya!
% SZS status Unsatisfiable for lemma3
% SZS output start Proof for lemma3
1. append(X0,X1,X2) = $match(X1,'Nil'(X0),X2,'Cons'(X0,X3,X4),'Cons'(X0,X3,append(X0,X4,X2))) [input]
2. filter_mset(X0,X1,X2) = $match(X2,'Nil'(X0),'Nil'(X0),'Cons'(X0,X3,X4),$ite(X1 = X3, 'Cons'(X0,X3,filter_mset(X0,X1,X4)),filter_mset(X0,X1,X4))) [input]
3. ! [X0 : $tType] : ! [X5 : 'list()'(X0),X3 : 'list()'(X0),X2 : X0,X1 : X0,X4 : X0] : append(X0,filter_mset(X0,X1,X5),filter_mset(X0,X1,X3)) = append(X0,filter_mset(X0,X1,X3),filter_mset(X0,X1,X5)) [input]
4. ~! [X0 : $tType] : ! [X5 : 'list()'(X0),X3 : 'list()'(X0),X2 : X0,X1 : X0,X4 : X0] : append(X0,filter_mset(X0,X1,X5),filter_mset(X0,X1,X3)) = append(X0,filter_mset(X0,X1,X3),filter_mset(X0,X1,X5)) [negated conjecture 3]
11. ! [X4 : 'list()'(X0),X3 : X0,X2 : 'list()'(X0),X1 : X0,X0 : $tType] : filter_mset(X0,X1,X2) = $match(X2,'Nil'(X0),'Nil'(X0),'Cons'(X0,X3,X4),$ite(X1 = X3, 'Cons'(X0,X3,filter_mset(X0,X1,X4)),filter_mset(X0,X1,X4))) [closure 2]
12. ! [X0 : $tType,X3 : X0,X1 : X0,X4 : 'list()'(X0),X2 : 'list()'(X0)] : ('Nil'(X0) = X2 => 'Nil'(X0) = mG0(X0,X3,X1,X4,X2)) [fool $match elimination 11]
13. ! [X0 : $tType,X3 : X0,X1 : X0,X4 : 'list()'(X0)] : (X1 = X3 => 'Cons'(X0,X3,filter_mset(X0,X1,X4)) = iG1(X0,X3,X1,X4)) [fool $ite elimination 11]
14. ! [X0 : $tType,X3 : X0,X1 : X0,X4 : 'list()'(X0)] : (~X1 = X3 => filter_mset(X0,X1,X4) = iG1(X0,X3,X1,X4)) [fool $ite elimination 11]
15. ! [X0 : $tType,X3 : X0,X1 : X0,X4 : 'list()'(X0),X2 : 'list()'(X0)] : ('Cons'(X0,X3,X4) = X2 => mG0(X0,X3,X1,X4,X2) = iG1(X0,X3,X1,X4)) [fool $match elimination 11]
16. ! [X4 : 'list()'(X0),X3 : X0,X2 : 'list()'(X0),X1 : X0,X0 : $tType] : filter_mset(X0,X1,X2) = mG0(X0,X3,X1,X4,X2) [fool elimination 11]
17. ! [X4 : 'list()'(X0),X3 : X0,X2 : 'list()'(X0),X1 : 'list()'(X0),X0 : $tType] : append(X0,X1,X2) = $match(X1,'Nil'(X0),X2,'Cons'(X0,X3,X4),'Cons'(X0,X3,append(X0,X4,X2))) [closure 1]
18. ! [X0 : $tType,X2 : 'list()'(X0),X4 : 'list()'(X0),X3 : X0,X1 : 'list()'(X0)] : ('Nil'(X0) = X1 => mG2(X0,X2,X4,X3,X1) = X2) [fool $match elimination 17]
19. ! [X0 : $tType,X2 : 'list()'(X0),X4 : 'list()'(X0),X3 : X0,X1 : 'list()'(X0)] : ('Cons'(X0,X3,X4) = X1 => 'Cons'(X0,X3,append(X0,X4,X2)) = mG2(X0,X2,X4,X3,X1)) [fool $match elimination 17]
20. ! [X4 : 'list()'(X0),X3 : X0,X2 : 'list()'(X0),X1 : 'list()'(X0),X0 : $tType] : append(X0,X1,X2) = mG2(X0,X2,X4,X3,X1) [fool elimination 17]
21. ! [X0 : $tType,X1 : 'list()'(X0),X2 : 'list()'(X0),X3 : X0,X4 : 'list()'(X0)] : ('Cons'(X0,X3,X2) = X4 => 'Cons'(X0,X3,append(X0,X2,X1)) = mG2(X0,X1,X2,X3,X4)) [rectify 19]
22. ! [X0 : $tType,X1 : 'list()'(X0),X2 : 'list()'(X0),X3 : X0,X4 : 'list()'(X0)] : ('Nil'(X0) = X4 => mG2(X0,X1,X2,X3,X4) = X1) [rectify 18]
23. ! [X0 : $tType,X1 : X0,X2 : X0,X3 : 'list()'(X0),X4 : 'list()'(X0)] : ('Cons'(X0,X1,X3) = X4 => mG0(X0,X1,X2,X3,X4) = iG1(X0,X1,X2,X3)) [rectify 15]
24. ! [X0 : $tType,X1 : X0,X2 : X0,X3 : 'list()'(X0)] : (~X1 = X2 => iG1(X0,X1,X2,X3) = filter_mset(X0,X2,X3)) [rectify 14]
25. ! [X0 : $tType,X1 : X0,X2 : X0,X3 : 'list()'(X0)] : (X1 != X2 => iG1(X0,X1,X2,X3) = filter_mset(X0,X2,X3)) [flattening 24]
26. ! [X0 : $tType,X1 : X0,X2 : X0,X3 : 'list()'(X0)] : (X1 = X2 => iG1(X0,X1,X2,X3) = 'Cons'(X0,X1,filter_mset(X0,X2,X3))) [rectify 13]
27. ! [X0 : $tType,X1 : X0,X2 : X0,X3 : 'list()'(X0),X4 : 'list()'(X0)] : ('Nil'(X0) = X4 => 'Nil'(X0) = mG0(X0,X1,X2,X3,X4)) [rectify 12]
28. ~! [X0 : $tType] : ! [X1 : 'list()'(X0),X2 : 'list()'(X0),X4 : X0] : append(X0,filter_mset(X0,X4,X1),filter_mset(X0,X4,X2)) = append(X0,filter_mset(X0,X4,X2),filter_mset(X0,X4,X1)) [rectify 4]
29. ~! [X0 : $tType,X1 : 'list()'(X0),X2 : 'list()'(X0),X4 : X0] : append(X0,filter_mset(X0,X4,X1),filter_mset(X0,X4,X2)) = append(X0,filter_mset(X0,X4,X2),filter_mset(X0,X4,X1)) [flattening 28]
30. ! [X0 : 'list()'(X4),X1 : X4,X2 : 'list()'(X4),X3 : X4,X4 : $tType] : filter_mset(X4,X3,X2) = mG0(X4,X1,X3,X0,X2) [rectify 16]
31. ! [X0 : 'list()'(X4),X1 : X4,X2 : 'list()'(X4),X3 : 'list()'(X4),X4 : $tType] : append(X4,X3,X2) = mG2(X4,X2,X0,X1,X3) [rectify 20]
32. ! [X0 : $tType,X1 : 'list()'(X0),X2 : 'list()'(X0),X3 : X0,X4 : 'list()'(X0)] : ('Cons'(X0,X3,append(X0,X2,X1)) = mG2(X0,X1,X2,X3,X4) | 'Cons'(X0,X3,X2) != X4) [ennf transformation 21]
33. ! [X0 : $tType,X1 : 'list()'(X0),X2 : 'list()'(X0),X3 : X0,X4 : 'list()'(X0)] : (mG2(X0,X1,X2,X3,X4) = X1 | 'Nil'(X0) != X4) [ennf transformation 22]
34. ! [X0 : $tType,X1 : X0,X2 : X0,X3 : 'list()'(X0),X4 : 'list()'(X0)] : (mG0(X0,X1,X2,X3,X4) = iG1(X0,X1,X2,X3) | 'Cons'(X0,X1,X3) != X4) [ennf transformation 23]
35. ! [X0 : $tType,X1 : X0,X2 : X0,X3 : 'list()'(X0)] : (iG1(X0,X1,X2,X3) = filter_mset(X0,X2,X3) | X1 = X2) [ennf transformation 25]
36. ! [X0 : $tType,X1 : X0,X2 : X0,X3 : 'list()'(X0)] : (iG1(X0,X1,X2,X3) = 'Cons'(X0,X1,filter_mset(X0,X2,X3)) | X1 != X2) [ennf transformation 26]
37. ! [X0 : $tType,X1 : X0,X2 : X0,X3 : 'list()'(X0),X4 : 'list()'(X0)] : ('Nil'(X0) = mG0(X0,X1,X2,X3,X4) | 'Nil'(X0) != X4) [ennf transformation 27]
38. ? [X0 : $tType,X1 : 'list()'(X0),X2 : 'list()'(X0),X4 : X0] : append(X0,filter_mset(X0,X4,X1),filter_mset(X0,X4,X2)) != append(X0,filter_mset(X0,X4,X2),filter_mset(X0,X4,X1)) [ennf transformation 29]
39. ? [X0 : $tType,X1 : 'list()'(X0),X2 : 'list()'(X0),X3 : X0] : append(X0,filter_mset(X0,X3,X1),filter_mset(X0,X3,X2)) != append(X0,filter_mset(X0,X3,X2),filter_mset(X0,X3,X1)) [rectify 38]
40. ? [X0 : $tType,X1 : 'list()'(X0),X2 : 'list()'(X0),X3 : X0] : append(X0,filter_mset(X0,X3,X1),filter_mset(X0,X3,X2)) != append(X0,filter_mset(X0,X3,X2),filter_mset(X0,X3,X1)) => append(sK3,filter_mset(sK3,sK6,sK4),filter_mset(sK3,sK6,sK5)) != append(sK3,filter_mset(sK3,sK6,sK5),filter_mset(sK3,sK6,sK4)) [choice axiom]
41. append(sK3,filter_mset(sK3,sK6,sK4),filter_mset(sK3,sK6,sK5)) != append(sK3,filter_mset(sK3,sK6,sK5),filter_mset(sK3,sK6,sK4)) [skolemisation 39,40]
42. 'Cons'(X0,X3,append(X0,X2,X1)) = mG2(X0,X1,X2,X3,X4) | 'Cons'(X0,X3,X2) != X4 [cnf transformation 32]
43. mG2(X0,X1,X2,X3,X4) = X1 | 'Nil'(X0) != X4 [cnf transformation 33]
44. mG0(X0,X1,X2,X3,X4) = iG1(X0,X1,X2,X3) | 'Cons'(X0,X1,X3) != X4 [cnf transformation 34]
45. iG1(X0,X1,X2,X3) = filter_mset(X0,X2,X3) | X1 = X2 [cnf transformation 35]
46. iG1(X0,X1,X2,X3) = 'Cons'(X0,X1,filter_mset(X0,X2,X3)) | X1 != X2 [cnf transformation 36]
47. 'Nil'(X0) = mG0(X0,X1,X2,X3,X4) | 'Nil'(X0) != X4 [cnf transformation 37]
48. append(sK3,filter_mset(sK3,sK6,sK4),filter_mset(sK3,sK6,sK5)) != append(sK3,filter_mset(sK3,sK6,sK5),filter_mset(sK3,sK6,sK4)) [cnf transformation 41]
49. filter_mset(X4,X3,X2) = mG0(X4,X1,X3,X0,X2) [cnf transformation 30]
50. append(X4,X3,X2) = mG2(X4,X2,X0,X1,X3) [cnf transformation 31]
51. 'Cons'(X0,X3,append(X0,X2,X1)) = append(X0,X4,X1) | 'Cons'(X0,X3,X2) != X4 [definition unfolding 42,50]
52. append(X0,X4,X1) = X1 | 'Nil'(X0) != X4 [definition unfolding 43,50]
53. iG1(X0,X1,X2,X3) = filter_mset(X0,X2,X4) | 'Cons'(X0,X1,X3) != X4 [definition unfolding 44,49]
54. 'Nil'(X0) = filter_mset(X0,X2,X4) | 'Nil'(X0) != X4 [definition unfolding 47,49]
55. 'Cons'(X0,X3,append(X0,X2,X1)) = append(X0,'Cons'(X0,X3,X2),X1) [equality resolution 51]
56. append(X0,'Nil'(X0),X1) = X1 [equality resolution 52]
57. iG1(X0,X1,X2,X3) = filter_mset(X0,X2,'Cons'(X0,X1,X3)) [equality resolution 53]
58. iG1(X0,X2,X2,X3) = 'Cons'(X0,X2,filter_mset(X0,X2,X3)) [equality resolution 46]
59. 'Nil'(X0) = filter_mset(X0,X2,'Nil'(X0)) [equality resolution 54]
60. filter_mset(X0,X2,X3) = filter_mset(X0,X2,'Cons'(X0,X1,X3)) | X1 = X2 [forward demodulation 45,57]
93. 'Cons'(X0,X1,filter_mset(X0,X1,X2)) = filter_mset(X0,X1,'Cons'(X0,X1,X2)) [superposition 58,57]
134. ! [X2 : sK3,X3 : 'list()'(sK3)] : ((append(sK3,filter_mset(sK3,sK6,sK4),filter_mset(sK3,sK6,X3)) = append(sK3,filter_mset(sK3,sK6,X3),filter_mset(sK3,sK6,sK4)) => append(sK3,filter_mset(sK3,sK6,sK4),filter_mset(sK3,sK6,'Cons'(sK3,X2,X3))) = append(sK3,filter_mset(sK3,sK6,'Cons'(sK3,X2,X3)),filter_mset(sK3,sK6,sK4))) & append(sK3,filter_mset(sK3,sK6,sK4),filter_mset(sK3,sK6,'Nil'(sK3))) = append(sK3,filter_mset(sK3,sK6,'Nil'(sK3)),filter_mset(sK3,sK6,sK4))) => ! [X6 : 'list()'(sK3)] : append(sK3,filter_mset(sK3,sK6,sK4),filter_mset(sK3,sK6,X6)) = append(sK3,filter_mset(sK3,sK6,X6),filter_mset(sK3,sK6,sK4)) [structural induction hypothesis (recursion)]
135. ! [X6 : 'list()'(sK3)] : append(sK3,filter_mset(sK3,sK6,sK4),filter_mset(sK3,sK6,X6)) = append(sK3,filter_mset(sK3,sK6,X6),filter_mset(sK3,sK6,sK4)) | ? [X2 : sK3,X3 : 'list()'(sK3)] : ((append(sK3,filter_mset(sK3,sK6,sK4),filter_mset(sK3,sK6,'Cons'(sK3,X2,X3))) != append(sK3,filter_mset(sK3,sK6,'Cons'(sK3,X2,X3)),filter_mset(sK3,sK6,sK4)) & append(sK3,filter_mset(sK3,sK6,sK4),filter_mset(sK3,sK6,X3)) = append(sK3,filter_mset(sK3,sK6,X3),filter_mset(sK3,sK6,sK4))) | append(sK3,filter_mset(sK3,sK6,sK4),filter_mset(sK3,sK6,'Nil'(sK3))) != append(sK3,filter_mset(sK3,sK6,'Nil'(sK3)),filter_mset(sK3,sK6,sK4))) [ennf transformation 134]
136. append(sK3,filter_mset(sK3,sK6,sK4),filter_mset(sK3,sK6,'Nil'(sK3))) != append(sK3,filter_mset(sK3,sK6,'Nil'(sK3)),filter_mset(sK3,sK6,sK4)) | append(sK3,filter_mset(sK3,sK6,sK4),filter_mset(sK3,sK6,sK19)) = append(sK3,filter_mset(sK3,sK6,sK19),filter_mset(sK3,sK6,sK4)) | append(sK3,filter_mset(sK3,sK6,sK4),filter_mset(sK3,sK6,X6)) = append(sK3,filter_mset(sK3,sK6,X6),filter_mset(sK3,sK6,sK4)) [cnf transformation 135]
137. append(sK3,filter_mset(sK3,sK6,sK4),filter_mset(sK3,sK6,'Nil'(sK3))) != append(sK3,filter_mset(sK3,sK6,'Nil'(sK3)),filter_mset(sK3,sK6,sK4)) | append(sK3,filter_mset(sK3,sK6,sK4),filter_mset(sK3,sK6,'Cons'(sK3,sK18,sK19))) != append(sK3,filter_mset(sK3,sK6,'Cons'(sK3,sK18,sK19)),filter_mset(sK3,sK6,sK4)) | append(sK3,filter_mset(sK3,sK6,sK4),filter_mset(sK3,sK6,X6)) = append(sK3,filter_mset(sK3,sK6,X6),filter_mset(sK3,sK6,sK4)) [cnf transformation 135]
142. append(sK3,filter_mset(sK3,sK6,sK4),filter_mset(sK3,sK6,'Nil'(sK3))) != append(sK3,filter_mset(sK3,sK6,'Nil'(sK3)),filter_mset(sK3,sK6,sK4)) | append(sK3,filter_mset(sK3,sK6,sK4),filter_mset(sK3,sK6,'Cons'(sK3,sK18,sK19))) != append(sK3,filter_mset(sK3,sK6,'Cons'(sK3,sK18,sK19)),filter_mset(sK3,sK6,sK4)) [induction hyperresolution 48,137]
143. append(sK3,filter_mset(sK3,sK6,sK4),filter_mset(sK3,sK6,'Nil'(sK3))) != append(sK3,filter_mset(sK3,sK6,'Nil'(sK3)),filter_mset(sK3,sK6,sK4)) | append(sK3,filter_mset(sK3,sK6,sK4),filter_mset(sK3,sK6,sK19)) = append(sK3,filter_mset(sK3,sK6,sK19),filter_mset(sK3,sK6,sK4)) [induction hyperresolution 48,136]
144. append(sK3,filter_mset(sK3,sK6,sK4),'Nil'(sK3)) != append(sK3,'Nil'(sK3),filter_mset(sK3,sK6,sK4)) | append(sK3,filter_mset(sK3,sK6,sK4),filter_mset(sK3,sK6,sK19)) = append(sK3,filter_mset(sK3,sK6,sK19),filter_mset(sK3,sK6,sK4)) [forward demodulation 143,59]
145. filter_mset(sK3,sK6,sK4) != append(sK3,filter_mset(sK3,sK6,sK4),'Nil'(sK3)) | append(sK3,filter_mset(sK3,sK6,sK4),filter_mset(sK3,sK6,sK19)) = append(sK3,filter_mset(sK3,sK6,sK19),filter_mset(sK3,sK6,sK4)) [forward demodulation 144,56]
147. 1 <=> append(sK3,filter_mset(sK3,sK6,sK4),filter_mset(sK3,sK6,sK19)) = append(sK3,filter_mset(sK3,sK6,sK19),filter_mset(sK3,sK6,sK4)) [avatar definition]
149. append(sK3,filter_mset(sK3,sK6,sK4),filter_mset(sK3,sK6,sK19)) = append(sK3,filter_mset(sK3,sK6,sK19),filter_mset(sK3,sK6,sK4)) <- (1) [avatar component clause 147]
151. 2 <=> filter_mset(sK3,sK6,sK4) = append(sK3,filter_mset(sK3,sK6,sK4),'Nil'(sK3)) [avatar definition]
153. filter_mset(sK3,sK6,sK4) != append(sK3,filter_mset(sK3,sK6,sK4),'Nil'(sK3)) <- (~2) [avatar component clause 151]
154. 1 | ~2 [avatar split clause 145,151,147]
155. append(sK3,filter_mset(sK3,sK6,sK4),'Nil'(sK3)) != append(sK3,'Nil'(sK3),filter_mset(sK3,sK6,sK4)) | append(sK3,filter_mset(sK3,sK6,sK4),filter_mset(sK3,sK6,'Cons'(sK3,sK18,sK19))) != append(sK3,filter_mset(sK3,sK6,'Cons'(sK3,sK18,sK19)),filter_mset(sK3,sK6,sK4)) [forward demodulation 142,59]
156. filter_mset(sK3,sK6,sK4) != append(sK3,filter_mset(sK3,sK6,sK4),'Nil'(sK3)) | append(sK3,filter_mset(sK3,sK6,sK4),filter_mset(sK3,sK6,'Cons'(sK3,sK18,sK19))) != append(sK3,filter_mset(sK3,sK6,'Cons'(sK3,sK18,sK19)),filter_mset(sK3,sK6,sK4)) [forward demodulation 155,56]
158. 3 <=> append(sK3,filter_mset(sK3,sK6,sK4),filter_mset(sK3,sK6,'Cons'(sK3,sK18,sK19))) = append(sK3,filter_mset(sK3,sK6,'Cons'(sK3,sK18,sK19)),filter_mset(sK3,sK6,sK4)) [avatar definition]
160. append(sK3,filter_mset(sK3,sK6,sK4),filter_mset(sK3,sK6,'Cons'(sK3,sK18,sK19))) != append(sK3,filter_mset(sK3,sK6,'Cons'(sK3,sK18,sK19)),filter_mset(sK3,sK6,sK4)) <- (~3) [avatar component clause 158]
161. ~3 | ~2 [avatar split clause 156,151,158]
244. ! [X2 : sK3,X3 : 'list()'(sK3)] : ((filter_mset(sK3,sK6,X3) = append(sK3,filter_mset(sK3,sK6,X3),'Nil'(sK3)) => filter_mset(sK3,sK6,'Cons'(sK3,X2,X3)) = append(sK3,filter_mset(sK3,sK6,'Cons'(sK3,X2,X3)),'Nil'(sK3))) & filter_mset(sK3,sK6,'Nil'(sK3)) = append(sK3,filter_mset(sK3,sK6,'Nil'(sK3)),'Nil'(sK3))) => ! [X6 : 'list()'(sK3)] : filter_mset(sK3,sK6,X6) = append(sK3,filter_mset(sK3,sK6,X6),'Nil'(sK3)) [structural induction hypothesis (recursion)]
245. ! [X6 : 'list()'(sK3)] : filter_mset(sK3,sK6,X6) = append(sK3,filter_mset(sK3,sK6,X6),'Nil'(sK3)) | ? [X2 : sK3,X3 : 'list()'(sK3)] : ((filter_mset(sK3,sK6,'Cons'(sK3,X2,X3)) != append(sK3,filter_mset(sK3,sK6,'Cons'(sK3,X2,X3)),'Nil'(sK3)) & filter_mset(sK3,sK6,X3) = append(sK3,filter_mset(sK3,sK6,X3),'Nil'(sK3))) | filter_mset(sK3,sK6,'Nil'(sK3)) != append(sK3,filter_mset(sK3,sK6,'Nil'(sK3)),'Nil'(sK3))) [ennf transformation 244]
246. filter_mset(sK3,sK6,'Nil'(sK3)) != append(sK3,filter_mset(sK3,sK6,'Nil'(sK3)),'Nil'(sK3)) | filter_mset(sK3,sK6,sK25) = append(sK3,filter_mset(sK3,sK6,sK25),'Nil'(sK3)) | filter_mset(sK3,sK6,X6) = append(sK3,filter_mset(sK3,sK6,X6),'Nil'(sK3)) [cnf transformation 245]
247. filter_mset(sK3,sK6,'Nil'(sK3)) != append(sK3,filter_mset(sK3,sK6,'Nil'(sK3)),'Nil'(sK3)) | filter_mset(sK3,sK6,'Cons'(sK3,sK24,sK25)) != append(sK3,filter_mset(sK3,sK6,'Cons'(sK3,sK24,sK25)),'Nil'(sK3)) | filter_mset(sK3,sK6,X6) = append(sK3,filter_mset(sK3,sK6,X6),'Nil'(sK3)) [cnf transformation 245]
252. filter_mset(sK3,sK6,'Nil'(sK3)) != append(sK3,filter_mset(sK3,sK6,'Nil'(sK3)),'Nil'(sK3)) | filter_mset(sK3,sK6,'Cons'(sK3,sK24,sK25)) != append(sK3,filter_mset(sK3,sK6,'Cons'(sK3,sK24,sK25)),'Nil'(sK3)) <- (~2) [induction hyperresolution 153,247]
253. filter_mset(sK3,sK6,'Nil'(sK3)) != append(sK3,filter_mset(sK3,sK6,'Nil'(sK3)),'Nil'(sK3)) | filter_mset(sK3,sK6,sK25) = append(sK3,filter_mset(sK3,sK6,sK25),'Nil'(sK3)) <- (~2) [induction hyperresolution 153,246]
254. 'Nil'(sK3) != append(sK3,'Nil'(sK3),'Nil'(sK3)) | filter_mset(sK3,sK6,sK25) = append(sK3,filter_mset(sK3,sK6,sK25),'Nil'(sK3)) <- (~2) [forward demodulation 253,59]
255. filter_mset(sK3,sK6,sK25) = append(sK3,filter_mset(sK3,sK6,sK25),'Nil'(sK3)) <- (~2) [subsumption resolution 254,56]
256. 'Nil'(sK3) != append(sK3,'Nil'(sK3),'Nil'(sK3)) | filter_mset(sK3,sK6,'Cons'(sK3,sK24,sK25)) != append(sK3,filter_mset(sK3,sK6,'Cons'(sK3,sK24,sK25)),'Nil'(sK3)) <- (~2) [forward demodulation 252,59]
257. filter_mset(sK3,sK6,'Cons'(sK3,sK24,sK25)) != append(sK3,filter_mset(sK3,sK6,'Cons'(sK3,sK24,sK25)),'Nil'(sK3)) <- (~2) [subsumption resolution 256,56]
315. filter_mset(sK3,sK6,sK25) != append(sK3,filter_mset(sK3,sK6,sK25),'Nil'(sK3)) | sK6 = sK24 <- (~2) [superposition 257,60]
322. sK6 = sK24 <- (~2) [subsumption resolution 315,255]
323. filter_mset(sK3,sK6,'Cons'(sK3,sK6,sK25)) != append(sK3,filter_mset(sK3,sK6,'Cons'(sK3,sK6,sK25)),'Nil'(sK3)) <- (~2) [backward demodulation 257,322]
324. 'Cons'(sK3,sK6,filter_mset(sK3,sK6,sK25)) != append(sK3,'Cons'(sK3,sK6,filter_mset(sK3,sK6,sK25)),'Nil'(sK3)) <- (~2) [forward demodulation 323,93]
325. 'Cons'(sK3,sK6,filter_mset(sK3,sK6,sK25)) != 'Cons'(sK3,sK6,append(sK3,filter_mset(sK3,sK6,sK25),'Nil'(sK3))) <- (~2) [forward demodulation 324,55]
326. sK6 != sK6 | filter_mset(sK3,sK6,sK25) != append(sK3,filter_mset(sK3,sK6,sK25),'Nil'(sK3)) <- (~2) [term algebras injectivity 325]
327. filter_mset(sK3,sK6,sK25) != append(sK3,filter_mset(sK3,sK6,sK25),'Nil'(sK3)) <- (~2) [trivial inequality removal 326]
328. $false <- (~2) [subsumption resolution 327,255]
329. 2 [avatar contradiction clause 328]
474. append(sK3,filter_mset(sK3,sK6,sK4),filter_mset(sK3,sK6,sK19)) != append(sK3,filter_mset(sK3,sK6,sK19),filter_mset(sK3,sK6,sK4)) | sK6 = sK18 <- (~3) [superposition 160,60]
499. sK6 = sK18 <- (1, ~3) [subsumption resolution 474,149]
500. append(sK3,filter_mset(sK3,sK6,sK4),filter_mset(sK3,sK6,'Cons'(sK3,sK6,sK19))) != append(sK3,filter_mset(sK3,sK6,'Cons'(sK3,sK6,sK19)),filter_mset(sK3,sK6,sK4)) <- (1, ~3) [backward demodulation 160,499]
501. append(sK3,filter_mset(sK3,sK6,sK4),'Cons'(sK3,sK6,filter_mset(sK3,sK6,sK19))) != append(sK3,'Cons'(sK3,sK6,filter_mset(sK3,sK6,sK19)),filter_mset(sK3,sK6,sK4)) <- (1, ~3) [forward demodulation 500,93]
502. append(sK3,filter_mset(sK3,sK6,sK4),'Cons'(sK3,sK6,filter_mset(sK3,sK6,sK19))) != 'Cons'(sK3,sK6,append(sK3,filter_mset(sK3,sK6,sK19),filter_mset(sK3,sK6,sK4))) <- (1, ~3) [forward demodulation 501,55]
503. append(sK3,filter_mset(sK3,sK6,sK4),'Cons'(sK3,sK6,filter_mset(sK3,sK6,sK19))) != 'Cons'(sK3,sK6,append(sK3,filter_mset(sK3,sK6,sK4),filter_mset(sK3,sK6,sK19))) <- (1, ~3) [forward demodulation 502,149]
916. ! [X2 : sK3,X3 : 'list()'(sK3)] : ((append(sK3,filter_mset(sK3,sK6,X3),'Cons'(sK3,sK6,filter_mset(sK3,sK6,sK19))) = 'Cons'(sK3,sK6,append(sK3,filter_mset(sK3,sK6,X3),filter_mset(sK3,sK6,sK19))) => append(sK3,filter_mset(sK3,sK6,'Cons'(sK3,X2,X3)),'Cons'(sK3,sK6,filter_mset(sK3,sK6,sK19))) = 'Cons'(sK3,sK6,append(sK3,filter_mset(sK3,sK6,'Cons'(sK3,X2,X3)),filter_mset(sK3,sK6,sK19)))) & append(sK3,filter_mset(sK3,sK6,'Nil'(sK3)),'Cons'(sK3,sK6,filter_mset(sK3,sK6,sK19))) = 'Cons'(sK3,sK6,append(sK3,filter_mset(sK3,sK6,'Nil'(sK3)),filter_mset(sK3,sK6,sK19)))) => ! [X6 : 'list()'(sK3)] : append(sK3,filter_mset(sK3,sK6,X6),'Cons'(sK3,sK6,filter_mset(sK3,sK6,sK19))) = 'Cons'(sK3,sK6,append(sK3,filter_mset(sK3,sK6,X6),filter_mset(sK3,sK6,sK19))) [structural induction hypothesis (recursion)]
917. ! [X6 : 'list()'(sK3)] : append(sK3,filter_mset(sK3,sK6,X6),'Cons'(sK3,sK6,filter_mset(sK3,sK6,sK19))) = 'Cons'(sK3,sK6,append(sK3,filter_mset(sK3,sK6,X6),filter_mset(sK3,sK6,sK19))) | ? [X2 : sK3,X3 : 'list()'(sK3)] : ((append(sK3,filter_mset(sK3,sK6,'Cons'(sK3,X2,X3)),'Cons'(sK3,sK6,filter_mset(sK3,sK6,sK19))) != 'Cons'(sK3,sK6,append(sK3,filter_mset(sK3,sK6,'Cons'(sK3,X2,X3)),filter_mset(sK3,sK6,sK19))) & append(sK3,filter_mset(sK3,sK6,X3),'Cons'(sK3,sK6,filter_mset(sK3,sK6,sK19))) = 'Cons'(sK3,sK6,append(sK3,filter_mset(sK3,sK6,X3),filter_mset(sK3,sK6,sK19)))) | append(sK3,filter_mset(sK3,sK6,'Nil'(sK3)),'Cons'(sK3,sK6,filter_mset(sK3,sK6,sK19))) != 'Cons'(sK3,sK6,append(sK3,filter_mset(sK3,sK6,'Nil'(sK3)),filter_mset(sK3,sK6,sK19)))) [ennf transformation 916]
918. append(sK3,filter_mset(sK3,sK6,'Nil'(sK3)),'Cons'(sK3,sK6,filter_mset(sK3,sK6,sK19))) != 'Cons'(sK3,sK6,append(sK3,filter_mset(sK3,sK6,'Nil'(sK3)),filter_mset(sK3,sK6,sK19))) | append(sK3,filter_mset(sK3,sK6,sK65),'Cons'(sK3,sK6,filter_mset(sK3,sK6,sK19))) = 'Cons'(sK3,sK6,append(sK3,filter_mset(sK3,sK6,sK65),filter_mset(sK3,sK6,sK19))) | append(sK3,filter_mset(sK3,sK6,X6),'Cons'(sK3,sK6,filter_mset(sK3,sK6,sK19))) = 'Cons'(sK3,sK6,append(sK3,filter_mset(sK3,sK6,X6),filter_mset(sK3,sK6,sK19))) [cnf transformation 917]
919. append(sK3,filter_mset(sK3,sK6,'Nil'(sK3)),'Cons'(sK3,sK6,filter_mset(sK3,sK6,sK19))) != 'Cons'(sK3,sK6,append(sK3,filter_mset(sK3,sK6,'Nil'(sK3)),filter_mset(sK3,sK6,sK19))) | append(sK3,filter_mset(sK3,sK6,'Cons'(sK3,sK64,sK65)),'Cons'(sK3,sK6,filter_mset(sK3,sK6,sK19))) != 'Cons'(sK3,sK6,append(sK3,filter_mset(sK3,sK6,'Cons'(sK3,sK64,sK65)),filter_mset(sK3,sK6,sK19))) | append(sK3,filter_mset(sK3,sK6,X6),'Cons'(sK3,sK6,filter_mset(sK3,sK6,sK19))) = 'Cons'(sK3,sK6,append(sK3,filter_mset(sK3,sK6,X6),filter_mset(sK3,sK6,sK19))) [cnf transformation 917]
924. append(sK3,filter_mset(sK3,sK6,'Nil'(sK3)),'Cons'(sK3,sK6,filter_mset(sK3,sK6,sK19))) != 'Cons'(sK3,sK6,append(sK3,filter_mset(sK3,sK6,'Nil'(sK3)),filter_mset(sK3,sK6,sK19))) | append(sK3,filter_mset(sK3,sK6,'Cons'(sK3,sK64,sK65)),'Cons'(sK3,sK6,filter_mset(sK3,sK6,sK19))) != 'Cons'(sK3,sK6,append(sK3,filter_mset(sK3,sK6,'Cons'(sK3,sK64,sK65)),filter_mset(sK3,sK6,sK19))) <- (1, ~3) [induction hyperresolution 503,919]
925. append(sK3,filter_mset(sK3,sK6,'Nil'(sK3)),'Cons'(sK3,sK6,filter_mset(sK3,sK6,sK19))) != 'Cons'(sK3,sK6,append(sK3,filter_mset(sK3,sK6,'Nil'(sK3)),filter_mset(sK3,sK6,sK19))) | append(sK3,filter_mset(sK3,sK6,sK65),'Cons'(sK3,sK6,filter_mset(sK3,sK6,sK19))) = 'Cons'(sK3,sK6,append(sK3,filter_mset(sK3,sK6,sK65),filter_mset(sK3,sK6,sK19))) <- (1, ~3) [induction hyperresolution 503,918]
956. append(sK3,'Nil'(sK3),'Cons'(sK3,sK6,filter_mset(sK3,sK6,sK19))) != 'Cons'(sK3,sK6,append(sK3,'Nil'(sK3),filter_mset(sK3,sK6,sK19))) | append(sK3,filter_mset(sK3,sK6,sK65),'Cons'(sK3,sK6,filter_mset(sK3,sK6,sK19))) = 'Cons'(sK3,sK6,append(sK3,filter_mset(sK3,sK6,sK65),filter_mset(sK3,sK6,sK19))) <- (1, ~3) [forward demodulation 925,59]
957. 'Cons'(sK3,sK6,filter_mset(sK3,sK6,sK19)) != append(sK3,'Nil'(sK3),'Cons'(sK3,sK6,filter_mset(sK3,sK6,sK19))) | append(sK3,filter_mset(sK3,sK6,sK65),'Cons'(sK3,sK6,filter_mset(sK3,sK6,sK19))) = 'Cons'(sK3,sK6,append(sK3,filter_mset(sK3,sK6,sK65),filter_mset(sK3,sK6,sK19))) <- (1, ~3) [forward demodulation 956,56]
958. append(sK3,filter_mset(sK3,sK6,sK65),'Cons'(sK3,sK6,filter_mset(sK3,sK6,sK19))) = 'Cons'(sK3,sK6,append(sK3,filter_mset(sK3,sK6,sK65),filter_mset(sK3,sK6,sK19))) <- (1, ~3) [subsumption resolution 957,56]
959. append(sK3,'Nil'(sK3),'Cons'(sK3,sK6,filter_mset(sK3,sK6,sK19))) != 'Cons'(sK3,sK6,append(sK3,'Nil'(sK3),filter_mset(sK3,sK6,sK19))) | append(sK3,filter_mset(sK3,sK6,'Cons'(sK3,sK64,sK65)),'Cons'(sK3,sK6,filter_mset(sK3,sK6,sK19))) != 'Cons'(sK3,sK6,append(sK3,filter_mset(sK3,sK6,'Cons'(sK3,sK64,sK65)),filter_mset(sK3,sK6,sK19))) <- (1, ~3) [forward demodulation 924,59]
960. 'Cons'(sK3,sK6,filter_mset(sK3,sK6,sK19)) != append(sK3,'Nil'(sK3),'Cons'(sK3,sK6,filter_mset(sK3,sK6,sK19))) | append(sK3,filter_mset(sK3,sK6,'Cons'(sK3,sK64,sK65)),'Cons'(sK3,sK6,filter_mset(sK3,sK6,sK19))) != 'Cons'(sK3,sK6,append(sK3,filter_mset(sK3,sK6,'Cons'(sK3,sK64,sK65)),filter_mset(sK3,sK6,sK19))) <- (1, ~3) [forward demodulation 959,56]
961. append(sK3,filter_mset(sK3,sK6,'Cons'(sK3,sK64,sK65)),'Cons'(sK3,sK6,filter_mset(sK3,sK6,sK19))) != 'Cons'(sK3,sK6,append(sK3,filter_mset(sK3,sK6,'Cons'(sK3,sK64,sK65)),filter_mset(sK3,sK6,sK19))) <- (1, ~3) [subsumption resolution 960,56]
5256. append(sK3,filter_mset(sK3,sK6,sK65),'Cons'(sK3,sK6,filter_mset(sK3,sK6,sK19))) != 'Cons'(sK3,sK6,append(sK3,filter_mset(sK3,sK6,sK65),filter_mset(sK3,sK6,sK19))) | sK6 = sK64 <- (1, ~3) [superposition 961,60]
5470. 299 <=> sK6 = sK64 [avatar definition]
5472. sK6 = sK64 <- (299) [avatar component clause 5470]
5474. 300 <=> append(sK3,filter_mset(sK3,sK6,sK65),'Cons'(sK3,sK6,filter_mset(sK3,sK6,sK19))) = 'Cons'(sK3,sK6,append(sK3,filter_mset(sK3,sK6,sK65),filter_mset(sK3,sK6,sK19))) [avatar definition]
5475. append(sK3,filter_mset(sK3,sK6,sK65),'Cons'(sK3,sK6,filter_mset(sK3,sK6,sK19))) = 'Cons'(sK3,sK6,append(sK3,filter_mset(sK3,sK6,sK65),filter_mset(sK3,sK6,sK19))) <- (300) [avatar component clause 5474]
5477. 299 | ~300 | ~1 | 3 [avatar split clause 5256,158,147,5474,5470]
5478. 300 | ~1 | 3 [avatar split clause 958,158,147,5474]
5479. append(sK3,filter_mset(sK3,sK6,'Cons'(sK3,sK6,sK65)),'Cons'(sK3,sK6,filter_mset(sK3,sK6,sK19))) != 'Cons'(sK3,sK6,append(sK3,filter_mset(sK3,sK6,'Cons'(sK3,sK6,sK65)),filter_mset(sK3,sK6,sK19))) <- (1, ~3, 299) [backward demodulation 961,5472]
5480. append(sK3,'Cons'(sK3,sK6,filter_mset(sK3,sK6,sK65)),'Cons'(sK3,sK6,filter_mset(sK3,sK6,sK19))) != 'Cons'(sK3,sK6,append(sK3,'Cons'(sK3,sK6,filter_mset(sK3,sK6,sK65)),filter_mset(sK3,sK6,sK19))) <- (1, ~3, 299) [forward demodulation 5479,93]
5481. append(sK3,'Cons'(sK3,sK6,filter_mset(sK3,sK6,sK65)),'Cons'(sK3,sK6,filter_mset(sK3,sK6,sK19))) != 'Cons'(sK3,sK6,'Cons'(sK3,sK6,append(sK3,filter_mset(sK3,sK6,sK65),filter_mset(sK3,sK6,sK19)))) <- (1, ~3, 299) [forward demodulation 5480,55]
5482. 'Cons'(sK3,sK6,'Cons'(sK3,sK6,append(sK3,filter_mset(sK3,sK6,sK65),filter_mset(sK3,sK6,sK19)))) != 'Cons'(sK3,sK6,append(sK3,filter_mset(sK3,sK6,sK65),'Cons'(sK3,sK6,filter_mset(sK3,sK6,sK19)))) <- (1, ~3, 299) [forward demodulation 5481,55]
5483. sK6 != sK6 | append(sK3,filter_mset(sK3,sK6,sK65),'Cons'(sK3,sK6,filter_mset(sK3,sK6,sK19))) != 'Cons'(sK3,sK6,append(sK3,filter_mset(sK3,sK6,sK65),filter_mset(sK3,sK6,sK19))) <- (1, ~3, 299) [term algebras injectivity 5482]
5484. append(sK3,filter_mset(sK3,sK6,sK65),'Cons'(sK3,sK6,filter_mset(sK3,sK6,sK19))) != 'Cons'(sK3,sK6,append(sK3,filter_mset(sK3,sK6,sK65),filter_mset(sK3,sK6,sK19))) <- (1, ~3, 299) [trivial inequality removal 5483]
5485. $false <- (1, ~3, 299, 300) [subsumption resolution 5484,5475]
5486. ~1 | 3 | ~299 | ~300 [avatar contradiction clause 5485]
5503. $false [avatar sat refutation 154,161,329,5477,5478,5486]
% SZS output end Proof for lemma3
% (44501)------------------------------
% (44501)Version: Vampire 4.7 (commit )
% (44501)Linked with Z3 4.9.1.0  NOTFOUND
% (44501)Termination reason: Refutation

% (44501)Memory used [KB]: 8827
% (44501)Time elapsed: 0.107 s
% (44501)------------------------------
% (44501)------------------------------
% (44490)Success in time 0.105 s
