% Refutation found. Thanks to Tanya!
% SZS status Unsatisfiable for lemma3
% SZS output start Proof for lemma3
1. append(X0,X1,X2) = $match(X1,'Nil'(X0),X2,'Cons'(X0,X3,X4),'Cons'(X0,X3,append(X0,X4,X2))) [input]
2. filter_mset(X0,X1,X2) = $match(X2,'Nil'(X0),'Nil'(X0),'Cons'(X0,X3,X4),$ite(X1 = X3, 'Cons'(X0,X3,filter_mset(X0,X1,X4)),filter_mset(X0,X1,X4))) [input]
3. ! [X0 : $tType] : ! [X5 : 'list()'(X0),X3 : 'list()'(X0),X2 : X0,X1 : X0,X4 : X0] : append(X0,filter_mset(X0,X1,X5),filter_mset(X0,X1,X3)) = append(X0,filter_mset(X0,X1,X3),filter_mset(X0,X1,X5)) [input]
4. ~! [X0 : $tType] : ! [X5 : 'list()'(X0),X3 : 'list()'(X0),X2 : X0,X1 : X0,X4 : X0] : append(X0,filter_mset(X0,X1,X5),filter_mset(X0,X1,X3)) = append(X0,filter_mset(X0,X1,X3),filter_mset(X0,X1,X5)) [negated conjecture 3]
11. ! [X4 : 'list()'(X0),X3 : X0,X2 : 'list()'(X0),X1 : 'list()'(X0),X0 : $tType] : append(X0,X1,X2) = $match(X1,'Nil'(X0),X2,'Cons'(X0,X3,X4),'Cons'(X0,X3,append(X0,X4,X2))) [closure 1]
12. ! [X0 : $tType,X2 : 'list()'(X0),X4 : 'list()'(X0),X3 : X0,X1 : 'list()'(X0)] : ('Nil'(X0) = X1 => mG0(X0,X2,X4,X3,X1) = X2) [fool $match elimination 11]
13. ! [X0 : $tType,X2 : 'list()'(X0),X4 : 'list()'(X0),X3 : X0,X1 : 'list()'(X0)] : ('Cons'(X0,X3,X4) = X1 => 'Cons'(X0,X3,append(X0,X4,X2)) = mG0(X0,X2,X4,X3,X1)) [fool $match elimination 11]
14. ! [X4 : 'list()'(X0),X3 : X0,X2 : 'list()'(X0),X1 : 'list()'(X0),X0 : $tType] : append(X0,X1,X2) = mG0(X0,X2,X4,X3,X1) [fool elimination 11]
15. ! [X4 : 'list()'(X0),X3 : X0,X2 : 'list()'(X0),X1 : X0,X0 : $tType] : filter_mset(X0,X1,X2) = $match(X2,'Nil'(X0),'Nil'(X0),'Cons'(X0,X3,X4),$ite(X1 = X3, 'Cons'(X0,X3,filter_mset(X0,X1,X4)),filter_mset(X0,X1,X4))) [closure 2]
16. ! [X0 : $tType,X3 : X0,X1 : X0,X4 : 'list()'(X0),X2 : 'list()'(X0)] : ('Nil'(X0) = X2 => 'Nil'(X0) = mG1(X0,X3,X1,X4,X2)) [fool $match elimination 15]
17. ! [X0 : $tType,X3 : X0,X1 : X0,X4 : 'list()'(X0)] : (X1 = X3 => 'Cons'(X0,X3,filter_mset(X0,X1,X4)) = iG2(X0,X3,X1,X4)) [fool $ite elimination 15]
18. ! [X0 : $tType,X3 : X0,X1 : X0,X4 : 'list()'(X0)] : (~X1 = X3 => filter_mset(X0,X1,X4) = iG2(X0,X3,X1,X4)) [fool $ite elimination 15]
19. ! [X0 : $tType,X3 : X0,X1 : X0,X4 : 'list()'(X0),X2 : 'list()'(X0)] : ('Cons'(X0,X3,X4) = X2 => mG1(X0,X3,X1,X4,X2) = iG2(X0,X3,X1,X4)) [fool $match elimination 15]
20. ! [X4 : 'list()'(X0),X3 : X0,X2 : 'list()'(X0),X1 : X0,X0 : $tType] : filter_mset(X0,X1,X2) = mG1(X0,X3,X1,X4,X2) [fool elimination 15]
21. ! [X0 : $tType,X1 : X0,X2 : X0,X3 : 'list()'(X0),X4 : 'list()'(X0)] : ('Cons'(X0,X1,X3) = X4 => mG1(X0,X1,X2,X3,X4) = iG2(X0,X1,X2,X3)) [rectify 19]
22. ! [X0 : $tType,X1 : X0,X2 : X0,X3 : 'list()'(X0)] : (~X1 = X2 => iG2(X0,X1,X2,X3) = filter_mset(X0,X2,X3)) [rectify 18]
23. ! [X0 : $tType,X1 : X0,X2 : X0,X3 : 'list()'(X0)] : (X1 != X2 => iG2(X0,X1,X2,X3) = filter_mset(X0,X2,X3)) [flattening 22]
24. ! [X0 : $tType,X1 : X0,X2 : X0,X3 : 'list()'(X0)] : (X1 = X2 => iG2(X0,X1,X2,X3) = 'Cons'(X0,X1,filter_mset(X0,X2,X3))) [rectify 17]
25. ! [X0 : $tType,X1 : X0,X2 : X0,X3 : 'list()'(X0),X4 : 'list()'(X0)] : ('Nil'(X0) = X4 => 'Nil'(X0) = mG1(X0,X1,X2,X3,X4)) [rectify 16]
26. ! [X0 : $tType,X1 : 'list()'(X0),X2 : 'list()'(X0),X3 : X0,X4 : 'list()'(X0)] : ('Cons'(X0,X3,X2) = X4 => 'Cons'(X0,X3,append(X0,X2,X1)) = mG0(X0,X1,X2,X3,X4)) [rectify 13]
27. ! [X0 : $tType,X1 : 'list()'(X0),X2 : 'list()'(X0),X3 : X0,X4 : 'list()'(X0)] : ('Nil'(X0) = X4 => mG0(X0,X1,X2,X3,X4) = X1) [rectify 12]
28. ~! [X0 : $tType] : ! [X1 : 'list()'(X0),X2 : 'list()'(X0),X4 : X0] : append(X0,filter_mset(X0,X4,X1),filter_mset(X0,X4,X2)) = append(X0,filter_mset(X0,X4,X2),filter_mset(X0,X4,X1)) [rectify 4]
29. ~! [X0 : $tType,X1 : 'list()'(X0),X2 : 'list()'(X0),X4 : X0] : append(X0,filter_mset(X0,X4,X1),filter_mset(X0,X4,X2)) = append(X0,filter_mset(X0,X4,X2),filter_mset(X0,X4,X1)) [flattening 28]
30. ! [X0 : 'list()'(X4),X1 : X4,X2 : 'list()'(X4),X3 : 'list()'(X4),X4 : $tType] : append(X4,X3,X2) = mG0(X4,X2,X0,X1,X3) [rectify 14]
31. ! [X0 : 'list()'(X4),X1 : X4,X2 : 'list()'(X4),X3 : X4,X4 : $tType] : filter_mset(X4,X3,X2) = mG1(X4,X1,X3,X0,X2) [rectify 20]
32. ! [X0 : $tType,X1 : X0,X2 : X0,X3 : 'list()'(X0),X4 : 'list()'(X0)] : (mG1(X0,X1,X2,X3,X4) = iG2(X0,X1,X2,X3) | 'Cons'(X0,X1,X3) != X4) [ennf transformation 21]
33. ! [X0 : $tType,X1 : X0,X2 : X0,X3 : 'list()'(X0)] : (iG2(X0,X1,X2,X3) = filter_mset(X0,X2,X3) | X1 = X2) [ennf transformation 23]
34. ! [X0 : $tType,X1 : X0,X2 : X0,X3 : 'list()'(X0)] : (iG2(X0,X1,X2,X3) = 'Cons'(X0,X1,filter_mset(X0,X2,X3)) | X1 != X2) [ennf transformation 24]
35. ! [X0 : $tType,X1 : X0,X2 : X0,X3 : 'list()'(X0),X4 : 'list()'(X0)] : ('Nil'(X0) = mG1(X0,X1,X2,X3,X4) | 'Nil'(X0) != X4) [ennf transformation 25]
36. ! [X0 : $tType,X1 : 'list()'(X0),X2 : 'list()'(X0),X3 : X0,X4 : 'list()'(X0)] : ('Cons'(X0,X3,append(X0,X2,X1)) = mG0(X0,X1,X2,X3,X4) | 'Cons'(X0,X3,X2) != X4) [ennf transformation 26]
37. ! [X0 : $tType,X1 : 'list()'(X0),X2 : 'list()'(X0),X3 : X0,X4 : 'list()'(X0)] : (mG0(X0,X1,X2,X3,X4) = X1 | 'Nil'(X0) != X4) [ennf transformation 27]
38. ? [X0 : $tType,X1 : 'list()'(X0),X2 : 'list()'(X0),X4 : X0] : append(X0,filter_mset(X0,X4,X1),filter_mset(X0,X4,X2)) != append(X0,filter_mset(X0,X4,X2),filter_mset(X0,X4,X1)) [ennf transformation 29]
39. ? [X0 : $tType,X1 : 'list()'(X0),X2 : 'list()'(X0),X3 : X0] : append(X0,filter_mset(X0,X3,X1),filter_mset(X0,X3,X2)) != append(X0,filter_mset(X0,X3,X2),filter_mset(X0,X3,X1)) [rectify 38]
40. ? [X0 : $tType,X1 : 'list()'(X0),X2 : 'list()'(X0),X3 : X0] : append(X0,filter_mset(X0,X3,X1),filter_mset(X0,X3,X2)) != append(X0,filter_mset(X0,X3,X2),filter_mset(X0,X3,X1)) => append(sK3,filter_mset(sK3,sK6,sK4),filter_mset(sK3,sK6,sK5)) != append(sK3,filter_mset(sK3,sK6,sK5),filter_mset(sK3,sK6,sK4)) [choice axiom]
41. append(sK3,filter_mset(sK3,sK6,sK4),filter_mset(sK3,sK6,sK5)) != append(sK3,filter_mset(sK3,sK6,sK5),filter_mset(sK3,sK6,sK4)) [skolemisation 39,40]
42. mG1(X0,X1,X2,X3,X4) = iG2(X0,X1,X2,X3) | 'Cons'(X0,X1,X3) != X4 [cnf transformation 32]
43. iG2(X0,X1,X2,X3) = filter_mset(X0,X2,X3) | X1 = X2 [cnf transformation 33]
44. iG2(X0,X1,X2,X3) = 'Cons'(X0,X1,filter_mset(X0,X2,X3)) | X1 != X2 [cnf transformation 34]
45. 'Nil'(X0) = mG1(X0,X1,X2,X3,X4) | 'Nil'(X0) != X4 [cnf transformation 35]
46. 'Cons'(X0,X3,append(X0,X2,X1)) = mG0(X0,X1,X2,X3,X4) | 'Cons'(X0,X3,X2) != X4 [cnf transformation 36]
47. mG0(X0,X1,X2,X3,X4) = X1 | 'Nil'(X0) != X4 [cnf transformation 37]
48. append(sK3,filter_mset(sK3,sK6,sK4),filter_mset(sK3,sK6,sK5)) != append(sK3,filter_mset(sK3,sK6,sK5),filter_mset(sK3,sK6,sK4)) [cnf transformation 41]
49. append(X4,X3,X2) = mG0(X4,X2,X0,X1,X3) [cnf transformation 30]
50. filter_mset(X4,X3,X2) = mG1(X4,X1,X3,X0,X2) [cnf transformation 31]
51. iG2(X0,X1,X2,X3) = filter_mset(X0,X2,X4) | 'Cons'(X0,X1,X3) != X4 [definition unfolding 42,50]
52. 'Nil'(X0) = filter_mset(X0,X2,X4) | 'Nil'(X0) != X4 [definition unfolding 45,50]
53. 'Cons'(X0,X3,append(X0,X2,X1)) = append(X0,X4,X1) | 'Cons'(X0,X3,X2) != X4 [definition unfolding 46,49]
54. append(X0,X4,X1) = X1 | 'Nil'(X0) != X4 [definition unfolding 47,49]
55. iG2(X0,X1,X2,X3) = filter_mset(X0,X2,'Cons'(X0,X1,X3)) [equality resolution 51]
56. iG2(X0,X2,X2,X3) = 'Cons'(X0,X2,filter_mset(X0,X2,X3)) [equality resolution 44]
57. 'Nil'(X0) = filter_mset(X0,X2,'Nil'(X0)) [equality resolution 52]
58. 'Cons'(X0,X3,append(X0,X2,X1)) = append(X0,'Cons'(X0,X3,X2),X1) [equality resolution 53]
59. append(X0,'Nil'(X0),X1) = X1 [equality resolution 54]
60. filter_mset(X0,X2,X3) = filter_mset(X0,X2,'Cons'(X0,X1,X3)) | X1 = X2 [forward demodulation 43,55]
64. 'Cons'(X0,X1,filter_mset(X0,X1,X2)) = filter_mset(X0,X1,'Cons'(X0,X1,X2)) [superposition 56,55]
275. ! [X2 : sK3,X3 : 'list()'(sK3)] : ((append(sK3,filter_mset(sK3,sK6,sK4),filter_mset(sK3,sK6,X3)) = append(sK3,filter_mset(sK3,sK6,X3),filter_mset(sK3,sK6,sK4)) => append(sK3,filter_mset(sK3,sK6,sK4),filter_mset(sK3,sK6,'Cons'(sK3,X2,X3))) = append(sK3,filter_mset(sK3,sK6,'Cons'(sK3,X2,X3)),filter_mset(sK3,sK6,sK4))) & append(sK3,filter_mset(sK3,sK6,sK4),filter_mset(sK3,sK6,'Nil'(sK3))) = append(sK3,filter_mset(sK3,sK6,'Nil'(sK3)),filter_mset(sK3,sK6,sK4))) => ! [X6 : 'list()'(sK3)] : append(sK3,filter_mset(sK3,sK6,sK4),filter_mset(sK3,sK6,X6)) = append(sK3,filter_mset(sK3,sK6,X6),filter_mset(sK3,sK6,sK4)) [structural induction hypothesis (recursion)]
276. ! [X6 : 'list()'(sK3)] : append(sK3,filter_mset(sK3,sK6,sK4),filter_mset(sK3,sK6,X6)) = append(sK3,filter_mset(sK3,sK6,X6),filter_mset(sK3,sK6,sK4)) | ? [X2 : sK3,X3 : 'list()'(sK3)] : ((append(sK3,filter_mset(sK3,sK6,sK4),filter_mset(sK3,sK6,'Cons'(sK3,X2,X3))) != append(sK3,filter_mset(sK3,sK6,'Cons'(sK3,X2,X3)),filter_mset(sK3,sK6,sK4)) & append(sK3,filter_mset(sK3,sK6,sK4),filter_mset(sK3,sK6,X3)) = append(sK3,filter_mset(sK3,sK6,X3),filter_mset(sK3,sK6,sK4))) | append(sK3,filter_mset(sK3,sK6,sK4),filter_mset(sK3,sK6,'Nil'(sK3))) != append(sK3,filter_mset(sK3,sK6,'Nil'(sK3)),filter_mset(sK3,sK6,sK4))) [ennf transformation 275]
277. append(sK3,filter_mset(sK3,sK6,sK4),filter_mset(sK3,sK6,'Nil'(sK3))) != append(sK3,filter_mset(sK3,sK6,'Nil'(sK3)),filter_mset(sK3,sK6,sK4)) | append(sK3,filter_mset(sK3,sK6,sK4),filter_mset(sK3,sK6,sK19)) = append(sK3,filter_mset(sK3,sK6,sK19),filter_mset(sK3,sK6,sK4)) | append(sK3,filter_mset(sK3,sK6,sK4),filter_mset(sK3,sK6,X6)) = append(sK3,filter_mset(sK3,sK6,X6),filter_mset(sK3,sK6,sK4)) [cnf transformation 276]
278. append(sK3,filter_mset(sK3,sK6,sK4),filter_mset(sK3,sK6,'Nil'(sK3))) != append(sK3,filter_mset(sK3,sK6,'Nil'(sK3)),filter_mset(sK3,sK6,sK4)) | append(sK3,filter_mset(sK3,sK6,sK4),filter_mset(sK3,sK6,'Cons'(sK3,sK18,sK19))) != append(sK3,filter_mset(sK3,sK6,'Cons'(sK3,sK18,sK19)),filter_mset(sK3,sK6,sK4)) | append(sK3,filter_mset(sK3,sK6,sK4),filter_mset(sK3,sK6,X6)) = append(sK3,filter_mset(sK3,sK6,X6),filter_mset(sK3,sK6,sK4)) [cnf transformation 276]
283. append(sK3,filter_mset(sK3,sK6,sK4),filter_mset(sK3,sK6,'Nil'(sK3))) != append(sK3,filter_mset(sK3,sK6,'Nil'(sK3)),filter_mset(sK3,sK6,sK4)) | append(sK3,filter_mset(sK3,sK6,sK4),filter_mset(sK3,sK6,'Cons'(sK3,sK18,sK19))) != append(sK3,filter_mset(sK3,sK6,'Cons'(sK3,sK18,sK19)),filter_mset(sK3,sK6,sK4)) [induction hyperresolution 48,278]
284. append(sK3,filter_mset(sK3,sK6,sK4),filter_mset(sK3,sK6,'Nil'(sK3))) != append(sK3,filter_mset(sK3,sK6,'Nil'(sK3)),filter_mset(sK3,sK6,sK4)) | append(sK3,filter_mset(sK3,sK6,sK4),filter_mset(sK3,sK6,sK19)) = append(sK3,filter_mset(sK3,sK6,sK19),filter_mset(sK3,sK6,sK4)) [induction hyperresolution 48,277]
285. append(sK3,filter_mset(sK3,sK6,sK4),'Nil'(sK3)) != append(sK3,'Nil'(sK3),filter_mset(sK3,sK6,sK4)) | append(sK3,filter_mset(sK3,sK6,sK4),filter_mset(sK3,sK6,sK19)) = append(sK3,filter_mset(sK3,sK6,sK19),filter_mset(sK3,sK6,sK4)) [forward demodulation 284,57]
286. filter_mset(sK3,sK6,sK4) != append(sK3,filter_mset(sK3,sK6,sK4),'Nil'(sK3)) | append(sK3,filter_mset(sK3,sK6,sK4),filter_mset(sK3,sK6,sK19)) = append(sK3,filter_mset(sK3,sK6,sK19),filter_mset(sK3,sK6,sK4)) [forward demodulation 285,59]
288. 3 <=> append(sK3,filter_mset(sK3,sK6,sK4),filter_mset(sK3,sK6,sK19)) = append(sK3,filter_mset(sK3,sK6,sK19),filter_mset(sK3,sK6,sK4)) [avatar definition]
290. append(sK3,filter_mset(sK3,sK6,sK4),filter_mset(sK3,sK6,sK19)) = append(sK3,filter_mset(sK3,sK6,sK19),filter_mset(sK3,sK6,sK4)) <- (3) [avatar component clause 288]
292. 4 <=> filter_mset(sK3,sK6,sK4) = append(sK3,filter_mset(sK3,sK6,sK4),'Nil'(sK3)) [avatar definition]
294. filter_mset(sK3,sK6,sK4) != append(sK3,filter_mset(sK3,sK6,sK4),'Nil'(sK3)) <- (~4) [avatar component clause 292]
295. 3 | ~4 [avatar split clause 286,292,288]
296. append(sK3,filter_mset(sK3,sK6,sK4),'Nil'(sK3)) != append(sK3,'Nil'(sK3),filter_mset(sK3,sK6,sK4)) | append(sK3,filter_mset(sK3,sK6,sK4),filter_mset(sK3,sK6,'Cons'(sK3,sK18,sK19))) != append(sK3,filter_mset(sK3,sK6,'Cons'(sK3,sK18,sK19)),filter_mset(sK3,sK6,sK4)) [forward demodulation 283,57]
297. filter_mset(sK3,sK6,sK4) != append(sK3,filter_mset(sK3,sK6,sK4),'Nil'(sK3)) | append(sK3,filter_mset(sK3,sK6,sK4),filter_mset(sK3,sK6,'Cons'(sK3,sK18,sK19))) != append(sK3,filter_mset(sK3,sK6,'Cons'(sK3,sK18,sK19)),filter_mset(sK3,sK6,sK4)) [forward demodulation 296,59]
299. 5 <=> append(sK3,filter_mset(sK3,sK6,sK4),filter_mset(sK3,sK6,'Cons'(sK3,sK18,sK19))) = append(sK3,filter_mset(sK3,sK6,'Cons'(sK3,sK18,sK19)),filter_mset(sK3,sK6,sK4)) [avatar definition]
301. append(sK3,filter_mset(sK3,sK6,sK4),filter_mset(sK3,sK6,'Cons'(sK3,sK18,sK19))) != append(sK3,filter_mset(sK3,sK6,'Cons'(sK3,sK18,sK19)),filter_mset(sK3,sK6,sK4)) <- (~5) [avatar component clause 299]
302. ~5 | ~4 [avatar split clause 297,292,299]
407. ! [X2 : sK3,X3 : 'list()'(sK3)] : ((filter_mset(sK3,sK6,X3) = append(sK3,filter_mset(sK3,sK6,X3),'Nil'(sK3)) => filter_mset(sK3,sK6,'Cons'(sK3,X2,X3)) = append(sK3,filter_mset(sK3,sK6,'Cons'(sK3,X2,X3)),'Nil'(sK3))) & filter_mset(sK3,sK6,'Nil'(sK3)) = append(sK3,filter_mset(sK3,sK6,'Nil'(sK3)),'Nil'(sK3))) => ! [X6 : 'list()'(sK3)] : filter_mset(sK3,sK6,X6) = append(sK3,filter_mset(sK3,sK6,X6),'Nil'(sK3)) [structural induction hypothesis (recursion)]
408. ! [X6 : 'list()'(sK3)] : filter_mset(sK3,sK6,X6) = append(sK3,filter_mset(sK3,sK6,X6),'Nil'(sK3)) | ? [X2 : sK3,X3 : 'list()'(sK3)] : ((filter_mset(sK3,sK6,'Cons'(sK3,X2,X3)) != append(sK3,filter_mset(sK3,sK6,'Cons'(sK3,X2,X3)),'Nil'(sK3)) & filter_mset(sK3,sK6,X3) = append(sK3,filter_mset(sK3,sK6,X3),'Nil'(sK3))) | filter_mset(sK3,sK6,'Nil'(sK3)) != append(sK3,filter_mset(sK3,sK6,'Nil'(sK3)),'Nil'(sK3))) [ennf transformation 407]
409. filter_mset(sK3,sK6,'Nil'(sK3)) != append(sK3,filter_mset(sK3,sK6,'Nil'(sK3)),'Nil'(sK3)) | filter_mset(sK3,sK6,sK25) = append(sK3,filter_mset(sK3,sK6,sK25),'Nil'(sK3)) | filter_mset(sK3,sK6,X6) = append(sK3,filter_mset(sK3,sK6,X6),'Nil'(sK3)) [cnf transformation 408]
410. filter_mset(sK3,sK6,'Nil'(sK3)) != append(sK3,filter_mset(sK3,sK6,'Nil'(sK3)),'Nil'(sK3)) | filter_mset(sK3,sK6,'Cons'(sK3,sK24,sK25)) != append(sK3,filter_mset(sK3,sK6,'Cons'(sK3,sK24,sK25)),'Nil'(sK3)) | filter_mset(sK3,sK6,X6) = append(sK3,filter_mset(sK3,sK6,X6),'Nil'(sK3)) [cnf transformation 408]
415. filter_mset(sK3,sK6,'Nil'(sK3)) != append(sK3,filter_mset(sK3,sK6,'Nil'(sK3)),'Nil'(sK3)) | filter_mset(sK3,sK6,'Cons'(sK3,sK24,sK25)) != append(sK3,filter_mset(sK3,sK6,'Cons'(sK3,sK24,sK25)),'Nil'(sK3)) <- (~4) [induction hyperresolution 294,410]
416. filter_mset(sK3,sK6,'Nil'(sK3)) != append(sK3,filter_mset(sK3,sK6,'Nil'(sK3)),'Nil'(sK3)) | filter_mset(sK3,sK6,sK25) = append(sK3,filter_mset(sK3,sK6,sK25),'Nil'(sK3)) <- (~4) [induction hyperresolution 294,409]
417. 'Nil'(sK3) != append(sK3,'Nil'(sK3),'Nil'(sK3)) | filter_mset(sK3,sK6,sK25) = append(sK3,filter_mset(sK3,sK6,sK25),'Nil'(sK3)) <- (~4) [forward demodulation 416,57]
418. filter_mset(sK3,sK6,sK25) = append(sK3,filter_mset(sK3,sK6,sK25),'Nil'(sK3)) <- (~4) [subsumption resolution 417,59]
419. 'Nil'(sK3) != append(sK3,'Nil'(sK3),'Nil'(sK3)) | filter_mset(sK3,sK6,'Cons'(sK3,sK24,sK25)) != append(sK3,filter_mset(sK3,sK6,'Cons'(sK3,sK24,sK25)),'Nil'(sK3)) <- (~4) [forward demodulation 415,57]
420. filter_mset(sK3,sK6,'Cons'(sK3,sK24,sK25)) != append(sK3,filter_mset(sK3,sK6,'Cons'(sK3,sK24,sK25)),'Nil'(sK3)) <- (~4) [subsumption resolution 419,59]
530. filter_mset(sK3,sK6,sK25) != append(sK3,filter_mset(sK3,sK6,sK25),'Nil'(sK3)) | sK6 = sK24 <- (~4) [superposition 420,60]
537. sK6 = sK24 <- (~4) [subsumption resolution 530,418]
538. filter_mset(sK3,sK6,'Cons'(sK3,sK6,sK25)) != append(sK3,filter_mset(sK3,sK6,'Cons'(sK3,sK6,sK25)),'Nil'(sK3)) <- (~4) [backward demodulation 420,537]
539. 'Cons'(sK3,sK6,filter_mset(sK3,sK6,sK25)) != append(sK3,'Cons'(sK3,sK6,filter_mset(sK3,sK6,sK25)),'Nil'(sK3)) <- (~4) [forward demodulation 538,64]
540. 'Cons'(sK3,sK6,filter_mset(sK3,sK6,sK25)) != 'Cons'(sK3,sK6,append(sK3,filter_mset(sK3,sK6,sK25),'Nil'(sK3))) <- (~4) [forward demodulation 539,58]
541. sK6 != sK6 | filter_mset(sK3,sK6,sK25) != append(sK3,filter_mset(sK3,sK6,sK25),'Nil'(sK3)) <- (~4) [term algebras injectivity 540]
542. filter_mset(sK3,sK6,sK25) != append(sK3,filter_mset(sK3,sK6,sK25),'Nil'(sK3)) <- (~4) [trivial inequality removal 541]
543. $false <- (~4) [subsumption resolution 542,418]
544. 4 [avatar contradiction clause 543]
696. append(sK3,filter_mset(sK3,sK6,sK4),filter_mset(sK3,sK6,sK19)) != append(sK3,filter_mset(sK3,sK6,sK19),filter_mset(sK3,sK6,sK4)) | sK6 = sK18 <- (~5) [superposition 301,60]
721. sK6 = sK18 <- (3, ~5) [subsumption resolution 696,290]
722. append(sK3,filter_mset(sK3,sK6,sK4),filter_mset(sK3,sK6,'Cons'(sK3,sK6,sK19))) != append(sK3,filter_mset(sK3,sK6,'Cons'(sK3,sK6,sK19)),filter_mset(sK3,sK6,sK4)) <- (3, ~5) [backward demodulation 301,721]
723. append(sK3,filter_mset(sK3,sK6,sK4),'Cons'(sK3,sK6,filter_mset(sK3,sK6,sK19))) != append(sK3,'Cons'(sK3,sK6,filter_mset(sK3,sK6,sK19)),filter_mset(sK3,sK6,sK4)) <- (3, ~5) [forward demodulation 722,64]
724. append(sK3,filter_mset(sK3,sK6,sK4),'Cons'(sK3,sK6,filter_mset(sK3,sK6,sK19))) != 'Cons'(sK3,sK6,append(sK3,filter_mset(sK3,sK6,sK19),filter_mset(sK3,sK6,sK4))) <- (3, ~5) [forward demodulation 723,58]
725. append(sK3,filter_mset(sK3,sK6,sK4),'Cons'(sK3,sK6,filter_mset(sK3,sK6,sK19))) != 'Cons'(sK3,sK6,append(sK3,filter_mset(sK3,sK6,sK4),filter_mset(sK3,sK6,sK19))) <- (3, ~5) [forward demodulation 724,290]
1540. ! [X2 : sK3,X3 : 'list()'(sK3)] : ((append(sK3,filter_mset(sK3,sK6,X3),'Cons'(sK3,sK6,filter_mset(sK3,sK6,sK19))) = 'Cons'(sK3,sK6,append(sK3,filter_mset(sK3,sK6,X3),filter_mset(sK3,sK6,sK19))) => append(sK3,filter_mset(sK3,sK6,'Cons'(sK3,X2,X3)),'Cons'(sK3,sK6,filter_mset(sK3,sK6,sK19))) = 'Cons'(sK3,sK6,append(sK3,filter_mset(sK3,sK6,'Cons'(sK3,X2,X3)),filter_mset(sK3,sK6,sK19)))) & append(sK3,filter_mset(sK3,sK6,'Nil'(sK3)),'Cons'(sK3,sK6,filter_mset(sK3,sK6,sK19))) = 'Cons'(sK3,sK6,append(sK3,filter_mset(sK3,sK6,'Nil'(sK3)),filter_mset(sK3,sK6,sK19)))) => ! [X6 : 'list()'(sK3)] : append(sK3,filter_mset(sK3,sK6,X6),'Cons'(sK3,sK6,filter_mset(sK3,sK6,sK19))) = 'Cons'(sK3,sK6,append(sK3,filter_mset(sK3,sK6,X6),filter_mset(sK3,sK6,sK19))) [structural induction hypothesis (recursion)]
1541. ! [X6 : 'list()'(sK3)] : append(sK3,filter_mset(sK3,sK6,X6),'Cons'(sK3,sK6,filter_mset(sK3,sK6,sK19))) = 'Cons'(sK3,sK6,append(sK3,filter_mset(sK3,sK6,X6),filter_mset(sK3,sK6,sK19))) | ? [X2 : sK3,X3 : 'list()'(sK3)] : ((append(sK3,filter_mset(sK3,sK6,'Cons'(sK3,X2,X3)),'Cons'(sK3,sK6,filter_mset(sK3,sK6,sK19))) != 'Cons'(sK3,sK6,append(sK3,filter_mset(sK3,sK6,'Cons'(sK3,X2,X3)),filter_mset(sK3,sK6,sK19))) & append(sK3,filter_mset(sK3,sK6,X3),'Cons'(sK3,sK6,filter_mset(sK3,sK6,sK19))) = 'Cons'(sK3,sK6,append(sK3,filter_mset(sK3,sK6,X3),filter_mset(sK3,sK6,sK19)))) | append(sK3,filter_mset(sK3,sK6,'Nil'(sK3)),'Cons'(sK3,sK6,filter_mset(sK3,sK6,sK19))) != 'Cons'(sK3,sK6,append(sK3,filter_mset(sK3,sK6,'Nil'(sK3)),filter_mset(sK3,sK6,sK19)))) [ennf transformation 1540]
1542. append(sK3,filter_mset(sK3,sK6,'Nil'(sK3)),'Cons'(sK3,sK6,filter_mset(sK3,sK6,sK19))) != 'Cons'(sK3,sK6,append(sK3,filter_mset(sK3,sK6,'Nil'(sK3)),filter_mset(sK3,sK6,sK19))) | append(sK3,filter_mset(sK3,sK6,sK57),'Cons'(sK3,sK6,filter_mset(sK3,sK6,sK19))) = 'Cons'(sK3,sK6,append(sK3,filter_mset(sK3,sK6,sK57),filter_mset(sK3,sK6,sK19))) | append(sK3,filter_mset(sK3,sK6,X6),'Cons'(sK3,sK6,filter_mset(sK3,sK6,sK19))) = 'Cons'(sK3,sK6,append(sK3,filter_mset(sK3,sK6,X6),filter_mset(sK3,sK6,sK19))) [cnf transformation 1541]
1543. append(sK3,filter_mset(sK3,sK6,'Nil'(sK3)),'Cons'(sK3,sK6,filter_mset(sK3,sK6,sK19))) != 'Cons'(sK3,sK6,append(sK3,filter_mset(sK3,sK6,'Nil'(sK3)),filter_mset(sK3,sK6,sK19))) | append(sK3,filter_mset(sK3,sK6,'Cons'(sK3,sK56,sK57)),'Cons'(sK3,sK6,filter_mset(sK3,sK6,sK19))) != 'Cons'(sK3,sK6,append(sK3,filter_mset(sK3,sK6,'Cons'(sK3,sK56,sK57)),filter_mset(sK3,sK6,sK19))) | append(sK3,filter_mset(sK3,sK6,X6),'Cons'(sK3,sK6,filter_mset(sK3,sK6,sK19))) = 'Cons'(sK3,sK6,append(sK3,filter_mset(sK3,sK6,X6),filter_mset(sK3,sK6,sK19))) [cnf transformation 1541]
1548. append(sK3,filter_mset(sK3,sK6,'Nil'(sK3)),'Cons'(sK3,sK6,filter_mset(sK3,sK6,sK19))) != 'Cons'(sK3,sK6,append(sK3,filter_mset(sK3,sK6,'Nil'(sK3)),filter_mset(sK3,sK6,sK19))) | append(sK3,filter_mset(sK3,sK6,'Cons'(sK3,sK56,sK57)),'Cons'(sK3,sK6,filter_mset(sK3,sK6,sK19))) != 'Cons'(sK3,sK6,append(sK3,filter_mset(sK3,sK6,'Cons'(sK3,sK56,sK57)),filter_mset(sK3,sK6,sK19))) <- (3, ~5) [induction hyperresolution 725,1543]
1549. append(sK3,filter_mset(sK3,sK6,'Nil'(sK3)),'Cons'(sK3,sK6,filter_mset(sK3,sK6,sK19))) != 'Cons'(sK3,sK6,append(sK3,filter_mset(sK3,sK6,'Nil'(sK3)),filter_mset(sK3,sK6,sK19))) | append(sK3,filter_mset(sK3,sK6,sK57),'Cons'(sK3,sK6,filter_mset(sK3,sK6,sK19))) = 'Cons'(sK3,sK6,append(sK3,filter_mset(sK3,sK6,sK57),filter_mset(sK3,sK6,sK19))) <- (3, ~5) [induction hyperresolution 725,1542]
1580. append(sK3,'Nil'(sK3),'Cons'(sK3,sK6,filter_mset(sK3,sK6,sK19))) != 'Cons'(sK3,sK6,append(sK3,'Nil'(sK3),filter_mset(sK3,sK6,sK19))) | append(sK3,filter_mset(sK3,sK6,sK57),'Cons'(sK3,sK6,filter_mset(sK3,sK6,sK19))) = 'Cons'(sK3,sK6,append(sK3,filter_mset(sK3,sK6,sK57),filter_mset(sK3,sK6,sK19))) <- (3, ~5) [forward demodulation 1549,57]
1581. 'Cons'(sK3,sK6,filter_mset(sK3,sK6,sK19)) != append(sK3,'Nil'(sK3),'Cons'(sK3,sK6,filter_mset(sK3,sK6,sK19))) | append(sK3,filter_mset(sK3,sK6,sK57),'Cons'(sK3,sK6,filter_mset(sK3,sK6,sK19))) = 'Cons'(sK3,sK6,append(sK3,filter_mset(sK3,sK6,sK57),filter_mset(sK3,sK6,sK19))) <- (3, ~5) [forward demodulation 1580,59]
1582. append(sK3,filter_mset(sK3,sK6,sK57),'Cons'(sK3,sK6,filter_mset(sK3,sK6,sK19))) = 'Cons'(sK3,sK6,append(sK3,filter_mset(sK3,sK6,sK57),filter_mset(sK3,sK6,sK19))) <- (3, ~5) [subsumption resolution 1581,59]
1583. append(sK3,'Nil'(sK3),'Cons'(sK3,sK6,filter_mset(sK3,sK6,sK19))) != 'Cons'(sK3,sK6,append(sK3,'Nil'(sK3),filter_mset(sK3,sK6,sK19))) | append(sK3,filter_mset(sK3,sK6,'Cons'(sK3,sK56,sK57)),'Cons'(sK3,sK6,filter_mset(sK3,sK6,sK19))) != 'Cons'(sK3,sK6,append(sK3,filter_mset(sK3,sK6,'Cons'(sK3,sK56,sK57)),filter_mset(sK3,sK6,sK19))) <- (3, ~5) [forward demodulation 1548,57]
1584. 'Cons'(sK3,sK6,filter_mset(sK3,sK6,sK19)) != append(sK3,'Nil'(sK3),'Cons'(sK3,sK6,filter_mset(sK3,sK6,sK19))) | append(sK3,filter_mset(sK3,sK6,'Cons'(sK3,sK56,sK57)),'Cons'(sK3,sK6,filter_mset(sK3,sK6,sK19))) != 'Cons'(sK3,sK6,append(sK3,filter_mset(sK3,sK6,'Cons'(sK3,sK56,sK57)),filter_mset(sK3,sK6,sK19))) <- (3, ~5) [forward demodulation 1583,59]
1585. append(sK3,filter_mset(sK3,sK6,'Cons'(sK3,sK56,sK57)),'Cons'(sK3,sK6,filter_mset(sK3,sK6,sK19))) != 'Cons'(sK3,sK6,append(sK3,filter_mset(sK3,sK6,'Cons'(sK3,sK56,sK57)),filter_mset(sK3,sK6,sK19))) <- (3, ~5) [subsumption resolution 1584,59]
7722. append(sK3,filter_mset(sK3,sK6,sK57),'Cons'(sK3,sK6,filter_mset(sK3,sK6,sK19))) != 'Cons'(sK3,sK6,append(sK3,filter_mset(sK3,sK6,sK57),filter_mset(sK3,sK6,sK19))) | sK6 = sK56 <- (3, ~5) [superposition 1585,60]
7936. 322 <=> sK6 = sK56 [avatar definition]
7938. sK6 = sK56 <- (322) [avatar component clause 7936]
7940. 323 <=> append(sK3,filter_mset(sK3,sK6,sK57),'Cons'(sK3,sK6,filter_mset(sK3,sK6,sK19))) = 'Cons'(sK3,sK6,append(sK3,filter_mset(sK3,sK6,sK57),filter_mset(sK3,sK6,sK19))) [avatar definition]
7941. append(sK3,filter_mset(sK3,sK6,sK57),'Cons'(sK3,sK6,filter_mset(sK3,sK6,sK19))) = 'Cons'(sK3,sK6,append(sK3,filter_mset(sK3,sK6,sK57),filter_mset(sK3,sK6,sK19))) <- (323) [avatar component clause 7940]
7943. 322 | ~323 | ~3 | 5 [avatar split clause 7722,299,288,7940,7936]
7944. 323 | ~3 | 5 [avatar split clause 1582,299,288,7940]
7945. append(sK3,filter_mset(sK3,sK6,'Cons'(sK3,sK6,sK57)),'Cons'(sK3,sK6,filter_mset(sK3,sK6,sK19))) != 'Cons'(sK3,sK6,append(sK3,filter_mset(sK3,sK6,'Cons'(sK3,sK6,sK57)),filter_mset(sK3,sK6,sK19))) <- (3, ~5, 322) [backward demodulation 1585,7938]
7946. append(sK3,'Cons'(sK3,sK6,filter_mset(sK3,sK6,sK57)),'Cons'(sK3,sK6,filter_mset(sK3,sK6,sK19))) != 'Cons'(sK3,sK6,append(sK3,'Cons'(sK3,sK6,filter_mset(sK3,sK6,sK57)),filter_mset(sK3,sK6,sK19))) <- (3, ~5, 322) [forward demodulation 7945,64]
7947. append(sK3,'Cons'(sK3,sK6,filter_mset(sK3,sK6,sK57)),'Cons'(sK3,sK6,filter_mset(sK3,sK6,sK19))) != 'Cons'(sK3,sK6,'Cons'(sK3,sK6,append(sK3,filter_mset(sK3,sK6,sK57),filter_mset(sK3,sK6,sK19)))) <- (3, ~5, 322) [forward demodulation 7946,58]
7948. 'Cons'(sK3,sK6,'Cons'(sK3,sK6,append(sK3,filter_mset(sK3,sK6,sK57),filter_mset(sK3,sK6,sK19)))) != 'Cons'(sK3,sK6,append(sK3,filter_mset(sK3,sK6,sK57),'Cons'(sK3,sK6,filter_mset(sK3,sK6,sK19)))) <- (3, ~5, 322) [forward demodulation 7947,58]
7949. sK6 != sK6 | append(sK3,filter_mset(sK3,sK6,sK57),'Cons'(sK3,sK6,filter_mset(sK3,sK6,sK19))) != 'Cons'(sK3,sK6,append(sK3,filter_mset(sK3,sK6,sK57),filter_mset(sK3,sK6,sK19))) <- (3, ~5, 322) [term algebras injectivity 7948]
7950. append(sK3,filter_mset(sK3,sK6,sK57),'Cons'(sK3,sK6,filter_mset(sK3,sK6,sK19))) != 'Cons'(sK3,sK6,append(sK3,filter_mset(sK3,sK6,sK57),filter_mset(sK3,sK6,sK19))) <- (3, ~5, 322) [trivial inequality removal 7949]
7951. $false <- (3, ~5, 322, 323) [subsumption resolution 7950,7941]
7952. ~3 | 5 | ~322 | ~323 [avatar contradiction clause 7951]
7969. $false [avatar sat refutation 295,302,544,7943,7944,7952]
% SZS output end Proof for lemma3
% ------------------------------
% Version: Vampire 4.7 (commit )
% Linked with Z3 4.9.1.0  NOTFOUND
% Termination reason: Refutation

% Memory used [KB]: 9594
% Time elapsed: 0.200 s
% ------------------------------
% ------------------------------
